7782
4502
7529
2666
3499
2624
7046
1070
4770
6564
3708
3886
3001
4883
0
8869
2746
11781
223
4405
11432
7441
3104
1768
0
5752
2575
4009
1890
471
635
7700
9043
7684
3579
5007
4844
5276
1276
94
5239
1540
5025
7188
831
5983
10930
1316
1896
2826
2984
2400
7623
3036
6718
3784
763
2071
8623
7718
8327
2415
1644
640
4311
6630
1712
2197
4798
3125
1040
6589
2506
5301
2330
4977
3152
2751
2137
3837
7350
1456
1282
3158
3576
3030
7908
2600
6924
8833
3202
4975
3395
1414
9697
10010
1813
4093
1159
4521
1312
5858
5405
3509
10061
2799
1276
2657
10247
1229
687
1842
10708
5419
5835
6212
2410
1532
1649
1684
5474
1104
2290
7392
4841
840
2393
4000
4076
4320
6743
7820
628
406
5589
7353
84
3810
901
2449
4667
3516
669
10513
4101
5378
1154
1421
82
3180
4011
398
2364
4542
1972
3030
5574
8707
3633
8139
1844
6994
3800
1862
1354
1918
3400
6187
1456
2245
1737
5101
3617
1920
4950
3129
6367
5505
1348
1064
6793
3148
2697
4471
1259
1040
690
3093
7776
2758
3759
12
5209
1705
4729
5073
1373
3278
5461
2596
5189
8950
6752
8954
6096
1870
2781
8298
7042
2419
9383
4126
3490
5149
10669
9258
5465
1729
843
963
4510
6133
5962
3744
8506
1399
1788
1987
1799
5416
2404
8976
1282
994
4896
1594
2496
7026
5289
2286
3305
3376
9976
1137
6725
47
3624
5799
7564
6862
1919
4173
8476
6726
6331
1408
694
1817
1423
4925
1574
5162
5939
303
686
1241
4249
5069
9378
6534
6548
3782
5474
5874
1432
4100
556
3053
6256
9011
1242
8264
3415
4703
9910
4193
6015
0
3818
2582
1543
10031
3551
7352
1914
1396
2035
10418
7211
2863
3654
781
7639
5072
1622
6428
1792
1104
3993
4618
3407
8368
7148
7857
9270
6231
4602
1809
1584
8511
4902
4745
498
4383
7266
3629
2470
4937
693
5664
3435
6711
864
5883
10299
1667
2793
4253
551
1232
499
6837
1792
6627
8004
113
6587
10069
1453
5798
6823
4140
1637
4011
8215
3109
4963
3251
256
6847
1434
4684
5819
4265
1631
3845
243
6926
2740
1235
8287
3065
1692
2612
3527
8630
7176
500
931
6170
2048
3236
1472
10346
6230
1183
2426
9134
0
3865
3151
5802
2118
1421
3194
5069
1996
5155
7137
1267
5475
8031
1070
11237
2847
918
5116
667
4346
1498
837
1824
4495
3245
4332
3083
4088
2843
9143
5011
6318
3156
6874
3421
2961
4050
1287
5709
5772
5701
2530
2960
3032
3925
627
3473
5328
0
1623
6222
464
9830
1328
2931
5174
6104
1860
1007
1847
2899
1366
123
8103
7807
2810
3333
103
5532
0
4252
11132
2474
1256
4818
396
1939
3301
2248
3308
5531
2561
9642
6250
1591
3384
5438
1050
4510
1862
428
6455
2111
1795
1552
1484
8073
1614
2474
195
2525
8482
7509
359
5187
21
5807
2207
5493
2919
4797
42
5708
661
9930
6368
3655
917
4014
1593
659
7024
257
8320
5655
3248
4089
5444
427
3775
1307
1613
1580
1760
4188
1777
6608
3788
8527
6973
5218
3077
612
1613
2569
7319
7280
1236
334
6799
6336
8241
8270
3353
2460
9503
2712
2873
153
9182
2480
1795
5926
1098
564
54
2372
5080
1448
5020
1505
1073
3890
3092
3143
1343
3715
1716
7265
4801
7228
1317
3709
10068
6472
6686
1497
6400
679
2666
1080
331
5852
2338
9260
487
3671
4474
2051
9984
0
3880
4563
4054
2490
899
327
6096
4277
8194
4805
7019
1238
1316
3536
3129
2291
2804
3823
2671
750
9460
4461
3526
1416
1970
7787
7763
7940
2441
4724
1824
3268
10113
4140
3966
0
8720
1711
6300
7696
2121
1728
1952
242
3160
3823
2056
6299
4941
8
8504
7478
2510
1446
4602
7026
4393
2399
8677
32
283
2579
6272
2777
3001
901
2367
4857
6442
7916
2884
5348
2421
8345
1426
1973
5319
1834
3428
123
3559
5238
4878
6395
5043
9722
1692
2702
1421
919
3041
153
2210
7439
3853
1122
1027
1110
2612
0
2575
4412
193
6396
4250
664
1138
2450
4404
3748
3378
0
319
8000
2466
4613
0
803
6707
2013
5197
2156
4926
1936
0
310
171
6170
39
2273
6145
1237
7897
8228
6987
5323
4389
8211
3058
3298
624
1986
1560
1324
1979
7193
1241
8047
10535
687
10645
918
6407
24
1754
5154
1655
5140
7765
601
9489
4193
1456
7225
4170
5392
4217
82
6996
522
3691
4285
657
4969
4274
4575
8563
3137
1872
263
1310
4993
231
2340
2733
2836
4817
1688
3934
6
2077
4229
4207
4741
911
1736
1537
4034
4217
3582
4129
151
1130
211
8408
2798
2503
226
2324
3786
3085
1653
8766
2968
2727
2618
6538
7993
1806
4556
5591
2974
4679
2443
4668
1313
8698
4271
8831
6233
0
2951
9324
3274
6348
432
9407
7768
4599
4607
1508
1483
3981
492
9854
5868
1242
3232
1299
2122
1546
10068
381
31
7836
1440
4353
1870
1583
10645
3993
4192
5680
4353
1092
4626
2231
3570
4450
3458
417
7871
9605
751
4623
7269
9819
6545
1662
751
3686
4593
6388
5854
2418
1995
10859
10013
11539
2301
758
6244
3288
5895
2442
8309
3666
8427
3929
681
1834
3460
0
6797
7105
379
0
1398
1038
370
1425
1188
6064
2483
6772
1203
2526
5976
4513
971
9164
2447
1375
5844
9665
3212
4263
5199
8738
5712
8432
189
4374
9716
6400
3513
2568
2752
1322
4910
890
3194
1470
8082
907
7393
942
5989
3473
0
6422
10472
139
4583
1235
5960
1093
1651
5896
3022
2897
1810
3665
5713
10052
323
2067
2265
595
7529
244
1927
2906
2168
2421
5084
11198
7288
696
6146
3438
6505
5999
4352
4946
1443
9934
2424
4049
5861
0
8113
5457
5754
950
8080
4895
1260
11119
6040
588
3402
10323
2741
9394
2014
2736
985
5287
0
351
5549
6525
10815
7185
9684
5486
2412
7173
2138
519
1554
2316
2503
1334
959
2847
8194
7223
2635
7247
10638
2371
5389
5438
269
4699
7342
7091
8849
2773
258
4823
3597
5525
3695
2376
6497
9087
3434
179
1983
1975
2061
1084
1024
6197
990
3135
3061
10750
0
837
4115
1109
934
7204
689
5056
3932
2114
457
4846
587
2823
926
4000
5613
1540
2565
2695
5873
149
5966
3299
2419
5618
1184
142
7182
1711
25
294
1139
1414
9411
10019
8414
520
9545
1009
6607
4230
2694
7229
10477
2147
8514
1735
9287
9124
6807
4085
3316
5867
1113
6795
103
0
2237
3790
0
3358
4056
8940
6069
6119
5241
8679
3139
42
1819
4840
1112
10062
0
2747
2993
1976
1440
1885
2131
5346
3012
5311
3050
809
7155
5175
8556
5526
586
5309
9611
1040
3641
2483
4665
10396
3060
7141
510
5188
2511
298
3522
4134
1960
7601
1186
302
8466
1738
3382
3676
10405
7739
4181
1394
2099
3308
2434
21
2542
2371
1907
371
2662
1893
3989
2568
6922
5216
1999
2090
1277
9971
6930
22
603
9075
6302
3039
2575
2824
4147
742
2934
1163
6079
2023
10621
5994
0
4240
3570
3222
3245
11106
4438
3050
7118
3448
937
2299
2656
2987
8703
5060
8383
2672
859
10462
2784
4039
331
3070
1540
795
2474
28
4666
546
1239
1420
93
3365
4661
5150
5058
233
1599
6696
3465
1522
101
3240
3235
1790
5849
5459
4901
2307
3708
2900
2481
3025
5588
6818
1513
2747
5991
4033
1668
670
7464
4995
270
8042
6959
750
3884
1283
4002
551
1744
3393
1430
5182
3737
4924
7307
6918
8603
0
5780
2991
366
1943
5670
9113
8178
765
3317
1303
4524
8649
4014
7748
2552
9580
1042
6542
3376
4239
4829
4771
6223
8565
6476
2052
1913
7881
3464
3504
3836
8205
4565
1738
7191
2705
1805
2028
6615
150
2840
6572
4958
276
3608
6563
6620
7553
968
4011
10034
5178
7253
3382
3356
871
1462
5020
3426
4721
0
903
728
7932
5449
5132
314
4542
1508
10459
5325
5835
1371
7202
2571
3720
3374
3829
12
1226
8646
455
2948
4794
3623
158
4586
5091
5003
20
5020
2986
3036
772
2409
1123
2149
3652
2329
5563
5038
1305
2293
2451
5401
4461
2698
881
739
6931
0
6876
986
1367
6680
2143
2453
722
1690
1844
5242
1032
918
2690
114
3336
4716
5885
4064
5662
2318
590
6394
6792
723
5241
4224
5458
1802
5586
10190
3050
1310
3773
10454
2843
6792
3011
2065
6470
1403
7862
1449
6401
197
2496
4671
2163
8076
4407
504
2631
1735
2459
4927
6115
4449
9397
3022
2777
7094
3476
5498
1144
1468
1313
5005
3720
6277
4667
170
5651
2196
9563
5659
6880
6583
1191
3939
1219
435
6053
2293
5525
918
8318
7416
6533
2920
1778
6364
1539
4848
4341
6949
5896
3280
1148
8333
1733
7676
2629
1850
8483
4886
6308
750
2089
3377
3607
5381
0
10350
368
8064
629
2317
6017
10391
9152
5813
3298
1636
1501
3997
2551
1452
7263
1564
5744
4011
4960
6939
2351
838
7205
1102
5322
2665
5921
84
9500
1689
5245
7412
3001
888
5846
5051
2875
3383
2770
9754
2888
9972
2163
11458
5338
5187
1317
3772
5647
597
4431
2678
8227
2698
3690
5794
9913
8486
9889
91
5880
11103
464
0
5443
458
5991
8156
4035
5236
1765
442
6317
195
0
598
1599
7020
4180
4056
565
7600
1578
3028
2960
2612
647
1751
1548
4147
11392
1280
9106
8030
1607
9110
6580
4459
1530
2699
4369
5467
742
594
2967
8614
5880
7096
403
186
9126
864
4237
871
6628
4565
3552
579
7145
6289
1452
643
7857
1854
6896
1075
4340
0
1699
7363
1316
509
3254
1000
6634
3597
3238
681
2475
9769
2698
1312
5487
646
0
1696
2393
3579
3113
6480
128
5601
7180
6453
134
4000
1016
6089
2086
2327
3834
6259
1285
491
0
11485
1236
1162
4157
4352
92
320
542
10076
8149
4844
8885
6788
6054
1261
5249
2131
5967
5883
7196
675
2267
4864
2524
4567
445
1458
1679
1571
3284
1543
5045
7897
3946
9818
278
2779
639
6024
4787
1964
3917
0
4330
4091
5185
9657
3359
6052
6905
2674
2165
2921
1770
9514
5836
5015
2743
4540
4252
11351
2906
587
5325
3785
1478
1237
1188
4845
10276
8203
2094
15
3588
6766
6193
1415
1530
653
3036
7892
3597
4879
2563
4111
968
930
3045
6583
1039
11013
3103
1417
3018
47
6184
3307
3731
2604
7911
4780
2597
2477
403
5211
5118
3735
3559
9346
2846
5230
920
9395
27
768
2966
5383
1719
1014
310
7695
3165
3724
2023
4309
4529
1913
6367
3005
3458
4466
6262
1345
5419
8251
4610
432
185
787
5122
1459
10473
208
984
6818
3162
4587
0
802
6931
3364
5912
4457
7746
2141
7029
415
1344
5923
1845
6695
1420
3424
290
7158
8244
10623
5382
1191
9513
7843
453
1849
6198
3170
1151
7644
4659
1129
9800
1289
7912
2953
5770
91
4664
468
2237
2783
1855
1982
484
1236
2436
2548
440
348
2930
4963
3737
8783
4966
3861
705
5774
3323
6314
24
0
2035
395
5966
3175
5488
6925
33
777
3818
2763
3703
5469
2222
5351
93
1117
7208
4494
797
2719
625
389
3524
4796
10524
9282
3233
4037
707
869
2403
1910
7530
4503
7487
1975
1011
9978
1336
7980
146
6833
3604
3412
5211
2115
3933
7532
4563
7771
2189
6911
2212
809
5855
10807
1685
219
1281
9912
3473
1656
6266
1668
4199
0
893
9961
4387
3356
1427
7269
5399
6875
2809
2971
7364
3345
5227
2113
1074
3318
3266
7934
8592
589
8727
8292
3432
4161
2159
6132
4314
8149
501
606
7299
1727
10906
611
248
6357
2197
2078
2006
1384
6719
4747
8426
3892
8370
6013
121
10312
7805
3579
4838
5731
5873
8760
714
395
1603
3587
101
550
3014
3670
3689
7752
4233
1842
33
1589
8131
8737
7090
2450
2011
7982
4970
9416
3016
2811
619
1094
1144
6646
6229
5841
4107
2603
2774
765
1281
7608
6844
3787
1900
837
6484
3233
7866
8799
3052
4407
3185
433
1733
6674
251
0
107
4083
6349
2929
5827
2995
2162
3833
5910
8264
2129
1392
1002
3870
5410
6343
3034
6503
2334
4750
473
2972
479
838
2692
5360
5995
1198
1262
2583
2215
1481
6815
9993
1644
858
1896
202
2069
13
1044
6842
11288
4363
1043
1284
729
1640
3271
1317
1735
1396
4531
4404
1931
5843
1401
4703
676
5448
1933
3948
1596
4473
10192
457
8524
1471
7220
3283
7438
8395
6735
2315
1316
3136
1655
8380
2355
1429
2240
6088
1321
269
685
2697
3992
2673
7401
4496
1869
2263
1055
5389
5420
7169
1183
7503
4125
9530
5894
1482
7804
8427
172
4996
2638
8412
2358
3199
4695
4507
6909
7735
5532
5109
7336
284
9055
6732
5795
4990
2103
1285
3753
4927
325
1395
330
6941
3409
4889
2663
2249
4499
6813
2581
1475
6550
4525
8142
9086
2482
1351
2572
6689
5832
2704
3860
5617
5039
4431
1292
4975
1141
848
7265
3153
912
2055
7890
10565
9952
5484
7071
3880
8674
6923
3223
9350
4520
1493
1798
166
694
7499
1457
5652
1232
5329
2570
3494
8828
2943
1872
1524
5722
4286
5029
686
3212
8485
3772
7901
1183
11503
5730
5064
4511
4412
912
5441
2540
5870
5650
7878
1010
3132
6166
7154
10634
2840
3039
2467
5862
5392
1427
1581
4651
465
5054
3088
3869
903
7216
1709
1508
4369
1248
20
2846
5055
2194
7488
6657
5077
737
660
5102
7343
2729
7671
10085
7167
4398
1078
7228
8660
2615
6564
8695
7754
3195
9950
852
3989
10652
62
1473
5144
479
2037
4468
1248
3231
0
461
2188
4769
10135
3547
8336
2579
1242
8467
4279
598
6299
395
1180
4436
6321
4475
4393
120
5494
8679
5819
1357
5035
6163
671
1373
2006
8645
712
436
3840
0
608
9405
986
0
1467
4223
3726
7398
8215
6374
8248
622
5174
2005
4680
1707
9409
714
10284
7264
2459
670
1799
4954
5471
5990
10644
10397
6195
6404
8190
555
2871
2728
9085
9938
5752
8423
2500
1867
2611
3251
1866
1206
2207
775
1699
2446
4560
6065
904
927
2819
681
223
115
1979
285
5162
7613
2668
7184
3715
7180
4084
5293
1703
2271
6300
1856
9444
6098
10192
4181
8634
5692
1527
2093
7599
4904
10397
269
4842
9402
3422
11450
8162
1060
1194
4188
7053
8368
10200
9167
3389
5990
1468
117
1211
445
5986
869
4436
4800
9838
986
2147
3493
9106
805
9774
2364
1110
465
9083
219
4425
3401
705
8474
6198
5674
8999
4882
6329
1056
5338
1986
3788
9198
11163
6324
2218
10694
7542
5047
7830
4708
3040
3354
3921
1050
7517
1318
8108
4851
4000
8129
1305
7715
787
2351
8460
3152
9492
1486
3196
2307
1897
4207
6392
3216
2490
1912
4819
1677
8289
667
1891
10036
0
5355
4886
865
8813
3276
969
3271
10119
1461
4750
5255
1048
561
3954
910
2827
773
1272
3391
3537
6904
229
4831
5953
850
7433
4363
1469
7447
9106
1954
1382
1165
2922
4851
6646
4539
1314
63
4480
2357
1274
6377
5020
840
4086
3772
4864
4100
8150
8151
1977
1737
2895
4940
8621
3653
2913
332
2023
4859
5798
578
7522
4859
8329
3751
6618
107
8687
2324
698
2095
1702
9571
2505
3319
2144
2655
3325
454
3788
2127
1579
6891
990
2134
3656
3215
917
5373
2322
3408
3719
1423
264
3148
2119
1668
5744
3064
7240
1482
649
7842
4872
576
1676
4988
8802
5510
500
293
2214
4989
5605
1977
6967
7116
1756
5192
5579
1857
5507
2958
4776
2422
1974
6926
8507
2131
823
8046
7056
5985
3504
6997
4670
8475
1887
1788
4024
1084
0
1806
4550
8761
8904
3967
4174
4721
284
3083
2277
6151
3105
2450
5846
195
5561
3440
652
6489
5532
3927
9323
6357
1674
7931
7584
3400
2791
2597
5247
3868
6246
5669
4931
5826
8668
5471
4555
7876
11544
2232
3030
1354
1188
2460
1233
46
7768
1459
1340
1010
8477
5454
7277
5440
2310
7789
613
1119
530
2929
246
406
4304
463
859
4627
7034
3345
1480
1087
4102
4931
6431
1034
661
3321
3627
4104
186
3649
4041
2935
2355
515
4914
3345
9151
7428
4780
2009
10330
1510
1605
103
3002
307
7300
505
2070
9497
5929
8908
3942
4285
5748
1146
3194
4946
3534
3763
10516
494
4821
6152
6733
11100
1422
651
3753
10067
7357
6386
945
1058
6326
9896
801
6813
4662
2114
947
6097
0
6469
3145
7486
5622
10268
2720
9804
4490
1204
995
10635
1578
6481
6345
8100
6980
4529
262
10042
4577
8989
2409
1080
7726
2472
2563
9663
4171
1993
3552
5134
5959
1931
3498
4029
4396
6441
4277
10248
2946
4222
9878
8292
1034
1092
3708
10576
10166
6048
5435
6018
6099
1471
168
7240
7284
6686
7719
0
7395
7614
176
5781
482
4080
9235
1241
5520
2436
3563
1038
5493
6028
1483
3561
1566
6271
4794
5221
206
0
1895
438
2234
6407
3118
5801
690
5235
3439
3231
5257
3934
959
0
1866
2377
5477
6405
5557
1550
3264
5340
3731
852
3454
2958
6604
4839
3459
1915
308
307
5139
2824
396
2482
7795
4019
95
4131
3093
200
10487
10502
4574
4131
7558
5229
69
8571
6978
7874
4736
3956
4313
2980
2374
4851
239
3280
1984
9215
1391
3524
688
1979
3813
1476
10054
6547
6779
4116
3037
6894
4917
3918
5742
1881
10092
2276
4442
5589
8745
9243
8656
4536
8551
2674
2549
4422
1129
11485
7867
2121
5460
1631
1629
542
604
5731
1467
2318
5
907
3306
2325
1301
865
6492
8269
1571
5366
7856
2162
7144
8523
11103
5475
4786
1401
4998
4584
2639
1248
2709
706
4345
5012
7348
5782
5121
2714
7720
1827
424
892
1492
7355
8815
3875
5158
6128
2851
2480
3790
6365
264
3469
6537
7208
4385
4275
0
7945
6380
7457
4977
6150
1089
123
3920
1766
0
1701
7575
4305
811
1472
8930
17
6904
1958
574
5159
7583
389
1082
3077
1271
2877
7700
6674
180
2785
1661
1542
8226
10473
4608
356
8349
113
4740
3709
47
3754
1907
15
2234
0
644
937
2202
538
1711
7365
4280
4047
2270
4031
95
2434
5105
1082
5138
4517
2607
392
1087
4105
843
5136
1801
32
11367
3274
4344
396
1423
4436
2758
1528
2834
1955
566
7626
972
6054
1431
550
7691
5157
7802
589
1894
27
8895
3666
948
2464
966
1204
3135
5717
1044
1636
9093
236
230
789
6206
3112
4717
4746
2698
2774
1715
220
8583
3180
849
2423
0
8407
6063
3932
722
5560
7252
5671
4469
4724
3899
4786
640
3593
2098
0
1321
1449
3633
3587
7542
3131
32
627
7234
6543
1903
10
2488
5284
7428
2267
6370
10117
1605
4697
669
889
9367
2365
665
1631
6956
6836
9716
4051
4134
1384
1182
4838
10568
6000
2728
4376
10578
7138
5076
10438
1474
10387
0
4168
3353
5290
9027
4894
5598
8534
7435
1249
0
1892
3354
474
5565
2220
5099
308
0
5024
1501
637
3446
6011
9244
10211
3277
2849
3527
2472
6027
4256
4609
7953
181
2317
6952
4557
8137
7574
963
404
748
1180
5257
9188
2777
2922
523
4605
1360
2698
5266
3186
3477
2101
5643
3734
8205
2443
1532
0
3863
4959
1162
6444
4815
4473
8109
4671
7735
1369
3531
9154
7521
4728
8029
3372
9207
419
4896
9727
3082
1679
3770
2242
4511
8809
75
7639
1168
1573
2916
6195
1289
743
251
3852
6601
2645
5053
955
1675
5186
1443
4804
8089
3504
1577
4163
726
1443
2366
8176
259
2773
4998
2362
3935
2629
1236
1169
8956
34
1264
332
9124
8392
250
1248
504
5518
2755
384
12
524
3188
1170
1611
3478
55
5484
4925
8888
3816
2326
10204
1303
1551
3546
8256
1414
31
1797
4865
1363
5616
5849
1361
9233
5454
6882
1369
497
194
5652
1296
6287
8372
760
6589
996
2302
8311
7299
8169
11174
10748
2149
7345
4429
1887
6196
1604
2887
4010
4717
2427
8191
1209
8480
5677
6699
1302
4852
479
1338
764
3091
6289
9935
5314
4049
509
5553
228
3644
6715
5752
2617
2472
587
6739
5818
40
3301
9542
7120
2715
9728
2213
2651
7551
7489
474
2521
9895
1498
8417
545
11829
2236
5493
343
547
7293
9695
6011
3472
821
3024
8519
862
2335
2842
6418
10073
4928
287
120
8245
11127
4782
4549
906
3255
4949
2122
884
9009
1311
9600
5399
292
6918
1627
710
9266
2455
4941
7533
2915
10206
2211
3525
7280
615
4494
2201
8229
5756
7833
7171
4038
3421
2172
4650
5868
511
120
3963
8095
1272
2695
9947
7120
2997
534
950
0
2968
7160
1687
7304
6051
8495
687
4160
293
4660
153
2181
525
592
1245
3785
3385
5853
8930
7497
967
4008
7017
3771
5695
10102
3945
3899
1642
946
4469
4677
5905
4988
237
3955
5772
5829
1169
438
11567
1583
3244
4314
9401
7476
1983
2415
1840
6444
587
0
5538
7140
7592
9292
313
5197
8060
8589
2879
621
8985
923
10043
2624
1484
4077
7840
4786
1255
3348
7412
4435
1348
8049
2156
7958
1690
4827
7775
11064
3417
5696
9680
2323
3735
1309
5780
6909
4305
486
8293
640
2455
7604
7582
5747
2686
4730
5371
4140
5276
10727
9799
488
1346
105
0
5346
9174
873
9030
5751
3478
4293
3075
3054
5164
3321
7708
2530
11452
1932
180
3679
2002
3572
1248
3899
2200
1940
2860
1495
1500
5007
4076
5407
10769
3074
2548
3565
8815
5394
1099
5391
1277
1207
4562
2385
4402
4194
1888
4915
1041
5048
3173
3056
6428
5123
0
4135
3148
8007
1951
8014
2875
8961
8153
9104
8684
1035
1332
4907
3916
2907
2173
3154
0
4536
3884
2616
0
2484
3452
2466
8614
1222
1283
3190
1338
4759
2282
8051
2676
5000
8196
122
3743
5326
5507
5593
797
2814
322
2276
8903
1269
2341
9793
549
5224
7437
6758
923
4719
4589
8037
7126
1247
669
6163
1549
910
608
9355
5659
7498
3354
9922
599
5393
5247
2492
2472
894
3259
2108
3187
4169
4309
4627
303
1215
3109
9831
7578
8420
4543
1944
6575
4018
93
3235
2251
7448
1608
7013
7775
3667
3891
1075
5648
1315
1847
4874
5081
5428
1929
5588
6717
3177
9719
3898
382
5451
1486
6262
3099
3188
2843
917
7706
2456
2277
4720
840
1010
1501
582
6772
9111
4532
644
5882
561
5181
5532
1517
360
256
2618
597
3783
4375
1022
8561
3742
10833
7218
1683
11064
3075
4826
9006
7104
1072
529
2643
7925
6140
2695
4303
1278
6710
4615
7352
5530
2925
3839
1946
794
1695
680
356
1056
1773
5020
6079
5645
3393
2737
10238
1514
7053
2744
3308
4522
3245
7446
4648
9143
423
819
7601
876
2374
2903
4025
6847
2190
931
1509
5845
3803
2000
8903
3220
8362
8829
5508
9979
6013
6030
8215
359
2484
2122
7401
4701
1748
8601
406
2840
2063
11
3235
3095
5609
7464
594
1964
1501
4097
5632
5928
3830
1673
1146
5837
2313
1459
1088
8138
6132
2405
3719
4077
3983
2167
5404
2159
7075
6514
4133
2780
3466
729
1281
1991
5558
3165
316
2661
1528
4063
1562
2121
7810
1118
1855
11091
8020
3746
6567
2004
2053
1542
4525
789
0
3656
3804
591
5535
3582
8631
3043
4872
9791
3901
2451
2110
7739
1360
5454
5006
5008
3048
927
1016
280
1995
6951
769
9729
5975
6929
2786
580
1833
4276
8654
2096
451
3049
362
3174
5104
9352
4349
4022
8790
2024
1716
1205
1054
415
4037
7541
7031
1387
3339
5904
293
2516
3245
2550
7232
6472
2028
10699
7478
263
3292
2599
2577
9303
3485
2036
3990
7100
2949
2097
2426
479
171
644
3769
7236
2094
5494
460
2723
5948
1713
399
6238
7278
711
7769
3126
8392
2137
7108
9585
8951
8870
12
2586
1297
3384
2641
9139
2610
1425
1114
2889
1050
4318
844
3189
5299
5207
1292
1252
4891
4637
4278
3278
8241
7627
1440
553
3917
4463
2367
2561
8030
1877
5664
2585
6678
1129
4040
942
11715
806
6331
4041
5051
1517
6730
2177
5624
8459
4533
8872
2364
3768
276
2066
8724
2960
7224
7946
5988
206
1321
7761
3289
6093
2918
3159
3223
2646
6033
680
910
4829
2832
4269
1426
1642
2697
4903
5784
1533
2361
2445
10216
2167
225
7117
6728
5563
2508
6448
3206
6683
924
7141
2615
6325
1258
7431
1873
8859
180
4012
2794
3343
5819
189
8565
2658
5278
4764
3812
816
362
8112
2576
955
1094
636
8505
7667
1526
3417
1221
3465
4437
3551
6711
402
1426
5634
5455
5291
673
5731
1782
8054
3059
3940
1475
4431
1329
4242
2711
5378
335
9261
1791
9850
5123
999
1050
1903
5861
9634
5310
678
4080
822
9920
11126
1506
3458
1524
5048
1079
1465
410
521
7713
285
0
2480
7946
9065
4508
1342
3333
2287
2312
3408
3273
2065
6614
3101
611
3285
3954
2871
4056
8575
5104
3089
4416
519
3327
684
1545
355
199
2133
1993
6681
321
2600
6301
5843
842
514
1307
6227
4612
2837
2257
1063
1733
4200
7742
8150
3375
10262
1708
916
950
4237
797
3883
5799
1414
3657
4024
4766
3630
1763
3532
3476
581
7310
7252
564
3568
4106
5000
6979
8584
5183
391
3198
9456
950
9746
9506
9372
5948
794
2522
6522
6933
2051
4100
8010
7596
4271
8538
0
2732
4863
1123
5266
4313
948
5015
6888
2859
3183
8907
9478
6411
1916
1197
3707
2879
1118
370
5174
2362
6993
313
4899
5049
2735
2729
6201
6115
5660
8853
3141
4597
0
6070
561
2511
5107
5431
4168
7344
2287
665
7881
5386
5327
6578
1483
4565
8432
9582
325
8094
0
6235
4019
2560
7387
996
3770
3386
2008
5599
2407
11276
5723
6323
2871
1406
1323
3807
1452
6675
1262
9306
3070
4110
4027
1682
2318
10
460
4836
3952
5204
233
2131
2082
2671
4719
7756
2178
636
2708
1659
1922
273
9875
7839
3510
1081
192
5982
4640
5281
4574
5533
7117
1349
2551
5291
2891
7144
5318
17
3763
4248
3759
3122
5330
2382
8470
4878
5244
3286
2654
4198
138
4393
2750
1919
2479
3585
3655
156
8366
9218
5263
9085
2395
4607
2428
2445
114
7259
1409
1614
4048
3631
11516
10173
0
9534
4667
8311
5175
1077
8079
1263
8304
2602
1847
1173
342
972
10683
7549
2427
904
9776
7678
5470
6890
9529
3538
992
513
10
2073
4460
2804
1101
3687
3640
2568
1320
6722
6264
3556
158
4618
2390
4603
9062
6906
9019
671
10211
193
6459
1180
4188
3448
2005
8965
6096
7559
6267
5830
3861
7641
7014
4497
1861
210
4820
225
11369
4329
66
1842
7169
386
6308
9633
1199
3411
8151
2256
1198
5631
3309
6318
2001
7876
533
7964
7131
0
8109
11255
297
963
10034
6288
792
792
0
2314
2648
4497
945
893
425
7125
3885
704
9353
1728
9006
1742
4382
1804
276
6976
2140
1609
2623
2302
285
1897
3284
1674
1557
4551
4325
1828
7347
2596
3800
3721
3010
4011
3320
832
123
2280
865
1754
0
6283
3836
3961
0
8301
9553
3560
5015
9584
2700
8798
1269
9965
1145
3283
5385
117
5787
2828
7143
4801
3883
3808
2772
4886
1737
5650
1605
1215
0
2603
2343
5373
764
7606
10193
9700
3066
6757
4221
487
0
6630
95
9950
1319
5429
8727
4960
1102
568
4379
3017
6356
7907
10865
4550
1412
2606
4072
3998
4642
0
4345
84
3180
989
4166
7242
2765
4700
3310
2211
4328
5288
348
2579
4194
6050
6996
10338
2177
7283
1691
94
2660
9153
2609
697
4300
4133
6930
6613
9612
0
2225
9578
3562
10242
3286
4021
2224
5071
8736
735
9226
3138
2025
7380
5531
9139
4289
1338
7049
662
5414
6481
4072
1057
1768
4596
1623
5315
4652
1732
88
1481
10331
1396
9773
3888
8300
2736
0
6603
3214
4824
5398
594
5562
2449
1469
981
9134
4374
0
3150
2124
1524
3310
0
996
2524
5631
4869
101
3017
696
1329
8620
833
124
3060
2148
7131
737
2002
2462
5238
1204
4779
256
443
874
1118
4500
0
2548
8431
8479
4910
256
7965
1721
6588
1733
2468
3018
3251
10347
517
5878
5023
8045
1028
9756
5345
3407
403
9331
6447
9108
4125
2055
4276
993
2348
10331
1914
5950
2170
7393
9188
4785
2649
1552
1976
329
5424
5805
1093
2667
1793
3158
3237
9026
4101
10236
8323
3191
9568
10821
2231
3305
1788
3275
6979
2969
563
365
7391
3099
3567
6769
8881
6275
5056
3551
1803
305
7912
4760
503
6677
1514
3365
1139
7206
5907
3118
9144
9614
5672
787
7469
742
2393
4148
3274
46
1046
999
4360
0
870
2172
3606
4101
1135
2351
3916
9536
8233
3137
4987
1590
3051
3928
1839
6935
2685
7714
4943
2157
6725
4487
8254
1240
3098
1277
3506
2410
3002
2939
5574
3544
4557
1913
7326
7862
5458
607
2016
6204
10513
4957
5394
2965
9319
2703
3579
33
1464
3724
10624
545
28
3736
8363
7259
3656
3912
9389
6907
8978
5744
2300
2495
5839
2223
6060
3094
2508
3243
6448
6738
5560
2834
4465
7320
2717
4685
8749
3392
8635
3314
748
3322
5158
3235
62
4418
1598
3088
2057
2920
711
6619
8478
1219
6406
2852
3196
4070
5520
5526
8171
7155
5644
1612
10318
2110
6455
5631
4064
8263
4822
9058
4970
45
4676
4971
7264
11554
857
2130
3823
3287
174
3417
10102
3359
6166
10140
1373
2109
818
1022
1585
1002
7208
1895
1852
9117
7914
1800
7777
5777
17
5883
5418
534
7422
5045
2816
2513
2850
2181
4435
82
346
3478
4751
3182
5955
2814
345
1004
7405
199
4706
4958
507
272
3563
0
2207
5844
4247
1024
1434
1213
6457
1091
5147
3955
1166
1592
1799
2522
3652
1259
8120
2948
11734
8354
5534
800
1758
6498
2418
3090
5864
1192
3360
6364
2940
502
4072
4696
8724
1816
2478
1815
3322
966
3163
264
3958
4238
8127
2508
1568
7120
2286
5482
4683
1527
2258
8173
3071
8720
5580
1025
916
2564
8952
6361
545
1150
3095
1943
2679
2298
4053
6827
1249
2534
6116
6439
1466
806
9269
5173
583
9456
0
701
9772
7035
3431
2610
1824
2380
3213
8671
1402
9540
4807
5645
3161
585
2660
2241
9507
706
0
2832
2016
4492
4118
2415
1610
7428
4565
3256
1889
5619
11532
3081
3722
7692
5757
1075
1079
105
6600
1793
731
2890
7338
6008
5537
1078
5684
2543
884
3032
4968
6008
3465
7958
6518
7047
4153
3123
1150
7079
1035
7413
2529
3058
9602
7409
7738
6753
7124
0
3457
5080
5892
3129
5454
8617
3639
6799
1922
2004
6510
2782
100
5207
1791
9882
575
4240
7932
7646
1047
9869
4234
3541
6597
5693
7998
4763
3095
7105
7138
199
10759
3626
480
5308
2211
5708
10004
7587
6838
11020
2578
5672
2614
2759
7471
4009
188
3489
950
2589
10173
6147
358
1256
8305
5570
686
5744
5463
7915
3885
3316
5730
3359
2471
4333
2080
501
298
8129
8970
4730
5656
2723
1753
3175
3847
8609
1126
7196
1050
4456
2571
4070
359
2977
9137
1769
2775
4296
1042
1867
4067
8564
4613
3723
2605
5744
1820
8820
4112
7123
874
2743
7414
8412
4875
2331
8067
6101
5167
9284
4622
7953
3638
1915
2029
1722
6613
3965
7086
1957
1240
6236
8504
907
4955
3797
4226
10033
8495
5133
9790
10202
5449
674
1859
5445
8990
7918
3335
8544
4583
54
3851
574
381
2068
1022
1679
11107
952
1066
1379
1054
5440
4683
8329
5211
1772
9989
2904
10603
3182
422
544
5151
5649
1522
2182
595
5790
450
183
3276
874
4204
4210
93
9263
3599
1715
8826
5373
3641
3326
4554
210
5159
821
1512
723
594
5563
6900
2082
5941
9754
1100
6466
3484
11408
6728
3118
218
356
6147
3883
7771
0
5897
313
3532
376
2134
1542
6070
7236
2126
4074
7812
5181
5903
766
57
1560
10022
2007
8977
2620
3485
5883
4734
6717
9891
3236
7463
223
9999
8189
4597
6542
8015
97
21
3058
0
3588
5833
2954
10256
4
477
7641
2589
2908
1175
6374
3209
6879
7800
1176
3689
726
3173
1379
3097
4185
1269
9672
1584
2866
5156
0
1016
1130
2473
7581
984
883
2305
2139
6545
3582
2551
1198
1841
7481
4330
536
0
3260
727
1322
456
1728
873
0
3334
5933
3297
8631
1789
9999
2274
5064
8000
5241
1258
1465
7136
1214
4349
6015
2950
2137
7886
1709
7802
3453
6855
3369
781
3425
8942
4216
6218
647
2930
1755
8179
2046
5429
3131
10752
4220
3512
6727
100
6048
3777
1352
610
9505
4543
1668
2216
3953
848
7147
3903
9129
9527
1342
5014
7591
11030
6168
2172
2448
2285
7134
4035
1525
9216
4041
7767
6291
476
6973
5098
2540
2137
4094
6451
2473
2409
107
6260
2040
5748
7434
904
4626
2509
1567
774
3376
4571
4153
1152
7185
4919
1190
1732
4126
2790
5778
0
0
4839
2164
6235
4531
0
6551
572
608
3508
2338
8058
3797
5060
3107
4530
2732
2838
2666
1396
2684
8313
5336
9454
4184
470
5422
1030
2538
2540
5272
1961
7052
8117
10648
3635
6774
1077
3498
3445
31
175
1543
7119
359
3035
1384
0
10203
8716
1857
6959
10432
4717
5130
8078
8201
1707
2197
7935
695
726
3437
3041
3429
4364
3259
4444
9190
5978
989
1584
2877
5330
5849
7208
4709
3508
4652
0
1118
1286
5362
1682
766
1329
5425
0
3317
2316
8603
2263
345
2797
8258
1715
2235
4681
2093
7416
7455
3280
1123
9140
3089
326
3142
576
1624
1927
1890
2388
276
2208
4430
3504
2404
8740
5827
3024
951
3408
1080
6875
6732
3858
1913
2034
970
10892
347
4102
9357
715
3740
5805
379
4138
1884
1734
3858
1176
1567
6497
773
9390
990
6178
2351
10007
3800
4014
1113
3095
5393
2189
1813
851
5404
2673
1413
843
2096
10001
8362
1408
2613
2232
1010
347
463
9323
5064
5671
574
9104
9253
2503
1374
2646
2827
5207
2857
4445
5189
2332
1796
8048
1997
4036
2537
7229
9673
4164
2804
433
984
2108
8091
2569
3418
3931
6736
737
9357
54
3760
6295
4421
375
6241
3583
5123
1984
5925
7189
3352
35
6730
3911
7978
8740
7366
6380
8064
1436
40
4476
7231
1878
7206
0
4447
9586
7354
3579
4599
6474
7088
6552
2001
4911
2202
7459
10510
1789
4777
2621
8354
2071
8857
3701
1959
8502
0
2588
1802
7240
2127
9759
403
5894
5654
4404
3658
323
3053
1423
5009
2521
2310
7826
214
7329
7763
3223
7188
7293
6246
5476
4961
1850
596
7619
1105
5398
8382
3454
2818
1305
578
2041
3778
4043
673
7641
0
954
5110
2107
3560
3060
5647
4058
4837
3788
846
1069
2318
6264
1927
3740
4006
1114
3843
2077
4247
1340
5031
7222
1909
8687
8797
621
2174
3835
1009
10285
8268
1337
9930
3873
4716
0
8847
5515
1261
8496
419
5074
1441
5320
10871
394
5025
7379
8596
1990
7899
40
9692
9176
2225
5388
8678
729
3005
2423
1203
5087
863
6968
9357
5838
3829
1945
3327
3512
3137
8757
2129
7407
1307
4556
2535
7443
1322
5371
6710
4333
6253
2401
5758
2013
4303
8762
504
1515
3717
3015
5950
2575
8258
4276
11583
1845
2239
576
3100
4372
3638
5824
3686
2685
1654
1965
1237
576
270
936
1718
3425
5109
2680
6768
3821
123
3081
5067
2978
7415
8455
1592
3783
2250
7248
964
1114
5049
3719
6965
3716
6664
6215
5426
2459
2373
3803
10602
0
4779
8438
4632
3188
1561
1074
5571
769
2030
0
5359
8400
1038
3375
1682
1942
857
3125
7573
5089
3081
0
5136
9388
1811
802
5628
5488
1100
7880
3833
7642
3224
5804
7354
775
9647
3599
2405
4207
3827
933
2800
1266
6026
621
3139
1186
6220
404
6085
2499
1027
939
4120
5658
2141
3353
7534
1979
6411
7214
130
6262
2630
2403
0
874
1620
6437
1789
1385
0
1507
7527
2901
2145
2067
323
878
7471
4516
2537
3876
8711
4062
3091
5205
604
5058
4271
1431
2223
2262
7229
3918
1655
3304
8818
5012
478
1666
4266
34
1389
5962
5758
1428
1055
2781
3868
8721
3128
7309
3306
4030
7981
7850
50
2445
2200
978
1342
3264
558
3285
9370
4641
7314
3888
3637
4962
1790
7555
678
2285
578
3388
7881
1785
362
2464
5861
6612
697
6655
593
3612
3614
2349
733
445
3119
1205
7264
2382
4269
1433
120
551
2273
6842
6281
2958
5264
159
2363
6375
2682
9231
2438
2310
4726
4333
9075
984
418
5025
4815
10896
4569
5942
1664
2255
2182
3740
2193
365
3031
5377
2470
8454
4425
7610
2117
4974
1941
5938
3268
5873
1555
5572
5839
8289
7624
0
7135
3045
4830
7150
8636
6865
3585
3300
5368
1774
8406
9775
839
2966
604
1905
1814
4481
9274
4524
6447
4332
1074
10088
4892
4024
4113
48
11385
3715
7532
690
2763
4260
4952
3335
389
4866
3033
3753
2881
188
7937
1160
503
4110
8570
3706
3241
6003
1750
3563
3263
366
5507
4569
672
2998
948
1234
1644
9815
6009
5054
9753
3439
6158
4216
2385
1671
2527
9007
9440
930
5792
7363
3236
965
1450
4550
639
2514
4711
1122
9248
3055
8641
5889
179
1944
4921
111
8514
10831
3663
2532
463
0
2233
6798
2105
3641
444
2258
1085
4
1439
1750
306
1507
7117
4646
5949
1179
3004
400
6451
282
5639
5996
8580
8848
6589
2605
329
6258
8091
1339
3044
3093
5929
1458
3617
328
3815
2599
2233
6485
432
1097
1122
153
2871
5901
735
556
5757
9399
6463
10702
6597
11330
1935
4995
4145
7162
1048
398
2448
6587
5153
1364
4164
8786
1012
9672
3339
5260
7641
6749
5440
3962
7671
4836
2067
7097
3975
4914
6062
701
3168
4678
3262
1423
2010
4326
213
3051
1845
259
4778
7258
9292
3294
519
3513
4062
4690
3915
517
3800
492
5816
4896
1778
4926
2630
389
3062
6698
4158
946
992
9052
8269
8035
1172
4824
642
2851
7509
5871
9566
6039
2231
5322
3491
6716
4120
1999
770
693
4418
1862
76
695
376
608
2623
6959
4667
827
9698
10037
808
3563
7002
1646
9628
9350
3054
1722
9299
1638
4586
1654
5012
6143
9613
662
1397
597
7306
2695
3037
7494
2277
4331
7247
909
3413
673
3713
980
3887
554
5641
5155
5534
2129
8229
4939
9344
4842
4702
4845
10227
6078
1257
3726
5556
5056
1828
518
856
4778
1398
3506
7214
6679
0
267
3054
257
5035
3821
2015
1839
1770
6583
5345
8150
2591
10156
2450
7086
5446
170
2615
3992
6125
4700
10139
4638
4516
3864
7171
1839
10115
4508
7526
7246
297
4055
512
3194
1448
3082
5680
6258
4222
4641
1502
1264
6196
6906
4056
2237
2740
1191
9280
2041
2134
1788
3572
7492
4987
9970
2840
2192
10703
2529
5565
2133
5951
8471
10297
1393
2853
8536
732
54
28
0
4011
515
1933
6972
6067
1508
5070
5369
335
0
2510
1374
5578
2221
4094
6114
3001
711
9512
4189
3147
4703
8386
6625
7238
3261
85
1366
2742
7137
583
2704
1740
92
392
7924
6911
642
0
3319
4093
3433
4042
8446
2485
590
750
7456
8274
1955
4808
8710
1484
5131
0
1199
27
7184
419
8505
1840
3380
967
537
704
10215
2354
2467
8983
967
4807
1603
1707
4097
10283
1942
4297
3933
2296
464
5520
9994
4766
465
508
3642
1009
3776
10153
835
5294
8822
6724
7815
3300
1231
3805
867
6147
3086
7825
3833
1838
4930
4427
6098
723
2435
3086
1607
950
2997
4692
1908
2534
9070
2592
5291
692
2835
9138
11677
8183
2905
2553
5340
11366
7592
3704
4771
1534
4666
1364
5168
7348
23
8005
180
2886
11222
1439
1085
6218
2091
1036
4
9096
5496
697
0
3894
1346
1879
5474
5885
1674
657
1594
4615
1673
1537
9587
1516
283
2907
5568
4662
7509
1452
2469
6606
1713
230
54
875
3185
5624
7128
3965
4895
194
0
912
4714
2958
6023
1631
5340
0
4268
5820
7509
9154
838
320
3428
2541
6478
7326
8819
4705
10732
1840
822
6836
7786
1962
793
217
1269
5317
5431
3088
2466
10344
10659
170
3260
7816
3009
3719
2525
9202
3803
229
4184
5995
7408
2311
4611
0
2667
5798
1959
8765
4471
6676
4273
4597
2577
2636
407
6863
3350
615
8790
5246
10237
1554
4635
5505
4547
418
6533
1681
7969
4153
5660
939
3322
222
1571
6828
8429
695
1036
100
10104
3125
1882
9070
578
7219
3342
148
11792
855
1713
6145
3935
6026
68
8517
1234
90
3104
5220
2944
4001
5117
4092
5631
947
3901
3842
959
2259
1106
6124
174
2071
2359
2623
0
2197
6084
4167
4200
3649
1902
3032
6090
8115
6826
1697
1954
2138
5241
651
2206
3052
2503
1895
863
3683
7202
2535
2703
7513
9212
2918
1705
5635
5831
2588
1752
1502
6134
9989
2563
3877
3602
1706
6998
5638
7679
2375
2525
819
7122
4387
5974
265
2842
7687
6495
455
2070
3218
543
5679
998
2091
7761
6057
9362
333
3140
0
1114
197
584
863
3284
922
493
9820
10450
3913
6503
3281
2007
33
6976
9722
2545
4673
1502
2069
10168
3249
9666
1014
4706
1389
2206
5500
3684
961
7292
3106
2704
2319
3245
2449
704
7476
10665
1425
3821
1643
3678
4824
3395
9511
899
7670
3284
411
5201
2485
3934
1505
5718
1359
6714
3718
2599
2130
8802
556
4436
4516
756
9879
5441
2820
91
9932
2498
4182
587
2948
745
2022
1825
6062
5657
6072
1963
2289
3880
2497
3714
11719
855
300
5750
547
2143
4213
0
4683
1189
8194
1773
3066
7308
1222
3546
4461
5451
7763
2347
5156
6214
1141
11228
3663
720
3763
1142
4668
5439
8669
3604
6438
2244
628
1050
3029
4665
538
7830
7157
3106
8774
2492
1759
6287
2120
4989
3649
5690
11373
6617
2395
4784
958
3635
3743
2973
2534
7524
4345
1856
3464
3254
2829
6127
616
6245
4772
3839
4825
2329
0
2373
2542
8310
55
1222
6432
2155
4541
8570
6994
894
10969
2258
6330
1699
2277
1307
2210
4133
6485
2664
6116
6444
5478
147
6105
3602
2977
5768
132
0
1964
2716
1556
3943
4189
1923
8342
3185
4700
6013
4
1947
2188
5791
4266
1719
916
1989
4734
4486
3751
5253
137
736
5203
7125
2080
2273
6041
338
9307
5171
661
3662
10087
8605
2523
5206
855
1511
180
1508
6879
4
1886
4342
8076
865
6713
3421
9289
9999
4499
3251
6586
808
686
1489
314
5663
2700
7006
124
6360
5202
9860
6400
7038
1141
6610
558
2141
5161
4212
10923
1374
6301
4044
4926
5475
2543
9946
10665
180
5897
2502
9113
7311
0
1257
3940
825
10185
2029
517
828
1613
6760
5857
4806
5086
9578
4546
5556
5628
2691
5987
18
1181
4034
2045
7973
3918
4242
6606
1209
4531
2143
6673
1623
1886
3633
4356
1358
5674
9370
1642
4566
3458
2805
9490
2423
5497
2104
5061
2983
814
9185
8505
5399
2478
5592
7233
559
980
4792
2802
946
4941
8428
5227
3663
981
1284
2036
6149
6113
1223
2788
4729
8823
0
5684
2221
1447
3282
1559
493
27
1838
2816
8304
230
3500
6290
4601
6464
9412
2005
2411
7182
5846
151
6777
49
2268
3557
6789
923
403
3717
1899
3213
491
35
711
1188
316
6594
5225
3895
404
3917
864
2589
1492
3240
2985
0
7595
9872
736
6226
4777
4595
5734
4516
3804
717
180
17
1617
8610
1958
2047
3864
2436
344
424
1115
1566
2117
5540
2083
4878
5314
3308
644
3147
751
10519
4710
3160
2212
5828
5976
8406
6377
4208
342
945
1311
537
4864
3345
6299
7087
7788
9361
850
1839
1611
3764
3488
5803
4354
316
3205
6667
1956
3417
0
1755
0
2252
3090
173
3627
0
2237
144
2256
7036
0
0
5276
6084
743
3397
7947
2365
3667
3494
10234
6066
757
5776
909
8595
6074
2461
1054
1248
1981
1551
6135
3213
6097
2100
8171
1903
3677
7475
429
7705
9497
6793
1939
1537
2019
9627
1307
7562
3073
78
8188
7496
3921
8345
97
585
8941
1048
0
11157
9560
685
9998
4269
252
7031
4557
9360
5686
854
179
4518
312
5430
2957
1133
812
7239
2506
5510
824
3148
8669
6362
6528
10297
1456
442
2228
824
4142
917
2429
5607
3117
3215
1065
5494
4361
6533
633
1868
1318
7892
2275
7112
1016
2830
8963
6697
381
197
2004
2842
8735
7877
3591
8864
7037
1769
6502
9479
3751
903
4456
11570
4476
4271
5508
5506
5455
6371
2822
271
4345
280
3357
2026
4312
5041
3382
3677
11032
6368
4703
3265
924
15
292
1527
5324
6956
5351
2274
1192
4197
0
919
10745
1497
3419
2475
3988
3426
6576
4057
2441
10404
7996
7364
151
2291
448
652
298
6389
3870
9653
3014
3597
3454
1245
7617
5067
643
1241
3523
3517
6140
2443
6690
4989
6516
1463
4152
577
913
1068
1204
2071
0
371
1434
1817
4651
2031
2519
1668
5326
3341
6279
1010
7527
577
1038
7721
5636
3627
1233
1698
1789
9076
5147
3553
5009
1531
4411
3092
3213
6389
4654
375
5710
7471
1712
182
6887
6613
4334
764
252
5764
3065
2248
2106
8225
5607
7125
2576
638
2117
9651
2618
3078
3290
2639
898
4680
5327
5095
6164
1928
722
10750
1346
1460
5551
10196
14
6962
6759
1556
1368
1456
478
1088
4277
8819
2409
992
3635
5397
6772
2024
1383
5611
591
35
5299
311
3644
5564
3598
9995
6228
327
4289
613
4851
3695
6045
7917
629
1569
6120
3274
8730
1429
1470
5990
9927
1246
1674
1010
1560
3819
9188
6244
3699
5965
10667
0
1560
2808
7581
6702
10475
9501
3291
8794
875
5703
4318
7432
2845
1557
6903
2181
8753
719
264
286
9510
1455
5339
385
1344
4537
886
8934
2230
4420
391
1836
6014
23
6282
1356
4891
2636
587
3320
734
75
1049
8517
2581
997
5845
0
2962
1634
1002
8173
8531
5346
3432
1126
6476
7638
9625
9523
7515
4380
2703
2878
1241
1816
6099
2205
93
1185
1408
9217
3358
2860
4435
2468
2441
5473
1236
9367
576
4940
8046
6781
9281
3809
5927
6114
4078
260
2023
1255
5836
6727
5317
2401
1899
4017
8504
1261
1260
8394
3586
1245
4964
1951
1010
66
3688
922
5520
2764
793
5078
7875
8259
5755
4602
585
5025
712
4453
703
2124
2304
2692
0
1727
3051
3698
798
5755
5415
7557
3621
8375
42
926
11096
5764
4662
4401
298
2691
7045
6185
356
450
6561
3485
436
653
5871
5599
1076
3685
5277
5428
3076
7673
405
3299
4286
9622
3171
0
10596
5076
6757
2398
1806
5666
1627
6111
584
6736
8170
2187
2790
2531
8104
9873
0
3308
1321
566
62
5832
6490
7327
10299
2605
7257
1933
3362
5057
2286
1848
1802
4646
4044
2295
3489
4137
6934
737
4978
1198
9556
616
1734
4731
2690
2903
5184
4785
7694
461
5762
1283
1692
4995
6712
7856
0
5484
5748
4378
4590
1006
4739
1821
291
492
3500
2413
356
3270
5499
3377
1853
117
7596
11314
2552
429
1548
911
7299
1544
309
4427
4860
120
6952
1729
911
9812
886
4199
5223
3097
2204
3922
11110
1378
0
100
2835
1085
4839
6639
2874
8838
2603
3176
5032
0
1399
9746
2754
2221
189
7550
2786
3820
2089
2837
816
2500
3532
7252
93
7797
1107
101
2333
3591
3387
6538
1673
815
6031
5852
2420
7051
1890
3861
3625
350
4052
7090
643
1476
5177
1171
84
5726
7004
9930
9775
8530
5574
5176
1801
6667
6851
4667
3227
6071
5635
6846
191
1696
6452
8005
867
2531
6237
2664
5193
484
2922
677
8676
8892
5150
9654
6423
5978
4811
4713
8185
687
2338
11198
1967
1631
45
0
4707
3389
1540
8965
2011
3160
5993
5132
3640
1810
2562
3478
9659
918
4608
0
47
3523
4533
7888
5092
3624
119
6906
2412
4858
4698
211
7848
2154
254
7016
321
8615
7696
3769
6120
3711
7350
5945
2180
1152
485
8822
317
3195
2708
991
3791
3962
7770
7840
2519
588
2479
4567
8248
1876
2780
6357
4632
11124
4366
5523
9887
4329
2609
5082
1038
10857
2154
5067
1398
3717
4842
5825
4005
7467
10485
6856
342
3393
5410
9599
4309
7242
9000
1276
2271
2763
1100
2550
6706
6334
1848
2014
873
5273
7617
1572
1717
1769
2654
4462
7110
8410
8432
8263
3637
2268
1011
130
3656
11105
1202
111
8454
9344
362
4414
5804
7039
7558
4986
11389
6736
5076
7633
9266
653
275
5066
366
6324
1022
3165
1394
1667
6138
5869
5411
672
8071
2761
102
789
7291
4520
6490
2367
6701
4150
1492
5273
9926
818
3997
690
8719
2732
5440
9373
3231
3035
6705
8534
1928
4057
6002
4449
182
7357
1241
520
7006
5352
10944
188
356
8576
10417
502
3608
1172
2409
6005
7517
1393
4363
4024
2892
2902
3451
4227
2914
935
5983
418
1877
1471
1714
8791
2164
307
1093
1868
3922
2944
5822
6800
2664
44
5326
3754
90
3363
9291
530
1514
2854
8825
1370
2849
3075
2140
2256
7266
5894
492
642
522
8324
6982
374
8077
7959
2099
1627
4810
1727
717
630
180
2417
4629
2020
1642
2052
1735
5148
2872
5472
5589
4413
4635
1517
625
2011
4137
2635
1145
7050
1102
10617
2098
4117
3341
430
924
2810
1199
1901
4725
2096
750
331
1260
6762
1254
9401
3627
10050
1657
7742
7686
439
7128
1186
6086
6720
5847
8255
5800
2517
3641
1405
6811
2294
6745
7751
4657
5190
2483
6663
703
760
2326
1177
5842
6093
1282
2739
1688
5193
614
7399
5417
5326
6127
3135
7324
6840
1103
3488
4323
3918
8286
1420
1984
386
9579
5638
1048
4584
4784
6583
2418
396
2238
7950
4717
3481
3029
1378
9487
1250
8546
536
2689
2345
7291
5129
4849
779
4337
1551
3893
8966
4191
5093
3196
5675
214
3932
2596
351
5659
4542
4908
3014
223
2836
2698
2135
0
4870
6177
0
7963
4756
1318
2471
443
5507
9808
3328
8842
6356
1279
3722
4002
3588
7242
6497
6187
4556
1203
8061
2411
2805
2366
3102
327
3077
7939
516
7191
236
7398
2909
303
648
328
6930
8384
614
6264
2833
3182
3365
1090
253
4341
4290
787
7931
10532
1946
1371
5108
1990
2050
6630
4456
6059
7331
1084
2277
6982
555
872
0
3374
1820
1341
1616
2051
1081
5992
6345
7319
2608
6968
6394
1917
6601
3070
2472
1465
3275
2509
1831
3621
2966
2809
1084
666
1541
590
764
5402
4169
2266
3350
1524
7064
3467
7884
10045
2417
5364
3495
3081
2551
3836
4082
7256
6207
5449
1547
2619
3282
3031
6005
5590
3640
5944
8271
3022
3578
1421
6811
1530
3314
2217
4221
5824
5823
5201
8394
2083
1129
9352
564
8714
4985
1022
2903
1838
3197
10584
9285
2970
5825
5178
275
5296
10197
5101
9105
259
10266
2868
1356
1520
619
113
2754
2061
10954
6795
3774
8236
10955
5504
6123
2481
2023
10381
8463
5224
5948
9532
6872
7007
3339
2825
10462
5299
818
8366
6097
4244
11504
3912
4372
4681
2459
0
3875
8440
2321
9508
5529
8114
1146
668
1264
8633
1753
2671
8623
5360
8116
2260
5861
1523
3885
2535
7202
3479
923
632
4357
4985
1408
2474
6065
2447
3930
3264
4197
342
10626
3629
6635
8917
6772
7290
33
2622
2191
3776
3693
771
72
5705
6304
9557
3638
883
9892
3616
7857
810
4584
6211
6965
544
7043
5234
2669
8310
4747
143
5264
3312
6535
2371
5953
1325
3944
4849
3208
5370
6071
2228
1910
2030
258
17
6290
957
5807
10480
4540
6127
3233
3750
1602
4713
62
1663
8836
7321
1370
2889
7221
6304
1746
9431
1055
8739
320
8830
2071
2419
3750
1045
1212
253
5172
1647
4267
3048
6171
5805
1139
3038
7011
5199
1051
729
3272
7210
6118
4207
10906
0
1114
1275
2064
4236
2256
9416
8220
2770
4605
8907
5657
3733
6357
1320
2338
1205
955
1587
5964
6111
2837
2245
6504
3975
1199
8920
4541
3311
3065
1176
3330
1012
0
10430
2000
2786
2848
2512
6760
7941
1548
2090
3393
3594
6364
7393
4629
1356
5362
3077
4197
400
3802
3601
7803
5654
2677
8236
8460
1020
0
4973
8373
4758
1378
8182
3088
3236
2000
4333
2868
1141
5989
738
2640
1278
6539
5866
4056
2880
2207
10701
2780
5849
3184
6660
1908
7227
595
762
1740
11325
2875
6021
5428
5796
3251
3267
607
3063
4896
930
3108
3334
408
1855
9175
7459
7137
3776
5859
2879
1069
5459
3128
1126
5175
4252
3746
3390
2338
635
5183
0
5209
3267
2945
3772
5611
88
3600
1771
5198
9926
2674
7274
2065
3225
9306
2858
1499
178
2044
4100
944
2060
3342
6639
3051
4321
7100
998
9964
9590
156
637
2154
1245
9902
3963
1095
4453
10043
8905
2468
2334
128
4910
4245
6342
3778
9070
1432
4172
5127
1663
3345
5078
5241
8758
5121
1139
10483
7282
642
6813
1919
6239
4080
4871
3117
6047
5316
6408
6001
2691
3584
1293
2037
4372
7870
10790
1797
3143
1197
2886
397
5781
6658
3007
7147
256
3288
2894
1760
1022
8450
0
5427
2697
2044
688
9993
1261
2318
3982
2977
182
11803
7334
6661
4270
270
6237
4859
8025
140
2529
3244
5941
6767
5099
7161
6913
3693
2095
2041
7782
3813
5582
8257
9346
732
1539
4071
5156
7176
3290
8385
1219
2352
3133
7881
9546
2535
6033
3283
7289
4150
7226
2944
809
1530
1417
4451
8397
3315
4792
3383
6760
2296
2181
7672
4472
3201
7669
88
6499
7139
3966
4798
1602
1831
5189
6709
8256
159
4732
4433
1044
6031
2562
8157
4301
1754
98
5670
392
386
2035
2642
7042
512
4356
190
8399
1615
6313
1446
4551
4669
47
236
2604
276
5944
1583
7260
4077
150
4304
2389
2948
2783
5798
3046
7478
468
4229
210
5670
5369
6177
2084
0
500
5258
2774
4126
664
369
234
1003
7322
9326
4736
2485
5240
3689
5950
8825
2910
2144
630
1914
2042
1620
4181
2152
2712
6661
5558
3748
7875
1476
9467
8184
2257
731
4299
3723
2761
3476
1674
5710
4781
3796
3359
3127
3688
7697
6635
6346
765
867
3770
327
9181
1824
5834
3642
7846
4309
4590
581
5401
3483
2953
4907
8982
1151
3303
7859
8484
2807
5343
3511
4203
7287
712
4106
3654
1649
4233
214
2054
3019
3968
5659
6293
1476
8819
7439
4250
5561
9978
6024
3216
4096
1718
0
10834
2748
3262
8223
5358
6732
127
8495
3056
765
5291
5664
2105
3351
9599
3046
1442
0
1960
4482
1058
4687
111
2013
5056
2278
4250
4283
2788
1187
1866
5205
1348
7450
2237
5619
2486
6357
1703
2502
4698
2851
6840
7872
1721
8366
5880
4465
1583
6986
9037
1613
238
4642
1501
6274
7264
7681
2544
3911
5099
2106
1810
1762
1988
727
5040
5877
8244
6706
5425
6027
1495
625
576
7831
4637
2367
4174
3808
3631
5098
10627
3540
1220
492
914
5892
3146
5963
2824
252
424
1478
1976
7617
3109
970
2281
2047
1564
2507
2848
2668
9264
1657
1681
811
6741
5288
3721
6405
4162
5345
855
2361
4944
2095
1550
9013
6016
5497
1712
2182
1073
117
3515
5684
10923
2513
7561
4226
6697
3549
286
2939
2417
2442
1177
9049
1615
4796
197
5460
521
6870
9722
7114
296
6250
1594
1991
2318
4326
8068
442
3136
6103
3774
2006
1114
1906
1449
1470
5554
5842
9979
815
6259
5813
717
4989
7243
9725
7917
3565
6107
4966
719
2262
25
685
6815
7070
3309
1620
702
91
4822
1555
5466
248
5776
2876
1988
4863
537
1028
7309
7153
5054
2930
1607
7685
4407
3194
401
418
2295
2434
3083
428
920
772
11235
8139
5089
6009
849
2055
4715
3607
6586
483
914
1638
5691
2338
9373
5113
6922
11392
2248
8574
1683
3838
4517
4527
5692
4824
453
1184
7463
4577
1011
6923
0
1580
2228
0
2316
6441
8342
9919
538
2119
3023
3829
7731
5617
2083
5501
1084
4902
4888
401
4858
10679
1029
5268
7728
1513
7594
1948
9477
3941
2265
6611
28
7081
797
2342
4247
3631
7010
5641
1072
4160
6482
9220
4585
3791
1493
2254
917
3079
8113
5652
6845
10335
3125
1428
3141
178
9690
1591
4079
10248
3390
641
2878
5147
11144
7047
2641
4367
597
10882
1347
417
8620
5143
9539
5377
434
7123
1854
2902
5906
6259
482
2696
3375
6771
6962
3196
5840
6131
673
5018
1376
2714
1313
6412
2301
9307
8528
3583
1849
2032
3503
7293
10879
6802
1185
3719
5779
427
1800
2360
4555
4721
5355
7829
9493
1896
2953
3462
4559
3325
6594
9762
1904
2886
10374
8048
2608
0
1755
4064
10834
1110
8346
302
117
3269
2386
6561
0
8105
7324
7594
3423
1548
550
147
2689
5648
753
433
2339
2847
0
4421
1615
1491
5099
2118
201
1910
3311
8525
2113
2201
2202
3305
2345
4800
2232
3191
8827
2056
1585
5889
1196
4513
7194
1929
4875
3819
6543
4163
6141
0
895
6697
443
2864
9361
2468
8424
1369
670
7653
3807
5813
521
4136
1634
340
587
2878
3781
3676
9594
3168
9890
9550
3633
8360
1136
7403
528
3260
6958
4145
1397
3803
2788
3354
702
1169
2419
923
6763
178
2329
866
723
1705
646
410
1915
0
1501
5946
5494
3091
8792
3485
739
2266
8789
111
19
3952
7364
3134
1191
1532
666
796
929
3142
3528
3804
3992
9870
3871
4740
8513
3877
5515
1218
1252
2851
3440
3158
0
4787
6349
2076
1854
7392
1526
3764
873
389
1741
9516
6055
4583
6495
3544
8932
1337
3318
5952
4536
1894
4650
36
4772
2301
5623
664
0
2499
6253
7330
4900
2622
735
9092
8428
5935
4725
1399
3262
4462
8269
5230
4433
5079
3752
1216
1117
2756
863
3917
834
704
471
6761
3580
956
0
5466
5110
7223
6672
4281
2628
1494
653
7204
796
2374
122
3390
1006
428
1403
2721
2006
5188
1359
5402
3180
5822
2277
0
5804
2421
1307
4421
968
4387
2468
4471
2503
6858
8470
1947
2768
7603
6913
4893
4533
2250
6446
116
5315
8524
126
6209
1975
398
5788
3231
6499
1117
6242
1824
5408
2950
10522
6838
731
2314
2209
1876
2077
8080
5057
1395
1974
3172
7647
8222
5972
4461
4845
1905
10993
5416
1431
6956
3527
375
7742
8809
1572
9924
471
2790
4199
7554
1336
6573
5174
3525
6513
8836
1558
4884
717
3028
4614
8824
2581
6920
6371
10552
730
1978
6020
3543
8435
4084
2426
2157
903
5037
382
0
6030
2019
10665
1065
4867
1134
3836
1547
3277
6539
3506
2868
2692
2846
2838
3972
1313
6308
1805
1284
6017
3363
2112
5004
920
7672
3792
922
3410
2760
6007
2866
6741
0
4335
3921
2227
5383
7931
4614
8410
2402
93
2578
9719
194
4813
4612
1186
84
6672
6729
3817
460
8329
6270
4993
5978
8268
3300
4812
8652
7562
7745
3567
6531
543
2563
4013
7164
4957
4996
4819
1118
5026
764
9487
6401
703
804
923
3674
1288
1396
8911
2507
4353
5373
285
5868
1053
4348
6661
2450
2526
6860
3948
5200
1451
2333
4686
1315
5258
7663
5907
6692
1532
1460
4500
10360
125
1086
5245
7550
6092
2375
2809
464
4188
1158
6139
7024
4810
8522
4795
1970
3078
4555
8569
6574
2635
3611
749
4598
1451
2726
8987
1456
11246
3793
8078
7859
6367
9237
7025
7296
5718
6414
7539
7541
4928
1014
7890
5355
2522
5242
5747
9706
5098
8625
248
1336
5673
5694
6383
1792
8446
5883
3289
4165
211
6122
706
9034
4916
3254
2468
4686
5149
1096
425
5758
4402
4992
2410
3198
713
1036
2953
7365
1211
2327
4222
3816
567
4240
0
1889
9260
4328
7898
2411
5085
4320
3775
2740
7833
8034
0
7176
3530
5290
4730
8539
2450
1301
8981
4979
3445
2250
3961
9346
6020
8792
2766
0
3556
9569
5875
3164
4160
9159
3677
6852
3000
9775
5983
1112
2530
5185
264
2384
2516
533
3124
2797
346
1025
2398
5567
528
1955
1884
2413
1262
2056
9621
2332
9070
5666
1185
8861
905
7989
2223
1988
3015
3539
8554
3008
4729
0
8124
7580
5329
0
98
5656
7448
697
578
2397
1941
1262
252
4414
5215
5965
8068
5561
3638
1706
5815
194
1791
3257
1173
975
6898
1124
9040
9186
1989
4189
876
4736
10833
1338
7390
3324
4557
2465
7431
3356
1066
2438
5621
0
2938
1435
6648
304
1173
13
3079
5904
771
1522
5305
3518
4391
3098
7695
1480
4682
1452
7229
9522
3088
7178
10189
4017
11597
1425
5208
9832
3734
1059
358
11729
1151
113
266
9292
7782
683
5106
3368
938
1533
5267
4431
3860
4659
3442
2496
4410
5345
6663
6286
4281
6876
6004
7223
1188
7401
3042
3101
1086
3348
1667
5432
3562
773
6145
616
3298
1516
4924
6569
4554
5099
1078
10070
4108
1348
5986
6235
1587
1115
2583
527
1681
4585
4534
3607
1504
3917
361
2944
640
2563
6579
2563
5409
88
3415
3565
159
5085
699
1233
828
3431
2172
6745
1002
4913
511
3178
2202
2167
5704
943
9384
3704
5856
1198
6391
100
3164
6457
8764
2995
9112
2450
4980
6210
7094
2300
1586
3344
6001
7415
9940
5291
4718
4451
2271
561
2583
5551
5448
9961
2650
8207
5218
2742
1645
4679
2331
918
8801
4417
2879
3847
8811
1374
209
9907
2584
511
5109
375
4889
2687
236
10852
5003
3987
3173
7179
1518
1396
9457
1601
1891
1025
7313
3545
3331
2243
3539
233
783
3732
2970
2561
206
5138
7326
7668
10095
869
220
3445
4137
2199
244
111
2817
96
2616
5364
2120
3267
3893
1434
2821
2769
2204
7314
1905
369
3644
7017
1031
3046
5281
1923
6281
1558
576
1121
603
3546
5924
4854
4647
5043
9313
2335
522
4918
3542
0
4140
9858
1669
7104
9275
4003
8243
6274
5232
214
2617
239
3284
1884
3501
5330
969
577
74
8944
3808
4629
998
4421
0
3587
6592
3011
699
8173
1753
35
8613
2149
1528
1854
8539
2579
5523
4967
2863
1096
9547
4185
4591
3204
4407
8199
685
4779
3309
2303
796
7866
4129
4502
2015
4714
584
3246
217
7527
1706
789
2574
4585
3090
1120
1407
4771
622
3874
4355
1967
4887
2416
4514
480
614
3186
10214
2439
308
3394
2233
3822
0
4897
1133
3963
819
5307
344
1925
8171
0
1330
699
3671
2571
7576
4057
1732
8569
6847
5814
3997
4431
1186
8676
780
1886
4206
540
2459
2509
10908
5567
6322
5179
6267
10421
1990
5766
3899
2870
7621
1411
5429
775
11136
2228
4615
4290
1419
568
1425
258
0
2479
5799
3217
1251
6136
4812
0
568
188
10018
7959
3671
4030
10729
8590
6039
2784
4871
5444
1255
3985
4386
117
10324
525
2028
5115
1238
1997
6712
5760
4020
1067
2455
3549
4148
3744
2482
4332
6788
7969
221
6938
5521
642
5261
6314
1766
7897
10912
7460
496
1473
3529
1590
2728
660
414
3699
132
792
8057
3261
1237
2582
6530
8315
5642
8855
9017
3628
6148
2582
1249
2407
3449
1308
9640
3522
7919
415
1400
3167
936
4799
9346
5456
4519
2602
6598
7917
8869
2596
3140
6730
9923
5064
5115
8190
8258
5160
6357
7320
3880
1675
7360
5799
3872
1873
3601
7573
3419
204
63
1463
2906
927
7602
9472
7368
8233
10008
5557
3287
1499
2676
1431
6182
5802
3305
937
891
1542
474
8744
2209
4835
6391
2114
1062
2744
5092
911
4034
4072
2263
4728
2084
5035
3824
3789
5849
1871
8249
47
5241
3357
10846
2476
2440
527
7270
3992
2731
312
2424
3969
2667
10961
2624
6420
6769
4498
8035
2642
899
10008
4760
6316
4559
5445
9016
586
2384
5335
3084
10851
565
1689
4039
1288
778
6125
8147
5530
3976
1888
3152
1901
2016
606
0
482
3542
5824
5142
4682
2175
3044
3232
2196
658
670
637
7221
5167
0
4808
1244
5640
5492
5865
5068
727
2947
5769
4330
2678
4062
1910
1688
0
7082
1685
8998
6675
10942
5661
7806
2213
7496
3755
9746
5811
6629
1384
580
3787
5196
1363
4489
3782
2630
2376
393
10416
5992
4608
0
4218
9153
0
8845
2090
5317
1795
3906
2312
7697
267
1882
914
378
542
5817
2993
591
3679
0
7437
4505
7231
7932
4535
746
2429
8809
503
1802
0
76
1137
2166
5111
954
4201
6985
9068
2184
7187
1040
2966
5870
10752
3164
3348
7685
11088
685
239
1495
1706
2820
1912
6895
4956
979
11569
3161
4076
656
3333
1890
5167
2208
4539
4156
1813
5466
3726
10
3753
2568
1680
1144
4942
843
3426
1535
5289
5691
6261
2602
2965
1102
7124
1060
5249
1963
4686
39
5573
5815
1946
3854
542
4459
756
6736
6346
3497
2969
6212
5762
590
5257
434
5817
4823
1370
7544
5923
2653
4263
2891
6049
880
2130
8560
2442
481
784
1922
11049
5559
3694
2229
6727
8518
1805
0
119
11344
881
9502
3246
2898
9689
3464
6359
6907
4800
8118
5309
0
5815
677
3190
1076
5749
2984
6562
4915
4941
8226
6638
2885
7549
11323
1616
1895
3810
4289
1527
6420
1233
5044
2374
3146
4354
8105
10107
4160
387
1654
10
9067
2125
186
7578
6692
3154
2266
1025
1034
3758
0
1204
1284
1770
9973
2255
424
2204
8134
2782
9750
3799
3868
5579
5235
515
4975
2332
3543
2290
1676
173
2049
1602
1873
1984
9845
8514
6466
2739
7305
33
4903
3366
1901
8432
8511
1108
3509
10178
5686
4264
6406
6374
1805
11282
2153
10260
1679
4714
2654
1196
9498
1440
3601
6600
8193
1998
3578
608
1723
1029
2815
3256
3623
6444
7443
3154
4469
3122
3057
2913
1354
1385
10124
6913
7668
2802
1056
1320
6184
5987
9899
2713
3229
5394
4849
2703
5912
1177
3805
236
8082
4694
2440
2359
6030
6617
4001
2739
3490
2748
4855
7247
4204
9644
0
4677
1575
9940
219
6161
2363
147
2103
5197
5424
76
9857
2411
7976
8057
497
657
8460
727
2244
3655
2311
4183
0
5108
1599
336
5314
11207
5732
8167
2641
2216
705
4194
3537
2083
2218
3752
2007
8674
3912
2975
9850
5873
1652
5023
8181
9482
8223
1696
3359
8078
3537
2846
2650
6816
2712
2097
5433
6467
1837
2557
1684
2801
8745
292
1048
1853
4819
4375
2451
236
5380
1678
6189
1108
5222
771
4447
6815
9295
6396
5776
4167
1225
1234
9557
7442
3652
6637
0
4115
7688
5906
3025
4702
6087
4104
3325
5206
3992
0
6246
7886
3693
4632
9359
10457
6403
9149
4394
2142
890
710
121
4756
7781
5876
6894
7771
1794
268
9356
4636
6569
7260
6463
3311
2207
736
1029
2877
7053
3968
5356
4406
2890
3606
3446
2166
999
4465
7006
1964
4561
5277
3972
5884
1905
8622
2542
1955
10924
4921
5530
967
4585
203
2670
8652
2742
1448
3249
1314
1027
215
11235
7581
5917
1778
4493
4533
756
2712
98
9869
8650
239
5674
3106
3536
3379
5826
4988
6287
194
1893
5123
883
85
0
973
10591
0
6684
6713
1956
3073
853
6281
2691
1878
1323
7683
1431
2161
6176
7170
10368
2083
3819
1763
2451
7000
5689
2100
3953
8543
437
2229
8369
9321
11175
3705
2163
6344
5320
736
82
4978
35
9316
8363
8416
5291
2995
2098
5959
1772
963
5184
1875
1023
317
8277
1640
6216
5321
1421
626
429
6594
8648
5454
455
3041
6920
2780
487
6155
3560
4374
10841
1119
524
1497
3878
3259
6592
1575
7140
3244
4690
6495
5856
6679
344
2334
3907
1580
1621
5554
4454
18
5403
2677
3067
1628
5348
5774
808
523
3270
2572
8548
4736
4148
5451
2634
989
9430
8827
3988
4650
2148
46
3153
5012
6234
6476
6708
1186
3883
4423
3386
2421
8817
2375
731
4549
661
2696
5635
3277
2821
0
3367
5718
1016
4527
3048
317
2285
1441
876
10337
626
8243
4493
1881
1668
1007
990
4573
2475
5635
7032
4634
2571
491
1979
7300
1694
1777
2197
10956
2998
762
3624
2840
3299
1763
5755
5649
6388
1318
3519
462
119
738
6036
1714
3243
2972
4302
459
2940
7924
2268
4734
1826
8688
3685
1465
5651
156
1021
0
24
9209
3370
2868
5918
3482
2630
8445
1400
6151
8061
209
6679
6200
6850
644
482
5603
310
1095
7249
6969
3637
3459
3307
3075
2054
4354
9863
1336
324
1854
3160
9862
557
9359
5752
2738
2903
9760
2221
4175
270
8009
7323
10495
1883
3751
3326
6262
514
5287
9757
5138
4999
2605
5998
825
1991
3972
0
267
2062
2336
2896
4199
1203
1636
100
1144
1902
9388
4328
8620
450
1445
985
678
1981
934
5115
4305
9068
2761
5101
4366
3476
8424
6209
2144
4762
6657
9571
3006
5662
5514
4786
836
4723
1002
2631
3680
4058
5792
728
4820
1334
2198
866
1619
3947
783
3696
2779
7860
3090
4209
90
5621
5328
1011
8162
5354
1193
710
3283
6189
742
2649
8732
293
9929
10926
1681
6524
5364
1700
6867
2274
9678
1582
367
439
5193
5223
2067
6440
33
0
5692
1889
65
1150
2785
351
887
8485
259
7075
6447
10044
7521
9185
3520
9240
5587
187
1422
2214
6797
1666
5002
7117
2743
8219
543
938
973
4625
9499
1641
550
785
2063
649
7481
142
4813
1606
5231
5638
6791
6003
7377
11277
6597
7170
7550
5462
8681
9241
4270
1074
4282
3134
3180
7670
2722
6916
2351
705
4360
570
1097
1024
5760
581
6642
1160
3809
7307
11629
5497
217
1221
5638
2195
8306
5595
1152
5071
0
41
3838
826
5855
755
1641
807
239
2100
4148
1942
1346
2030
2382
8825
5118
3345
4024
6196
2245
696
8266
8291
417
1435
472
7661
0
275
1499
1725
733
7012
1893
6580
7454
4835
968
3259
137
8810
6818
410
2968
5793
1543
3575
1947
4801
1145
3589
2257
1895
10738
10912
886
2543
4816
7862
6490
1647
1847
5609
4437
3265
1397
8331
7352
717
3908
8156
9175
3461
5187
2867
941
6601
7165
6734
11811
7849
3324
4584
602
783
1267
8893
85
4001
1672
293
95
2460
1248
768
7223
4707
24
449
1860
3140
3462
4198
6340
3081
1453
40
0
2245
3901
7621
9091
5539
5466
8643
3450
2401
5586
10
2989
5824
6704
747
6946
2145
9350
471
7168
3068
5190
4965
11646
7162
2615
1293
1041
184
7921
7861
1930
5661
1449
917
282
1040
7414
11067
1175
3087
2847
663
3184
8401
5857
