1547
764
1111
478
1413
910
436
777
537
276
1234
1629
519
439
537
170
0
1078
476
224
712
900
222
989
574
132
237
702
211
117
24
194
155
780
870
194
329
380
1319
1191
1323
593
177
520
0
400
996
719
571
163
897
706
780
602
749
112
534
593
0
0
172
904
45
182
168
1031
321
466
148
1020
119
464
641
567
1078
94
1092
712
1462
540
752
1046
988
919
600
56
176
1268
286
695
590
353
597
0
504
452
355
350
534
1297
882
1464
581
102
440
1446
457
1198
1428
171
918
1090
987
275
1471
774
107
793
1032
561
967
691
465
199
713
1019
1309
413
255
784
259
1357
776
29
1427
13
1460
0
137
367
1497
709
0
712
257
304
862
1329
1101
1018
172
246
0
431
183
395
1113
1414
483
287
485
619
1151
756
1332
0
625
449
1410
276
247
1021
0
349
374
1335
1066
1280
725
798
0
747
693
47
1780
324
872
507
1273
25
1015
628
832
1428
1329
1076
436
135
576
1359
285
129
340
249
678
1040
540
1495
231
513
59
1088
10
620
379
1670
437
1243
282
853
717
656
999
1197
570
254
449
1544
724
510
455
329
1095
1663
308
123
939
789
1192
1431
168
98
1296
476
1126
1067
546
1605
0
330
27
0
1176
509
1772
1138
1238
1410
137
0
705
919
606
931
1255
193
71
123
490
579
33
84
7
433
467
615
194
330
1815
326
270
1101
0
359
1652
496
56
229
173
206
541
411
1538
366
1361
863
1251
648
238
908
172
746
267
256
1785
1645
660
763
195
234
544
1096
620
134
629
589
0
113
489
1202
0
503
48
1835
134
389
613
59
1388
1771
430
301
62
348
1317
0
520
1105
723
1550
263
345
484
1248
119
45
766
1108
174
25
1285
1619
48
873
553
366
453
211
626
1213
1640
276
612
1184
566
574
634
343
761
775
264
688
1120
1701
879
94
321
122
590
368
477
65
175
1472
316
1019
413
105
972
660
1074
99
841
559
216
684
1528
677
145
544
577
753
1638
97
1220
459
732
597
2
842
1137
278
1480
1774
842
529
1323
166
744
926
1529
394
1888
239
1148
143
205
1005
822
1631
1036
94
408
1310
1143
570
263
229
1298
1038
1729
1108
279
395
778
595
688
0
0
1249
977
277
299
0
971
580
288
153
111
1097
115
1273
244
389
342
360
363
826
212
1304
894
1072
996
890
0
322
1251
0
1044
889
544
288
400
638
1396
384
294
733
653
208
823
709
962
198
468
162
1256
122
650
782
515
573
64
480
1293
0
767
479
137
481
1075
431
1013
361
714
1981
1402
1631
1677
1573
1295
1023
219
7
1395
318
350
517
28
1176
78
542
351
186
518
215
149
1052
775
1099
446
99
1682
438
427
25
0
1468
0
1717
545
1816
1028
1162
0
1421
609
168
1461
793
723
1426
529
529
819
134
608
289
979
1377
1356
475
779
390
798
1339
865
1384
607
1623
378
1294
683
341
1119
174
1256
1331
278
1310
422
471
414
326
1201
1176
983
748
352
1317
0
0
1149
722
62
613
796
1137
225
1106
24
172
0
664
1533
1118
1545
1215
175
678
1105
607
1074
1325
832
1349
514
427
697
1072
1193
166
125
246
203
410
1102
735
927
1182
871
1188
255
141
1011
1408
1701
549
472
1269
1703
0
2
192
754
1277
1040
292
326
0
961
261
1140
182
287
24
1048
749
1151
775
670
678
661
60
1246
660
655
0
68
16
160
69
292
237
207
227
1004
303
0
133
509
1874
1279
1078
40
492
549
633
196
780
553
418
258
855
322
1135
206
694
602
1464
481
929
798
1525
441
428
209
1639
741
844
1660
1555
544
807
51
1528
1451
1172
527
336
755
0
49
354
956
967
1078
1382
1176
456
90
0
730
1131
973
791
716
1248
710
1630
563
144
36
1009
803
694
415
256
1012
612
1213
297
940
376
300
256
934
722
965
1345
222
211
1087
1029
1372
420
737
15
444
153
1570
14
429
1682
1477
1241
1010
637
1202
286
0
0
1321
0
1496
441
764
343
886
573
633
580
1093
473
13
346
90
926
283
312
472
1283
212
204
261
1252
500
1541
423
634
209
1272
1603
90
1678
556
626
213
1434
818
49
1292
192
922
752
825
425
921
615
1233
1655
371
830
573
387
855
238
776
326
306
175
532
539
193
640
491
873
462
1091
483
1018
1048
1740
360
1190
976
73
0
825
1369
1151
489
1045
184
234
126
578
1604
915
1282
1405
4
94
1139
843
197
180
0
212
729
602
913
369
135
1178
769
855
445
565
403
669
170
652
233
1394
462
1059
44
620
58
88
225
545
441
1267
1007
513
1372
300
1055
1399
496
924
1748
39
261
449
433
234
777
170
933
1035
697
322
271
252
1026
1331
225
0
802
907
1522
189
954
1760
1149
620
1151
254
488
610
1189
428
507
86
860
207
644
1656
270
763
468
240
243
202
1311
197
149
983
713
772
242
142
1141
1362
845
271
409
295
727
1245
0
269
79
292
108
1885
1767
382
688
146
348
635
874
345
1197
0
218
247
365
1384
17
823
874
430
1265
217
599
415
647
336
616
116
805
416
268
1099
792
829
1274
338
771
952
1600
479
751
0
553
264
506
257
28
1115
421
381
1271
1722
1056
1157
1401
1510
664
466
612
576
1693
534
84
1604
528
461
15
250
938
549
487
303
166
290
1211
1211
56
0
273
1374
768
463
952
170
477
282
80
877
450
1428
172
678
1484
1174
200
901
665
186
759
87
350
184
900
1227
1063
720
812
280
434
1518
1063
246
1516
123
201
900
916
356
1350
314
441
1276
749
582
461
349
25
1739
1003
99
907
381
193
1063
812
906
1545
794
667
18
775
468
1092
1483
1267
1166
807
863
247
147
1634
723
586
636
750
343
0
418
756
188
119
119
15
383
1025
564
671
201
353
692
1505
902
251
821
839
1116
1283
1289
1137
1668
675
1122
1831
1012
45
1174
209
326
703
982
639
51
558
636
257
1108
700
619
231
1232
456
597
0
907
511
845
377
1293
835
391
262
1617
25
143
668
332
1784
757
496
682
285
479
25
393
1595
261
36
1474
39
146
950
722
175
1236
0
862
339
0
597
284
56
629
85
484
566
83
27
394
1400
170
1284
355
1334
240
0
1436
90
528
1322
1874
462
742
188
414
177
276
687
742
890
780
998
1325
132
362
160
185
651
0
1255
400
1334
1128
142
248
1308
313
0
1427
1177
6
332
1579
272
755
772
795
1540
1008
723
568
4
52
279
1015
170
468
94
826
579
802
800
474
10
648
0
819
1016
744
943
1007
1208
967
662
165
568
163
1072
613
1170
1538
22
118
201
1546
372
484
1492
353
0
0
0
220
1140
1246
99
96
1030
1019
195
47
304
941
940
196
1154
283
493
1167
1255
1739
686
173
194
240
1320
756
389
596
767
1520
798
186
967
214
420
1060
818
353
1317
993
314
858
1080
506
748
987
725
875
242
1103
373
0
574
522
641
799
1139
923
264
45
74
1191
1391
164
693
737
113
148
1222
1184
393
1338
1399
1327
97
555
74
1087
313
1192
1073
0
586
394
493
1690
0
324
363
27
1376
893
1108
816
836
311
689
370
317
566
250
271
0
995
803
705
315
719
1011
217
254
217
39
1205
0
0
849
0
392
957
72
82
1659
1487
0
1226
926
1691
374
173
936
1071
23
1195
446
1731
596
186
1961
865
15
437
459
859
34
1300
449
626
672
0
488
447
314
473
764
969
1313
1552
373
1673
234
626
653
186
964
423
860
923
134
801
1151
104
1465
224
967
1164
632
79
1296
874
1586
360
1509
1347
804
192
277
1234
633
1589
1429
745
846
959
322
1427
941
193
175
609
793
56
177
637
1062
1006
1543
447
912
18
16
1156
678
1302
451
921
0
852
741
1225
119
137
897
248
435
397
669
538
107
1263
806
1183
1122
1108
318
77
796
82
794
1333
1332
43
1499
1253
1231
135
1423
484
1122
911
503
91
243
729
1426
1347
299
1359
805
725
591
1065
1917
225
99
506
541
421
364
809
492
329
326
232
1443
794
1016
794
16
1593
19
69
1094
684
1606
147
1043
60
680
1353
228
353
54
544
1564
0
833
726
1253
1426
1504
1282
1315
614
95
1200
564
249
153
627
363
425
1440
871
168
461
67
815
869
29
308
1003
1279
85
1223
701
0
50
678
1857
311
1189
98
218
493
552
7
25
649
1744
2
0
1045
1110
0
263
574
1030
283
1703
270
49
1030
647
1450
794
56
1147
1429
385
131
951
478
521
407
1801
510
1025
519
380
125
145
599
513
241
33
1547
622
342
10
178
720
195
341
1370
465
0
222
187
881
1584
0
703
92
1298
343
322
782
395
114
257
262
1194
785
1579
49
716
216
607
1288
307
1205
109
422
438
1469
656
1325
0
1206
719
1319
1169
93
311
111
91
350
1456
45
433
1604
454
1048
1065
716
1598
343
1080
553
919
60
1093
1187
295
502
153
48
360
456
978
1545
1114
1360
1036
1826
306
462
64
477
376
567
313
1283
1575
864
741
720
1202
122
1590
613
1632
0
535
1053
813
404
578
0
488
134
144
44
2
543
456
1130
230
485
1219
372
391
363
161
1144
796
752
1397
22
1102
321
193
480
251
891
1061
1562
314
166
352
551
942
1235
5
718
1150
886
1153
2
38
28
169
1650
177
905
633
528
478
211
1344
270
190
1110
24
0
304
16
1319
850
1109
381
407
1498
1145
981
1824
397
1168
599
392
541
239
1990
351
1766
522
518
597
705
1535
1551
364
605
497
288
163
990
599
393
522
500
85
737
1705
381
273
1115
1582
1227
48
1560
389
861
838
529
0
299
271
353
1154
588
56
644
1016
123
554
988
834
219
673
912
886
1085
1424
199
1748
776
73
1086
0
432
628
914
665
398
422
455
873
221
620
618
23
1314
671
1283
847
422
936
9
952
140
671
1289
1071
1016
732
0
1157
280
1352
609
136
1416
478
242
269
825
188
856
781
134
935
902
644
106
0
303
203
585
160
506
427
1541
22
798
556
243
518
1608
789
1484
550
