0
30
0
0
0
0
20
6380
48
234
0
0
0
0
0
990
0
0
0
6380
0
0
0
0
390
6380
0
0
0
0
0
489
0
3960
0
0
0
0
0
0
0
0
165
0
0
0
0
604
0
0
15
0
0
0
0
0
0
0
0
0
0
0
0
0
0
0
0
0
0
0
0
0
6380
0
0
0
0
0
0
0
0
0
0
0
0
0
0
0
0
90
0
0
0
0
6380
0
0
0
0
0
0
32
0
0
0
0
0
0
51
0
0
0
0
0
0
0
0
0
0
0
0
420
0
0
0
6380
3960
0
21
0
0
0
0
0
0
0
6380
6380
0
0
0
0
0
0
51
6380
6380
6380
0
0
6380
0
0
6380
0
0
0
0
0
32
0
270
0
0
0
0
0
0
0
0
0
0
6380
0
0
0
0
0
6380
0
0
6380
0
0
0
0
0
0
0
0
1650
0
0
0
0
0
0
0
0
0
0
0
0
0
6
0
6380
0
0
0
0
0
0
0
0
5
0
0
0
0
0
0
6380
0
117
0
0
0
0
0
0
0
0
0
0
0
0
0
0
20
0
40
0
0
6380
0
0
495
0
0
604
720
0
0
0
168
0
0
0
390
6380
1206
0
0
0
0
0
0
0
0
0
0
0
0
825
0
30
0
0
0
0
0
716
0
0
0
6380
1815
0
15
29
0
0
425
0
0
0
0
0
6380
0
0
0
0
0
0
0
0
0
0
0
0
568
0
165
6380
0
0
0
0
0
0
0
0
75
0
0
0
21
0
0
30
0
0
0
0
19
0
0
0
0
825
0
3
0
0
0
6380
6380
0
60
0
0
0
0
0
0
0
0
0
0
0
6380
0
0
0
0
0
84
6380
6380
0
0
0
0
0
6380
0
0
0
0
0
0
0
0
0
0
0
0
6380
0
0
0
0
0
0
6380
0
0
6380
0
0
0
0
0
0
0
0
0
0
6
0
0
0
0
60
0
84
0
0
0
34
600
0
48
0
0
105
15
0
0
0
10
0
0
0
6380
0
0
0
0
0
0
0
6380
0
0
0
0
0
0
0
0
0
0
0
0
0
0
0
0
234
0
0
0
0
6380
0
0
6380
0
0
0
0
0
0
0
6380
0
0
0
0
0
0
0
29
0
168
0
18
0
0
0
6380
0
0
0
6380
0
0
0
0
0
0
0
0
0
0
0
0
0
105
0
0
0
6380
0
0
0
0
0
45
158
0
0
0
0
0
0
0
6
0
0
0
0
234
0
21
0
0
0
0
0
0
0
0
0
0
0
120
18
0
0
6380
0
0
0
6380
0
0
39
0
0
1260
0
6380
0
0
0
0
0
0
0
0
0
0
0
0
0
6380
0
6380
42
35
0
0
6380
0
0
0
0
0
0
0
0
0
0
6380
0
0
0
6380
0
6380
0
0
0
30
0
0
10
0
0
0
0
60
180
0
0
0
390
0
0
0
0
0
0
29
0
0
193
0
0
0
0
990
0
0
0
0
0
0
6380
0
0
6380
0
0
0
0
0
0
0
12
6380
0
75
6380
0
30
0
0
0
0
0
0
0
0
0
0
0
0
0
15
825
0
0
0
0
0
0
0
0
0
6380
60
1815
0
6380
0
0
0
100
0
35
6380
0
0
6380
0
0
0
0
21
117
0
0
0
6380
0
0
0
0
0
0
0
0
0
0
0
6380
0
0
0
0
0
250
0
0
0
0
0
0
0
0
0
0
0
0
0
0
0
0
0
0
0
15
0
0
0
425
45
0
0
6380
0
0
0
6380
140
0
234
670
0
6380
0
0
0
0
0
0
0
0
0
0
6380
12
0
30
0
0
29
0
0
6380
6380
0
0
0
825
0
0
0
0
0
0
0
0
0
6380
825
0
0
0
825
6380
0
1815
655
0
6380
0
0
0
0
0
0
0
6380
0
0
0
0
0
0
102
0
0
0
0
6380
0
0
0
0
0
0
0
0
0
0
0
0
6380
0
0
60
0
6380
0
10
0
0
0
0
0
266
0
0
0
0
0
0
0
0
0
30
0
0
0
0
0
0
0
6380
0
0
655
0
0
1595
6380
0
0
0
0
0
0
0
0
0
654
0
0
0
60
0
0
0
0
102
0
0
0
0
34
6380
0
654
0
0
0
0
0
0
0
0
0
604
0
0
0
0
0
0
0
0
1260
29
0
0
0
0
6380
0
1595
798
0
0
0
90
29
0
0
0
6380
0
0
0
6380
0
0
0
964
761
0
30
0
0
0
0
120
0
0
0
0
0
0
0
0
0
98
0
0
0
0
21
0
0
0
6380
0
88
0
0
0
0
0
0
60
0
29
51
3960
0
6380
0
0
0
0
6
0
0
0
6380
0
6380
6380
0
1080
0
29
0
6380
0
0
15
0
0
0
0
0
0
0
495
0
0
234
0
0
0
495
0
0
0
0
0
0
0
6380
0
0
0
0
0
0
30
270
0
12
0
0
0
0
165
6380
0
0
0
30
0
0
0
0
0
0
0
0
0
390
0
568
0
0
0
0
6380
0
6380
0
6380
0
0
0
0
0
0
0
0
0
6380
0
0
0
0
6380
0
0
0
0
0
0
6380
0
0
0
0
6380
0
0
0
6380
0
6380
15
0
34
0
0
29
0
45
0
0
0
0
0
0
6380
0
0
0
0
0
0
0
376
0
0
0
0
0
120
0
0
0
0
193
75
0
0
0
0
420
0
0
0
30
0
0
0
0
6380
0
0
0
15
0
0
0
0
0
0
6380
0
0
0
0
29
6380
0
0
6380
6380
0
0
0
0
75
6380
0
0
0
0
0
0
75
6380
0
0
0
0
0
0
0
0
0
0
0
0
30
1815
0
6380
0
0
0
0
0
825
0
0
0
0
6380
0
0
0
716
140
489
0
0
0
0
0
0
6380
0
0
0
0
0
0
0
68
0
0
6380
30
6380
825
655
0
0
0
0
0
0
0
0
0
0
0
0
0
0
0
0
0
0
0
0
0
0
0
0
0
0
0
0
0
825
964
0
0
0
0
0
716
0
0
0
0
0
707
0
193
0
0
964
0
6380
568
0
0
0
0
0
0
0
90
0
0
70
90
0
30
0
0
0
825
0
6380
0
0
0
0
0
6380
0
0
0
6380
0
0
0
105
0
0
0
0
0
0
0
0
0
0
0
0
0
0
0
3
0
6
0
0
0
0
1815
0
0
0
6380
1206
0
6380
0
0
0
0
654
6380
60
0
0
0
6380
6380
0
0
0
6380
0
0
0
0
0
0
0
0
0
0
0
0
0
0
0
0
0
0
0
0
0
0
0
0
51
0
0
0
0
0
0
655
0
0
0
1595
0
0
0
0
6380
96
3960
0
0
497
0
60
0
0
0
0
0
0
0
0
0
0
0
0
0
0
0
6380
0
0
180
0
0
0
0
425
0
0
0
0
0
0
0
0
0
0
42
21
0
0
0
0
0
0
0
0
0
0
0
1080
0
825
0
210
0
0
0
0
6380
0
0
0
0
0
0
0
0
6380
0
338
0
0
0
420
6380
0
0
0
0
0
0
0
0
0
6380
0
0
0
6380
0
0
20
0
0
0
25
0
0
0
0
0
0
489
96
29
0
425
6380
0
0
0
6380
0
0
0
0
0
0
48
0
0
0
0
6380
0
12
0
0
0
0
0
0
0
0
514
0
6380
670
0
0
6380
0
0
0
0
48
0
0
0
0
0
0
30
0
0
90
0
0
0
96
0
0
6380
0
2145
0
0
0
0
0
0
0
0
0
1650
0
0
0
0
0
0
0
0
0
0
6380
0
0
0
0
0
0
0
0
0
0
514
0
0
0
0
0
6380
6380
0
0
0
0
0
0
0
0
0
0
30
0
0
0
0
0
0
489
0
0
0
0
0
0
0
6380
0
0
0
0
0
0
0
0
0
90
0
60
0
0
0
0
0
0
0
0
0
0
0
0
0
0
0
0
0
0
0
0
0
0
0
158
0
0
6380
0
6380
6380
0
0
0
0
0
0
0
0
716
0
0
0
0
0
0
0
0
0
0
6
6380
0
6
0
0
0
0
0
6380
0
0
0
716
0
34
30
655
0
0
0
0
0
0
102
0
0
84
6380
0
0
6380
0
0
30
0
0
0
0
0
0
0
0
0
11
0
0
0
339
0
0
0
0
0
6380
0
0
0
0
0
0
12
0
0
6380
0
0
0
12
0
0
0
40
0
0
0
670
6380
0
0
168
35
0
0
0
0
0
50
0
20
0
825
0
489
0
0
0
0
6380
0
0
0
716
0
0
0
0
338
0
0
0
6380
0
0
0
0
0
0
0
0
0
42
0
6380
0
0
0
0
10
0
2145
0
0
0
0
0
0
0
0
0
0
0
0
0
0
6380
0
0
0
514
0
0
964
6380
0
0
0
336
0
0
0
0
0
0
0
168
0
0
0
0
0
0
120
234
0
0
0
0
0
0
0
0
0
0
0
0
0
0
0
0
0
0
0
105
0
0
0
0
0
0
0
0
0
0
6380
0
75
0
0
0
6380
0
0
0
0
0
0
158
0
0
2145
495
0
60
0
0
0
0
0
0
0
0
0
0
840
0
3
0
0
0
0
0
0
0
0
0
0
0
0
0
6380
0
0
568
0
0
0
6380
0
0
0
0
0
0
0
90
0
0
0
0
6380
0
0
0
0
0
0
0
0
0
60
0
0
0
0
15
0
0
0
2640
0
0
0
0
0
0
0
0
0
0
0
0
6380
70
1080
0
0
0
0
6380
420
10
0
0
15
6380
0
0
0
0
0
0
425
0
140
0
0
0
600
0
0
0
0
0
6380
0
0
68
6380
140
105
0
0
0
0
0
825
0
0
0
6380
0
0
0
0
0
0
0
0
0
165
707
0
0
0
0
0
0
0
1595
0
270
45
0
0
0
0
0
0
0
117
6380
0
0
6380
0
0
0
0
6380
0
0
825
0
0
0
0
6380
0
0
6380
0
0
6380
0
6380
0
0
0
1815
60
0
0
6380
825
0
0
0
0
0
0
0
0
0
604
0
0
0
0
0
48
0
6380
193
0
0
0
0
0
0
0
0
0
0
0
30
0
0
0
6380
0
0
0
0
0
0
32
0
0
0
0
0
0
0
0
0
0
18
0
0
0
0
30
0
30
0
0
105
0
0
0
0
0
6380
0
0
0
0
0
0
0
0
6380
0
0
29
0
0
6380
0
0
0
825
0
0
0
0
0
0
6380
0
0
0
0
0
0
0
0
0
0
0
0
0
825
0
0
0
51
0
0
0
0
6380
30
0
0
0
6380
0
0
6380
0
187
0
5
0
0
0
0
1815
0
0
0
0
0
0
0
0
0
0
0
0
0
0
0
6380
0
0
0
495
0
0
6
0
0
1595
0
6380
6
0
0
0
0
0
0
0
6380
0
6380
0
0
42
0
0
495
0
0
0
0
0
0
0
0
0
825
0
0
0
670
0
0
0
0
0
0
0
0
0
0
514
0
0
0
6380
0
6380
0
0
0
0
0
0
0
0
0
6380
0
0
0
0
193
0
0
0
425
6380
0
6380
0
0
0
0
0
0
0
600
0
0
120
0
0
0
1815
0
0
6380
0
1815
0
0
0
0
6380
0
0
29
0
187
0
0
0
6380
0
39
0
0
0
90
0
0
0
0
0
0
0
0
0
0
0
0
1260
6380
0
0
0
0
0
0
80
0
0
0
0
0
0
0
0
0
30
0
6380
0
0
0
0
0
0
0
11
0
6380
0
0
0
0
0
0
0
0
0
6
0
0
0
0
6380
0
0
0
0
0
0
0
0
0
0
39
0
0
0
110
0
0
0
0
0
0
0
0
0
0
0
0
0
16
6380
0
0
0
0
0
0
140
0
0
0
0
0
129
0
6380
0
0
0
0
0
0
12
0
0
0
30
75
0
168
0
0
495
6380
0
0
0
0
0
0
0
0
0
90
0
0
0
0
18
15
0
0
0
6380
6380
0
0
6380
0
825
0
0
0
0
0
0
6380
0
0
5
0
0
0
6380
0
1080
0
716
0
0
0
0
0
0
90
0
0
0
6380
0
187
6380
0
0
0
158
0
0
29
338
0
0
0
600
0
0
0
0
0
6380
0
0
990
180
0
204
0
0
0
0
0
0
0
0
0
0
0
70
0
0
0
0
0
0
0
6380
825
29
0
0
90
0
0
0
6380
0
0
0
0
6380
0
0
0
0
0
42
0
0
0
0
0
0
0
0
0
0
0
0
0
825
0
6380
6380
0
48
0
0
338
0
0
0
0
0
0
0
0
0
0
6380
0
0
6380
40
0
0
0
0
0
0
0
670
0
0
0
0
0
707
0
30
0
0
6
0
15
48
0
0
0
0
5
0
0
376
0
0
6380
0
0
266
0
0
654
0
0
0
0
6380
0
0
0
0
0
654
0
0
193
0
0
0
0
0
0
0
0
0
0
0
0
0
0
0
0
707
0
0
0
825
136
0
0
0
0
6380
0
0
0
0
0
0
1650
0
6380
12
0
0
0
0
0
5
0
568
0
0
0
0
0
0
0
0
0
0
0
0
0
0
6380
0
0
320
0
0
84
0
0
0
0
0
6380
0
0
6380
0
0
0
0
0
0
0
0
0
0
6380
6380
0
0
256
0
0
0
0
0
655
0
0
0
6380
0
0
0
0
40
0
0
0
51
0
51
0
0
6380
0
0
0
15
670
0
0
0
6380
0
0
0
0
1595
0
0
0
0
0
0
0
0
0
0
21
0
0
0
0
0
60
0
0
35
0
0
0
0
129
339
0
0
0
0
180
0
0
0
0
0
0
0
0
15
0
6380
19
0
0
0
0
0
0
15
0
0
0
0
114
0
0
0
0
0
0
0
0
0
0
0
0
0
1260
0
0
654
0
0
6380
0
6380
0
0
0
0
0
0
0
0
0
6380
0
0
0
0
6380
48
6380
0
0
0
6380
6380
158
0
0
0
0
0
0
0
0
30
0
0
0
0
0
0
0
0
0
0
165
0
0
6380
0
716
0
6380
0
0
0
0
120
234
0
0
0
5
0
0
0
0
6380
0
0
6380
0
10
0
6380
0
0
154
0
0
338
0
0
0
0
0
0
0
0
0
0
0
0
0
0
0
0
0
0
0
0
187
0
0
0
1080
0
0
117
0
0
0
6380
338
0
0
6380
0
0
0
0
0
6380
0
0
0
0
0
0
0
0
0
129
0
0
0
0
6380
0
0
0
6380
0
0
0
0
0
0
0
0
0
3960
0
10
0
0
0
6380
670
0
168
0
0
0
0
0
0
0
0
270
6380
0
0
0
0
6380
0
0
0
0
0
0
0
6380
0
0
0
0
0
0
0
210
1206
0
0
0
0
0
0
0
0
0
0
0
6380
0
0
12
0
0
6380
0
0
0
0
0
0
0
0
0
20
0
0
6380
0
0
0
0
0
6380
0
0
0
0
0
6
0
0
0
0
0
0
0
6
0
825
6380
0
825
0
129
0
0
0
0
0
75
0
0
0
0
60
568
0
0
0
0
49
15
0
0
0
0
6380
0
0
0
0
825
0
0
0
0
0
70
0
0
0
6380
6380
0
0
0
0
0
193
1080
0
0
3960
0
0
0
0
165
6380
60
0
420
0
0
0
0
270
6380
489
6380
0
0
0
0
0
0
60
0
0
0
0
0
6380
0
0
0
0
0
0
15
6380
0
0
0
6380
0
6380
497
0
0
0
0
0
0
0
0
0
568
0
0
0
0
6380
0
0
0
495
0
5
0
0
0
0
0
6380
0
0
0
0
0
0
0
0
670
6380
0
0
140
6380
0
0
120
35
0
0
0
0
0
0
6380
720
0
0
0
0
0
6380
0
0
0
0
204
0
0
0
0
0
0
0
0
0
6380
6380
0
0
266
0
0
0
0
6380
0
0
1650
0
6380
0
0
0
0
6380
0
0
0
0
0
0
0
0
0
3960
0
21
0
6380
0
100
0
0
0
0
0
0
0
0
0
48
0
0
0
0
6380
0
0
0
0
0
0
6380
0
0
0
990
165
0
0
0
6380
6380
0
30
390
0
0
0
0
0
0
6380
0
0
0
0
0
0
0
0
0
0
120
0
0
168
0
39
0
0
6380
0
0
6380
6380
0
0
0
105
0
0
825
140
0
0
0
600
0
0
0
0
0
0
0
0
0
88
6380
39
0
0
0
0
0
0
0
0
0
0
1815
0
0
296
0
168
0
0
0
0
0
0
0
0
825
0
964
0
35
420
425
0
0
0
0
0
0
6380
0
0
0
0
6380
0
0
0
0
0
0
0
0
0
0
0
0
0
0
0
0
0
0
0
0
270
0
6380
0
0
495
6380
6380
6380
1320
0
0
0
0
0
0
0
6380
0
0
0
0
0
707
0
0
0
0
6380
234
0
825
0
0
390
0
0
60
0
0
0
6380
6380
0
0
0
0
0
6
0
0
6380
0
0
0
0
0
0
0
0
0
0
0
0
0
40
0
0
0
0
0
336
0
0
0
0
0
0
0
0
0
0
0
0
0
0
88
0
0
0
1815
60
0
0
990
6380
0
0
0
0
0
0
0
0
0
0
0
0
266
0
0
0
495
825
0
0
6380
0
6380
0
0
0
117
0
0
29
12
105
0
0
266
0
0
0
30
0
0
0
0
296
0
0
0
0
0
0
0
0
0
0
0
0
0
0
35
798
0
0
0
0
168
0
0
0
6380
0
0
0
6380
0
0
0
0
6380
0
0
0
0
0
0
0
0
0
0
0
0
0
0
0
0
29
0
48
0
0
6380
0
0
0
0
0
0
0
1206
0
12
0
0
0
0
0
0
0
0
0
0
6380
0
0
42
0
0
0
0
514
32
0
51
129
0
495
0
0
3960
798
0
0
0
0
0
6380
0
0
6
0
0
0
0
0
0
0
0
1206
0
0
0
0
0
0
6380
600
0
0
0
0
0
6
32
6380
140
0
0
798
6380
0
90
0
0
0
0
0
102
0
0
0
0
0
0
190
0
120
6380
0
0
0
6380
0
0
0
0
0
0
0
0
0
0
0
0
51
0
0
0
0
0
6380
51
0
0
0
0
0
1260
0
0
0
0
0
0
0
0
0
0
0
6380
0
0
0
0
0
0
0
0
6380
0
0
0
0
0
0
0
0
0
0
180
60
0
6380
0
0
0
0
1815
0
29
0
0
15
0
84
0
11
0
0
90
0
0
495
136
0
0
0
6380
0
0
0
0
0
0
0
0
825
0
0
0
761
0
0
6380
0
495
0
0
0
0
0
824
0
0
0
0
60
0
0
25
12
0
0
0
0
0
0
0
568
1595
0
0
0
0
6380
6380
0
0
0
0
0
0
0
0
0
0
0
0
0
0
0
0
0
0
0
604
0
655
6380
0
0
0
0
0
0
0
0
0
0
716
0
0
0
0
6380
0
0
6380
0
0
0
0
0
0
0
0
0
0
0
0
0
0
0
0
0
0
80
0
0
0
0
0
3
0
0
88
0
0
6380
0
0
0
0
0
0
0
0
0
0
0
0
0
6380
0
0
0
0
0
0
0
6380
0
6380
0
0
0
0
0
0
0
0
0
0
6380
0
0
0
0
0
2145
0
105
0
964
0
0
0
0
0
0
0
0
29
0
0
0
0
0
0
6380
0
0
0
0
0
0
0
0
0
0
0
0
0
30
0
0
10
42
0
0
798
0
0
0
0
964
0
12
0
0
0
0
0
0
0
6380
0
0
0
0
0
0
0
0
0
0
0
0
6380
0
0
825
0
0
654
0
0
0
29
0
0
25
0
0
568
0
0
0
0
0
0
825
0
0
0
0
0
0
0
0
0
0
30
0
0
0
40
0
0
0
0
655
0
0
0
0
0
6380
0
0
0
120
964
0
6380
0
18
0
6380
0
1815
0
12
0
0
0
0
716
0
0
0
0
0
0
0
0
0
0
0
6380
0
0
1650
0
0
495
0
0
0
6380
75
0
0
0
6
0
0
0
6380
0
0
0
0
0
0
0
0
0
0
0
0
0
266
0
0
0
0
0
0
0
0
0
0
19
0
6380
6380
6380
0
0
0
0
0
0
0
0
0
0
0
0
0
0
0
0
6380
0
0
0
0
0
0
0
0
0
0
495
0
0
29
0
0
0
75
6380
0
0
0
0
35
0
0
0
105
0
0
0
0
0
0
6380
0
0
5
15
51
0
0
6380
0
0
0
0
0
0
0
6
6380
6
84
0
0
0
0
6380
0
0
0
0
0
0
0
0
0
0
6380
0
0
0
0
0
87
0
0
0
0
0
0
0
0
0
30
3960
0
6380
0
0
0
21
0
0
0
0
6380
0
0
0
0
0
0
0
0
0
0
390
0
0
0
0
0
0
6380
0
0
35
0
0
0
0
0
30
0
0
0
0
0
0
0
0
0
0
707
0
105
0
0
6380
0
0
84
0
6380
0
0
0
0
0
0
0
0
0
0
21
0
0
0
0
6380
0
825
6380
0
655
6380
0
0
88
0
0
0
0
6380
0
0
0
0
0
0
0
0
0
0
0
0
0
0
670
0
0
0
0
0
0
20
29
6380
0
0
0
6380
0
0
0
0
0
0
0
0
6380
0
0
0
0
0
0
0
0
0
6380
0
0
0
0
0
0
0
0
0
0
0
0
0
0
0
6380
60
0
15
0
0
0
0
0
0
75
0
0
0
0
296
0
6380
655
0
0
0
0
0
6380
0
0
0
0
0
0
0
0
6380
0
0
0
0
0
0
0
0
0
0
0
0
0
0
0
120
0
0
6380
0
0
6380
0
0
0
0
0
0
6380
0
0
0
0
0
0
0
0
0
0
0
42
0
0
0
0
0
0
0
0
6380
0
1815
798
514
0
0
0
0
0
0
0
68
0
0
990
0
0
0
0
0
0
165
0
15
0
0
187
0
0
0
1206
0
568
0
0
0
6380
0
0
0
0
120
6380
0
0
390
6380
0
88
0
0
0
0
0
0
29
0
0
0
0
0
0
0
0
0
0
0
140
600
0
1815
0
0
0
0
30
0
0
0
0
0
6380
0
0
0
0
0
0
0
70
0
200
0
1595
19
0
0
0
0
0
0
0
0
6380
15
0
0
0
60
0
0
0
0
0
0
0
0
6380
0
0
6
6380
12
165
0
990
0
0
6380
0
0
0
0
0
0
990
0
3960
6380
0
0
0
0
0
0
6380
0
0
0
0
0
0
6380
0
6380
15
0
0
0
0
0
0
0
0
25
0
0
0
0
798
0
0
0
0
0
0
0
0
0
0
0
0
6380
0
0
0
0
0
0
0
0
0
1815
0
0
0
0
0
0
0
825
655
1815
0
0
0
0
0
0
0
0
0
6380
0
0
0
0
0
0
0
0
0
568
0
0
0
0
0
0
0
0
0
0
0
0
0
0
0
0
0
6380
0
0
0
0
0
3
0
0
0
495
6380
0
0
0
1815
0
0
30
720
0
0
0
3
0
0
0
0
0
0
0
0
0
0
0
0
0
29
0
0
0
0
0
0
0
0
0
0
120
0
42
0
6
0
0
0
0
0
6380
0
0
0
0
0
0
0
0
0
0
0
0
0
0
0
0
0
0
0
0
420
0
0
0
45
0
0
0
0
0
0
21
0
0
0
84
0
0
6380
0
0
0
0
6
0
0
6380
0
0
0
0
0
30
0
6380
0
3960
0
0
1815
6380
0
6380
338
0
0
6380
0
0
0
