1 7 3 9 9 19 2 1 9 2 3 19 5 3 20 3 13 3 6 5 9 4 2 5 2 19 4 13 7 5 27 8 5 13 11 2 2 77 11 4 9 4 2 2 6 9 13 2 4 14 4 3 1 20 13 1 15 3 5 6 9 2 27 11 2 28 6 11 34 8 6 2 2 1 3 5 2 4 9 41 4 29 1 16 4 10 14 9 9 1 3 1 8 38 1 24 1 17 78 11 
17 49 2 1 34 1 93 2 22 7 5 2 4 5 8 5 6 16 16 34 2 11 3 1 8 15 3 2 7 13 6 6 10 9 13 4 5 10 2 5 2 11 6 12 3 1 5 12 14 9 17 8 1 4 10 6 7 9 3 1 9 7 3 1 45 1 1 1 2 6 3 6 25 58 9 20 14 12 2 5 1 13 6 6 6 7 8 5 9 2 6 3 10 2 26 15 7 20 4 9 
20 1 1 95 5 1 1 19 7 9 2 11 118 11 20 2 4 12 1 1 22 5 6 2 5 1 13 5 3 6 2 2 6 1 1 5 6 1 3 4 14 1 4 11 9 48 11 9 11 1 17 2 1 24 7 6 9 8 19 1 2 5 12 8 3 9 2 2 3 13 22 9 5 2 6 9 14 12 18 3 14 1 13 10 4 3 2 2 1 3 4 47 9 7 2 3 7 38 6 12 
39 77 1 13 29 20 11 1 7 11 8 2 14 9 17 42 5 4 14 5 5 2 2 1 4 51 14 3 5 3 2 14 21 14 1 3 2 3 12 5 2 14 1 4 14 6 23 2 1 2 1 7 1 3 7 3 16 82 26 5 7 2 5 14 12 5 5 4 2 20 1 2 13 7 1 13 7 3 15 3 2 3 6 4 5 6 4 2 22 7 22 18 9 7 2 13 3 2 4 2 
24 36 2 2 23 16 1 5 2 11 7 17 3 2 19 8 1 3 16 52 8 6 2 2 5 10 7 4 1 2 2 1 26 7 15 9 6 17 10 8 5 3 4 15 4 13 130 7 10 14 8 16 1 1 2 24 6 7 1 5 12 29 22 4 5 11 2 3 6 6 8 2 20 20 1 4 5 1 9 2 6 16 1 25 12 1 5 29 5 12 2 7 5 1 2 2 2 3 4 14 
16 6 8 19 11 27 16 1 16 3 1 9 9 37 18 4 30 2 4 1 7 3 4 2 3 7 10 6 1 9 2 10 3 6 3 1 10 6 3 2 3 5 18 15 10 1 4 46 47 14 1 17 18 5 15 4 4 21 33 3 33 1 11 4 3 8 1 10 5 2 7 3 2 26 1 15 21 36 19 2 5 26 5 1 18 11 4 1 6 7 8 1 11 9 22 15 6 3 7 4 
1 8 4 1 3 34 11 7 6 25 3 8 8 4 2 2 2 2 10 2 5 4 20 1 1 24 5 8 10 2 3 7 2 2 15 14 47 10 5 2 6 11 1 2 1 4 18 5 25 2 5 4 1 11 16 2 5 14 1 24 4 3 9 3 1 8 35 14 11 27 14 7 17 26 10 51 6 3 5 1 1 31 24 7 15 9 34 2 1 2 64 1 10 1 21 5 3 12 6 8 
9 12 9 1 1 6 9 14 2 43 1 19 1 7 1 33 6 5 2 1 16 5 10 12 1 3 1 5 4 4 2 4 23 16 3 12 12 5 12 3 7 12 3 35 8 33 7 13 9 1 5 133 2 2 7 1 14 1 2 7 3 5 13 3 2 9 2 24 7 20 9 1 1 9 5 11 16 6 13 4 10 1 1 20 3 11 1 16 24 16 2 4 6 4 11 9 13 4 32 12 
3 2 4 4 14 1 3 2 2 5 2 18 10 5 39 2 48 15 2 1 43 6 1 14 3 5 12 2 1 23 1 6 21 9 32 1 66 5 5 9 1 9 7 1 37 1 8 11 1 1 13 6 3 7 22 5 1 8 1 8 25 12 25 3 3 5 20 14 3 2 3 8 10 3 4 38 28 1 5 2 4 6 15 6 1 5 3 10 2 8 3 38 20 3 29 12 4 4 10 5 
10 12 5 1 5 5 4 11 4 1 43 1 1 20 12 4 10 4 9 13 9 7 5 14 2 6 5 15 41 2 17 14 10 10 6 5 29 2 11 8 1 4 15 8 19 5 6 6 12 1 9 2 4 13 29 1 1 3 24 3 1 2 1 19 14 2 44 5 8 18 11 1 2 11 24 16 2 2 75 2 12 2 2 6 1 6 15 2 9 19 4 12 1 8 5 6 3 27 36 5 
1 6 3 1 4 9 20 21 7 4 3 5 18 18 10 12 5 34 2 6 1 4 2 5 2 1 120 23 16 1 4 10 4 4 1 3 2 1 13 10 7 3 10 1 41 20 2 1 28 55 1 6 1 16 2 1 3 1 9 1 5 3 7 2 27 7 5 5 9 1 3 14 5 1 9 1 15 27 5 2 4 3 5 1 10 6 4 6 14 26 34 1 14 3 5 55 1 14 11 5 
2 1 2 8 7 3 1 1 12 26 4 2 2 4 11 3 18 1 2 14 4 35 1 11 9 29 2 1 1 14 19 5 30 22 28 23 5 6 8 4 5 6 30 14 5 6 4 5 29 2 1 10 22 1 25 9 24 7 2 40 4 1 8 2 22 3 34 12 6 7 1 1 2 7 6 6 21 5 2 8 1 7 30 12 1 2 12 2 4 13 11 9 5 32 17 1 8 22 1 24 
12 3 15 5 19 20 6 6 5 1 5 52 5 3 1 1 11 1 17 11 3 3 2 11 5 3 3 12 2 3 9 3 16 2 2 17 29 12 1 1 2 57 1 21 19 14 129 7 17 2 5 2 35 26 1 16 4 1 5 13 7 1 2 5 5 4 7 1 1 3 12 15 1 10 3 30 5 17 1 10 6 5 6 5 15 3 3 1 19 29 5 3 2 3 1 7 3 3 11 15 
2 4 63 19 2 1 2 7 2 2 6 3 7 4 18 33 25 8 16 9 1 9 31 2 7 12 1 12 13 6 10 11 3 7 12 21 2 4 2 1 6 98 8 2 3 5 11 1 3 6 6 5 13 6 1 7 2 5 45 6 3 9 5 7 2 3 58 1 7 1 6 3 55 10 6 23 9 1 17 13 7 3 33 2 1 5 4 11 4 3 10 1 4 8 4 4 2 11 2 3 
1 8 2 10 11 3 3 2 8 2 17 7 12 4 1 5 2 2 16 7 1 32 11 29 5 6 12 5 1 2 9 5 2 2 2 1 15 9 2 5 12 13 3 2 8 1 7 65 5 8 8 19 54 5 1 1 1 1 19 2 30 10 1 3 16 7 11 12 9 11 1 1 16 1 122 1 2 3 2 1 1 4 6 38 3 26 1 33 6 11 1 25 1 10 4 5 2 1 20 28 
27 4 5 2 5 14 13 43 14 11 1 7 5 16 7 5 15 7 8 19 34 5 5 18 9 1 1 5 8 67 7 25 10 20 5 19 1 14 24 3 6 5 1 23 8 6 13 8 4 9 2 2 4 35 6 3 18 3 8 1 2 16 13 1 38 20 9 2 2 5 44 3 2 2 6 2 5 22 7 3 1 1 4 2 5 1 5 7 11 5 4 7 11 7 5 4 3 9 2 28 
8 6 12 4 7 16 3 38 2 9 6 9 3 2 1 9 18 2 4 2 2 2 3 2 2 16 1 2 6 1 5 1 9 8 3 1 2 4 10 6 13 2 5 7 8 1 28 6 10 4 29 2 8 3 2 14 2 5 4 25 5 1 4 7 2 2 8 105 18 1 6 98 1 12 7 21 2 13 15 5 22 2 5 6 3 30 11 5 6 14 14 1 28 6 5 4 10 48 9 13 
1 3 1 3 1 17 4 1 12 1 7 39 36 15 2 7 15 2 3 3 17 42 1 5 5 11 2 76 1 8 2 1 14 2 1 3 19 11 6 1 5 2 1 5 5 3 1 1 132 2 12 2 4 13 13 9 12 5 2 7 5 11 18 3 13 9 11 21 16 10 6 2 3 5 18 1 4 25 33 2 10 4 4 12 19 1 28 1 2 2 8 6 2 9 7 1 2 4 13 12 
7 2 11 1 4 9 12 13 11 4 24 2 13 2 4 3 5 2 29 5 18 3 2 17 1 68 2 7 3 7 15 13 4 5 9 2 4 5 4 43 2 13 2 15 28 2 23 6 26 2 1 2 11 6 10 12 3 10 7 33 2 2 2 1 18 10 29 5 11 1 2 14 5 1 10 5 2 143 6 1 5 11 2 2 5 8 1 5 3 5 16 4 2 1 9 2 2 29 5 4 
1 4 3 2 2 1 6 25 9 9 29 1 9 5 23 3 5 12 7 5 2 14 13 1 1 7 91 1 3 8 7 20 8 2 1 2 5 5 4 20 2 7 1 2 18 4 1 7 1 6 3 2 41 3 5 8 4 8 15 1 20 1 32 39 1 2 15 3 7 22 42 2 10 8 6 2 2 2 6 9 2 1 45 22 7 9 31 13 28 11 20 1 4 16 3 2 18 1 9 11 
3 4 2 1 111 38 11 10 1 7 1 9 3 2 1 25 10 7 5 9 1 8 18 1 3 3 29 1 11 4 7 1 2 9 4 3 9 4 2 15 16 3 4 1 1 13 1 13 3 1 6 24 1 2 11 3 7 2 16 1 2 20 8 11 2 3 5 1 22 4 19 9 14 9 7 6 12 1 12 9 11 1 1 8 2 16 4 2 4 171 3 3 1 9 17 15 19 1 7 5 
8 1 4 1 2 4 7 25 5 9 12 5 2 6 3 14 5 2 38 82 1 5 3 5 3 1 2 15 7 1 3 3 16 17 4 1 14 12 15 17 11 4 10 1 21 2 7 7 18 13 1 2 20 6 19 3 1 23 2 16 14 6 29 18 1 9 1 18 6 11 5 19 4 20 100 2 23 5 5 7 2 1 1 3 20 6 2 11 7 8 4 5 1 9 4 18 2 12 9 5 
5 2 6 5 2 12 42 3 16 8 55 16 6 4 5 7 9 1 45 5 2 6 1 14 4 1 20 2 5 6 18 34 10 11 1 1 2 5 3 9 1 6 6 2 4 4 3 14 6 6 37 16 5 6 5 37 3 9 34 36 5 4 6 2 4 28 50 3 2 5 1 2 11 6 15 16 1 9 1 8 3 12 1 5 6 5 30 9 13 3 4 5 48 1 12 2 3 7 1 2 
10 6 1 23 5 5 2 7 4 8 9 8 7 16 7 22 8 6 18 9 4 11 2 6 4 4 2 2 11 13 7 6 5 1 7 4 33 3 10 1 36 41 3 1 5 6 2 43 44 8 13 3 2 1 8 129 15 17 56 6 11 3 2 2 16 11 4 6 5 8 15 3 2 5 10 2 3 4 3 2 6 9 2 16 3 4 2 2 6 35 3 2 2 8 4 4 1 2 7 9 
4 33 1 1 24 4 6 3 1 2 6 1 34 3 1 4 8 1 5 3 1 1 20 2 1 4 7 2 19 16 19 5 5 17 15 9 15 1 44 1 2 12 32 4 7 3 5 4 2 10 6 13 9 1 16 51 10 5 6 25 61 7 3 1 4 110 6 4 2 7 1 2 9 11 5 12 1 7 6 3 6 3 29 14 17 1 13 12 12 8 2 11 5 6 2 2 3 14 5 1 
14 1 5 1 21 1 2 45 5 6 10 20 1 3 8 2 31 8 3 2 2 50 6 7 2 1 13 2 8 2 6 2 1 1 59 20 1 2 8 21 4 38 8 3 47 3 3 3 4 4 7 6 30 2 1 3 9 2 1 9 10 111 3 7 7 36 2 10 10 1 7 2 13 7 6 33 16 19 2 2 7 4 1 4 18 9 3 8 4 2 5 7 12 1 2 5 6 1 2 5 
2 8 12 14 12 13 3 19 10 67 23 16 47 35 1 4 10 14 5 4 3 1 1 8 1 16 2 2 4 22 5 19 23 27 1 3 4 9 10 5 4 1 41 8 8 5 14 2 9 2 2 5 9 4 3 2 4 3 10 27 5 1 2 1 7 2 3 1 6 21 6 1 15 25 5 1 28 25 1 5 1 23 4 14 3 20 2 7 30 5 8 1 3 19 2 25 1 6 2 15 
11 2 1 1 6 12 1 19 112 27 2 20 9 29 2 6 2 6 4 1 3 1 3 1 25 49 3 16 2 2 1 1 4 5 3 2 13 5 4 18 10 2 2 24 20 20 5 7 8 2 37 5 11 3 1 16 3 2 2 6 3 44 1 9 3 21 6 2 11 9 1 27 5 28 4 9 7 5 4 9 1 11 52 24 3 7 1 6 5 1 1 2 4 10 3 3 4 4 25 5 
5 1 6 11 5 67 15 6 18 2 1 1 2 17 12 7 40 2 1 3 1 8 2 111 3 8 1 4 3 12 2 1 1 6 5 60 3 9 9 34 8 6 6 7 8 2 11 16 6 9 3 1 2 31 10 12 19 2 1 6 9 6 2 37 3 3 1 5 1 19 3 7 8 18 3 2 16 2 7 9 3 24 3 2 4 4 1 2 14 9 2 9 23 6 6 1 9 5 36 5 
21 2 4 21 1 6 2 4 2 31 5 15 33 8 4 51 1 44 43 5 13 24 2 10 6 1 8 1 3 2 2 33 4 13 9 1 3 7 2 5 2 3 14 7 8 9 6 3 2 9 1 1 19 18 7 1 2 2 49 2 22 12 1 5 36 7 15 5 6 20 16 7 12 22 1 6 7 10 7 2 2 3 6 7 22 19 9 18 5 1 17 12 6 2 2 11 1 9 7 5 
10 1 14 5 4 7 15 7 1 7 3 10 4 31 13 5 13 2 1 17 2 2 6 7 19 1 1 2 6 5 35 39 3 2 4 10 6 4 10 2 1 4 5 206 15 13 3 12 2 2 2 2 11 2 5 9 10 11 7 8 7 14 7 3 4 2 7 7 3 6 8 3 20 3 6 11 2 13 10 6 5 2 5 29 3 7 1 6 5 2 50 33 23 2 5 9 1 2 1 1 
9 4 2 9 39 4 4 20 2 8 16 2 5 6 2 5 7 6 73 4 1 2 3 4 6 1 2 11 1 5 1 1 5 15 24 6 4 2 1 82 3 11 17 1 7 30 66 2 1 21 2 7 1 3 3 16 33 2 11 7 2 5 4 2 4 2 5 7 2 1 2 14 4 7 7 8 20 4 2 12 5 2 6 4 40 3 10 14 3 8 43 35 2 26 17 4 9 2 2 3 
11 5 1 1 10 3 161 7 2 2 10 1 9 24 12 3 2 2 17 9 31 2 8 3 2 7 49 35 7 13 2 4 49 5 1 6 5 13 5 1 14 2 10 8 3 15 6 21 11 27 5 6 10 14 1 5 2 3 18 2 16 2 5 6 1 1 7 27 10 2 2 4 4 1 1 3 4 2 42 11 5 3 7 9 11 13 1 4 1 19 7 2 3 5 5 11 3 7 8 2 
10 16 1 1 2 15 23 15 14 4 3 53 5 5 28 13 1 13 9 17 22 1 16 5 9 7 17 3 1 6 1 14 8 4 9 1 22 1 9 4 1 2 16 3 8 6 31 24 2 16 8 15 19 20 9 6 1 9 4 1 1 5 8 16 10 12 6 1 5 1 5 10 9 1 12 34 12 8 7 6 22 1 59 4 5 8 1 1 2 10 28 2 1 2 1 3 4 1 62 5 
2 1 2 53 17 3 31 3 1 34 16 1 19 51 1 1 4 6 14 1 1 1 6 1 6 12 15 10 4 10 2 6 4 2 2 4 2 7 9 1 4 4 1 134 3 1 1 2 1 1 14 3 21 6 1 2 14 5 4 11 3 10 7 57 8 11 2 5 1 6 17 3 17 1 2 17 14 7 11 2 7 7 5 1 11 6 5 2 42 8 2 12 14 49 4 4 11 1 5 4 
1 18 3 3 17 11 5 1 12 41 2 13 5 1 4 5 2 9 12 3 9 12 9 2 17 3 136 38 5 1 5 4 3 12 6 1 3 5 6 2 14 37 14 8 2 2 13 18 2 4 35 3 3 3 2 2 1 38 5 2 34 1 2 7 17 3 10 5 2 2 3 1 1 7 18 2 43 1 5 1 2 6 2 1 1 7 9 10 22 2 21 23 19 1 15 18 1 2 13 5 
18 7 13 16 4 1 29 11 7 14 2 38 4 21 31 3 7 1 3 1 5 6 5 69 5 1 27 2 24 5 57 10 4 8 8 11 8 2 9 2 77 6 13 13 4 4 8 17 20 2 3 3 10 2 12 3 1 7 2 4 6 10 7 6 1 2 1 14 9 7 1 7 2 4 52 5 1 22 10 22 7 4 1 1 2 10 2 4 8 5 20 1 1 7 5 3 6 1 6 7 
5 7 6 1 25 5 3 7 3 5 2 4 2 16 1 14 3 7 1 10 6 2 3 3 53 6 52 22 16 6 4 13 1 5 13 1 15 4 5 5 16 2 19 2 28 3 4 6 12 48 5 2 2 10 2 5 3 7 2 9 1 13 6 6 10 2 2 16 6 62 3 27 2 2 2 2 5 4 13 2 5 17 2 58 14 2 19 4 8 39 8 13 27 10 2 1 10 10 2 14 
3 21 1 5 25 21 6 2 5 31 14 1 20 27 22 9 29 9 2 2 5 5 36 11 8 3 6 6 7 15 3 5 17 28 5 4 2 1 11 42 3 9 3 9 11 2 7 13 1 2 11 2 11 44 8 6 1 15 3 17 1 5 1 8 5 4 1 3 5 63 5 45 1 3 1 2 3 9 1 13 6 6 10 2 1 7 3 3 3 69 2 1 15 18 12 2 1 3 2 2 
8 9 1 10 1 1 16 15 2 4 15 1 12 100 1 2 5 8 4 13 3 12 5 1 25 8 10 9 10 6 1 5 5 8 1 4 10 11 16 1 7 3 14 5 5 6 49 1 3 13 1 12 3 2 22 1 3 8 8 3 19 1 2 5 1 7 3 11 1 3 17 6 3 10 4 9 24 2 24 30 36 2 2 4 7 2 36 3 9 3 13 40 3 1 20 29 20 9 12 19 
12 1 2 13 5 9 34 3 2 3 15 16 4 1 2 4 2 6 5 2 29 7 11 7 12 5 16 3 5 10 7 10 1 2 3 18 12 4 4 3 3 2 9 2 13 6 80 36 1 1 4 3 8 2 2 23 20 11 8 1 2 21 3 1 11 28 44 43 1 2 4 2 5 3 4 12 2 2 77 6 9 38 8 16 2 7 6 8 4 25 17 7 2 3 7 1 3 5 3 11 
3 7 10 74 20 6 2 3 2 7 1 21 22 5 5 4 5 19 2 4 3 18 9 1 12 5 2 18 2 23 1 8 7 6 13 20 5 6 71 2 1 5 4 7 21 1 12 14 2 3 7 5 6 3 1 3 35 3 3 2 4 19 4 1 2 3 9 38 3 12 6 2 2 2 5 3 1 1 1 9 2 5 66 3 13 16 3 3 20 43 2 6 5 14 1 67 3 7 1 1 
14 11 4 23 6 4 5 3 1 7 4 1 2 2 5 7 19 1 1 6 2 5 3 2 2 6 2 22 11 10 4 4 1 6 1 17 9 14 2 34 9 3 16 4 5 1 9 10 9 13 1 11 1 14 1 8 9 12 91 1 7 1 3 6 8 4 2 7 8 2 1 24 7 23 6 9 7 8 22 11 13 1 7 10 13 1 17 6 48 3 159 1 11 2 2 6 4 6 11 2 
1 3 1 1 7 39 3 1 38 17 1 3 22 2 34 19 15 1 13 14 8 1 1 5 59 5 18 14 13 9 7 8 6 2 3 1 9 3 5 1 7 34 2 5 2 4 8 10 2 6 3 24 14 19 2 7 6 6 5 2 24 17 1 3 17 6 4 1 10 2 2 2 5 36 14 40 8 9 7 5 1 4 11 2 3 8 89 8 2 4 7 7 5 36 2 10 2 1 2 2 
19 5 6 3 2 12 4 8 3 25 6 1 1 3 8 19 36 4 7 16 17 1 12 2 10 5 8 26 2 2 6 2 19 28 3 1 1 16 5 3 15 12 1 56 7 6 35 4 8 1 4 6 10 2 12 3 4 2 9 2 6 3 4 27 16 8 3 7 2 3 2 1 11 3 4 3 13 33 2 13 45 6 2 1 8 8 6 8 6 39 2 9 7 9 2 2 8 8 90 14 
33 1 2 4 17 14 5 29 1 4 1 1 3 2 16 7 13 2 4 6 5 7 2 1 19 3 1 37 3 13 7 3 4 2 29 17 9 1 8 10 21 7 5 4 6 32 3 16 1 6 3 74 28 1 17 6 5 2 2 2 11 2 44 2 1 10 4 5 5 38 10 7 7 4 1 19 2 6 1 2 3 5 2 3 5 2 3 1 20 9 18 1 4 100 4 33 3 8 5 3 
5 2 5 17 3 6 14 14 8 8 16 5 2 9 7 5 1 1 11 49 27 8 11 10 34 4 3 22 20 3 4 2 4 6 7 8 33 2 10 2 16 4 2 14 4 6 2 3 4 8 20 4 4 2 29 19 1 5 2 1 1 2 17 4 1 2 1 18 9 3 112 33 7 5 6 9 16 9 2 15 9 1 8 5 2 8 2 17 1 1 2 5 49 1 2 4 3 40 5 5 
1 7 11 6 1 11 2 3 1 1 2 2 7 14 5 8 2 9 7 1 4 73 3 9 7 1 3 54 2 12 2 1 5 1 1 6 10 6 1 11 8 3 1 14 13 2 7 36 9 6 31 5 12 2 3 3 2 10 3 2 11 17 14 50 19 8 3 7 12 13 3 21 33 10 5 31 9 14 6 19 10 47 3 16 1 6 10 8 18 16 1 20 1 15 1 2 19 8 3 5 
6 4 26 5 11 4 20 7 11 2 1 2 21 1 2 3 5 3 6 8 4 11 6 6 1 7 7 6 6 5 10 14 2 6 9 10 91 1 8 12 5 33 5 9 4 12 5 3 2 1 2 53 7 4 8 4 7 6 16 5 28 6 6 2 3 3 4 1 4 2 12 5 14 2 1 5 7 4 13 11 5 103 20 7 1 2 1 5 45 3 2 6 10 1 46 25 6 5 8 5 
3 35 6 3 3 14 8 1 9 2 7 2 18 1 9 8 1 8 9 1 17 1 3 4 4 1 12 30 1 3 27 3 61 5 19 5 12 6 2 6 4 2 3 20 4 37 11 3 5 5 1 12 11 5 28 6 2 1 14 3 3 5 4 4 18 1 24 11 18 41 5 2 5 3 33 93 4 2 15 20 4 2 2 4 1 27 1 6 6 2 2 1 1 12 6 12 27 18 7 1 
10 26 1 3 10 1 36 1 7 2 16 3 19 13 2 1 5 13 21 1 5 8 6 3 6 3 10 3 2 5 14 12 6 2 7 2 2 10 2 1 2 24 2 6 2 5 6 22 9 3 1 7 7 22 2 20 3 20 3 15 1 27 4 11 8 10 17 1 20 2 1 6 3 1 3 2 2 1 3 13 125 3 6 18 6 5 3 16 19 143 4 1 1 9 1 13 1 2 1 6 
9 26 17 3 33 5 3 6 41 1 17 56 13 3 25 7 7 1 8 5 10 2 8 1 3 9 6 8 1 3 7 5 9 1 6 2 1 11 18 1 3 8 1 3 21 10 3 169 2 8 5 2 5 1 4 10 1 5 12 2 1 3 2 3 6 2 11 3 5 13 5 3 33 5 2 1 7 27 2 21 5 22 7 4 3 15 6 2 10 5 14 4 29 4 2 3 17 4 4 12 
9 21 30 11 2 4 1 1 27 5 14 2 2 68 1 2 9 1 13 3 7 20 9 3 4 5 17 20 5 5 5 6 7 9 2 15 6 3 7 3 10 10 10 30 1 14 3 8 6 25 6 3 4 25 2 5 8 4 8 44 8 11 9 25 3 13 34 8 6 1 2 3 27 2 9 3 1 13 1 2 27 10 3 8 11 20 3 2 16 5 14 8 18 1 19 2 30 2 8 2 
16 20 8 6 7 10 1 1 1 2 2 9 5 4 6 4 9 9 80 7 16 6 106 1 6 2 1 1 5 3 10 20 55 18 1 2 10 1 3 3 1 7 1 7 7 18 4 4 19 17 1 4 3 2 31 4 10 2 1 1 9 6 9 1 4 3 9 9 14 6 2 2 24 8 5 18 8 1 3 35 6 4 3 3 34 1 1 11 16 1 36 24 3 2 9 5 10 26 7 1 
2 12 3 5 11 6 5 12 5 3 19 15 2 12 5 8 39 1 1 4 1 17 1 9 7 2 1 6 6 2 11 5 1 7 13 1 1 3 4 3 14 2 10 42 7 3 7 5 3 2 3 16 12 23 1 50 4 5 94 3 8 5 3 3 5 21 1 2 12 4 1 1 3 4 7 11 30 63 26 50 2 19 6 9 5 16 1 9 1 6 12 7 24 8 1 2 3 23 1 8 
7 7 11 6 55 11 5 18 1 5 5 1 3 12 7 2 16 5 22 3 2 77 4 6 3 1 30 15 43 3 4 6 2 13 22 5 5 13 25 1 14 3 6 12 2 5 3 3 9 40 9 2 3 4 12 1 2 6 7 1 3 11 37 10 3 7 2 10 1 3 11 2 13 4 12 6 9 10 1 2 3 9 4 1 3 4 17 9 47 6 8 2 3 12 24 6 3 4 48 4 
3 6 9 16 4 11 7 28 14 5 3 4 1 7 1 7 1 9 10 5 1 5 1 71 3 6 22 2 1 16 13 3 2 3 2 36 2 19 2 29 7 5 3 4 7 1 21 1 1 9 9 6 2 22 7 4 3 10 63 5 75 8 3 24 26 11 12 2 8 7 19 16 1 17 3 11 5 12 11 8 31 5 3 4 2 1 1 3 8 2 7 15 2 8 15 8 14 1 7 4 
21 1 1 12 17 4 1 133 7 1 12 6 1 9 45 13 2 3 9 5 6 16 35 31 31 4 2 1 17 5 1 1 3 39 8 1 5 11 1 1 1 5 62 12 17 1 1 3 3 1 5 1 2 19 2 13 5 2 7 33 7 8 3 78 2 13 1 5 1 1 2 13 9 12 5 10 3 5 5 9 4 1 3 2 2 7 4 4 10 5 7 1 1 2 7 8 3 4 5 11 
8 2 3 9 9 6 1 11 3 18 16 12 5 22 4 21 7 1 7 15 4 16 4 3 2 10 3 19 9 2 4 10 1 1 7 2 12 32 14 1 2 13 3 11 1 4 8 3 1 15 20 1 27 11 11 3 2 14 4 2 27 26 17 42 3 1 13 30 7 18 2 24 4 18 4 15 15 1 1 2 2 29 7 3 7 23 49 9 37 12 3 3 2 12 10 11 9 1 6 3 
9 1 8 1 1 10 6 6 1 3 2 3 9 18 4 9 10 8 1 5 84 34 2 1 3 6 12 14 5 25 12 7 2 21 3 2 6 3 21 8 4 5 2 6 19 22 2 8 7 11 3 6 44 21 8 10 5 2 4 10 2 25 9 4 12 14 7 2 5 6 1 12 3 4 10 9 40 4 5 2 1 2 2 11 9 2 10 2 3 27 20 5 59 23 34 9 4 5 8 3 
1 7 2 26 7 4 18 2 5 2 4 12 13 7 23 2 2 10 17 17 14 4 7 3 1 2 6 12 2 27 11 6 1 9 7 1 22 7 2 7 147 1 1 1 1 14 30 46 1 2 19 3 9 10 2 2 1 6 3 10 2 3 2 1 3 16 2 2 4 1 2 3 12 9 17 5 22 8 12 4 7 18 22 3 5 26 1 4 4 6 3 2 15 54 18 3 22 5 5 6 
2 8 1 10 5 5 1 9 20 22 3 97 9 10 2 2 3 9 19 1 5 88 2 10 1 1 8 16 9 2 5 12 1 14 2 8 1 4 12 4 1 6 22 13 16 25 9 15 6 31 28 2 1 8 9 1 1 9 16 10 2 23 6 3 7 8 4 1 2 3 1 17 3 7 1 2 7 22 35 1 2 6 2 6 18 1 10 3 1 2 3 18 11 8 6 8 6 13 47 2 
3 14 11 35 12 1 17 1 5 3 9 1 5 1 5 29 1 55 29 15 14 1 8 3 10 6 24 3 2 23 8 2 3 2 11 9 8 28 34 2 2 19 10 6 1 5 4 17 12 17 4 8 4 1 1 4 11 4 7 3 12 10 1 6 19 4 1 11 2 7 1 14 8 2 7 1 5 10 9 6 5 8 4 6 26 5 1 3 4 11 43 5 2 25 1 35 13 11 5 58 
3 72 25 15 5 10 14 10 6 30 3 28 14 2 1 10 2 4 6 5 4 10 32 5 38 4 9 7 4 31 18 2 1 1 9 3 26 2 5 10 8 7 9 3 24 2 1 4 6 13 2 1 3 20 8 17 21 1 1 11 14 4 3 20 2 4 2 5 2 18 5 3 12 11 13 6 13 20 5 1 10 1 3 2 20 2 12 4 5 25 5 9 5 8 2 5 54 2 8 7 
15 52 1 6 1 5 3 1 4 18 1 3 2 9 4 5 12 10 1 7 18 2 13 2 2 7 14 16 29 3 8 1 2 17 19 4 5 1 4 11 133 8 9 32 8 7 3 8 5 2 1 2 1 1 38 4 2 2 1 20 2 2 6 2 9 5 2 1 9 42 21 11 2 2 9 1 4 25 17 5 23 3 1 22 8 3 7 6 1 11 14 1 5 3 4 32 47 4 1 2 
1 6 6 4 1 31 7 10 11 17 16 2 7 64 1 9 1 2 2 2 5 13 7 17 1 12 4 5 3 3 3 10 21 4 4 6 24 2 41 1 14 1 2 4 2 1 8 3 2 6 6 1 4 94 10 4 1 11 2 4 1 5 9 12 18 5 4 7 35 20 4 9 5 2 2 6 7 2 4 10 4 1 9 1 13 26 1 7 49 35 3 17 3 4 7 20 21 16 24 6 
1 2 9 2 100 4 3 9 27 6 8 34 3 54 2 17 9 9 7 30 19 12 14 6 6 8 26 10 1 16 14 2 1 2 18 3 1 5 1 28 15 20 14 1 2 10 3 1 6 15 1 1 4 6 17 7 2 12 2 2 14 1 1 1 23 1 24 2 5 3 6 3 3 1 18 12 1 3 3 4 2 2 5 11 2 1 1 23 30 4 9 20 12 5 15 3 35 10 3 8 
19 1 27 4 14 2 20 16 1 7 6 5 7 4 8 2 2 9 9 6 48 1 13 6 5 2 3 5 4 1 35 3 4 16 2 10 1 7 12 5 1 10 13 2 2 3 32 7 18 6 9 14 4 8 16 3 3 2 4 4 2 2 22 1 7 10 13 18 20 49 6 4 2 14 2 3 91 10 2 38 8 9 3 45 1 5 1 6 3 2 36 5 3 9 1 2 5 1 18 8 
6 11 63 4 1 1 7 12 20 4 3 2 2 4 6 13 2 5 22 1 8 10 2 6 34 1 1 5 27 42 5 6 13 2 7 7 12 10 16 21 1 2 17 18 2 2 1 13 5 7 16 21 25 7 3 2 26 61 3 1 6 3 1 5 2 9 2 1 1 12 17 50 1 2 9 3 4 4 7 8 3 6 2 7 12 5 4 8 2 19 2 10 1 19 17 1 10 13 41 14 
24 6 1 3 6 5 2 18 1 4 1 13 7 15 1 2 6 2 3 4 7 7 4 12 2 13 14 1 11 9 8 3 12 13 36 15 4 2 4 7 2 1 1 7 25 12 18 4 1 1 48 6 5 10 1 2 3 1 6 9 7 5 6 1 1 17 1 7 15 12 5 4 8 3 1 152 29 35 6 2 5 5 2 13 17 14 11 6 10 7 8 1 16 18 14 26 7 21 2 9 
2 2 25 10 10 5 1 3 4 5 29 9 6 9 4 16 9 5 10 3 2 7 8 20 1 1 1 2 7 2 8 3 2 11 2 11 4 2 3 7 18 1 5 2 3 5 2 4 40 1 2 7 8 9 7 28 14 20 6 1 2 12 4 14 17 11 1 30 11 1 8 4 56 7 2 8 5 23 29 14 4 61 7 2 8 8 5 5 23 32 5 7 6 19 12 40 5 4 6 28 
2 32 2 8 1 32 1 10 5 1 8 2 1 60 6 31 6 9 2 4 9 8 16 6 19 2 3 1 1 42 3 3 22 6 4 1 3 8 10 14 1 4 9 2 8 6 16 10 1 3 2 5 3 2 4 1 8 2 3 99 2 12 11 33 34 36 10 18 2 9 7 1 3 3 5 15 17 14 10 10 8 2 24 6 1 7 4 1 3 1 1 66 1 2 17 3 2 1 4 1 
5 1 2 7 63 3 7 20 7 2 2 2 5 3 7 43 20 2 9 18 2 8 7 1 5 1 16 12 2 1 15 7 1 24 15 5 31 2 2 3 1 12 5 3 8 1 2 18 5 2 44 11 1 3 3 2 2 8 11 14 6 10 4 1 6 24 1 2 48 9 21 4 18 17 14 1 4 10 1 8 13 13 33 5 23 23 2 6 7 11 1 21 9 15 1 5 5 2 50 2 
2 2 10 13 2 8 2 14 2 17 30 13 4 11 2 4 10 9 2 18 7 2 9 2 2 1 13 3 8 26 3 39 13 12 8 2 24 12 12 18 5 2 12 2 7 2 1 6 12 2 5 20 3 3 4 8 2 1 13 7 6 2 9 2 5 14 25 14 5 2 11 5 64 4 9 1 1 5 4 4 6 12 9 5 66 19 25 3 2 2 2 6 2 1 2 6 2 37 92 1 
1 19 25 3 83 23 9 8 2 1 8 7 3 1 3 6 2 45 3 3 1 6 19 5 2 38 61 7 4 6 1 10 1 5 5 1 4 2 2 12 7 7 6 1 2 1 2 6 26 1 5 3 3 11 2 1 1 3 2 12 2 4 9 17 1 3 31 2 15 7 16 64 51 1 2 1 11 2 6 1 17 2 21 3 2 10 10 48 14 9 14 6 3 8 10 21 2 1 3 1 
1 6 1 3 15 29 18 3 3 14 13 9 12 5 19 14 5 4 18 23 2 5 15 15 7 2 5 24 1 4 1 12 14 52 4 5 3 3 8 4 9 2 10 12 43 9 4 7 1 7 3 1 1 13 6 3 6 15 33 3 10 14 2 7 10 17 41 17 9 2 7 7 1 22 12 6 3 31 2 28 8 5 1 37 3 1 18 5 3 21 2 11 5 2 1 27 6 4 1 2 
1 4 3 4 3 12 5 1 14 8 19 8 4 3 12 10 1 36 1 1 10 5 2 7 3 18 5 2 1 6 5 16 6 8 1 1 22 2 7 2 7 9 3 1 126 30 13 2 13 16 9 2 2 4 4 19 10 5 7 1 5 8 3 16 4 1 5 4 1 7 1 1 16 8 2 42 19 12 12 1 3 1 2 3 13 36 2 2 9 3 6 60 2 2 19 7 7 1 83 9 
2 13 5 2 4 16 3 1 4 1 2 5 2 19 1 2 2 12 16 5 2 12 12 5 1 4 4 4 36 3 4 13 2 1 1 9 6 1 38 2 1 14 8 5 1 1 72 46 18 16 2 3 7 5 9 2 2 3 9 3 19 18 10 5 21 6 9 5 9 3 2 14 19 2 11 28 2 1 17 6 2 77 1 1 50 7 16 14 38 4 19 10 3 4 4 5 1 1 23 9 
8 4 8 1 3 2 5 1 7 2 8 5 2 11 12 4 27 4 3 4 5 22 3 8 7 6 14 3 3 1 3 6 9 1 1 3 2 19 1 12 42 3 8 19 5 10 1 14 9 1 1 16 2 25 31 3 11 2 18 5 8 23 10 141 17 5 6 7 5 13 1 13 23 1 1 3 8 30 1 1 2 44 29 4 17 3 1 1 16 4 1 16 3 1 15 9 33 1 3 4 
11 5 4 1 1 2 14 3 3 3 17 1 3 3 7 27 9 8 7 4 3 5 14 31 28 2 24 9 18 7 1 2 3 13 2 24 1 6 2 9 1 8 5 17 8 4 2 1 2 15 1 8 9 1 25 1 18 7 8 23 8 2 6 15 9 7 4 11 27 21 35 1 1 3 1 8 8 3 1 3 5 3 12 60 2 20 20 1 31 47 8 1 33 11 13 4 17 27 9 1 
5 1 11 2 5 12 1 1 8 16 2 2 4 3 8 3 1 2 25 2 125 3 4 4 7 4 12 8 3 5 4 6 3 1 48 6 2 4 4 34 17 2 3 2 24 7 5 12 3 2 15 2 6 1 2 30 7 3 20 8 1 3 30 16 5 11 6 8 4 5 1 7 4 6 14 4 55 5 4 4 7 1 6 28 3 4 2 8 1 17 2 6 9 25 44 1 2 1 43 25 
11 6 5 11 17 1 1 8 26 7 2 19 1 10 2 25 10 7 3 12 11 2 7 2 1 4 2 5 2 17 6 18 2 10 3 27 2 13 7 3 37 7 12 7 3 2 19 3 3 3 5 10 128 3 11 9 32 70 18 5 2 6 2 38 5 7 1 2 4 2 6 11 2 5 3 3 16 15 7 9 4 5 5 8 1 9 5 5 7 18 4 2 6 2 2 20 7 10 10 9 
2 2 14 1 3 6 2 5 63 4 1 5 4 27 1 5 16 1 2 6 3 6 21 11 1 9 5 6 11 3 5 1 6 4 13 2 2 2 1 14 19 8 3 2 10 5 3 3 8 2 2 1 3 3 62 24 16 7 2 2 10 12 12 33 1 2 3 4 59 2 4 11 6 4 8 11 6 9 5 7 9 2 11 22 54 26 3 15 1 8 59 6 2 38 27 2 1 19 2 3 
2 4 7 10 1 10 3 2 4 5 2 1 1 7 11 7 6 6 10 2 5 9 9 5 10 3 2 2 1 1 6 18 30 2 1 49 5 5 15 4 3 9 5 10 9 3 1 1 19 10 7 12 11 18 30 4 35 1 2 10 5 6 39 4 8 11 7 4 8 14 7 38 4 2 44 5 6 3 34 1 16 2 1 4 6 1 7 1 11 6 12 2 15 19 3 16 1 121 3 20 
1 8 10 2 9 29 8 133 3 3 3 5 1 10 2 2 15 4 3 5 1 1 1 3 19 31 134 4 5 4 1 23 3 7 14 8 1 2 4 1 28 1 5 3 1 6 1 3 2 44 37 4 5 6 1 2 1 14 11 2 5 4 7 6 3 4 7 17 13 36 2 1 1 32 8 5 1 9 9 1 24 9 2 3 9 4 8 2 2 2 4 16 8 8 5 1 6 1 2 13 
1 29 25 16 2 5 23 3 7 3 2 20 2 1 3 13 37 7 49 4 4 5 16 1 2 5 2 1 7 10 5 4 11 14 1 20 12 4 4 3 5 5 3 142 6 17 1 2 4 3 29 4 7 6 35 4 8 7 12 2 3 1 22 22 3 16 8 5 10 2 5 2 10 12 18 2 18 2 18 3 7 2 6 5 5 7 3 12 2 4 1 3 2 7 33 11 3 9 8 3 
12 17 27 1 4 1 37 7 1 2 10 3 5 16 6 2 2 1 9 3 9 2 5 6 8 14 7 5 7 2 24 2 4 13 9 22 9 15 12 3 11 2 3 2 5 5 7 27 5 5 11 59 4 31 35 16 1 5 3 3 3 2 7 1 4 23 42 14 4 7 1 3 30 6 13 53 2 2 1 4 36 15 1 2 2 5 3 5 46 3 21 6 9 13 9 3 7 4 2 2 
2 1 13 30 16 12 3 2 9 10 12 11 1 3 43 8 5 2 14 11 18 4 5 7 14 7 7 23 5 5 7 1 3 1 2 3 4 9 31 5 7 2 4 4 7 18 6 6 11 2 20 4 3 27 8 27 14 22 1 8 2 2 26 5 3 5 33 5 2 6 8 15 5 3 10 1 2 13 4 1 148 10 1 13 3 3 11 4 3 6 15 5 9 9 7 1 3 23 2 3 
8 6 13 3 16 2 7 1 3 2 4 6 2 5 2 6 16 3 9 6 8 8 2 1 7 2 6 2 1 1 13 9 4 4 4 1 10 11 2 7 14 14 7 2 10 156 5 2 2 8 1 93 5 11 8 2 3 36 20 5 1 1 19 9 5 7 3 11 1 1 14 3 13 2 50 2 15 8 3 6 43 9 5 4 4 9 7 2 29 13 2 2 1 18 22 13 5 5 1 5 
2 2 6 5 2 3 5 3 31 2 2 13 21 29 18 29 6 2 2 37 15 5 1 6 3 2 11 1 7 9 5 2 1 4 17 2 4 10 7 1 2 1 1 1 15 1 5 6 3 1 2 4 11 49 4 184 5 1 2 2 7 29 29 9 2 8 4 16 2 7 4 1 13 8 31 3 5 2 12 4 14 3 18 4 1 2 1 11 11 17 14 10 2 14 13 3 13 8 5 7 
22 3 2 6 28 32 42 1 5 48 5 2 7 4 2 4 10 17 5 9 1 3 1 1 9 1 5 6 38 8 13 1 9 20 1 12 4 5 3 39 10 4 1 2 3 72 3 1 2 8 22 3 2 8 1 7 4 19 1 6 1 6 47 11 5 29 10 12 8 1 2 5 2 16 8 12 7 6 4 8 1 1 2 1 17 8 5 92 4 7 7 5 1 3 1 9 10 5 3 5 
1 12 8 3 2 16 12 4 11 3 2 1 1 25 20 5 36 2 3 7 1 5 4 6 18 11 7 14 13 3 8 5 1 2 12 20 2 33 2 6 5 1 18 21 5 42 1 5 28 5 5 4 2 15 7 2 1 10 12 5 3 1 11 1 9 9 10 10 5 2 13 3 1 8 1 6 40 14 5 1 4 12 7 101 1 13 6 27 9 4 3 5 9 26 12 1 19 29 3 15 
17 4 2 1 28 7 1 5 2 2 10 4 3 31 48 10 14 1 27 2 6 1 2 2 3 12 10 7 21 5 12 16 20 20 1 14 39 1 3 2 25 3 20 1 11 8 3 5 2 11 4 20 38 5 4 2 4 37 11 15 21 2 3 5 17 6 1 4 5 2 2 5 2 3 5 5 51 48 2 3 8 13 2 1 12 2 6 3 5 24 19 9 18 10 5 7 3 14 1 1 
5 7 14 4 5 4 4 1 11 4 3 3 7 12 7 5 2 9 4 8 1 16 24 7 21 1 7 5 17 6 9 1 7 30 1 2 18 2 2 3 1 12 20 13 2 8 7 10 5 1 7 10 3 1 12 14 5 7 1 4 22 4 111 14 10 3 11 8 2 17 7 2 7 1 121 5 4 1 14 4 4 3 1 6 5 33 11 2 28 22 3 15 6 1 5 3 1 2 26 13 
9 5 5 3 7 2 6 4 17 2 18 1 5 7 4 1 18 4 30 1 10 5 7 1 5 1 1 27 4 8 4 1 7 12 1 21 11 8 2 7 1 18 2 2 7 1 1 27 42 31 2 2 11 3 1 4 5 16 4 11 4 6 8 9 2 1 40 6 19 21 22 3 6 5 2 9 105 30 4 12 1 7 4 10 20 6 2 22 30 2 10 1 8 3 8 48 7 8 1 5 
2 9 25 5 3 5 6 1 12 4 3 6 27 5 93 3 11 23 4 9 51 24 1 3 6 7 9 3 4 1 1 3 9 9 3 1 3 18 5 2 2 4 15 6 4 4 52 2 26 1 16 5 1 20 25 13 11 6 4 1 2 3 20 5 37 8 2 4 1 9 9 1 24 10 3 9 16 13 3 23 55 2 5 10 10 3 1 3 1 1 5 29 5 1 8 8 2 7 4 1 
1 4 26 3 1 1 1 15 6 4 20 10 23 3 1 2 3 3 7 1 1 1 3 120 12 1 26 3 1 20 4 9 13 7 2 2 6 3 28 4 4 16 1 43 42 16 24 6 1 12 2 11 3 21 41 11 7 10 18 3 3 3 4 6 5 2 1 1 12 4 7 2 9 1 2 3 6 7 4 2 7 5 2 5 16 5 2 6 50 49 3 33 2 1 3 8 4 16 4 2 
15 5 3 9 8 3 5 118 1 7 34 5 12 2 3 4 5 27 1 43 29 2 13 7 5 14 10 1 7 11 2 16 6 43 3 1 65 3 5 19 8 1 2 8 2 3 16 6 5 2 3 1 4 5 11 10 4 6 35 10 12 2 3 3 4 1 12 13 27 1 14 1 1 3 17 5 2 16 1 1 2 6 2 9 31 1 4 3 18 1 10 1 4 2 34 3 3 3 1 9 
18 8 1 1 3 1 3 7 7 2 1 12 8 9 2 2 2 1 3 7 25 74 16 6 50 2 3 7 4 4 2 4 5 5 2 9 2 10 4 33 24 29 12 1 3 3 4 1 1 9 38 5 9 10 15 11 5 51 2 9 1 7 22 24 11 9 1 5 12 2 7 4 7 6 2 3 4 2 3 1 2 13 2 105 5 5 13 6 9 5 23 38 2 3 1 4 3 15 4 2 
57 1 3 6 18 6 53 10 5 2 34 2 6 6 5 8 5 7 1 10 13 18 6 13 7 12 7 2 2 1 2 4 6 40 1 1 18 4 5 4 2 23 9 4 3 4 1 8 17 11 1 2 3 8 6 12 17 1 7 1 1 2 14 3 3 15 14 12 1 4 20 5 1 37 8 5 59 6 4 5 1 1 2 5 6 4 40 70 2 3 5 4 5 2 7 1 2 14 23 33 
