6 54 3 72 22 32 2 1 9 2 3 26 33 19 20 3 54 3 6 5 17 27 2 20 16 91 4 13 20 37 -121 9 14 13 33 2 2 -87 11 4 -1979 7 2 2 107 18 75 10 4 14 4 3 1 20 16 7 58 17 460 14 20 16 41 11 53 43 20 11 70 14 7 2 2 1 16 10 2 5 9 83 75 53 1 25 4 10 506 11 9 1 29 1 8 69 7 40 5 52 285 11 
57 -84 2 1 43 1 -1110 5 87 7 20 2 37 5 8 35 8 449 32 -192 2 88 4 1 88 43 12 33 7 16 19 6 10 33 19 4 90 9 2 22 3 11 8 22 33 1 20 12 14 -22 83 53 7 4 10 12 43 12 40 1 15 9 12 1 39 1 1 11 15 6 7 8 60 53 11 36 26 19 27 8 1 13 12 6 6 26 14 5 9 83 6 3 43 2 32 20 12 41 4 9 
-12 1 1 122 5 1 1 19 7 26 88 11 -585 11 71 2 4 31 20 1 -19 5 6 2 5 1 54 31 3 6 2 5 6 3 1 5 7 1 17 18 14 1 4 11 9 68 11 72 19 1 17 2 1 -3 7 7 9 8 55 72 2 5 12 8 3 21 2 2 5 13 91 34 13 45 6 88 29 12 18 3 17 1 33 10 4 3 2 3 7 3 4 47 9 7 6 53 20 -37 6 21 
39 -141 1 13 69 20 19 1 7 11 8 2 14 100 17 24 5 4 14 5 15 16 2 1 4 33 14 3 5 3 2 17 24 21 1 3 2 3 12 5 2 14 16 4 4 45 57 2 1 13 1 20 1 3 10 3 16 -194 29 5 12 2 14 16 12 5 5 24 2 33 1 56 13 76 1 -64 12 10 16 72 2 3 6 8 5 6 6 2 79 7 22 18 14 7 2 13 4 2 4 2 
60 506 16 2 46 -21 1 -1 2 11 105 -357 3 2 -2479 8 1 3 16 70 8 14 21 5 20 33 56 18 1 2 2 1 76 7 796 9 6 458 10 8 5 3 4 20 56 28 180 13 10 14 14 27 167 1 12 63 7 7 29 20 12 142 130 4 5 22 2 3 6 13 8 7 40 20 1 4 5 1 9 2 13 16 1 58 35 7 5 52 5 12 2 83 8 1 8 2 2 5 4 20 
26 42 8 19 41 70 16 20 16 19 1 10 -18 54 72 9 40 2 20 1 7 3 20 2 53 26 10 6 1 14 2 10 3 12 3 1 10 6 17 2 3 5 71 96 76 51 83 43 407 -473 1 36 160 20 20 4 4 26 12 3 83 1 11 4 12 8 9 -2627 506 8 16 40 2 810 1 15 72 172 126 34 53 -7 5 1 18 17 38 1 9 36 9 14 12 33 35 31 6 3 55 4 
1 43 8 1 3 32 19 68 6 33 11 12 18 105 2 2 2 43 10 6 20 4 20 1 1 17 10 32 10 7 12 75 2 11 31 107 -33 14 5 13 14 20 1 17 1 9 -26 96 56 56 5 4 1 13 18 2 33 67 36 27 12 18 9 18 1 8 40 -276 91 47 34 17 -10 58 10 -549 -35 3 52 1 1 58 505 7 25 16 41 2 1 2 -901 1 22 1 41 5 17 12 353 8 
9 53 9 1 7 81 9 14 2 43 1 36 1 17 1 71 6 5 17 1 20 5 10 12 1 3 5 6 4 5 2 4 463 27 3 17 55 5 12 3 7 12 3 28 31 69 88 13 12 1 6 126 2 2 7 6 16 1 18 10 3 56 31 3 18 27 2 -55 7 20 9 1 5 72 55 11 16 7 13 4 -85 1 1 26 3 15 1 18 43 33 33 11 25 17 16 9 51 25 -1138 86 
3 2 4 33 53 12 3 2 71 5 2 56 19 5 45 353 -985 15 20 1 16 19 1 14 3 9 12 46 29 443 1 18 91 33 35 1 -269 42 5 11 1 10 43 9 -251 1 8 11 43 1 24 6 7 7 -30 5 20 9 1 8 91 15 60 3 5 16 43 17 9 2 3 22 28 3 4 10 50 11 5 2 7 6 16 37 1 5 3 72 2 8 20 71 20 3 29 23 9 17 20 20 
10 22 7 1 14 5 4 11 109 1 -904 1 7 20 12 4 10 4 11 20 33 13 11 14 2 6 8 27 119 2 55 88 16 10 6 5 91 2 3 27 1 4 53 8 32 14 6 18 12 1 16 2 22 35 -5 1 1 25 26 16 25 2 1 -61 19 2 -282 5 8 22 11 3 2 11 17 14 2 25 75 2 107 2 2 6 6 6 15 7 11 20 4 33 1 33 42 7 3 516 76 5 
1 6 14 1 4 9 20 54 7 4 5 5 19 -11 12 22 5 74 12 6 1 4 2 11 2 1 -882 15 370 1 4 12 4 4 1 8 3 1 13 12 7 3 10 7 112 20 13 1 43 65 1 6 1 13 2 1 18 1 27 1 21 3 17 2 81 43 17 5 9 1 3 17 112 1 9 11 9 27 5 2 50 3 5 1 10 8 4 6 17 26 47 1 18 3 8 159 1 14 11 5 
2 1 2 18 11 -11 1 1 18 80 11 4 16 4 34 8 53 1 2 20 4 18 34 22 10 75 -270 1 1 171 19 9 451 45 64 -2628 5 6 8 4 5 353 52 33 11 46 4 5 54 2 1 10 82 1 -339 11 40 7 2 29 4 1 33 11 43 3 72 27 6 11 31 1 2 41 20 32 543 11 2 8 1 15 800 12 1 2 20 33 4 13 15 9 41 107 27 1 8 193 1 61 
12 4 35 33 19 20 20 6 5 1 8 90 53 6 1 1 76 1 14 22 3 3 83 14 5 19 3 76 2 27 43 3 43 3 25 107 -174 15 1 1 3 -191 1 39 32 14 -578 37 27 15 18 4 53 26 1 18 20 1 18 49 43 18 2 8 5 4 75 1 1 12 12 18 1 10 9 48 5 26 1 10 19 20 7 5 67 3 43 1 76 36 7 3 2 15 1 7 3 3 22 15 
2 4 -1494 19 2 1 2 12 2 2 6 3 7 10 30 33 26 83 16 9 1 23 31 2 42 35 1 15 14 10 -68 11 18 12 12 34 2 9 2 1 6 131 14 2 3 5 11 4 3 6 6 5 13 6 14 4 2 36 91 6 3 9 6 7 2 55 168 1 7 1 6 3 493 516 71 31 9 1 17 13 17 36 58 14 1 5 7 11 4 4 10 1 4 33 4 4 2 11 2 3 
1 8 2 76 11 42 3 22 16 2 107 7 35 46 1 5 5 2 58 7 1 108 22 90 7 13 12 506 4 18 9 5 2 2 2 8 16 14 2 5 426 13 4 83 16 6 7 -115 5 22 10 20 -235 5 1 5 1 1 19 12 42 10 1 68 16 7 24 6 9 32 1 1 16 1 -2560 1 7 3 33 1 1 4 6 514 3 48 1 76 6 46 16 70 1 10 15 6 2 1 20 827 
69 18 8 8 5 14 22 -1560 20 22 8 42 5 16 31 6 26 17 14 30 -251 5 29 101 10 1 1 12 8 755 35 60 12 60 5 37 1 58 31 14 42 8 1 23 137 13 27 8 4 11 -66 2 4 23 10 3 50 3 8 1 2 16 18 1 360 42 9 2 7 5 6 3 10 2 14 2 5 42 29 16 6 1 4 2 33 1 20 43 11 23 27 20 15 14 5 10 3 12 2 40 
34 39 43 22 7 20 3 36 2 9 8 9 17 14 17 9 -2 2 54 2 8 33 18 71 2 20 1 4 8 6 5 1 43 9 18 1 2 27 33 6 27 2 5 15 10 1 86 17 76 8 26 2 11 11 2 30 2 18 18 36 5 9 4 7 7 2 31 -178 35 1 6 -881 1 12 36 49 2 35 35 8 -9 2 8 6 41 85 20 6 6 14 17 6 46 3 6 4 463 -49 15 20 
1 3 1 3 1 31 4 1 14 1 7 31 174 172 27 12 1 2 3 3 50 64 1 5 6 106 56 -895 1 8 2 6 14 2 1 3 19 11 18 1 14 2 1 9 5 3 1 1 -26 5 27 7 4 22 13 9 58 7 2 17 5 20 20 3 117 9 11 25 71 10 23 33 24 5 35 1 31 20 33 2 72 4 4 60 19 1 48 1 2 10 8 6 2 10 7 1 2 9 72 12 
7 2 43 7 20 9 12 16 16 4 31 9 9 2 4 9 5 2 36 10 18 3 31 17 1 35 2 7 3 7 20 22 9 7 9 2 19 8 27 55 12 20 2 15 5 2 27 7 70 2 1 2 11 6 12 12 3 10 7 33 7 2 2 1 18 10 20 88 11 1 8 14 5 1 12 5 2 -246 6 1 20 11 19 2 5 8 1 8 10 -61 16 11 2 1 9 81 2 51 18 4 
1 4 7 19 2 1 6 91 56 9 29 1 9 55 -22 7 5 32 26 16 2 104 -887 1 1 15 424 20 3 8 7 40 8 13 1 33 10 5 75 33 2 16 1 2 -31 27 1 7 1 7 3 2 53 18 5 8 13 8 27 1 38 1 86 285 1 2 64 5 7 -16 -25 2 72 12 33 2 10 2 13 9 2 1 18 22 -68 9 -198 27 36 19 20 1 4 16 3 2 18 1 12 11 
3 29 12 9 52 5 11 10 1 7 1 11 3 3 1 29 17 16 5 11 1 8 18 5 3 20 75 1 20 9 28 20 2 9 42 12 12 6 2 64 31 3 4 1 1 13 1 13 3 1 8 24 1 4 11 3 7 5 17 1 2 20 8 11 2 14 5 1 -7 4 2 9 14 15 17 11 15 1 12 13 22 1 1 8 2 16 4 9 88 -274 16 3 88 9 18 18 21 18 7 11 
8 1 4 1 2 4 13 88 5 9 42 5 2 49 8 14 5 2 38 -134 1 5 3 41 8 1 2 15 8 1 3 3 47 55 4 7 14 21 17 22 11 4 10 16 33 2 7 7 22 -8 1 2 27 9 53 4 1 513 2 16 17 8 29 25 1 36 1 54 6 11 19 36 17 20 -904 2 47 10 8 16 2 8 1 3 20 6 4 19 70 26 22 5 1 11 28 71 23 31 9 5 
7 8 6 5 2 81 363 5 90 13 297 53 54 11 5 7 9 1 58 5 2 104 1 14 4 1 20 2 6 17 18 34 463 33 1 1 2 5 3 12 1 6 9 2 15 33 9 107 6 6 37 36 5 56 18 -1932 18 9 56 -179 22 20 62 11 4 -31 477 12 2 18 1 88 11 14 53 20 1 9 1 20 17 76 54 5 8 5 69 35 -63 10 4 -281 60 7 12 2 14 7 1 2 
10 12 1 43 12 8 56 7 4 8 9 8 27 25 7 68 8 6 18 9 11 14 2 6 4 25 2 2 11 19 56 6 5 1 7 75 -54 22 10 1 42 -200 12 5 16 6 2 43 91 8 13 20 2 1 17 -676 27 20 322 9 20 20 2 2 40 20 5 19 5 8 12 16 3 5 12 2 9 33 3 2 6 12 2 107 3 33 11 2 6 30 3 14 29 33 4 4 14 2 76 20 
6 55 1 15 40 11 6 9 1 2 18 53 41 18 1 6 8 1 8 3 1 20 42 2 1 46 7 2 91 43 42 5 5 55 86 9 26 1 62 1 2 12 32 11 7 3 5 11 2 43 6 48 11 1 482 -1112 10 12 6 35 -161 7 3 1 54 109 38 4 2 28 1 25 9 14 70 33 1 7 6 6 10 3 27 19 53 1 13 12 12 14 2 19 5 6 2 2 3 57 5 1 
17 1 13 1 31 1 2 81 5 11 10 -14 1 3 99 2 53 8 6 2 2 57 11 -309 2 1 19 80 -8 2 13 2 1 1 74 36 1 2 13 35 4 491 14 22 174 3 3 3 4 4 92 14 38 12 1 3 9 13 1 16 10 519 32 8 16 526 5 10 10 1 27 2 13 15 8 -2225 -61 22 506 13 68 4 1 4 71 16 3 14 4 2 5 7 12 18 2 5 6 1 2 9 
2 8 34 108 35 16 3 19 14 -1 68 18 -41 42 1 4 12 17 5 8 3 1 22 91 1 16 4 2 10 13 33 23 58 32 1 3 4 11 18 5 0 19 42 8 13 7 14 2 9 19 7 14 9 35 19 2 8 3 17 32 53 1 4 1 7 2 3 1 6 22 6 1 20 -21 5 46 -1556 809 1 13 1 175 4 14 3 20 19 29 51 9 8 3 3 35 52 25 1 54 53 15 
20 53 1 7 6 22 1 19 -1495 27 2 20 21 71 2 36 2 25 22 1 3 1 18 1 104 455 3 32 2 2 1 37 72 5 3 2 19 5 4 42 12 2 2 64 20 72 5 7 177 13 132 5 11 21 1 19 3 6 12 4 3 44 1 9 20 -498 6 2 20 32 1 507 8 66 4 16 71 5 7 10 1 116 58 43 7 7 1 15 5 1 1 2 15 13 3 8 8 7 36 57 
23 1 6 11 5 -21 21 6 18 2 1 5 88 88 18 7 40 2 1 5 1 10 2 600 3 8 1 5 3 79 2 1 1 6 31 79 4 9 9 115 8 6 522 7 8 2 45 16 18 9 3 1 2 31 10 15 19 2 1 14 9 6 2 88 3 3 1 5 1 20 14 7 14 18 3 9 42 2 7 11 3 29 3 2 4 20 1 2 17 9 2 9 -1906 42 6 1 9 5 437 5 
59 5 22 89 7 6 2 54 2 53 18 15 55 8 4 103 1 258 97 5 13 40 4 10 6 6 8 1 12 83 5 -89 6 21 470 1 3 20 2 5 2 29 56 11 20 12 6 3 2 9 1 1 38 22 7 1 2 2 51 18 160 12 1 5 -1950 9 71 14 6 20 18 27 55 543 1 6 7 12 8 2 2 3 6 15 -369 14 20 36 -19 9 337 20 69 2 2 20 1 9 8 5 
-5 7 17 9 4 13 15 7 8 8 3 10 18 71 19 12 20 25 1 20 2 2 6 7 19 10 1 2 7 33 26 -329 7 2 4 12 88 4 107 6 1 9 5 -164 15 25 4 41 7 11 6 2 39 2 5 9 10 11 11 88 7 17 7 3 71 2 16 75 18 6 8 3 20 3 11 11 9 13 10 6 20 12 5 -107 17 43 1 6 8 12 97 42 35 2 5 25 1 2 1 22 
9 4 2 9 107 6 56 22 107 8 20 86 12 6 2 5 12 6 516 4 1 2 4 4 6 1 2 812 1 20 18 1 5 31 59 12 9 8 1 -2003 3 11 18 1 11 116 495 8 1 27 4 17 1 7 15 16 188 2 11 7 7 5 4 2 4 2 7 -7 2 1 11 16 4 7 7 8 32 11 5 73 9 2 6 46 16 3 25 17 3 8 43 -469 16 28 53 20 12 2 4 3 
33 20 1 1 10 13 -31 7 2 2 55 1 16 33 12 6 7 2 75 9 31 -51 13 33 2 7 -234 35 12 37 5 4 50 5 1 6 5 62 5 1 25 2 10 8 3 20 6 21 11 104 5 6 2 14 1 -44 2 3 18 18 18 2 20 8 1 1 17 29 13 2 27 15 4 1 1 3 4 8 67 11 5 3 7 19 19 14 18 4 1 33 7 2 6 5 5 11 3 16 13 19 
12 16 1 1 2 33 25 -452 25 4 3 293 14 5 17 20 1 13 9 57 236 1 25 26 9 7 52 3 1 20 5 19 8 4 9 1 71 1 116 13 33 12 16 3 8 54 25 40 2 456 8 52 86 39 9 17 1 20 4 15 1 5 8 -1815 12 35 20 91 5 1 29 21 9 1 12 427 132 17 7 7 38 1 69 4 5 53 1 1 2 10 34 12 1 2 1 3 4 31 72 5 
2 1 11 -776 44 12 31 3 1 57 18 12 53 51 1 1 4 558 18 1 1 1 53 1 8 12 22 17 4 10 8 9 4 2 9 4 2 7 9 1 4 4 15 3 3 1 1 2 1 1 14 3 13 6 1 2 14 19 4 11 3 21 12 72 8 11 2 5 1 11 51 12 17 1 2 17 14 7 11 2 27 7 5 1 13 6 5 2 42 16 2 12 15 105 4 4 35 1 5 4 
1 18 16 3 38 40 5 1 12 -324 2 20 88 1 4 5 2 9 17 75 9 81 77 2 17 3 -135 51 10 1 5 4 19 12 6 1 3 7 8 2 14 104 25 14 2 2 16 18 2 5 53 3 15 3 17 2 1 86 5 20 34 1 2 20 41 3 10 5 33 8 3 1 1 11 71 5 -94 1 5 1 2 6 11 5 1 7 9 10 22 2 34 23 19 1 17 18 1 2 20 5 
20 20 105 16 4 38 38 11 7 14 2 44 27 -118 34 3 7 -266 -34 1 43 6 5 437 5 11 53 2 39 5 97 11 5 8 10 506 53 2 58 6 102 6 13 18 15 4 9 13 20 2 3 88 10 2 17 9 1 7 2 4 8 75 25 6 1 2 1 14 9 50 9 -27 2 4 -1323 42 9 22 28 35 7 11 1 1 17 43 2 18 8 18 89 1 1 15 5 3 6 1 6 75 
5 7 12 1 89 18 3 20 12 5 2 88 2 50 1 33 6 7 1 13 23 88 3 14 69 19 -165 36 53 -61 7 56 5 5 19 1 81 9 65 5 27 7 -1886 18 216 6 4 6 23 72 22 12 2 22 2 26 3 10 4 9 1 18 6 6 10 2 2 18 6 111 6 51 2 2 2 2 5 11 20 2 9 4 2 81 6 2 127 5 33 860 24 54 42 54 18 1 11 52 6 14 
3 33 1 16 506 128 45 13 5 517 107 15 41 78 54 11 34 9 2 2 11 5 441 16 31 3 6 6 7 17 3 7 39 -14 5 40 2 1 16 113 3 9 4 9 64 50 7 13 1 2 56 2 13 10 8 6 1 9 3 17 1 5 1 11 20 4 1 562 6 -213 5 39 1 3 6 2 3 10 1 13 6 9 10 8 1 7 3 29 3 -2459 4 1 128 35 50 2 13 3 2 2 
9 9 1 51 16 1 522 26 2 5 40 1 -448 -1239 19 2 10 53 8 -24 3 19 5 1 82 12 352 9 72 91 1 14 13 83 1 9 15 22 58 5 -134 3 52 17 9 56 -33 1 3 154 1 55 10 2 22 76 12 8 8 15 -283 20 12 5 1 71 132 19 5 6 20 14 3 12 -9 9 35 9 24 33 66 2 2 4 8 14 26 3 11 17 40 40 57 1 20 42 34 107 12 88 
16 1 107 13 5 9 52 16 2 414 787 16 4 1 18 20 2 6 5 2 29 7 11 7 16 5 18 9 5 12 24 10 1 2 3 46 55 17 6 4 3 10 9 107 16 6 -314 92 1 1 56 3 111 2 2 99 27 16 8 1 2 57 91 13 33 38 24 43 1 2 7 2 5 7 11 13 39 2 298 6 9 -2113 8 20 14 40 6 22 4 25 33 7 91 7 71 1 3 5 3 11 
3 8 450 423 132 70 2 3 2 7 1 41 55 12 19 -470 5 -1750 14 29 4 18 11 7 19 89 2 71 2 33 1 13 40 6 33 33 5 6 -95 2 14 10 4 7 54 1 53 17 2 3 10 5 6 62 10 3 49 5 3 2 29 333 4 1 9 6 9 53 3 67 6 14 2 7 5 9 1 72 7 9 2 8 70 15 13 16 3 3 20 80 2 7 7 17 1 402 3 7 1 1 
14 91 4 36 6 4 16 7 1 7 4 1 2 2 5 29 33 1 1 6 2 25 53 2 2 6 2 15 19 10 13 4 7 6 1 17 9 21 31 57 11 3 36 4 5 1 9 27 18 16 1 16 1 31 1 8 20 12 26 1 19 1 4 45 19 5 2 7 10 10 1 68 13 39 14 11 12 8 -39 22 13 1 65 72 13 1 17 6 22 3 -346 1 11 2 2 4 4 6 11 2 
1 5 1 1 7 41 3 6 72 107 1 16 22 2 34 43 18 1 18 14 12 1 1 5 293 5 506 52 35 17 21 25 6 2 6 8 9 71 516 53 55 67 2 21 2 8 16 10 2 33 3 90 -372 27 2 8 6 6 5 2 20 17 1 3 38 6 4 1 10 2 7 2 5 92 63 40 8 9 15 5 1 25 -122 2 3 27 -1594 33 46 4 36 7 33 36 5 17 19 1 21 2 
-46 5 14 11 27 22 54 33 3 25 6 1 1 3 12 33 56 40 33 43 81 72 36 91 27 33 14 -191 33 2 6 2 68 82 18 1 1 53 5 3 27 20 1 -122 7 18 35 10 8 15 13 6 76 33 32 3 15 2 10 17 42 11 27 46 446 8 3 19 14 3 18 20 76 9 4 14 20 54 75 13 122 6 3 1 32 71 10 20 506 10 2 15 10 19 -134 -31 6 13 -1660 18 
33 1 2 4 75 14 5 44 9 4 1 1 3 2 20 11 13 2 11 6 10 9 2 1 19 6 4 100 22 13 29 13 11 41 29 27 -85 1 8 20 56 7 91 4 6 33 3 16 1 6 3 348 64 1 17 6 5 16 2 2 7 2 19 2 54 10 4 5 8 30 19 13 40 4 1 -17 6 6 34 2 3 5 2 3 5 320 15 1 20 9 71 1 11 -1036 27 33 3 8 19 3 
16 20 5 33 8 9 18 14 13 8 16 5 2 9 7 11 1 1 16 43 29 26 11 10 34 9 3 71 20 3 18 2 4 6 7 8 33 2 10 2 53 4 9 14 10 15 2 3 11 31 64 4 4 2 29 59 1 88 2 1 1 2 17 4 10 12 1 20 10 3 -275 15 15 16 6 9 32 11 18 19 9 1 8 5 2 41 2 41 1 1 2 5 -95 1 2 4 3 42 5 5 
1 7 11 14 1 11 16 3 1 1 13 46 27 51 14 8 22 9 40 1 7 -383 3 20 7 1 75 54 2 12 2 1 16 14 1 8 12 6 1 11 8 11 18 20 14 16 7 65 19 14 83 5 17 2 3 18 2 10 22 2 13 17 34 58 25 8 3 12 12 16 5 33 35 10 5 -18 16 88 42 38 10 -231 17 21 1 50 10 14 20 28 1 27 1 18 1 2 19 8 3 5 
6 4 59 5 11 4 27 7 16 2 1 2 71 1 2 506 6 3 13 8 65 11 6 6 54 29 15 6 6 5 10 34 2 6 19 10 -90 1 8 33 9 33 91 9 20 35 6 28 2 5 2 53 7 9 8 10 45 68 69 5 -74 31 10 2 5 3 33 6 4 2 18 5 14 2 1 5 7 19 13 11 8 -815 34 14 1 5 1 11 -32 -44 2 6 5 1 98 25 6 5 43 5 
3 69 6 3 4 18 16 37 9 2 7 18 18 476 9 16 1 9 9 1 22 1 5 4 42 25 12 34 1 6 20 3 -767 8 24 5 42 6 2 6 38 7 9 20 4 49 56 3 5 5 11 13 13 5 -120 6 2 1 20 3 3 26 4 -3 18 1 46 12 71 67 5 18 5 3 75 -51 4 2 15 20 4 5 2 4 12 27 1 6 7 2 13 13 7 12 9 53 27 36 36 1 
85 80 1 3 10 8 56 1 8 2 50 6 19 20 6 1 5 19 21 1 6 20 11 3 6 3 10 3 2 6 14 12 6 2 12 2 2 -131 5 1 2 33 2 9 2 5 6 19 56 3 20 21 27 22 2 20 6 35 5 15 1 70 6 29 33 55 17 1 33 2 1 8 6 1 3 2 2 6 3 13 -177 3 12 18 6 5 11 26 36 -44 4 1 1 9 6 13 55 9 1 6 
9 -34 40 18 83 5 3 6 62 1 17 -1779 42 3 56 17 55 1 83 20 17 42 8 1 3 9 6 8 1 3 16 5 9 1 6 2 1 11 18 1 3 27 1 16 36 13 14 47 6 8 8 2 91 1 4 10 1 5 506 5 1 3 2 3 18 2 33 5 7 16 5 3 33 9 2 1 7 46 2 21 11 399 12 460 3 31 6 19 10 7 14 17 51 6 7 3 19 4 4 18 
36 57 72 13 2 4 55 1 42 5 35 2 2 -2150 1 10 9 1 18 4 12 97 9 17 54 5 42 20 18 5 21 6 11 -493 2 15 -35 3 7 15 76 10 12 34 1 14 72 18 25 80 6 5 31 88 9 67 8 27 102 422 8 44 10 33 56 22 149 13 6 1 2 3 36 2 116 5 40 16 1 10 71 10 3 26 19 482 3 8 -36 5 506 8 50 1 19 9 72 0 12 2 
81 20 48 10 19 20 1 9 1 2 2 9 5 4 6 14 9 9 856 23 18 12 77 1 6 2 1 1 17 3 64 20 18 35 1 29 -1928 1 3 88 1 36 20 6 23 58 8 10 26 17 1 12 21 2 53 4 19 2 1 1 9 14 12 10 4 17 36 9 18 6 4 2 500 13 5 18 9 1 9 35 6 4 3 3 33 1 1 11 36 7 79 24 3 11 12 5 19 53 7 13 
3 48 3 5 54 6 5 31 5 25 28 15 2 56 5 9 50 1 1 17 1 17 1 107 17 85 1 6 6 2 22 10 1 56 20 1 1 3 11 3 69 2 75 56 15 3 7 17 3 2 3 16 12 27 6 29 4 6 -1126 365 8 8 3 3 5 33 1 2 -11 5 1 1 8 4 11 76 73 81 46 65 2 19 6 9 10 20 1 9 29 6 28 7 -35 17 19 2 3 85 1 8 
75 7 11 6 -1646 33 42 53 1 10 10 1 20 60 25 2 20 53 29 3 4 503 4 6 3 1 -23 48 16 18 56 12 2 13 22 5 11 36 36 1 29 3 23 41 20 5 3 3 10 58 9 16 19 12 12 16 2 6 43 1 3 11 80 33 3 7 2 83 1 16 16 2 18 37 12 55 9 407 1 16 17 161 12 1 10 4 168 10 103 6 12 4 15 -467 95 25 14 4 58 16 
107 22 9 16 54 27 7 517 14 5 5 4 1 13 1 7 1 9 21 5 1 5 1 -537 3 6 46 2 1 16 19 4 2 3 2 54 2 19 2 494 10 63 3 4 27 1 82 1 1 9 9 6 2 65 7 4 -20 10 -1387 10 79 53 3 26 34 14 12 2 13 7 19 33 1 53 3 22 16 12 353 50 53 21 15 74 5 1 1 38 8 6 69 -126 35 43 18 8 17 1 7 4 
33 1 1 12 31 4 1 207 36 1 14 6 1 9 488 -1817 2 5 15 5 6 18 71 85 81 11 2 1 31 5 1 1 5 -3 8 1 5 27 6 1 1 5 131 20 17 1 6 3 3 1 63 1 2 19 2 33 5 2 7 31 7 8 3 326 3 13 12 42 1 18 10 31 9 12 18 430 3 7 20 9 11 41 3 14 3 40 4 4 10 10 25 1 1 8 27 12 8 4 5 16 
11 2 20 9 9 10 20 54 20 25 69 60 5 39 11 33 19 1 75 18 7 25 75 55 -126 329 562 -2905 9 7 4 18 1 1 11 13 22 -201 16 19 2 13 18 107 1 4 33 3 1 20 40 1 60 54 14 107 16 55 13 2 562 72 18 51 14 1 16 54 7 520 2 57 11 20 11 -58 53 1 1 20 2 -79 26 11 7 69 40 9 269 56 16 8 2 19 22 14 39 1 6 14 
9 1 16 1 1 33 9 6 1 4 53 11 9 497 56 11 17 8 4 5 347 34 2 15 11 18 12 15 5 25 15 7 9 42 3 33 6 40 45 17 29 5 2 6 88 71 8 14 55 16 3 14 -1761 43 8 10 5 2 4 35 2 54 10 8 18 14 7 8 5 18 16 20 3 4 12 19 40 4 5 2 1 2 2 11 10 14 76 2 3 73 20 15 -68 405 11 9 4 5 12 14 
1 40 2 32 7 4 18 2 8 2 63 12 13 29 25 2 2 10 18 20 91 4 7 6 3 2 6 16 2 30 11 56 1 11 7 18 27 7 2 7 -156 1 1 1 1 14 -7 46 1 2 20 3 9 10 2 25 1 6 6 83 2 3 2 1 3 -136 2 70 4 1 -14 3 12 36 55 5 42 8 12 4 7 18 -186 6 33 31 1 20 4 6 3 2 14 71 25 3 22 92 14 6 
10 19 1 20 5 5 1 9 -1409 38 3 563 116 10 2 2 5 21 88 1 5 -239 56 7 8 1 11 16 29 -5 5 20 1 18 14 8 1 4 12 4 15 6 54 41 16 54 9 15 56 28 80 2 3 8 9 1 55 9 16 10 3 106 6 3 7 8 4 1 5 18 1 33 5 54 1 2 7 54 -22 1 2 5 5 6 32 1 49 3 1 2 11 18 11 -51 513 8 37 20 55 2 
3 506 32 63 12 1 17 1 5 3 6 5 5 1 28 60 1 58 83 -22 815 1 16 3 10 6 53 13 2 77 91 2 3 2 19 9 16 57 56 2 2 19 15 13 1 22 11 33 15 17 29 8 13 1 1 15 91 4 7 3 12 10 1 6 111 4 1 53 2 43 1 14 16 2 7 1 9 15 9 6 5 15 4 20 29 8 1 3 4 11 253 21 8 36 1 35 33 16 5 -2272 
3 233 -22 15 506 83 27 12 6 39 3 33 20 9 58 10 5 4 13 5 4 72 32 5 -2524 25 152 7 43 836 -201 13 1 1 11 17 58 53 5 36 17 20 36 8 57 20 1 4 15 13 2 1 3 53 22 70 21 1 1 -59 16 4 3 20 2 -217 16 5 16 20 83 27 12 54 17 14 13 20 5 1 10 1 3 2 107 13 12 11 53 435 10 11 14 14 75 5 58 2 9 10 
16 39 1 9 16 5 22 1 22 22 1 4 2 9 4 5 13 31 1 21 45 18 53 2 5 9 14 16 67 18 36 1 2 17 19 4 21 1 10 116 -1455 8 11 52 17 7 13 8 5 353 1 2 1 1 -694 8 2 2 1 -17 12 2 89 2 10 5 2 1 9 37 25 91 2 2 16 1 40 43 506 9 545 107 13 -19 55 3 43 107 17 11 51 8 8 5 4 34 31 17 1 11 
15 12 7 22 7 53 54 35 20 34 18 5 7 -667 1 11 1 2 20 20 9 331 7 26 14 12 42 8 5 3 3 19 502 15 4 12 339 2 25 -9 15 1 33 4 14 13 8 3 13 6 15 1 4 -2167 33 4 8 11 2 4 1 12 9 107 -6 5 -147 7 81 20 11 11 8 4 2 19 9 11 83 44 9 1 9 1 17 444 1 13 817 43 3 64 3 27 7 21 37 20 78 23 
1 4 9 16 -19 4 -17 9 75 12 8 50 5 379 2 17 9 21 11 -2105 22 12 35 10 18 13 26 42 1 18 14 2 8 2 18 18 1 33 1 107 34 53 14 1 6 48 3 1 6 19 1 1 4 6 45 54 2 12 2 2 33 1 20 1 26 20 33 2 5 3 8 3 3 1 71 20 1 19 17 4 4 2 5 11 2 1 1 33 57 13 4 768 21 5 15 3 503 31 10 14 
53 1 130 4 14 2 20 26 9 7 9 30 20 20 17 2 2 16 10 6 83 1 26 6 8 2 3 53 42 1 35 3 63 -2372 2 10 1 20 43 5 1 10 13 7 2 3 522 7 20 14 33 72 4 27 36 3 18 2 4 18 16 2 -306 1 31 -36 19 53 -93 342 6 91 6 14 2 3 394 33 8 29 8 17 3 411 1 31 1 20 13 2 61 20 506 13 1 2 5 1 -13 33 
31 12 69 -356 8 1 7 12 20 4 14 2 2 4 12 19 2 5 83 1 27 33 31 6 344 8 1 42 -85 45 5 6 13 2 7 8 -132 10 16 33 8 2 55 20 2 2 1 13 52 7 16 43 88 29 -13 20 53 -1225 18 1 6 3 1 16 33 9 2 7 1 39 33 367 1 2 9 27 11 4 15 19 3 8 2 7 76 5 4 17 2 25 73 9 9 19 483 1 11 17 46 14 
26 6 1 3 9 20 7 40 1 4 1 16 17 30 1 2 6 2 3 11 7 7 29 15 2 20 15 16 -5 9 8 3 12 33 -182 15 4 2 4 12 20 1 1 69 54 12 18 9 8 1 12 11 5 12 20 2 10 1 6 11 7 10 20 1 1 29 1 7 15 -1839 5 17 19 16 1 586 65 483 20 5 5 33 463 19 61 14 11 6 33 25 8 1 20 54 14 34 54 43 2 116 
2 9 60 43 72 -2 1 3 5 33 75 9 11 9 4 16 33 7 10 21 2 7 37 27 1 5 11 12 9 2 53 6 506 18 2 11 18 12 3 11 36 1 21 10 6 5 7 29 -2210 1 6 10 8 20 15 33 14 20 12 1 21 12 4 42 17 14 1 32 20 5 1 5 -126 14 2 8 5 232 468 14 11 125 40 2 9 10 12 11 27 167 5 17 456 19 33 32 5 -31 6 34 
2 24 2 19 1 99 1 53 16 1 8 2 1 90 6 53 6 9 55 17 41 14 20 35 20 2 9 1 1 41 3 10 43 35 13 11 3 20 17 86 1 18 18 2 7 6 88 10 1 3 2 5 3 88 4 1 10 2 3 206 2 -27 11 168 -15 -1448 11 18 10 33 28 1 3 87 5 15 83 20 17 10 33 5 89 6 4 7 4 1 6 1 5 324 1 18 40 17 32 1 5 1 
5 1 2 10 107 3 7 20 29 2 2 2 5 17 42 88 516 7 10 18 2 11 7 1 6 1 60 12 2 1 15 7 1 -220 31 33 506 2 33 43 1 20 10 13 12 1 2 46 5 46 15 41 1 12 6 2 33 8 415 28 6 17 10 1 6 107 5 2 63 9 38 12 29 46 14 1 9 76 1 8 19 18 76 12 -141 26 13 10 7 11 1 33 9 35 1 23 6 2 -1787 2 
11 2 72 54 2 61 2 17 47 17 90 48 4 91 2 4 64 11 2 18 9 2 14 2 2 1 18 3 40 9 3 71 18 44 27 2 32 12 20 40 5 2 12 2 50 2 1 9 35 18 5 20 3 172 4 8 2 1 13 56 6 2 52 2 5 18 132 14 5 2 19 12 -2354 91 351 7 3 16 4 4 5 12 9 5 560 10 36 6 9 2 2 504 4 1 5 13 2 13 2 1 
1 25 34 91 -47 23 20 8 2 1 8 9 3 1 3 6 2 72 3 3 1 18 19 5 2 58 -775 7 4 6 1 10 1 16 112 1 8 2 2 33 7 7 6 1 2 1 2 6 26 1 5 3 36 11 2 1 1 3 19 15 2 4 11 17 1 3 31 2 31 7 16 -3 35 1 2 1 11 2 19 1 523 83 34 3 21 10 10 48 14 18 33 6 3 8 10 21 2 1 3 1 
1 6 1 4 58 75 175 18 3 23 14 12 13 5 91 152 5 54 54 33 2 5 31 -2265 17 10 70 442 1 7 1 19 14 -253 4 46 17 3 8 8 20 2 56 17 779 11 29 59 14 7 3 40 6 46 6 3 16 15 53 10 10 17 2 7 19 48 97 22 17 2 43 9 1 40 12 22 12 -74 2 83 17 6 13 50 16 1 88 10 3 54 2 72 5 2 1 60 6 4 1 22 
5 5 3 4 3 39 5 1 14 33 69 31 69 3 12 33 1 56 1 1 10 5 2 16 381 18 5 2 1 6 5 46 15 14 1 1 53 42 13 2 71 9 3 1 -383 30 19 19 51 -55 9 2 2 20 26 18 43 5 16 1 7 44 3 23 4 1 5 4 1 7 1 5 107 8 2 52 31 30 20 1 9 1 2 3 28 85 2 2 9 12 11 70 2 17 19 7 75 18 -670 9 
2 13 5 11 4 16 5 4 11 1 2 14 17 22 1 10 91 12 41 0 5 21 44 5 1 4 4 4 837 13 4 20 2 6 1 9 20 1 59 18 1 14 22 26 1 8 149 -1623 18 54 22 3 7 21 14 2 56 3 60 7 26 54 31 5 -19 6 11 5 31 3 5 16 20 1 11 58 2 1 60 6 4 -101 1 20 76 39 18 33 82 4 126 10 3 -56 22 5 55 1 91 9 
8 20 11 1 3 2 8 1 7 20 31 5 6 12 82 11 56 4 3 20 5 22 8 8 20 6 107 3 14 1 3 6 10 1 1 87 2 25 1 10 -276 3 8 91 11 10 1 17 9 10 1 20 2 28 33 4 353 2 18 5 8 40 10 -498 17 0 20 7 5 19 1 13 31 1 20 3 8 19 1 1 2 60 83 4 17 7 12 1 20 4 1 16 3 1 9 -11 33 1 3 7 
56 17 5 10 1 7 799 9 3 5 33 7 3 14 16 52 71 8 26 -1 3 5 -76 83 -35 2 59 9 19 15 1 5 5 17 2 12 5 69 3 9 8 22 5 17 8 13 6 1 2 53 1 15 9 1 91 1 53 19 8 23 33 7 6 24 107 7 18 506 -29 21 53 1 1 3 4 8 -51 3 1 7 7 3 18 307 42 -3 71 1 34 -42 8 1 76 11 -2132 65 17 67 9 1 
5 1 11 2 5 35 1 12 13 18 18 5 10 3 16 5 1 20 54 2 -1394 7 4 4 7 12 15 25 16 9 25 10 33 1 73 6 91 7 4 41 27 19 3 2 107 43 6 12 3 16 15 2 6 1 2 19 7 3 56 13 1 3 40 20 9 11 11 19 4 5 1 489 12 6 14 4 -139 5 4 54 505 1 12 56 5 4 2 8 1 19 2 10 21 68 81 1 2 1 -2 35 
-28 6 5 11 29 1 1 8 40 17 2 19 1 10 5 25 17 43 3 35 32 4 14 2 1 4 2 23 2 24 9 18 2 10 3 70 2 56 7 10 22 7 14 62 8 18 71 9 8 10 53 17 366 18 29 9 3 -84 18 13 2 17 2 101 10 15 1 2 4 14 7 19 2 5 17 6 18 51 10 9 4 5 5 -738 17 9 5 5 10 20 4 2 6 53 7 20 7 10 10 11 
25 2 25 1 3 6 2 5 63 25 1 11 5 27 1 8 53 1 2 6 3 6 54 79 5 19 14 11 11 12 22 1 353 7 13 2 2 2 1 14 19 8 11 2 10 5 25 3 9 2 2 1 8 3 -397 831 20 7 2 2 10 17 12 61 5 2 18 -11 -1989 2 5 49 6 4 9 20 6 12 5 12 99 3 11 505 125 34 3 18 1 8 414 6 2 38 44 2 1 -59 2 12 
2 4 7 10 1 10 3 2 4 5 -59 1 7 7 11 27 75 17 28 18 5 9 9 22 10 3 18 2 1 1 6 24 41 2 1 -244 5 5 55 12 9 -7 5 10 12 3 1 1 20 10 12 12 22 65 83 4 -21 1 16 10 5 6 132 15 8 11 7 4 8 16 7 42 4 2 67 5 7 37 107 1 16 2 1 4 6 1 7 1 11 6 27 2 15 62 5 20 1 -220 87 20 
1 8 10 2 25 29 8 -225 3 9 3 5 1 10 2 14 19 4 3 31 1 1 1 17 19 36 159 4 18 4 1 26 3 12 14 10 7 25 4 1 37 1 6 3 1 6 1 3 2 43 68 10 5 6 1 2 1 88 13 2 14 4 9 6 10 12 -1 19 16 36 20 1 1 36 13 5 1 9 29 9 20 9 2 3 9 4 10 2 2 2 4 16 8 8 5 1 6 1 2 13 
1 88 47 11 2 5 45 5 10 3 2 20 2 1 9 16 83 5 -65 4 9 5 70 11 34 9 9 1 7 12 5 20 29 17 1 22 12 25 17 3 5 5 3 -257 6 17 13 2 4 3 36 4 -80 6 53 20 14 13 12 2 9 1 22 -6 3 16 11 5 10 2 8 2 19 12 42 2 18 27 71 3 15 2 6 14 16 7 3 12 2 4 19 3 2 27 54 16 3 14 8 3 
75 55 -7 1 4 1 52 11 14 2 10 3 5 50 6 20 83 1 9 5 16 18 5 23 8 91 20 5 20 2 51 53 33 -7 10 35 9 15 13 3 351 2 17 2 5 5 7 5 5 -78 88 336 -131 85 67 -1575 1 31 17 3 3 3 27 1 9 33 46 14 4 54 14 3 86 6 20 379 3 2 1 29 469 15 1 5 17 5 6 20 124 10 -589 9 20 19 10 5 31 4 2 14 
2 1 34 72 23 12 3 2 9 13 23 14 1 6 48 8 16 2 105 20 30 4 54 34 14 7 75 83 162 92 26 1 6 1 2 27 4 9 32 9 7 2 22 4 7 -43 13 12 12 2 34 141 17 36 20 65 17 -286 12 13 2 16 -2146 5 3 6 555 33 20 6 53 15 71 15 33 54 2 18 4 1 763 10 6 -34 9 58 16 4 3 27 58 13 20 11 35 1 3 33 2 3 
9 6 13 3 16 2 7 4 18 2 6 14 9 5 2 25 16 5 11 6 24 18 11 1 20 2 37 20 7 1 13 33 4 4 9 1 17 19 2 10 53 104 10 2 10 -156 5 11 38 8 6 -224 5 16 8 2 9 29 20 10 1 1 25 9 5 7 3 20 1 1 20 4 22 2 54 2 55 8 3 6 43 27 5 26 4 13 7 2 54 26 2 5 1 71 22 13 20 5 1 6 
11 19 11 5 2 16 5 15 -11 2 25 17 43 346 42 88 8 2 8 62 66 10 3 8 10 2 16 1 13 14 55 2 1 17 29 18 4 33 7 1 2 1 1 1 8 1 13 6 3 1 2 4 21 54 20 -682 5 1 21 3 15 -4 29 9 2 8 4 16 2 76 4 1 13 8 31 3 10 2 12 4 14 3 18 6 1 2 1 11 36 18 22 11 2 20 13 6 20 27 5 7 
46 9 2 6 33 32 80 1 16 58 5 2 7 4 2 9 10 27 171 9 19 3 1 1 17 179 5 6 151 -986 35 1 12 42 1 19 4 5 6 -49 13 10 1 16 3 248 3 1 2 12 76 3 2 9 1 7 21 19 1 14 1 30 50 16 5 54 12 12 13 1 2 5 2 16 41 20 36 6 4 8 1 1 2 21 30 13 5 -82 4 7 7 5 19 45 1 9 19 5 3 88 
1 35 8 15 16 20 15 4 106 14 88 1 1 132 20 5 50 2 88 12 6 6 4 14 18 12 7 14 -15 3 18 5 1 2 23 9 9 36 2 6 17 1 18 -303 8 67 1 17 812 49 5 4 2 122 29 4 1 10 17 8 34 1 11 1 9 9 10 16 5 4 54 27 1 8 12 91 57 88 10 1 4 28 7 -1521 1 67 6 7 9 6 3 5 60 36 12 1 31 49 3 35 
27 75 2 1 176 7 1 14 5 2 12 6 8 62 58 22 14 1 27 8 7 1 2 2 63 15 32 11 56 20 35 44 20 34 5 54 853 7 17 2 -2063 8 20 1 25 71 3 9 2 353 75 20 80 6 4 17 46 72 11 45 -55 4 15 112 20 6 1 4 5 2 2 14 2 3 17 5 67 440 10 72 8 13 2 1 53 2 9 3 8 107 19 16 -722 57 17 7 3 36 1 1 
11 16 14 4 9 11 6 1 12 8 3 17 7 17 21 5 21 33 4 33 1 16 1 11 28 1 7 6 17 6 9 1 7 72 1 2 42 3 2 3 1 12 20 17 2 8 29 11 5 1 17 10 6 1 29 88 6 7 12 4 55 6 -339 18 63 3 25 8 2 55 -85 2 7 6 7 10 19 5 14 18 5 3 1 6 5 33 11 17 46 51 27 31 6 6 5 7 11 2 83 -30 
36 5 5 3 7 83 31 4 25 2 21 1 6 43 4 1 46 4 61 6 10 5 20 1 5 1 19 -30 4 10 -37 1 7 45 1 46 11 9 2 7 1 19 2 2 13 1 6 88 380 53 2 2 9 3 11 12 5 18 4 20 5 6 8 9 2 1 56 837 24 87 22 10 6 33 2 9 2 76 4 29 1 12 4 29 20 8 46 62 -1786 31 10 1 27 3 8 85 7 8 1 13 
3 11 58 5 17 64 11 1 30 6 9 12 -203 5 503 14 14 42 4 27 19 33 1 4 11 -2194 36 12 5 1 1 3 17 9 3 1 13 18 12 2 6 83 66 3 4 4 79 2 82 7 88 17 1 20 0 13 35 6 4 1 2 6 20 13 324 26 2 4 1 9 21 4 33 4 3 36 60 20 4 811 70 2 19 10 107 -8 1 3 1 1 21 72 29 7 14 22 15 19 30 1 
1 4 33 39 1 1 171 20 6 4 20 13 88 3 1 4 6 6 8 1 1 1 10 160 12 1 60 9 1 20 20 9 16 7 2 25 7 3 28 4 4 54 1 144 32 16 -1436 6 1 57 19 19 10 59 87 11 510 10 58 3 15 3 4 6 20 8 1 1 18 4 9 2 14 1 6 3 33 72 4 2 9 14 2 5 16 -86 2 12 72 58 3 79 2 35 5 8 18 16 4 9 
15 5 3 9 13 3 5 -666 1 75 34 5 12 2 3 4 5 34 55 43 33 2 14 7 5 14 16 1 7 11 2 16 7 43 3 1 -40 3 10 33 8 1 2 8 2 8 16 6 5 6 3 49 4 5 11 10 4 6 49 10 18 2 3 3 4 1 12 18 80 76 17 1 1 3 33 5 2 16 14 1 2 6 69 9 351 1 4 3 18 1 107 1 6 2 68 3 3 3 1 -29 
22 12 1 27 21 1 3 23 20 3 1 12 8 9 4 2 2 1 3 20 29 116 16 6 -13 3 12 12 4 46 2 7 18 5 2 34 2 17 10 -94 40 36 12 1 11 16 4 1 1 11 40 9 11 10 19 65 5 413 2 19 1 10 -34 15 21 14 1 5 19 4 36 18 7 1 26 3 9 2 11 1 2 13 4 -682 12 5 16 6 20 14 56 58 16 3 1 70 12 19 12 18 
58 1 3 18 18 6 -824 17 10 2 31 2 7 6 5 10 5 8 1 16 20 53 18 19 43 12 7 2 11 1 2 4 6 40 1 1 -43 111 5 4 2 106 364 4 3 13 1 8 33 48 7 2 3 13 6 35 75 1 10 1 1 20 20 5 3 20 14 12 1 14 -233 5 1 57 8 5 54 13 10 10 1 1 2 31 10 20 105 124 5 18 5 7 5 20 -20 1 2 70 58 43 
