ADD: x[1, 5], t[0, 0], 1
(2,0): val=1, add=0, mul=1, rg=([1,3],[0,2])
(2,2): val=0, add=0, mul=1, rg=([1,2],[1,2])
(2,1): val=0, add=0, mul=1, rg=([2,2],[1,1])
(1,2): val=0, add=0, mul=1, rg=([1,1],[2,2])
(3,1): val=0, add=0, mul=1, rg=([3,3],[1,2])
(3,1): val=0, add=0, mul=1, rg=([3,3],[1,1])
(3,2): val=0, add=0, mul=1, rg=([3,3],[2,2])
PROD: x[2, 4], t[0, 2], 3
(2,0): val=3, add=0, mul=1, rg=([1,3],[0,2])
(2,2): val=0, add=0, mul=1, rg=([1,2],[1,2])
(2,1): val=0, add=0, mul=3, rg=([2,2],[1,1])
(1,2): val=0, add=0, mul=1, rg=([1,1],[2,2])
(3,1): val=0, add=0, mul=3, rg=([3,3],[1,2])
(3,1): val=0, add=0, mul=1, rg=([3,3],[1,1])
(3,2): val=0, add=0, mul=1, rg=([3,3],[2,2])
ADD: x[2, 6], t[0, 2], 5
(2,0): val=8, add=0, mul=1, rg=([1,3],[0,2])
(2,2): val=5, add=0, mul=1, rg=([1,2],[1,2])
(2,1): val=5, add=5, mul=3, rg=([2,2],[1,1])
(1,2): val=0, add=0, mul=1, rg=([1,1],[2,2])
(3,1): val=5, add=5, mul=3, rg=([3,3],[1,2])
(3,1): val=0, add=0, mul=1, rg=([3,3],[1,1])
(3,2): val=0, add=0, mul=1, rg=([3,3],[2,2])
8
QUE: x[2, 2], t[0, 0], 0
(2,0): val=8, add=0, mul=1, rg=([1,3],[0,2])
(2,2): val=5, add=0, mul=1, rg=([1,2],[1,2])
(2,1): val=5, add=5, mul=3, rg=([2,2],[1,1])
(1,2): val=0, add=0, mul=1, rg=([1,1],[2,2])
(3,1): val=5, add=5, mul=3, rg=([3,3],[1,2])
(3,1): val=0, add=0, mul=1, rg=([3,3],[1,1])
(3,2): val=0, add=0, mul=1, rg=([3,3],[2,2])
5
QUE: x[3, 3], t[1, 1], 0
(2,0): val=8, add=0, mul=1, rg=([1,3],[0,2])
(2,2): val=5, add=0, mul=1, rg=([1,2],[1,2])
(2,1): val=5, add=5, mul=3, rg=([2,2],[1,1])
(1,2): val=0, add=0, mul=1, rg=([1,1],[2,2])
(3,1): val=5, add=5, mul=3, rg=([3,3],[1,2])
(3,1): val=0, add=0, mul=1, rg=([3,3],[1,1])
(3,2): val=0, add=0, mul=1, rg=([3,3],[2,2])
PROD: x[1, 3], t[1, 1], 4
(2,0): val=8, add=0, mul=1, rg=([1,3],[0,2])
(2,2): val=5, add=0, mul=1, rg=([1,2],[1,2])
(2,1): val=20, add=20, mul=12, rg=([2,2],[1,1])
(1,2): val=0, add=0, mul=1, rg=([1,1],[2,2])
(3,1): val=20, add=0, mul=1, rg=([3,3],[1,2])
(3,1): val=20, add=20, mul=12, rg=([3,3],[1,1])
(3,2): val=5, add=5, mul=3, rg=([3,3],[2,2])
20
QUE: x[3, 3], t[1, 1], 0
(2,0): val=8, add=0, mul=1, rg=([1,3],[0,2])
(2,2): val=5, add=0, mul=1, rg=([1,2],[1,2])
(2,1): val=20, add=20, mul=12, rg=([2,2],[1,1])
(1,2): val=0, add=0, mul=1, rg=([1,1],[2,2])
(3,1): val=20, add=0, mul=1, rg=([3,3],[1,2])
(3,1): val=20, add=20, mul=12, rg=([3,3],[1,1])
(3,2): val=5, add=5, mul=3, rg=([3,3],[2,2])
ADD: x[2, 2], t[1, 2], 3
(2,0): val=8, add=0, mul=1, rg=([1,3],[0,2])
(2,2): val=8, add=0, mul=1, rg=([1,2],[1,2])
(2,1): val=23, add=23, mul=12, rg=([2,2],[1,1])
(1,2): val=0, add=0, mul=1, rg=([1,1],[2,2])
(3,1): val=20, add=0, mul=1, rg=([3,3],[1,2])
(3,1): val=20, add=20, mul=12, rg=([3,3],[1,1])
(3,2): val=5, add=5, mul=3, rg=([3,3],[2,2])
23
QUE: x[2, 2], t[1, 1], 0
(2,0): val=8, add=0, mul=1, rg=([1,3],[0,2])
(2,2): val=8, add=0, mul=1, rg=([1,2],[1,2])
(2,1): val=23, add=23, mul=12, rg=([2,2],[1,1])
(1,2): val=0, add=0, mul=1, rg=([1,1],[2,2])
(3,1): val=20, add=0, mul=1, rg=([3,3],[1,2])
(3,1): val=20, add=20, mul=12, rg=([3,3],[1,1])
(3,2): val=5, add=5, mul=3, rg=([3,3],[2,2])
0
QUE: x[1, 1], t[2, 2], 0
(2,0): val=8, add=0, mul=1, rg=([1,3],[0,2])
(2,2): val=8, add=0, mul=1, rg=([1,2],[1,2])
(2,1): val=23, add=23, mul=12, rg=([2,2],[1,1])
(1,2): val=0, add=0, mul=1, rg=([1,1],[2,2])
(3,1): val=20, add=0, mul=1, rg=([3,3],[1,2])
(3,1): val=20, add=20, mul=12, rg=([3,3],[1,1])
(3,2): val=5, add=5, mul=3, rg=([3,3],[2,2])
8
QUE: x[2, 2], t[2, 2], 0
(2,0): val=8, add=0, mul=1, rg=([1,3],[0,2])
(2,2): val=8, add=0, mul=1, rg=([1,2],[1,2])
(2,1): val=23, add=23, mul=12, rg=([2,2],[1,1])
(1,2): val=0, add=0, mul=1, rg=([1,1],[2,2])
(3,1): val=20, add=0, mul=1, rg=([3,3],[1,2])
(3,1): val=20, add=20, mul=12, rg=([3,3],[1,1])
(3,2): val=5, add=5, mul=3, rg=([3,3],[2,2])
5
QUE: x[3, 3], t[2, 2], 0
(2,0): val=8, add=0, mul=1, rg=([1,3],[0,2])
(2,2): val=8, add=0, mul=1, rg=([1,2],[1,2])
(2,1): val=23, add=23, mul=12, rg=([2,2],[1,1])
(1,2): val=0, add=0, mul=1, rg=([1,1],[2,2])
(3,1): val=20, add=0, mul=1, rg=([3,3],[1,2])
(3,1): val=20, add=20, mul=12, rg=([3,3],[1,1])
(3,2): val=5, add=5, mul=3, rg=([3,3],[2,2])
