477808417
805794331
209961579
544071691
682413079
113183127
368186994
252998594
997257826
582871083
384306667
591705206
162835644
903455905
499691056
265316735
705968786
413467610
839161926
131603471
984564603
609866354
810487600
941911017
0
129895207
431257245
406140398
712711421
484605182
0
165261271
120977315
983451093
805937378
77375782
510635256
299944439
195181740
221889984
797761885
918446429
37672159
490200772
475188266
265326980
793692044
111050928
0
574045989
247175599
991713301
369968759
187557482
761742055
605858192
278502757
621828248
925047539
12474955
765706536
637356844
483745109
128755232
232708999
926023111
234596037
945995588
216405691
571076622
580383727
468774968
423342562
0
232388932
311405471
854049496
406837190
670691207
50661007
479820807
278060422
37988639
458019672
625526030
100629807
919203549
454195324
23679938
907855157
636303356
416412749
480139035
308791424
456577712
892928479
40554167
502754665
102998427
980684794
392685913
507584274
317477526
236562178
895661071
625163508
332255454
611593273
332763190
869143076
866170028
600572175
427644662
192231960
206968603
161787716
819645025
