73
1 2
1 4
1 8
1 12
1 14
1 16
1 18
1 20
1 23
1 24
1 27
1 28
1 29
1 30
1 32
1 33
1 34
1 36
1 38
1 40
1 43
1 44
1 47
1 48
1 49
1 51
1 52
1 54
1 61
1 65
1 68
1 69
1 73
1 74
1 76
1 80
1 83
1 84
1 88
1 89
1 92
1 94
1 95
1 98
1 100
2 1 31
2 1 71
2 3 86
2 5 67
2 6 53
2 7 58
2 9 90
2 10 60
2 11 46
2 13 93
2 17 85
2 21 64
2 22 39
2 25 87
2 26 81
2 26 99
2 35 97
2 42 77
2 45 97
2 50 72
2 53 93
2 58 82
2 62 81
2 63 66
2 64 78
2 67 71
2 70 87
18 1 9 15 19 21 37 41 45 53 55 56 57 59 75 79 85 91 96
