#17: 15 w=9 add=0
#16:   6 w=5 add=0
#15:     1 w=3 add=0
#14:       0 w=2 add=0
#13: (0)         w=1
#12: (0)         w=1
#11: (1)       w=1
#10:     5 w=2 add=0
#9: (2)       w=1
#8: (3)       w=1
#7:   9 w=4 add=0
#6:     9 w=2 add=0
#5: (4)       w=1
#4: (5)       w=1
#3:     0 w=2 add=0
#2: (0)       w=1
#1: (0)       w=1
========================
#10: 21 w=9 add=0
#15:   12 w=5 add=0
#14:     0 w=2 add=0
#13: (0)       w=1
#12: (0)       w=1
#16:     12 w=3 add=0
#8: (3)       w=1
#6:       9 w=2 add=0
#5: (4)         w=1
#4: (5)         w=1
#7:   9 w=4 add=0
#6:     9 w=2 add=0
#5: (4)       w=1
#4: (5)       w=1
#3:     0 w=2 add=0
#2: (0)       w=1
#1: (0)       w=1
==== l ====
#15: 7 w=4 add=0
#14:   0 w=2 add=0
#13: (0)     w=1
#12: (0)     w=1
#16:   7 w=2 add=0
#8: (3)     w=1
#5: (4)     w=1
==== m ====
#7: 14 w=3 add=0
#4: (5)   w=1
#6:   9 w=2 add=0
#5: (4)     w=1
#4: (5)     w=1
==== r ====
#3: 0 w=2 add=0
#2: (0)   w=1
#1: (0)   w=1
14
========================
#9: 21 w=9 add=0
#15:   7 w=4 add=0
#14:     0 w=2 add=0
#13: (0)       w=1
#12: (0)       w=1
#16:     7 w=2 add=0
#8: (3)       w=1
#5: (4)       w=1
#10:   14 w=5 add=0
#7:     14 w=3 add=0
#4: (5)       w=1
#6:       9 w=2 add=0
#5: (4)         w=1
#4: (5)         w=1
#3:     0 w=2 add=0
#2: (0)       w=1
#1: (0)       w=1
==== l ====
#16: 3 w=3 add=0
#14:   0 w=2 add=0
#13: (0)     w=1
#12: (0)     w=1
#8: (3)   w=1
==== m ====
#15: 19 w=3 add=2
#5: (6)   w=1
#6:   13 w=2 add=2
#4: (7)     w=1
#5: (8)     w=1
==== r ====
#7: 5 w=3 add=0
#4: (7)   w=1
#3:   0 w=2 add=0
#2: (0)     w=1
#1: (0)     w=1
========================
#9: 27 w=9 add=0
#10:   22 w=6 add=0
#16:     3 w=3 add=0
#14:       0 w=2 add=0
#13: (0)         w=1
#12: (0)         w=1
#8: (3)       w=1
#15:     19 w=3 add=0
#5: (8)       w=1
#6:       13 w=2 add=0
#4: (7)         w=1
#5: (8)         w=1
#7:   5 w=3 add=0
#4: (7)     w=1
#3:     0 w=2 add=0
#2: (0)       w=1
#1: (0)       w=1
==== l ====
#10: 11 w=4 add=0
#16:   3 w=3 add=0
#14:     0 w=2 add=0
#13: (0)       w=1
#12: (0)       w=1
#8: (3)     w=1
#5: (8)   w=1
==== m ====
#15: 20 w=3 add=0
#6:   13 w=2 add=0
#4: (7)     w=1
#5: (8)     w=1
#4: (7)   w=1
==== r ====
#3: 0 w=2 add=0
#2: (0)   w=1
#1: (0)   w=1
20
========================
#9: 31 w=9 add=0
#10:   11 w=4 add=0
#16:     3 w=3 add=0
#14:       0 w=2 add=0
#13: (0)         w=1
#12: (0)         w=1
#8: (3)       w=1
#5: (8)     w=1
#7:   20 w=5 add=0
#15:     20 w=3 add=0
#6:       13 w=2 add=0
#4: (7)         w=1
#5: (8)         w=1
#4: (7)       w=1
#3:     0 w=2 add=0
#2: (0)       w=1
#1: (0)       w=1
========================
#10: 35 w=9 add=0
#16:   20 w=5 add=0
#14:     0 w=2 add=0
#13: (0)       w=1
#12: (0)       w=1
#15:     20 w=3 add=0
#6:       13 w=2 add=0
#4: (7)         w=1
#5: (8)         w=1
#4: (7)       w=1
#9:   15 w=4 add=0
#7:     15 w=2 add=0
#5: (8)       w=1
#4: (7)       w=1
#3:     0 w=2 add=0
#2: (0)       w=1
#1: (0)       w=1
==== l ====
#14: 0 w=2 add=0
#13: (0)   w=1
#12: (0)   w=1
==== m ====
#16: 35 w=5 add=0
#15:   20 w=3 add=0
#6:     13 w=2 add=0
#4: (7)       w=1
#5: (8)       w=1
#4: (7)     w=1
#7:   15 w=2 add=0
#5: (8)     w=1
#4: (7)     w=1
==== r ====
#3: 0 w=2 add=0
#2: (0)   w=1
#1: (0)   w=1
35
========================
#10: 35 w=9 add=0
#9:   20 w=5 add=0
#14:     0 w=2 add=0
#13: (0)       w=1
#12: (0)       w=1
#15:     20 w=3 add=0
#6:       13 w=2 add=0
#4: (7)         w=1
#5: (8)         w=1
#4: (7)       w=1
#16:   15 w=4 add=0
#7:     15 w=2 add=0
#5: (8)       w=1
#4: (7)       w=1
#3:     0 w=2 add=0
#2: (0)       w=1
#1: (0)       w=1
