739287725 684427
469226495 253147
291323445 52767
570225376 717834
872567331 82897
521684200 78396
476148752 205988
670953919 4424869
736244612 317521
540019401 45975
989457373 6263800
119703080 1037973
468610213 1879
864436745 30829966
332535903 880
125312157 75051
931705759 47145
51914431 63559
29777071 527
188681278 83111
70225251 134385
769157300 488416
394561172 903694
47533201 1759
328946357 299461
85013972 208349
271801866 509113
303760717 59832
161133944 72674
908965340 851936
847043576 80694
19905933 26423
41375382 7478
280424686 12572
346729930 423522
601357602 174124
461760854 22399
254958254 59782
354754915 1066415
121949093 628005
137409466 12944
245714577 53706
855444100 16302258
71317863 120686
994415919 3709530
928303226 120159
160515600 299038
612986635 150821
542611490 98900
888580973 722768
870912120 1142831
472402468 4216
797584714 622873
889306157 67212
944185106 1615819
228996235 95524
818700848 377334
544524910 324492
608850524 510537
584806184 191228
366035944 282310
432263745 223571
988207255 1103251
736181826 74742
143728498 529795
638342775 8145986
191487899 360671
860642116 234373
728104794 1978792
322399935 25717
636288055 37867
965766333 594208
228209745 75343
26525231 19119
884095205 2786343
126251951 9645
459698835 477145
537808503 18069
508892177 189131
39593711 33093
188757437 9122
108317280 342872
934098861 66731
590270226 5447232
699612626 679676
457165601 110680
155104246 21969
226958172 942984
484458299 946975
941078388 98540
276441104 710
172056579 52613
885680553 186380
83944211 82756
209051566 100036
132943232 78530
973377124 186984
999462736 249438
761719056 113394
254127694 193525504
867347984 1513612
895889169 1866972
463366654 551112
408284648 64134
544548855 955699
701990361 2526657
965334014 113164
808856877 12589398
226610912 190579
186545207 136876
789151844 113554
466076446 135020
131479131 58409
989636432 200969
299515127 31342
398083791 10237
421762922 125444
703641852 905080
180924789 52195
265151051 73378
535460744 586716
168781526 2177674
959953436 16012779
866360452 7224
945931147 89093
532522523 933637
936127225 6664537
148581022 75312
443485371 2347179
980596764 270281
677004227 1809509
347626767 143477
706048741 540550
530869776 65869
625009893 302124
870685834 56419
785061098 964539
568061845 1218695
219969050 243046
940687315 1204
749525529 15991341
632622482 210767
480215384 13417
615735527 459155
79054596 68374
102797915 149143
655812359 238463
292186003 22931
767069487 982989
889450643 164171
430203686 89286
871249304 180918
176846960 6596
797323762 34190
268828556 2618406
158936363 4223
9421011 35321
980190260 2750818
429741310 109422
850028544 2821507
900248005 1264834
303620442 809150
43695009 13330
927602099 354083
53217735 40725
83631393 4557
278310507 196044
382051021 55356
836362165 2145839
853163074 1137338
990223242 314776
266052495 98261
374829036 37614
900895831 5451788
20160998 140
336528435 592886
476168710 125419
109970774 10730
128756469 387021
631367781 516999
415493066 495589
479169576 536588
368310142 496863
348878736 932280
344366942 1160658
757319865 8511178
308537833 201429
819073539 198321
571440087 17941127
459652859 1734910
6124715 4991
481556223 113483
147058818 52049
537417711 207039
61423379 22084
315845455 11423
993160063 286343
612980271 168991
339521509 115021
455260481 201629
238004019 63957
307712023 955524
301651149 55405
967354114 945518
636678157 3134813
845603387 1740581
180071823 30129
866058316 443164
725480129 4259272
550637186 1273136
426819098 51826
61253146 84290
760384644 711852
835392064 1088185
997132595 565228
777549979 195491
980481661 178000
100762253 24811
921570375 501160
12637119 36482
298282521 334584
737319502 632334
208185824 285998
298542025 103979
533219464 158142
771961443 248641
583188166 164825
271721882 151244
933041098 79444
490446620 64913
307297569 927917
621790858 832238
458406641 1877910
325517884 28120
80205708 37392
483999478 110539
141050641 34135719
696470563 26433160
130196094 137864
156689347 73220
772749665 910214
435096591 3139113
959171273 45215
599738104 181172
359606368 123694
925594075 1968822
533732147 2861197
399705551 66206
42027187 2425
241404866 102256
317017186 50245
851464411 135010
255106628 146645
470619125 1125119
525546902 140674
731641335 28046
458570049 955193
959152604 4037384
539485315 212795
389331982 292111
724708735 61315
586301836 28954
280893506 220206
79487251 45741
829029531 889
309972292 361311
498291411 4254537
188431463 195223
39345676 14815
734997285 207801
814292269 381401
110037406 127360
435283544 205691
696258470 69834
896852825 1329917
248249224 85644536
491389184 178828
804027980 103185
815130551 1696035
78071048 788189
337851089 371416
501115710 455886
61298661 29966
878427631 195849
2931347 575
959681243 621783
505027507 457707
46147263 41743
619621398 225090
115508678 125388
655925454 318377
82142228 30292
510174945 523042
377772287 57496
445372583 315325
591222163 179877
926017144 203379
90728930 60833
522279500 8758
930835496 549704
807376702 348484
662314586 75242
987120540 4412647
611691934 53430
522047530 153664
863604791 119343
521631997 112360
462331657 191752
834303444 403928
660072846 620268
835583038 914350
462006687 15720
561302160 129128
792346804 142628
218526967 15107
181532795 12016791
43820700 510709
957371183 174175
99757818 7033
622091751 164191
958960866 14857708
888525794 305120
876562531 889135
747511238 168992
137434531 11233
666482452 58647
653076636 164890
857590141 106037
253092745 257099
389069781 19683
472405242 4468690
53941154 12128
749264387 18865
146423409 30120
71103962 4835
962866442 551651
51189323 227256
954554754 2249712
168689532 50556
861600276 170037
433667658 89245
341348935 68179
591980605 111210
348666026 399527
843826963 1306075
496273650 181731
655733991 16012
968612784 588805
944962844 104546
979531847 358391
735869373 250879
649661091 97776
801184207 730751
664821328 84283
402736945 578993
47547183 3806
194474074 153648
456068448 26173
835545936 19018
738464400 4011873
439223192 214646
405742736 37900
58060487 5651
306867362 99435
674235416 1961822
22655987 727
357824801 2304636
273711182 107202
822294875 79995
892126784 176322
846515821 109954
962559173 507027
582939409 131221
850388177 2140733
351974582 377919
55152202 20047
843801729 120967287
37129413 17310
912498678 177408
673872029 484677
554223709 175888
605776223 286264
541296667 4142001
609064432 158135
84167773 177964
869019157 113744
188884870 54299
773475337 920021
414645310 860173
656263431 102725
706912871 135485
610627622 541
835279606 686327
940178981 3021631
190884934 24554
560874404 164156
150075111 206773
427386792 38839
458607139 130109
210420947 9539
892777377 93022
467076981 2959266
88049713 55516
672299522 459191
593276286 326256
263016297 210057
301245252 177328
602676949 31627
277097124 750123
752274333 1891162
154334796 89823
886033555 579237
274756102 901398
371878882 17835334
797745372 20325
506938255 244675
550740825 47907
296529962 80612
709280010 35657
210335793 35229
559057601 246035
53055390 14284
67491550 10698
129816566 4566
793587042 552630
263685336 82276
584101674 163651
533174776 37165
894588050 1177736
28694736 6022
434367208 315306
989808647 716490
79096882 3632
457781005 102143
742139601 333894
864644776 394220
925290873 3644881
838625576 168334
431479132 1296340
691211398 499237
877585248 3087484
286615975 59355
774837670 23938
887595830 83173
705772198 92312
440028759 1440279
208121872 1255645
20294275 11233
364195010 166340
311549634 480422
684711264 72102974
248517535 135637
101491923 86638
638906103 54860
817603452 831172
58058723 32538
729366155 1405679
424023624 174786
888517030 259402
764024282 153489
337660433 46941
473323271 1704339
429416648 2048871
803190136 4381
437152092 4042044
575868677 4683059
507351065 184094
400873912 604324
376771136 151551
287819412 142043
818004545 5261915
868892987 4711088
984969428 4769046
371716114 134598
421045158 1587407
31562527 4583
120338244 30005
3318133 4869
123036919 108819
139324502 63000
260455934 147506
354545408 171379
762704638 489315
573158950 262902
361627195 259051
312562247 65686
63982438 151778
557185394 113881
824464545 4783910
235538288 1492010
444296403 52167
764901537 37017
660376754 456698
779437290 3272671
984685183 380092
935311850 852353
814360472 2442416
79183360 540184
695064031 1942818
956358787 1806191
111680948 7917
679630583 5562862
21626364 22379
489948289 149722961
219760018 57953
875442756 275205
485875615 373454
265311224 159216
14543370 10434
602968204 4589868
90121264 53959
500948199 3261739
707682518 46886
57861058 23432
233955435 97149
869646992 2959248
575293071 433151
730128608 499424
280240119 416169
920246286 74538
682018616 386718
816481786 2502
465973561 555635
713110684 43805
305262123 16623
611615717 6285
127300982 67246
835727335 332167
469079969 36889
269555440 63708
732232571 250049
347641805 3508119
73627256 3257
567960710 218739
17732454 24919
787364100 373938
626824305 98571
774666805 121537
65262599 36989
613621089 1627484
386539841 276023
907605821 80247
914233136 647748
149470861 320440
40002336 13398
356050775 51515
612365661 358379
631231804 147120
214481014 255638
311411639 542854
315971657 274359
399660115 353779
250044433 15309
205820216 380168
146848457 78299
671746904 1049706
910412090 23837
755279297 210305
534366296 104741
160029827 5087
366819780 11779
889597281 496041
92603634 513724
758986330 391432
769535611 3272555
935477011 829171
521606178 167194
605728138 154914
106501080 179903
601355702 8452
441338107 180268
414031735 40507
307825976 44295632
738277101 1446531
163052828 84543
261035755 1744
877459978 307813
411167075 9061
656674842 113268
755389983 662415
959780085 583413
648142710 1285175
955666625 510255
228701276 587174
939872110 217604
65063572 2900
617805870 304837
507072892 147092
783217302 70465
227821678 86348
272414270 100480
281079116 1120822
357804040 549953
36800327 14015
76002063 53863
957635204 255723
423337066 338747
987666417 192909
374781003 10411
831797393 28397
587633901 426144
110865244 175766
855861144 302104
206091943 16640
102423027 26526
554644845 58385
660453443 79961
542845599 133773
564188102 274472
690827114 344550
901394456 208491
291028507 57867
45328602 34080
944253374 7470454
765941737 23216
755444853 7676905
893860422 404088
795810804 239769
226216906 46905
28336606 30437
995077143 1276591
506809231 144583
187853871 188201
848561313 5298
157669267 41114
865049612 178572
764032104 171356
224152954 249656
571923877 4369708
253356237 3113
480548780 1182860
583854137 52673
287271375 61785
523699735 267559
775497291 14274
260493730 255812
838040415 82359
23214967 30162
137328490 120278
840869121 76151
199012388 128900
703923426 434736
975088275 626019
927149504 427413
416375701 167443
935873841 961701
569827152 219111
309148437 58605
256896797 398519
20476176 1262
257090345 546234
913723887 511650
631697688 4201179
699967433 384803
361925752 335422
867617243 89259
474417515 80267
263298080 99424
739277932 620194
985122172 210979
36119475 19108
599347177 211405
397717147 139532
686837243 9006
422650362 1507068
110076696 39833
301438280 117807
502238796 176133
42561842 105712
809995509 43211
721346213 1033289
936525971 46171
427965622 641498
449175463 53756
20992052 26810
358506134 625834
337313556 17737
343543702 10552
95323913 173537
55217040 14982
72159692 68919
649468537 466590
353853363 39991
540783460 1184912
457575518 746867
939514483 329992
649912540 374299
655128405 118024
358680674 21853
35759600 646520
842517390 2052804
623389618 177731
77429971 52352
778431620 15048314
758561905 433479
470449309 159239
674039015 58812
899610490 109746
785434070 327
283284812 624128
339641621 60731
969042660 897192
614511402 211774
341786815 56035
919243549 1401128
258561815 8388
950177726 1198570
803818536 2641554
226489807 66866
950438413 775046
737242982 177374
535841494 718676
770547625 1842045
523691295 262839
981561541 73166
231892069 4907
451309076 2528902
282120181 491526
829885190 642336
29630433 18873
116182492 28168
745678235 372352
526668816 465222
68841896 124598
693845342 421784
892235261 483266
6346856 5794
440487921 14977
132546028 11883
675649374 269805
68344002 4610
644413067 261000
280851662 841651
113047520 310469
516262909 1025649
238879549 176885
209435014 1308361
920969354 622826
77706315 37649
785257874 74541
352826440 120
299939273 15683
412208254 129367
7298720 448
527757104 4331608
958777957 254367
670196879 2914037
148838256 40250
847623674 41060
393233829 46961
37054453 7111
670871787 14179
766575974 19645
986224767 62792
916907036 49276
659954258 37324
715661839 92785
505050811 190735
806962003 529741
162376877 569227
61823816 8697
129041488 25755
506351948 5698
18751742 9278
96031400 453547
804927328 2024062
486217370 108991
920426596 970496
967726401 8968386
862424947 63502
770106866 182806
590268497 918677
720934095 660177
280522135 1671267
965066802 458973
687275272 249220
998702466 1742402
888660155 197062
310170968 39162
837178856 448032
899724717 44059
841060187 5933
148921237 60775
655233820 635550
960709835 2629729
997628984 966338
219044106 275718
867060160 1750839
20271226 2277
379454932 124756
451324936 41986
85656752 12209
868542595 146096
145898796 2998
829383826 1281192
530491739 287917
348009046 108858
639444871 82025
620143182 18635492
85254424 629888
77736041 18141
396107974 385194
917517546 143522
397373909 1046373
776083144 35972
662099077 596303
593093099 409636
637812248 840506
484125388 3297594
557584423 1918371
897218363 390775
169523894 56350
578073103 156707
939567670 460580
115133224 47795
595021335 721959
872048620 16250732
57229403 23673
576241879 5343
799697687 2757167
762624338 376994
19145419 6232
496644804 53107
717966617 457976
113163757 39321
367511205 1864238
989061125 568435
989571257 622671
872605256 1897280
238575902 182614
514306937 368341
427217280 388142
503416658 942896
882963813 482619
913104422 57722
478286095 20390
963219094 831486
563265726 36936
446354601 268671
867068149 30685
505548405 565452
5997828 771
472919606 1791339
774949609 566803
872533893 796662
940475494 120349
759478804 2554464
374632016 79413
742667320 506054
746920672 204892
923734407 1454139
442541815 976484
555149343 248047
5483108 2536
277716779 339182
608224326 174312
955164714 1304779
612888389 1895584
860946258 218082
900588237 282608
363503511 13911
287127801 2574956
2767964 306
867640748 211688
99014123 232251
325726984 149199
254136396 1723162
783311104 924072
733192224 726660
832036046 431362
201458358 8373
263990563 512071
431320553 22774
574495809 239399
45625147 83453
431365656 33884
798025883 148562
960838001 587996
38009621 3917
973429816 500637
635770258 699377
881157694 474192
16402678 14009
620990091 389579
850462696 440148
948672186 309567
919621241 4331561
935191183 195152
528092211 178184
37265610 65298
989172772 3974188
187980611 1283716
411820425 260725
515357298 392714
941006317 533937
179112991 12851
465189836 13615
722017685 353602
758747546 33414
387493072 278134
5362199 8181
433931112 406628
584169298 683623
488447844 259958
327675822 44941
787850706 329970
271588045 32485
27762192 5327
773680370 122804
464006545 54804
648200050 1217486
95413234 35384
361722164 1047070
420782829 355545
209807944 224026
240089752 529670
552253283 2604855
762510617 2176643
489908434 274366414
900663398 1024836
137472313 1738629
993964292 428413
586203248 642957
701936823 49119
22560765 7200
804682811 3761877
703658950 2383866
535159407 326261
486412942 3141594
891191589 14747551
93920756 711311
783040296 97568
812891168 139408
442214371 115665
693384170 349844
373652987 358241
295989194 39432
533152210 39184
169706269 1022
722225801 571991
120621652 3915
840479457 285067
560835619 789217
821092088 644660
367871297 152708937
817352860 318145
280733275 29397
46095506 522
862390612 237644
54481577 544
113570575 2535
484172793 180263
983085596 194690
598331441 228649
900927199 1492963
453042374 384157
935678097 88543
934017490 12633609
689823838 265536
225820855 31998
460949826 131517
786650558 116401
971755989 1535182
143117897 4064
519432865 150123
578961538 144829
31801452 17994
816829887 754995
749261146 1362021
732727917 297453
691848791 45429
514313841 98979
418040578 71066
610364260 44006
959092460 2494713
487676794 335219
706618425 164354
306665015 512843
349545464 102051
778463263 5202
995713660 24660
382371109 587219
924380553 2950627
411701895 186823
236769377 54544
428386748 288749
881065777 576137
990875302 789366
49932090 57202
397774367 178946
416124667 1095646
940941062 9690
595603791 3786655
574585191 303541
83860741 242585
29600375 1019903
895761128 247208
58255752 1002665
3859404 223
329002597 243949
925619011 466645
751344292 13647313
745183021 206077
58350606 54068
446786784 197454
567616712 456280
654355317 327913
436096384 157602
838147647 2771357
982354846 311887
467024260 29659
285985051 6195469
591626130 922818
121293660 1450572
474038758 377095
200793644 33854
928184452 802326
961761474 644534
527081787 191425
116810172 73727
255348891 1276509
823111032 182072
605353203 90720
489942826 84614
222097059 120621
348583455 159581
429212835 69109
127638793 162926
42549924 11669
828021138 296629
944126366 3021158
609209160 47639
828000229 861722
772708418 132764
23587828 7678
147963262 212488
804813538 8786
731387198 34189
975787797 500767
364359329 1885961
995154411 1020706
23920281 1884
70359220 19282
520560400 787684
175139905 424183
262602287 213528
336932686 37402
196871516 67174
15354399 2766
173277525 35239
933064814 372376
313587121 2135679
331826934 41510
337872023 190544
623929270 476065
376071629 157973
269635059 150538
483418968 255744
692507270 51603
679547704 442351
615842865 215373
329629593 348949
748766028 207773
78742443 19248
450072811 141976
404761683 170314
426014259 40079016
687510514 21058
393566704 3004324
832981651 568665
497940388 166692
289974050 4455914
434401234 146002
344272330 52793
373375549 9488
283529180 34146
701371823 150344
891249332 244002704
821318561 2273257
183217004 591514
540688946 384954
202486066 166216
978832175 7133835
473166433 622666
328450654 173184
64027406 2128
515345675 270385
626461985 2274774
377599533 62958
279472962 59618
786452204 698581
884434587 111205
562989099 3366
884303363 169887
761534670 317666
293241790 629
776563170 237432
747731026 107877
413492767 117515
563521523 434594
619215515 5543
476572513 287262
653951717 1874600
861330326 80660
607947034 66111
475475632 143656
137236811 67951
622898342 334684
405680472 87147
158254246 50077
639735216 245128
893418910 219622
590398811 314339
387833363 204285
365818325 52422
190905208 51348
618008124 229608
923395439 493811
522767652 270404
265287465 72349
620969517 296613
962146399 164701
986946489 1513371
675452427 2243541
13924456 957
455880009 114443
737874656 361484
735162640 821558
985377224 151970
964082479 7908207
49531240 17906
498699256 282558
941863517 127085
270989152 35072
520325182 289532
22903801 4209
932277746 19154752
741501536 466873
856023209 259299
147264824 61677
419981577 212771
687482754 441287
990290315 885233
909158782 45406
129664729 66519
532566348 27198
265559625 53987
874522855 349294
364946711 31172610
277471473 87193
276898298 4076158
572698791 492149
964476303 24093
594706703 525400
86003933 21300
23462330 4795
923039431 277646
592730194 227490
914721813 2645188
495132158 1020822
964043381 415084
931393157 139915
492277909 172658
18839901 2683
469349234 512978
352258529 90865
974224891 736563
241410442 87082
45470055 44179
616199700 55224
591262710 52204
562015628 10925
155877033 373413
840738103 1128772
35408021 19896
315432378 42067
527669469 138577
929760786 307332
114052183 17563
66025406 126277
394611033 283107
143944104 91941
346612167 20941390
240016793 67433
653359261 382204
989466183 1533972
929671653 401253
495991185 759215
447055237 227237
369779114 296415
73480965 34056
995364355 25465059
438761541 102620
467993982 150303
831766893 90434
78935324 58237
585515245 31417
171171835 1689
687375466 35765
417867945 35538
111197762 9634
630777673 808907
457155418 62285
276086100 43787
600413816 97680
847058077 1255230
990269832 138776
376165216 562858
177126228 123288
340933715 286278
96070987 24463
105997435 17344
942469233 146610
128437929 81793
358780201 453373
325743857 2459393
656580683 474871
273080472 3911674
773735821 1117621
956591337 218672
11994010 1646
146063261 13978
896170368 26897
426645349 34671
322980148 158148
292278208 282488
281953986 158150
608870692 192131
262726348 56341
70152652 21577
769272483 1369019
241828435 31985
167260757 36249
372035054 121870
358409459 690760
248768476 113862
46987620 22000
372876400 191162
878843293 218987
855301008 224127
803164961 136485
862932230 1891200
529827907 28063
500891648 713518
607510177 8226
602489785 325568
50985533 23399
482091791 65505
813988043 147195
148781679 14924
489182380 22855
306608520 3227171
893922341 253591
197454631 107170
720206557 1278369
443760892 517728
395612938 3328645
446724635 59257
936179798 68226
358648870 166652
749967748 1690984
886560359 43868
704556385 250823
278126526 349171
862957459 1505221
753120337 1495022
604024343 85947
539215500 1795362
222808201 13849
18240048 28760
256792255 229286
929068440 393550
790970849 233544
183501143 295165
79626314 117955
973893272 2048532
512822777 311173
417836639 355643
927042506 114651
726082139 7179
397052400 61851
893190205 175566
902079411 303936
460347844 39730
136022955 165412
144396719 115703
154099515 26456
880786509 311083
714626594 258432
154920631 85593
573047234 16183
896389025 24126161
180446437 32849
475070332 340034
632172572 1422683
328454511 790017
965846431 7487001
546601818 14734749
115486441 30944
763164201 70975
7548296 12075
126395656 468532
7206462 168949
45655913 2809
292441096 151915
946152172 483459
332615361 153707
102267082 4255489
348019476 1274794
601982390 112978
172961136 51483
784457752 553420
548487039 181514
572832790 888187
788014891 231645
886509866 573605
900286524 319166
774660063 976014
121967089 121967089
227732793 29961
778083174 5152337
272484313 389282
911417192 167882
657369502 26721
414024135 37214
757011306 3942294
324762363 22964
878818946 890220
137647005 195422
989729696 447608
780003277 33721
84197271 3979
304575874 76612
224032482 54477
259528975 311086
909028504 1127705
608213760 10633
349051923 275590
833410059 106554
870007173 7601357
987105906 299124
389496157 72221
200376187 31281
785093216 188853
578061450 339960
266936863 55559
257374318 4858
436471280 17858
80249182 196582
941749915 601389
656759445 541004
259687411 34779
265944016 26343
276469427 100427
318907926 274836
750016565 2639315
592154463 2356183
144029840 7096
357665993 78852
690897675 559735
443616004 96039
49718609 38738
247680448 2356631
623830877 235610
149158858 45914
470294723 269916
794459971 52829
618650829 652301
468774117 77787
109941604 2800
770226159 2286107
212537936 1716
575254071 68214
493885763 912875
451437384 90181
820458549 10124
932402601 722580
701903385 374381
398006523 92284
673644286 257720
724267997 38129
953304300 205802
727856231 38879
118352428 33226
814523084 137346
937786391 2229
518966404 92850
97705089 26333
449523532 64729
755982225 5209944
563143131 212571
332948131 426695
288269249 40148
568747679 1032767
867351574 153288
374563785 7396733
26156219 3259
212539456 46536
338118456 335206
971442328 1706415
606196105 178947
409172622 109860
281509770 110310
61061059 30739
299766519 556377
480356401 597771
925349201 2925646
242519768 170832
931582027 418757
647447862 407818
492208749 80477
111205309 21639
756726910 1145418
183493054 69685
498696107 128311
815826121 1020894
114891618 34512
547315539 157720
474289056 156209
615328128 13921
582254876 64464
822314149 76229
221766666 318498
668733994 2092054
778803751 61399
256284446 73026
303047642 1752034
107264195 19315
1176192 1725
832591453 884664
681293504 166752
154937288 168149
515987798 255003
600963278 164102
138583154 7554
168414030 14094
873909649 1595311
600075337 57804
859125624 794707
398120822 119300
611212666 336409
734144770 9308345
498766581 255309
526274119 484446
107066042 8246
168516277 22974
266443329 1261891
727137493 8031702
429763081 299265
979249187 272495
648243261 187881
888432191 1141279
323749988 2719738
549506409 950634
336578862 159696
370776263 199095
34314593 167649
556860612 2690568
921653688 370450
601879634 529936
5399290 1431
754908001 250281
564995319 81102
356016785 214639
357747326 18243852
818446754 31901
784264212 631587
542006289 18267
801595641 227886
833639954 187693
951712729 84229
569385979 196811
448525987 240354
145528814 75036
563804424 111062
706873615 61061
409678050 7951532
97774025 60798
497649945 179351
971604720 238712
881642105 54872
183689024 174383
598484593 49768
953892107 495510
855771429 29412
249153844 1194392
213266886 32440
939917511 422771
315810615 87629
51726846 97047
711598634 1728374
891597494 8530
836789082 104970
331245597 17057
678760201 818806
405464300 929376
212671383 146496
660521658 481471
588377659 262819
604706650 5608468
251882062 539614
466940479 307382
881775127 188563
207352635 177145
640103286 22359
596869407 202213
262584450 12250
497118964 45478
211808754 42643
175248135 23411
642032513 313021
4137178 4954
312082695 59344
846112818 346288
82471351 33633
477910335 125759
785527485 333461
412938922 178154
560724874 12667
10817511 2359
189680163 21948
245509229 2449057
906492514 51837
996959845 150605
876070828 1176680
795905419 91087
474835014 344262
27943476 5731
2315929 580
928776941 32681
22025279 10979
331938282 128185
857685581 518056
465010137 69572
665527028 5861398
845871940 849972
288163642 9101
473253668 434985
464832011 86723
755832340 370051
588143071 264750
814228510 297480
783617747 155371
877145534 264676
16636509 3520
427605327 112890
950695607 397685
839324082 228734
70307130 758404
379128750 51920
36921930 4394
742610103 2095438
806797777 828456
326629758 708235
67404172 2380
10349803 34001
801425841 5821347
849732587 98002
344456769 12667737
893653 232
793583550 133380
146118071 42943
311447638 1505149
932009862 3007590
281825877 120765
53032106 15955
128435275 1459
837561584 201716
448110045 853
204485370 56671
879851717 1353918
460341607 1060894
645767770 324554
750909755 171113
931819586 622170
593121583 986182
739687915 330250
713571650 90715
164383745 505943
530065165 12035
896036003 203187
753987776 804606
343124968 220756
583595076 19110
45865471 3133
972082913 240809
451567492 1296668
900058883 254099
875329456 848902
983201969 1122362
568910610 83393
836794368 823812
126072687 81885
359146751 39776
667506034 671980
330289475 41634
562516586 9946584
115617157 86375
609971372 850743
412622602 151210
934562507 157631
522297853 6715
311871425 109826
265203898 5603
815280132 342466
616686038 106957
212613883 149923
292347397 3220937
329636282 288141
240431594 112594
7394052 4186
38301213 16776
397607945 1043183
280321695 90669
874216460 216427
774846248 472245
639643919 3743123
145826485 589684
969956502 368226
745681016 218504
657385575 234357
705101061 153968
667677484 113846
998112989 294720
88790031 22501
49210810 10869
652828179 289862
543355453 2983382
8649265 969
742684962 75020
808718346 296769
734146316 258236
143654734 27251
236497050 47576
164582829 247191
74619095 40075
57399097 51002
666618885 906695
946348062 583452
327160822 1586295
410856361 183369
750926286 947102
872554151 311711
90480921 115741
55665846 49437
35828925 10389
357893917 118079
422361734 414958
499002153 262385
754659257 37741
568371146 696664
26096711 36258
972896784 340262
563923748 46000
720309564 339420
648563089 182028
358024017 179551
482026568 83539
597858142 2784638
11961631 223
794522104 4525360
587846401 741207
803408011 10859
958258686 322536
447750433 4753186
317060548 261646
559151818 64856
786848906 510962
246781388 31826
352790275 464905
93186272 8480
682891630 399726
25089845 5804
27218763 17787
771973313 577304
668884814 1256624
570424806 29783
327597350 53122
39276203 12118
171267015 228453
940040946 145222
591513347 122101
908072502 5826
735087242 204222
411715588 216180
61901455 18340
339842090 68870
487532409 153491
197368415 67887
828131759 656579
384542079 4889
846080069 6164432
792270403 662928
982956366 416935
579791346 1106541
359663670 29432
429991755 271655
511305467 1514801
767475411 195561
552553361 125226
808649094 1886492
9186100 1531
190098347 57583
494619252 127538
499506794 203676
180362595 119395
716162642 52951
23625847 5321
483561299 372717
594715611 57765
844512012 1695664
54194831 20143
3510921 15739
471597946 434692
522171169 435293
602242936 4091008
263835371 733715
969390363 2741057
778159279 374619
62896011 946525
451847266 4302796
835473927 4497625
238571156 75020
176522892 111243
101848007 12551
379342755 82972
540870352 31030
451827950 23907418
770943719 2270451
760593921 15195
373286261 81678
783590845 12786976
335260869 83721
905588931 100475
62831595 5481
680257524 126026
344330463 218867
651559286 279291
751357157 290781
400247594 108885
623447404 730444
62623134 4824
758665766 31511
933634251 6198823
635776728 443906
302626713 98393
942817380 249330
163196378 34400
836043542 4529270
721857326 1435286
627995586 29589
716544639 1228678
703076629 81
938654090 17365426
685648399 10911174
581525185 8190817
844853305 276208
465089451 7258921
109805921 40369
198377264 391195
906316473 1080231
312246761 17355249
590861321 78837020
429108041 27613
116498888 2945539
882588556 7639656
377376126 109251
221272592 73599
50698311 844241
775146866 865575
701848690 2525402
687203975 377709
580300391 2049
880559219 694735
407747462 201895
411578075 322079
910193917 284549
578658352 236892
602388266 1170117
655968561 1337573
750119716 14019
205968026 107092
891235881 1097713
404721329 69628
935118117 671713
272304773 3203423
179563514 48185
313145080 195432
50618916 59916
865338168 721461
567062778 331532
473918086 180908
565941239 95959
198975311 375383
808464713 23334
854478527 273104
397638330 24128
324833130 457992
441531537 104640
234738125 9202
271918899 54957
683721468 48633
285711841 184899
357121122 752400
900379342 264262
781708328 6512
97869255 6315
413574239 301520
187407079 37503
116817688 117352
464437071 133712
926301643 149272543
33451112 176052
341526197 84862
906142470 353012
690701563 129591
753076076 692373
740783880 1009018
564119853 435634
634755997 510848
137811743 127599
140478143 223360
250193771 46121
881318559 3751747
332274214 119019
70414404 15239
553808698 1169369
107545014 384626
163295445 712709
159765175 11927
642072049 443225
385698179 19731
817522896 89010
809643295 15561
882764218 18601039
433717889 48001
340344983 93699
419634443 5564918
335640628 380847
42478770 67473
283712285 369179
519450454 9774824
832910144 312548
465477054 264678
600950307 64279
272857288 111353
250586269 11053
170811315 94135
605697144 260482
747325412 376378
900853259 250109
418849247 800924
552335391 341271
707289894 531708
399499622 28939
724765334 39607
935808917 1590889
162702410 61381
346011636 7722
361379239 74533
62605549 15239
387249207 896186
885580020 730674
733387395 24552
509434976 390671
622623258 171893
180930883 113159
279107366 300644
898809609 8289
342678300 1310426
303305159 27911
57511570 864
451450533 2025507
163057185 230094
132244427 54603
411374592 45292
80758736 23032
581564808 14179479
857287606 162588
665041502 10879
389528759 545165
439753509 91677
951155630 14344798
323794459 394614
39568512 47504
444088838 91298
671058168 15813386
236596584 26132
166524573 140251
665252785 66494
283475142 275963
728175570 3342
444070540 389566
496091499 116611
572359853 33133
886560923 79772
591024634 288060
661193749 64899
357210539 539
753971613 408052
642370415 476821
286981304 15440
657399076 530074
74728035 73913
225327594 100157
270718448 139461
837259863 149661
511190294 222974
269612311 166673
783915814 20136
906448552 109989
855598639 191485
13817618 23792
585214914 248787
484132428 36792
735239130 328400
84404465 1676
502912155 265455
654734140 248541
233660856 54831
338876280 33204
43048229 17265
237329634 126360
67172702 19926
978667864 1427727
167281140 807
765743904 2558840
437451883 81155
200419505 10785
348518238 27005
381036745 381193
178857945 88047
446133076 54214
60081075 18163
44578303 8567
661119239 1603006
597692205 2546378
290738297 30359
800814179 2442324
718830379 748497
381659622 118734
143999512 65078
638423566 1549188
93053252 34228
950018181 2315539
704973713 882903
957411302 1088610
143395702 364660
152430439 219387
447499014 41351
274152462 1660426
499032713 5914
213592904 877142
132712151 9662
181614180 58870
154454431 50297
577300928 68060
231586740 285918
908350850 1586522
790319189 256249
759324270 280995
882819884 893079
754420126 156446
341327149 43408
645676344 576006
892374057 1150645
443985164 56721
804287116 79460
699407960 445610
851087601 6425768
103814476 69574
975705747 1333762
654965366 748444
381704943 254364
508305355 110991
1241719 3609
561499731 921819
810981746 178763
425505731 124578
718794792 558320
566596315 154788
521321397 4025771
14606314 51972
777038388 127810
742819249 65645
661851729 734447
858215945 19361
500515049 49577
789263912 286370
886724916 4267748
638130989 1529080
332867540 5372416
396369572 104850
790612730 768131
728478419 21012689
939524878 1764822
51751933 1588
242623945 32117
907696035 688545
887736294 229088
665571346 2626970
383590990 86760
32147717 4857
334845321 97993
484517317 184389
15089788 34461
945059132 410778
583566601 153881
64516516 537442
378988326 193846
121490822 30320
29074268 20577
723543818 393955
797852132 178688
379134831 282640
508926927 3275493
985562591 329464
553828219 200643
849833399 256795
276855223 362495
143526572 31988
955907705 401380
697276450 1050652
162093089 291986
693170791 228359
784350646 3491428
157849876 365280
587653005 1139145
986616462 170814
201892887 96463
447556641 171377
824166283 431326
266601811 1223273
145812950 35728
567541231 264505
799983319 243965
843749499 899120
425762108 113747
856832407 897969
291439649 41414
916595187 23275246
53679217 2887
958554701 2832314
67299560 603048
959154033 932177
932827683 5771029
285311356 200332
265187505 5890
610219363 1290547
888403025 975873
478925884 32770
768749367 9860
608596643 150823
696645795 147219
755085199 1781732
596985132 326412
836697541 3961067
494547368 79360
702268809 394742
650973612 221134
272245102 697378
995996654 843640
878020813 475763
248311493 103885
766818309 328735
899517459 58167
720640524 343271
526331127 262845
129658483 67603
920468457 2028137
100948061 92784
337797045 84453
259021487 67295
265291483 828895
931089101 392805
226279028 46845
661682452 432358
344496051 309
999036405 533233
705969832 312909
8727284 3537
270659615 109864
197008077 7159
123925709 143522
474446737 506707
17707229 10816
18596922 138282
672272953 494405
977311648 44473
408490335 856786
483222710 311130
645257702 105209
574130959 108264
514309106 158516
496088685 176348
181959628 2654150
350682496 74653
639452079 216225
466455249 105889
473458774 126758
46728022 124686
985502104 53909
767389725 568356
410755767 316407
864048974 3511814
353133620 583052
943866362 778785
989556896 148780
210161513 72561
215104961 1399070
314515056 292238
202521400 95510
719791 118
157561172 53402
82195971 23021
587013833 2122929
150279624 5316
993909748 68860
876272144 10794
810844978 585518
306241521 154374
670324039 170259
101905758 23201
350322965 233629
992835300 116208
81883732 117222
986214090 1735539
745495557 198260
74725883 60820
914439582 209264
302874783 35216
480029484 72920
880766533 610733
744816026 411160
27146009 52877
988153699 1705063
492281638 444375
256406933 96306
10743145 42859
273317965 33340
292837607 218138
45099763 13267
381472891 23371
678381606 962686
987106984 10248
236631845 30923
869501456 514670
931066014 78288
635561861 890357
195383516 10896
670764660 383673
135723864 16298
876251203 194775
754614611 5502872
544153115 251398
807035745 216564
502308010 1066850
537627813 122151
960011999 25497941
922057763 187729
265238297 27763
915436966 250147
487886186 31046
424577003 681018
513831201 349103
768347014 538848
95345636 1252
822584276 2240900
827593531 59657
533237912 522886
210247894 18300
236371853 88821
24626492 867
247861642 75473
695031647 115032
137466246 24272
244976843 20175
500213566 4830852
542915899 80796
82851332 72407
961254886 2395942
253763428 7383189
131694327 1609429
601149020 513627
876339466 67360778
318514725 42300
707256624 968919
580509866 328112
72426078 48066
182311854 195229
150566019 72881
791401865 4612
719981023 564499
757481815 796685
838747173 301397
361219231 1523767
373709424 2202471
252831292 51454
324860307 276515
335880067 34930
436755137 109938
936843150 3628345
287047781 121419
171077095 507067
809730360 20454
178975931 123175
726036220 355204
20372971 33511
763984023 35411
282979262 47654
117380390 52627
917267132 355318
564279135 574175
2806265 75
458182955 203463
978922757 194335
701515065 152209
58493425 2140
591262614 117262
680482649 90031
137061666 40064
914062924 25723036
288410483 52123
852812396 100794
920628521 3722753
862954032 12398725
774604604 180788
163387175 137507
651913828 759951
884446639 501994
691174496 19561
254929840 750563
351797858 230567
125001221 11151
206101582 35475
170848981 2072893
102381888 9096
723671651 111724
143990095 11317
878873347 284162
856274951 135056
543759978 499262
184441901 343805
140664065 58761
67683759 78445
953397654 2535150
420769829 350083
170215385 1160125
835381886 197039
583759202 1925268
276761316 17095
311986642 1397580
959054889 3115890
992379482 1403682
546284277 309499
553900691 193283
378149047 57253
105562182 9998627
130836238 22156
970730689 601365
941157541 311780
232756465 270364
966546373 224290
209657652 305589
127609002 126823
919273025 394229
720034883 99737
63088224 2964
586006013 157454
189332567 51734
855402489 787443
231265795 61951
380554943 65176
703865129 1595401
340618790 171181
12055770 3636
927096942 15452466
826396027 11830
668313949 60539
477452358 527600
494496621 3244315
546169844 321258
196954715 27607
850231856 1244281
328493492 162911
258318112 9157
163416804 357194
766385450 56286
910862339 1800992
620044739 344231
762158775 119357
715134146 10863682
168704774 56476
60669541 108202
134140536 55338
603283201 399741
934029191 1042877
231164800 2619066
94229241 28386
453696562 71560
464874065 12554
441667923 155941
562705773 48629
146833496 167882
652782231 669607
930065995 248082
47322750 12921
73907315 32531
799281730 205277
408297349 339830
956131073 115495
39160466 240
380593281 187446
927249777 966333
880409263 444423
815677301 717365
197416450 75721
764113764 72059
985727362 3438834
194930919 42027
624207433 198503
223406187 340449
818671933 44129
223093912 44172
673472895 499522
611635059 72096
306581329 108927
867806241 474677
546879047 795607
544089684 326142
256465488 45372
550731686 1163402
148407606 95814
110852554 50754
754812103 195053
952601816 58952
279899793 453291
51439135 10349
509756758 145267
659261534 532348
295345143 33207
666355259 122881
270913136 21722
809424105 63415
595522735 169507
585981086 1130446
363420361 2276284
32131016 3731
637142147 194083
634823422 108546
455826533 897223
79725926 6961
490297244 811284
398336476 141695
759749712 721130
802871104 175157
517410969 815509
457596736 3199
773301604 102139
790692174 189278
557665996 990760
281248212 132310
66598378 182354
199699153 34184
855361873 403156
778186289 360317
715261623 189485
235994179 47870
176055533 649671
178308240 26580
913556093 80740
522537816 191226
929687122 1145755
53321028 35610
818912495 471395
309989573 871392
971002133 149507
770282386 17167
321930963 918741
514664845 444481
101930337 37377
541368862 580519
432660751 1618441
197887092 38415
477299359 61203
364338039 19627
310386081 10501
370357418 160116
784763107 48796
72816690 95774
477021362 49033
890734165 627712
454618982 3678
28676965 5344
756268725 40927
504268327 55632860
187853679 344191
436653539 675207
112457822 5386
549863421 1076381
91812181 40952
341756147 7665264
631614791 10301
390264452 190088
64203165 5049
928606776 1434499
8685605 7617
998127216 172048
205446893 30645
870602102 8212604
967138276 70846
660289696 1931870
73226818 155356
260235447 55005
919130773 176360
338304758 64696
427641980 341917439
817466103 411687
809230502 824550
460936964 20720
571563665 1128905
110711305 45960
196091116 15381
462996365 67659
19936755 521
576007878 522813
41118488 217247
223898797 498045
904793864 151659
873689263 2306615
110014841 389357
881205000 544482
396477320 46744
658688583 910348
871581831 252684
410005015 48555
369932151 698934
121844031 3635
798490593 134623
372412143 70064
880512617 1809238
768810411 4316103
429719743 26451
167194984 66598
55978981 23469
471462597 1149810
979180334 686318
210287590 293710
525423145 820860
93995764 8995006
995688930 47356
645678407 61937
542917056 82944
152358460 209743
619493831 176263
999114346 814504
613461595 50229
459392840 50531984
477371769 136202
76487614 78551
100116804 180969
357599066 7336
957954661 681831
5584536 1005
871289287 6289604
653813302 493188
20463348 49514
666905238 735300
237889559 588373
73716740 16071
636249680 147798
832527766 135298
728554020 2742854
109646988 474534
772842866 56965
903754739 294814
953211447 532398
282393766 384478
893918182 8823462
119120166 270558
20946705 536690
986729650 263765
113842801 810253
444889967 13572
681964411 109907
78307831 24010
651831690 7560
442981417 142039
892486434 1402390
298307974 1018174
259545026 36086
697388402 706198
548180062 64936
744010169 415903
999000109 406578
986473318 70324
931158448 473224
939506748 7572179
158051912 20602
826023102 7915558
351847219 29873
129762855 21934
754983051 16977981
522706348 469162
878319465 438277
423088186 93105
458243456 1119285
925303297 522849
730446308 272958
172715261 21483
616110470 63470
880607191 553389
396338100 65232
23886220 65665
892206665 3062735
81425616 28957
949161462 314256
844630700 2336551
733828908 47704
524589866 653646
239418458 134671
270589358 88374
769105244 255409
119905555 2002
768063804 1067611
536108809 8824391
184863372 28407
997876238 980558
46500580 2976
16495147 4761
139115005 476340
225707162 417158
272534090 268174
548244724 48266
472018051 59077
382075004 48362
793890589 5359314
28630687 10507
554947106 146160
538331400 2310944
42000034 60706
225604640 846863
741633370 527584
21009380 24665
516871378 6608476
404620754 4178
476553917 1316213
703174205 228896
621785434 313875
140425126 7148892
222597650 229062
835395378 1457342
894038082 405609
202860377 104239
91001813 35018
183559975 2226139
991367172 248942
688448526 130554
175162277 93161
478220947 132787
636574039 230654
430538558 2212370
764139464 118894
459246629 6546486
856986539 210735
903780371 1765807
207147894 12045
203376266 45540
275957581 3923173
813416886 265004
111440445 108223
735877549 287740
277845263 351233
278766613 9026089
217645194 142050
316144609 1482714
723295269 18447
759381912 368112
172929512 97343
635411402 330914
838101405 138193
323034125 2056
420810948 447288
791412534 388434
265364414 74860
402072046 693398
935498871 15831
745446346 1572650
492114460 783067
213568624 228044
243125705 33100
117507525 112248
808926549 504231
662678543 74239
52716828 17220
976857814 141550
87493778 74866
272556050 93926
21559192 18467
304983042 52889
604209530 741734
61641047 12737
386013849 89638
456914327 141529
406295637 22965
670275052 197036
114764718 8993
663984428 3653
350699473 320921
776410768 611002
553034431 780180
596691577 303037
466311337 152877
140630911 113455
138767901 16145
166857947 12832080
53927438 4337
490824599 38045
945440566 11832998
461275669 190053
513410809 39918
743944833 19334
638210419 311323
865712178 1141726
836154098 858752
755408118 367844
525335296 932164
439650480 1401260
850169123 623007
597419088 1026189
610333334 579009
722781817 2132633
711389567 2268209
885750195 2705113
279383387 2176718
654095340 549024
682418554 390724
176303116 49093
108494990 205470
62256217 69911
585554751 325049
914210961 1083771
838342902 1713238
90901582 79948
675216123 720955
159473632 187158
578513966 2512755
887193330 800744
101565190 17602
585456835 83473
20769440 12662
349104563 57118681
460364397 355917
94486961 41750
808358643 387424
232303063 280536
15800946 10004
679318193 671345
833333357 396591
255528258 889
740092778 347450
593619269 3099417
652438762 748502
571686002 852665
684289565 586895
550072984 206526
497287502 133559
507457340 565021
826887353 3696677
218007472 31598
972968270 313290
810246556 307331
539253498 190470
653861158 3373847
52961795 268836
352025758 552810
329772024 206021
853966708 332443
562205636 222834
716301019 133863
543019478 371278
967908745 442891
391180329 186927
557056111 151935
776526577 442027
551662407 165168
259941412 53005
389997184 145918
765351024 957992
45119612 2464
764765551 5803
473323097 5480455
205767967 65798
769754563 40939
284160552 16704
125789181 3957
994186547 265175
382378035 1336755
977174877 165016
200515363 133554
110058962 105657
943371211 143813
440388391 115489
948066812 31521394
535881958 53560
276964230 385887
255444735 58716
161100800 26677
488529351 166754
862330139 126833
560960908 169822
889545112 1852512
836310882 302707
712746196 213776
108449561 137479
435380319 126945
877396413 21613
23544419 25940
205076399 45143
655696654 872191
389858693 738488
906919361 1074930
709792415 937884
443393343 260281
726183530 43204202
197772110 42169
35838782 6382
31741960 32471
42112695 15902
268548728 281744
161659935 48635
24941382 11917
270029872 14845928
871787916 68480
726907899 188915
539137090 174002
129642187 2997
350827983 383241
85749602 67336
701402943 90978
337268429 40640
843839331 7284459
888814500 473696
945646154 258830
579369351 1764354
465746869 251835
586232260 883342
993266952 720082
369716506 2388353
743455163 8075037
470794468 57962
165753917 31945
324584956 715878
224860623 398550
354619079 209065
443787414 59306
788355619 189388
168558276 387226
102335315 6665
626280930 194801
211618747 29103
695363808 134006
846857381 370599
508907459 610849
182019005 93207
271548234 22214
587813554 292936
370614864 45915
249043295 65788
799881143 287988
62789221 128298
232749818 314734
786437018 896982
611081566 1297825
164856083 1144930
896734896 1664166
641209958 92148
376528741 49846
584630818 93874
484905147 956461
538652182 401214
861751499 15929530
416704125 220077
604453101 353329
788843650 691082
32044858 80392
506484669 315889
769279758 1100986
299651528 1031350
436842731 182357
25154013 5925
527832360 3099480
595209535 52107
748835247 752321
213645690 266921
31642604 18556
10148571 6716
569103693 13150620
530105196 54620
515536646 553204
16027165 14920
312715429 1926270
668648761 498764
37233475 2820
749102423 18229287
588700311 121093
291760823 228145
374872438 261882
510409146 4930938
74797961 20327
111583777 52791
406337746 158883
300866828 166751
438268538 170678
187875514 31734
328772284 883070
787853053 16781
956841502 264794
200990097 133922
96483387 16141926
788697645 240787
99640770 99640770
7102634 758
721218069 44179
894761771 990973
138529743 24813
801174467 10901
115146543 712682
379470567 253538
7998948 4499
897529251 319125
111155932 39276
282540124 38296
607281098 321827
910611334 563980
212178728 48290
912270743 1008664
788113947 134931
924833871 104561
39129980 9823
239010900 465356
928067811 109161
962423354 268504
831828236 119244
693875741 353293
245317157 48259
845727568 296584
135059746 196506
548081040 6240
646523996 114729
854410438 5594691
518445140 26059
162063293 44391
736695549 292955
601363318 113712
518728631 85328
823630521 730104
194769763 6645
940117171 112353
196969581 274545
175163290 43446
533989208 6224307
957346226 758926
864181401 14409
879152103 37344
17697936 2676
407685859 52787
255116790 92720
193274821 92998
628322671 83637
953952727 515437
196397946 290822
162605447 5137
232182353 441620
884443806 594085
779996668 745988
614563510 96394
15990970 23392
6743480 276
751698094 245186
258181406 466490
855426960 322470
513048867 119709
783423385 39835
524874360 2540082
374486266 32026
612234893 19258693
686621633 285042
363001241 64121
732072656 55096
206670339 487733
322097132 197792
188040986 2373
28918045 2774
199276157 255969
136520642 33284
816659880 602232
378363909 211704
335235587 99137
64911690 27671
542301986 41564
353956535 66422
371710728 88846
609057848 499224
77558324 9811
452893558 27606
820980828 2813046
410092002 95880
151888180 4384
908086089 458793
344772810 51616
485577366 35467
565555414 661887
47960590 2166
297276099 595827
228772347 6935
125238358 107700
106009200 155446
783934553 2489464
477804833 25273
514158020 155045
449414648 311293
376752372 47655
446674159 432203
906772597 30294
556829355 456977
770667117 45076
705675776 6182629
174804767 59932705
962619664 320960
625121368 224666
89252236 58243
97536082 54474
875717814 31868306
218892032 31278
227447306 95925
210617468 371186
103618574 276800
823148378 333778
383413197 141882
774473511 330330
35894649 25889
35340829 13679
174513512 280826
846278380 100547
771490689 415219
947856980 617642
949692788 21880749
648935977 83851
193907915 52053
754545730 155519
907092988 12000130
313464349 113252
260188892 21315
467036115 2944560
853195685 36972
136688249 8000
420666576 25491318
450084752 43006
340285663 48313
857923186 4464730
399601040 72428
325851365 115545
331912822 351622
942474909 159696
705775059 484387
78628747 25360
898813632 1493103
639499978 2721306
610777190 458277
724765213 52129
528163753 879193
328336922 126053
211982879 63089
632425777 518352
58014517 11161
489192969 204608
582283736 368264
158141285 354191
790572186 627854
81190838 558914
690784448 11673
308332909 101821
173504791 57365
753419511 404611
87059678 25059
851242856 39052
173978246 26628
675630090 608598
303748211 47077
852081287 136525
188393752 270255
152849300 1176133
934973265 37976
242692447 16995
40982114 19295
361054108 450287
993373751 1879496
12874148 596
966869463 1064991
