3
259
3
268
3
8
259
8
259
8
8
259
8
259
259
9
3
9
259
259
259
7
10
259
259
259
8
275
9
259
259
9
259
7
259
8
259
259
6
8
259
259
259
259
259
268
9
9
259
2
259
259
3
5
259
8
6
259
6
259
8
259
259
6
3
268
4
10
9
259
259
5
4
4
259
9
9
259
259
259
259
259
4
259
8
5
259
3
3
260
259
259
9
259
8
259
9
8
9
259
268
259
9
259
259
8
259
9
259
259
268
8
8
7
7
5
259
8
259
2
15
259
3
259
259
3
259
259
259
259
2
259
259
4
3
259
259
12
259
259
8
3
259
259
7
259
9
15
259
5
4
259
5
7
259
8
8
259
11
9
259
4
259
259
259
5
259
259
5
2
259
8
8
259
259
259
259
259
268
9
8
259
9
7
6
259
268
6
15
259
3
8
259
259
259
259
12
8
259
1
6
259
8
11
259
259
259
8
268
6
259
6
259
2
259
259
259
5
259
8
9
259
5
259
259
259
259
5
9
9
259
268
6
259
259
259
259
8
259
9
259
259
3
259
259
8
259
3
259
9
259
259
259
259
259
8
259
259
267
259
259
3
259
9
259
9
259
9
259
8
16
8
259
259
259
17
259
3
259
8
259
259
259
3
4
10
259
3
259
259
259
2
259
259
259
259
9
2
267
259
259
259
259
9
260
259
3
259
7
259
268
8
6
8
259
259
259
259
7
259
259
5
259
259
8
3
259
259
259
259
259
259
2
259
5
259
259
9
8
259
268
259
267
259
2
259
8
259
6
7
259
259
259
6
259
259
8
9
259
8
259
12
268
259
259
259
267
259
259
8
8
8
259
8
259
5
259
8
259
6
9
259
259
259
259
259
6
259
259
259
6
10
259
267
259
259
259
7
8
8
259
259
6
8
8
259
259
7
6
259
6
274
10
8
11
3
259
2
16
6
259
259
6
4
9
259
259
267
4
259
259
259
5
259
6
259
259
259
6
6
259
9
9
259
8
259
259
259
259
259
259
259
8
7
259
259
259
259
259
6
259
259
2
7
259
259
3
259
259
3
259
259
259
8
259
3
259
9
259
259
259
8
259
8
8
268
259
9
268
9
259
11
8
259
268
4
259
3
8
8
