350
302
1009
1887
604
1357
49
254
1217
1164
203
564
535
177
1710
699
635
221
544
1534
427
233
1119
12
359
1111
111
1726
32
44
76
793
614
1118
17
1369
498
398
1566
262
1155
1201
107
1016
1138
51
226
198
1488
813
385
100
891
231
386
213
301
898
610
1559
1093
651
931
47
973
953
1261
127
835
1319
1162
621
1097
110
1058
983
1220
2
162
484
676
335
1115
269
337
1441
52
131
453
153
542
808
746
259
551
1374
1397
314
834
150
547
385
711
1250
1549
736
297
627
644
1534
397
413
838
1597
826
900
247
1015
473
123
187
707
28
950
1258
25
122
508
1087
605
1200
1013
657
389
523
647
898
1075
408
196
272
326
557
1533
1104
396
600
616
24
168
923
110
171
390
613
1225
147
57
232
1470
131
258
901
46
508
341
1519
1204
23
462
464
767
393
373
299
1070
1820
93
223
1559
1275
1744
371
129
299
856
153
86
599
625
62
1012
1424
1568
993
333
167
1170
148
846
1168
1108
767
1279
1422
803
632
1187
378
534
516
1414
1379
160
675
15
659
632
381
157
270
713
117
714
94
575
639
59
508
1434
558
298
430
154
174
209
1132
559
626
456
537
567
1149
522
1034
1619
87
310
693
1091
657
686
492
945
394
1285
914
65
1092
955
713
595
171
77
738
1154
866
229
816
1348
10
1126
467
307
306
835
422
503
1123
518
1517
710
901
562
398
678
538
691
1065
77
1271
1209
263
16
578
39
297
128
1248
1481
1197
255
148
1511
753
386
1119
514
665
232
418
130
667
1645
932
749
1423
1314
853
1546
289
882
553
337
1353
176
421
1048
823
367
34
76
626
474
89
611
64
1836
606
560
666
1106
1698
293
270
52
1317
27
314
851
123
329
821
630
499
374
777
211
1130
574
29
978
267
919
641
709
404
1087
439
631
274
848
147
13
671
543
2
710
1350
306
947
424
976
1098
231
812
50
564
357
549
27
1080
1157
486
691
327
90
945
354
1547
64
78
1386
1243
643
343
485
637
745
412
233
306
1500
167
585
1025
59
10
1021
1645
822
10
46
1560
131
684
638
30
741
457
252
208
1648
748
2
530
164
529
673
196
843
55
83
102
334
427
745
759
292
390
856
473
955
83
984
944
644
841
277
1317
437
886
1542
658
130
489
667
653
425
1536
737
54
164
435
692
1290
650
172
490
895
92
1107
264
964
1059
1440
349
1106
83
918
170
685
130
80
362
334
995
1215
923
286
47
726
70
450
397
875
496
29
808
396
1384
160
1014
534
631
1490
42
326
99
602
254
901
1438
669
597
85
3
673
358
431
1086
498
1417
1366
588
1073
1083
1504
1360
1128
927
938
41
593
981
771
382
138
38
615
239
419
101
498
1394
107
935
614
966
1429
1420
495
631
64
1386
96
928
520
351
787
195
193
47
202
278
503
1520
860
61
68
944
819
1055
944
1012
235
1197
256
105
481
347
1183
1383
12
192
125
1394
287
579
547
553
902
111
1139
1430
1179
1143
139
278
471
127
175
283
50
75
262
262
564
474
217
927
514
89
1007
676
750
116
178
495
1283
995
852
1073
701
656
457
729
192
1001
550
24
1650
612
178
33
1414
116
276
1134
1180
119
196
785
920
351
512
1175
338
1077
271
1063
806
411
61
176
306
971
628
349
1135
1642
34
1360
120
88
1165
874
140
1269
749
675
1327
528
248
1235
1032
338
232
1533
273
1413
627
344
869
433
1252
669
973
901
124
744
982
868
1212
242
777
116
988
244
752
1222
725
1009
411
525
1270
1204
1431
430
247
820
763
168
1013
543
131
1629
139
353
575
1365
1859
750
490
298
95
93
306
220
1273
186
1366
579
651
8
774
629
23
938
1039
432
257
34
553
153
946
1030
772
1084
838
93
775
888
776
338
862
1114
166
67
931
493
1007
1350
44
878
885
145
20
1298
127
718
434
1590
4
516
1106
92
44
1189
36
201
433
1057
945
1196
482
1154
628
1282
673
1066
504
627
170
1459
514
1876
107
481
380
458
788
524
528
1038
55
110
357
226
1471
946
328
622
1720
764
276
968
917
787
758
554
784
174
6
86
378
935
974
1227
408
985
477
541
174
724
576
404
679
546
1176
843
663
1216
104
483
641
1376
814
1023
259
165
918
45
726
1339
407
347
1035
1865
1505
1149
1394
880
1183
581
199
343
560
237
113
1491
1240
1242
528
65
1689
946
1428
835
1652
103
525
1237
692
1148
102
1062
1432
664
1568
1190
845
1466
251
398
649
804
1063
301
274
834
980
468
868
259
411
608
922
1631
599
170
151
761
889
237
269
332
199
1525
210
537
223
120
1649
17
804
1352
836
290
283
1115
394
1295
967
439
340
1446
753
91
97
551
192
247
1842
210
73
689
54
446
577
687
919
40
132
1088
243
185
73
1420
955
412
64
897
1657
4
467
1264
490
274
724
341
418
316
362
542
878
891
274
1082
400
6
25
116
652
687
581
102
211
383
99
416
206
257
132
3
430
214
473
12
1150
153
595
120
1551
1098
254
494
40
1155
43
1209
768
217
658
501
1
1728
449
890
572
1273
753
259
250
1463
1047
826
1479
154
372
252
636
524
119
452
232
364
269
495
1333
532
634
267
524
336
841
1705
2
1262
305
303
18
586
297
992
279
95
723
470
167
1303
37
904
1192
929
294
447
2
268
582
1773
617
32
766
438
169
863
499
293
869
6
540
648
679
669
958
624
2
1179
436
879
1287
78
560
508
713
181
290
1067
174
73
359
711
246
1509
757
209
270
350
370
255
10
734
1414
990
1063
718
1346
260
1087
109
826
503
50
72
1100
114
941
1600
1218
240
900
261
1088
34
1130
83
112
895
600
890
273
55
644
106
1331
16
385
695
66
73
1461
1015
1665
79
327
380
86
32
83
261
427
1015
1172
476
1407
1252
969
42
1537
892
421
669
1550
738
299
949
454
514
54
1615
553
983
664
460
11
1080
211
138
562
1148
322
1392
379
451
1128
1341
1356
1294
807
65
290
484
1377
585
242
593
43
1352
736
682
669
394
1143
340
5
56
203
229
651
957
333
187
1038
242
868
86
658
453
420
273
994
1021
424
1183
323
111
1027
438
823
536
272
86
57
979
1147
758
362
1200
130
83
59
1576
147
488
1235
113
812
962
99
782
187
331
373
309
473
510
836
1027
419
105
536
353
1100
118
1293
349
304
496
79
770
108
87
917
245
68
645
580
1063
799
801
24
156
1137
330
461
100
1588
110
2
810
1108
304
1049
673
131
401
44
1022
171
564
128
517
248
1262
650
1289
543
157
225
41
467
314
1321
845
1275
1477
738
324
924
78
613
732
372
474
1172
550
27
1303
144
1031
1009
231
1117
727
169
1786
22
754
381
1056
948
868
47
631
474
346
972
27
700
26
825
174
1472
409
613
714
1527
121
53
242
254
196
903
272
44
587
219
915
1256
5
384
275
476
689
432
343
989
428
519
445
433
598
1213
1036
284
762
1229
20
529
830
252
1110
248
550
1134
670
1524
142
915
1219
677
452
251
393
542
986
1104
978
1227
415
261
56
18
1356
152
302
109
1597
806
47
846
976
102
660
1181
441
1414
194
451
170
361
15
417
804
648
151
730
172
106
986
0
689
579
169
182
974
1218
1646
151
487
340
1314
191
431
353
842
193
