261
355
117
105
346
311
196
475
1
118
254
808
387
33
299
103
70
18
497
181
810
293
227
219
363
219
219
189
238
58
88
587
446
346
100
352
76
135
88
100
287
416
268
196
388
142
117
451
132
356
186
245
143
118
329
335
303
286
480
0
422
494
486
189
229
546
423
204
642
340
423
103
485
42
500
442
279
2
443
192
505
1
52
258
42
262
453
410
376
96
354
478
377
79
113
717
109
24
9
347
336
451
190
51
218
168
374
334
103
277
453
91
245
406
384
183
155
90
229
510
329
104
171
358
104
161
343
110
55
199
740
199
335
430
33
347
489
77
295
191
50
106
606
390
426
190
458
158
343
450
653
553
85
14
112
374
96
560
44
108
242
268
389
161
314
31
398
601
372
151
696
510
219
40
321
252
350
261
106
169
536
104
452
302
213
1
28
231
507
59
261
663
5
459
171
10
568
421
396
398
446
434
52
221
236
77
251
473
148
520
49
3
770
397
407
440
350
558
235
705
97
165
16
450
314
755
410
327
347
613
423
468
79
440
429
358
350
410
293
64
263
270
349
397
204
36
385
190
449
15
294
616
364
813
364
30
212
149
39
204
44
417
102
461
217
342
444
93
197
182
1
409
387
156
146
457
378
270
530
175
494
757
326
217
29
602
458
54
143
499
311
132
120
476
29
426
487
66
773
278
615
292
41
654
188
44
282
248
122
255
110
356
116
68
101
489
177
133
410
316
42
366
805
330
450
389
286
171
527
223
104
518
408
281
485
445
722
164
132
102
166
91
120
478
241
70
444
106
396
67
277
350
376
486
60
177
370
879
309
407
438
24
377
494
808
473
483
418
253
99
564
597
169
496
141
326
210
324
45
419
405
358
294
630
401
113
387
118
357
312
279
229
327
267
19
643
587
107
23
455
460
121
596
18
810
373
247
204
112
100
251
242
150
433
107
37
189
590
118
289
41
414
95
105
211
905
381
260
43
345
468
20
28
382
166
235
223
192
383
152
87
376
458
379
647
468
331
88
349
165
212
136
51
239
713
610
70
381
211
151
195
105
222
87
475
432
415
163
64
42
453
35
166
469
247
410
17
240
702
385
309
543
182
481
415
384
291
458
275
34
59
523
259
156
472
185
330
22
411
332
331
92
564
394
223
26
457
120
509
347
556
525
243
56
366
188
243
8
170
220
97
122
701
26
568
174
351
272
884
208
477
153
438
401
204
169
106
245
427
254
197
332
312
300
316
363
409
231
507
296
413
369
216
312
39
263
500
88
265
273
244
201
870
497
532
390
238
289
557
460
591
50
55
292
175
144
153
189
78
78
53
192
322
111
257
320
320
226
133
370
228
664
47
398
390
116
336
467
39
768
137
382
259
90
332
268
432
447
98
323
592
105
302
511
123
390
147
499
382
59
41
210
182
731
113
119
224
218
206
286
299
633
342
250
69
552
436
243
49
375
50
415
67
72
256
78
396
53
15
454
71
184
234
409
108
322
125
268
193
620
253
425
152
132
233
333
192
337
422
458
302
225
284
133
590
232
477
338
330
14
478
9
249
73
279
464
636
388
259
277
280
14
116
494
431
342
295
299
9
244
165
263
328
393
607
351
181
483
274
335
21
173
786
437
5
456
180
559
632
315
311
135
519
431
185
887
453
433
298
109
380
71
245
237
427
335
70
225
72
638
649
246
266
347
104
377
350
791
236
520
254
301
382
620
283
194
561
11
273
599
345
410
95
239
67
703
281
158
486
389
108
722
404
108
36
393
228
28
289
220
328
343
347
103
27
216
47
405
446
525
297
38
170
98
190
549
54
74
534
420
118
255
263
419
195
62
204
245
355
498
626
129
217
104
65
597
89
151
128
340
18
381
38
397
256
497
111
69
160
59
115
40
235
176
117
121
92
206
811
8
123
378
442
135
484
292
145
152
339
151
88
131
122
359
287
166
420
846
300
204
24
894
150
439
464
127
272
270
289
544
109
218
341
356
41
372
333
237
594
193
291
332
332
371
387
158
380
378
369
75
179
46
296
219
627
242
12
768
185
87
925
42
791
361
123
211
519
53
97
431
183
65
284
80
223
158
214
248
218
26
185
268
381
524
0
449
194
226
535
205
125
93
558
240
123
131
396
211
453
302
483
61
348
439
380
305
295
7
142
244
502
382
190
390
589
264
109
745
211
117
180
35
449
432
341
430
15
289
90
190
204
262
494
477
454
57
217
274
120
214
370
396
86
566
289
167
348
188
176
194
449
358
233
409
421
50
120
383
468
192
386
127
539
84
450
379
564
263
71
246
290
91
72
235
416
83
95
115
402
354
247
683
301
384
30
59
256
56
292
372
50
93
96
24
390
98
325
100
189
389
381
181
284
371
373
402
608
395
79
155
167
254
274
210
323
490
945
4
676
526
67
135
243
366
243
240
424
411
353
403
380
66
52
94
337
165
196
64
213
520
404
229
197
324
490
474
239
153
472
2
495
22
556
141
295
362
41
68
3
294
331
147
613
327
241
549
430
106
155
295
124
423
314
247
448
53
453
117
409
82
106
62
691
280
18
548
248
144
154
217
151
546
46
77
595
585
114
496
82
511
263
232
343
99
610
532
199
709
256
93
421
470
142
0
249
220
278
319
425
202
313
38
435
47
23
387
395
378
58
578
137
507
120
492
437
328
572
563
505
385
109
163
39
45
382
468
301
274
72
353
92
43
306
247
154
454
2
376
345
562
174
17
124
131
163
422
505
121
707
405
202
189
412
176
122
213
250
144
175
314
53
266
42
590
319
379
452
658
211
119
47
251
691
165
156
645
46
225
101
230
261
36
108
184
332
384
285
48
236
471
208
519
533
70
507
11
586
319
408
264
239
467
579
368
270
511
180
368
437
115
27
526
369
474
28
226
392
480
646
333
247
683
278
120
747
97
234
456
118
123
139
67
390
595
519
120
423
159
387
416
223
49
6
384
429
431
600
172
110
266
256
255
292
8
165
460
467
206
314
118
153
359
324
217
579
321
31
234
90
23
167
439
4
403
339
96
113
359
332
470
413
422
564
324
318
234
565
201
370
549
87
40
490
162
426
192
445
2
168
298
117
137
66
195
113
9
323
96
105
128
431
427
183
357
628
439
111
363
140
376
488
95
70
61
431
543
18
438
30
59
147
136
55
557
269
35
226
296
505
40
157
153
345
431
440
383
487
604
412
310
62
165
191
522
514
469
142
36
277
297
492
78
356
193
290
506
124
263
563
419
414
307
303
347
35
530
219
423
69
45
460
175
4
2
146
439
160
361
271
99
492
213
664
82
327
425
325
357
374
432
65
96
113
113
248
43
596
4
459
62
582
453
226
186
12
243
165
445
365
20
134
234
415
38
23
74
785
244
129
384
564
393
428
126
335
427
357
422
115
440
233
355
542
274
523
291
455
423
15
111
356
130
188
434
265
316
344
235
238
250
36
165
368
86
299
428
96
845
151
71
235
443
211
379
206
333
397
495
129
182
372
49
233
110
229
266
338
19
83
95
175
87
117
272
292
171
342
420
96
406
104
564
584
9
172
429
49
104
166
392
464
462
755
137
199
275
317
94
189
247
249
231
392
51
476
411
51
407
424
98
170
79
405
221
146
409
429
220
201
385
758
65
406
335
252
338
374
230
333
364
642
439
205
425
113
49
98
388
201
374
206
88
51
322
42
183
194
445
354
63
482
47
439
323
574
361
312
566
78
201
312
362
97
342
294
408
291
260
22
64
285
186
875
410
170
169
334
206
268
395
439
391
116
584
583
622
144
425
180
456
436
397
179
35
87
549
41
416
585
72
304
10
175
136
345
172
213
418
278
473
1
223
264
157
395
108
600
271
845
182
340
171
332
262
120
119
282
15
410
9
429
285
669
561
418
337
389
299
133
189
586
229
24
90
132
616
61
344
107
437
43
270
39
557
419
568
418
525
352
53
190
433
289
12
314
289
55
347
214
38
282
236
445
14
131
292
84
130
187
53
152
42
495
736
496
77
114
94
293
54
210
47
162
191
38
62
339
329
278
121
129
315
396
413
55
582
200
657
77
495
518
267
27
230
186
136
161
227
830
281
53
327
108
375
287
144
469
98
35
262
181
208
321
932
504
93
267
346
559
159
309
425
106
282
322
392
23
103
783
341
397
403
254
331
192
29
494
247
124
178
768
682
472
129
616
49
277
41
151
43
113
526
515
367
461
173
109
300
301
144
220
273
592
379
399
461
53
146
294
418
360
99
355
379
297
148
389
14
170
7
431
448
55
350
192
433
852
406
627
391
545
156
403
483
255
75
14
370
574
251
434
440
174
393
347
354
523
308
255
87
101
289
155
72
15
691
623
520
518
168
494
380
510
64
425
99
431
45
908
900
623
381
452
95
38
337
283
358
383
609
512
423
244
154
150
396
348
114
283
140
202
403
292
698
424
42
317
171
47
309
62
549
67
509
21
239
429
147
83
543
178
43
188
586
249
27
412
109
110
390
493
263
209
556
149
290
498
334
419
246
496
396
59
243
343
3
92
114
346
353
21
640
105
226
370
89
320
