802
441
146
639
1076
958
228
71
172
491
1290
885
301
616
36
324
484
36
241
921
676
757
900
1313
116
95
441
26
583
855
1002
1219
634
781
1176
316
33
272
824
1291
229
643
768
1069
47
185
732
885
228
271
972
100
113
115
587
123
636
243
555
265
209
170
190
0
904
776
98
277
876
471
400
268
137
274
72
648
217
36
570
1023
669
70
133
291
286
1058
138
44
642
304
301
1064
24
1147
644
870
900
297
496
134
221
362
74
69
494
120
953
512
475
710
398
1316
36
894
522
731
689
264
629
508
636
201
253
1018
1059
633
261
954
461
835
134
177
870
682
328
149
189
601
900
870
391
893
481
932
172
182
333
475
43
61
1277
134
529
1086
143
512
315
1109
1156
1257
410
920
795
929
204
262
597
6
92
433
158
50
784
362
246
897
624
128
797
408
311
1114
1037
286
1267
557
688
871
1257
538
288
746
1144
773
442
160
1121
80
182
21
1050
891
1069
365
644
692
53
1086
236
291
229
365
190
638
137
410
36
832
682
515
215
33
627
224
968
460
127
136
221
398
1103
597
1250
152
69
249
226
1259
431
37
4
229
189
410
638
414
904
761
515
53
265
549
1105
400
77
507
72
445
507
268
500
543
268
41
481
616
860
955
1307
31
185
869
286
374
449
1043
642
595
990
160
608
727
359
616
608
134
518
678
167
1253
179
879
1086
746
431
235
186
83
482
138
101
1076
282
163
135
120
869
36
768
1346
1115
711
30
796
790
53
209
87
448
856
569
142
157
1203
50
414
43
294
419
114
820
784
963
378
907
1315
294
597
686
760
1122
913
842
935
371
24
891
1007
906
1170
134
3
250
10
514
701
616
855
1361
997
136
1142
949
3
757
725
83
639
610
1307
835
173
3
160
221
669
371
444
449
852
1150
328
169
632
289
893
1015
47
448
264
497
1002
314
555
858
371
515
250
482
141
268
363
1052
412
14
428
543
617
835
1357
58
732
9
119
561
9
1098
481
749
854
425
289
327
287
1297
809
855
1145
152
626
1173
286
83
188
1344
707
45
27
344
424
758
532
647
648
80
1010
1007
492
802
784
442
538
3
1049
591
140
325
237
336
116
484
48
1249
51
594
428
396
1052
86
196
145
1283
916
55
193
268
118
745
340
876
387
145
952
11
504
844
163
372
709
1354
136
98
6
284
41
893
57
946
235
54
83
675
457
365
568
457
1176
831
1357
528
232
187
276
1110
576
360
98
402
25
238
1225
435
149
410
274
1361
48
487
232
793
410
489
499
446
276
111
11
893
972
468
1042
291
971
36
277
801
701
639
127
171
544
737
630
1120
1347
607
1022
500
95
1130
638
1250
77
1061
218
7
524
137
1321
229
377
128
525
18
827
230
1246
434
544
568
1009
234
94
224
760
36
1043
460
215
128
441
1147
555
136
14
770
264
595
176
784
196
250
684
131
119
916
141
287
210
430
1307
285
311
464
132
138
1026
6
170
797
351
414
333
352
345
69
40
265
1322
268
36
732
1086
1348
855
177
837
773
106
885
327
175
116
651
268
1267
433
14
1140
1147
341
387
225
182
424
414
10
692
33
73
935
891
6
793
1315
1104
18
613
768
426
235
243
1379
188
33
374
405
1004
131
638
1059
454
493
454
228
116
250
840
413
122
1104
1250
882
240
135
737
1207
966
93
231
134
874
204
1079
167
0
214
274
56
1106
87
1284
746
1073
1049
1252
484
866
511
210
972
107
104
167
115
1092
1000
209
903
852
249
347
3
405
284
520
17
240
69
876
404
249
1140
48
630
967
261
256
547
1002
692
95
105
1040
882
1156
294
441
499
101
634
713
695
249
172
69
583
490
294
461
832
544
949
645
90
1021
37
631
641
410
234
927
134
391
40
166
1047
562
915
264
1318
33
631
831
156
642
770
503
874
267
343
901
1146
457
873
432
107
48
681
240
24
594
3
4
184
1167
1192
490
526
586
137
184
580
311
86
866
454
782
1222
151
785
42
509
812
1188
711
1120
1011
68
1357
70
1039
273
326
1341
407
399
855
1254
568
442
410
40
928
511
642
274
102
166
475
244
393
591
957
337
1079
435
83
698
79
798
999
283
746
806
186
862
536
497
65
7
82
352
428
84
16
150
89
725
864
44
7
207
634
1143
313
50
401
716
885
171
1253
51
689
845
179
644
787
265
810
487
424
374
4
577
528
44
327
904
728
789
1029
497
165
397
724
20
220
855
1390
279
229
993
1046
347
48
1184
101
374
762
529
542
679
43
171
1307
1043
583
1357
1083
405
581
101
928
69
61
234
739
177
182
1106
64
1051
1310
517
378
167
1267
1293
503
562
130
285
357
380
100
650
712
410
725
880
509
353
7
33
820
529
869
469
906
594
844
846
4
676
1273
115
1051
58
215
