128599584
246807187
257935554
565264459
352487421
73511430
607817707
398007684
501710518
117710797
4193237
229546
1050042
1228465
1919440
4225975
1727243
7128324
4587974
7388429
114309
1547000
1563225
430991
4725796
3801724
1948087
6677124
5771307
4792893
5939876
7054280
5384594
3167526
2104738
5071072
970932
3773471
821075
4124506
5043355
4732694
5063619
5891171
7066283
940678
7033269
2208837
2061206
1589061
4817771
4870014
2583043
6532100
2991514
6893237
186798
3785930
144871
5598999
3169532
1412060
4691760
6913440
501945
4514537
7087189
4769283
2422660
3465414
816444
6349558
2516788
2961826
3603774
5444953
93212
6848396
1024301
5458209
6597983
3918488
3458842
5581710
7735155
7130918
4966000
6004262
5599776
5516534
5592198
7145375
918376
3815281
5790295
4372727
2798556
1464431
955463
6251453
2076914
5822703
6957177
7856093
7041149
6991145
1199346
4026129
2893091
7258639
5643878
5561365
2556036
2253084
5234634
5466321
6990370
3204823
7082687
2219340
72494
4179036
7972743
6993289
2966357
3290387
411559
6704361
5201557
5714253
5527030
6437064
1259213
3466905
6565103
158780
7539218
6074092
5332609
331299
2958374
5660582
4107544
5187240
5660757
7107174
6887777
2497427
7862708
6904902
3566928
5082541
3208599
6727478
4563030
393078
7577228
2610187
7454235
2076063
5123599
4748746
5573745
187285
186798
4806947
5560892
2653790
749322
7425313
1625866
3655375
6846359
5368516
3208989
7254015
2475001
6864515
5176745
2926629
3357477
5627738
5439427
5385562
2855305
6345062
3114453
3732851
6181025
7574235
4186227
6190035
2284532
4787288
776996
5905241
1297073
4303951
2067814
279640
6548907
186428
2974858
1561184
4225288
3244822
4578291
4758229
3947961
7399375
5984171
5627138
1113553
4790817
1777381
7269408
6030744
6213343
1996951
7330359
4803975
5314211
2235203
4519798
2464315
1274480
4769573
7743752
6998642
2945474
6255351
1336020
2004446
4944048
5215636
5610437
420647
1610744
4305050
187809
3165367
7208672
3225003
5228927
7141873
1155843
3731451
443997
7377826
4890613
72007
70766
5882395
7680116
4649232
5310297
5218364
3765780
1032464
5027833
6386392
85470
5452718
6628939
1432604
7293337
70766
4271775
3134091
145358
3616130
2892544
3129679
4612326
1177519
3797445
521572
1287615
4696354
7073420
635907
5014692
5357386
145358
4323698
3624495
2213740
1859573
2509499
7885419
4950562
2174958
7390706
6422895
6033698
6528872
1100142
6751383
4965922
4491953
922841
3725857
6335157
927247
4287423
4012697
435990
5259594
413829
618085
287274
5796154
7431947
321517
4578089
2602585
2119509
7275909
604001
3769541
3759051
2744730
4883421
6207691
3863659
2939125
7598650
7796988
334724
1176291
5900946
72007
2657041
7484455
5396371
5991193
1532935
5253814
1591412
7469497
4876643
6231131
4318408
5938594
6996170
5364825
6706077
3428758
987561
2880710
6902388
229971
4449987
4344760
4110403
1829678
5567147
3179740
403477
6346601
2122231
7529609
772648
6100218
4620840
372875
1737515
6102610
43543
7677093
3908494
951363
3988840
5451900
3090422
5912053
5124760
3107416
6405966
4370349
2697855
4689095
4589283
3281843
2808803
205380
5497054
5190684
1704509
534477
2909915
5922938
1718627
4199473
6410481
1724768
621303
4690068
4350928
3944080
3441830
7740690
5816780
2701809
1349880
256323
3588754
4910451
6386236
3575182
257785
1912510
6809258
3347434
1371812
4546710
6913788
3812501
2051889
7749571
2449802
3278371
3884616
7791244
2552912
1963697
320405
1747337
7155150
1970182
1526968
2370690
7264127
4131716
2497226
5032782
908169
4044425
7523320
2758136
5054082
861709
7730919
230341
2935979
7504612
6236522
1464654
2147889
3902868
6085718
3171104
2328528
3244939
831914
6849068
3501393
2182930
4907240
2304413
159990
2447829
3157730
3568129
5645545
5521891
6299666
5312486
7299718
3233129
2696592
6611153
1695075
4497394
4889081
831148
5616580
142773
346061
3802594
2991659
992904
6713610
504287
3118051
831902
3534357
3826154
1900252
5665471
7336961
4385086
1516552
6246279
7616993
3227763
7135463
2924220
6975588
5693947
3666030
3976079
7205570
1529650
3167119
4020457
5076527
7376252
4518618
5319710
1422198
7071646
2018428
6826175
418037
1416813
3232972
6317961
4203221
6326475
6892493
6856067
2738505
7353851
3923610
6437927
7320596
3525498
7681179
2970005
7436319
5945772
4328474
1487293
5730863
2820958
1163286
5180510
1820462
205905
7343465
3757228
1456190
3683578
5823080
1512678
5194801
782244
993249
6246193
3990193
4822286
3045538
6755447
7632341
1362980
3178622
1915519
4443016
4005425
993634
3342985
5162396
3999792
1338911
6933056
2704477
6497885
578715
1184724
929523
2575614
2324432
4752085
1696088
761406
5360742
7888730
2690846
7647346
6607319
5662577
2884014
7490276
3386718
2951739
4018145
4670385
7532927
2888452
43543
4835351
3741550
2124745
1394543
1412380
5393525
5273221
7511044
1469402
576899
4887944
4428509
1732142
4700060
4981279
4304319
7712226
2535762
6731497
1057349
2666423
7622570
4891480
3482641
4761163
7751818
1497632
702043
5035591
7510616
3585685
774728
5627381
5898263
6702871
3580321
5542064
7078576
2808466
113934
5353037
1269726
3641267
4765025
2962337
707095
3749207
1849284
2435144
3245320
6252155
4377911
4568990
3759243
676436
7357303
747006
4998087
766968
1158178
5383824
143630
3796534
1873998
1420753
7903042
5603832
2164333
3518213
5642019
2056480
1116672
797118
7140192
2839615
2683235
4080101
5841264
2595074
7555053
638996
7035409
7465109
4420358
329201
7527410
3177767
2489752
2426225
1283437
1206734
5326751
6512700
1801662
7470746
4306101
6561372
2826082
382922
6506813
4026266
4563874
215267
2914724
4121149
6542724
5680070
4336413
530765
1460631
2596605
7135346
2007282
6016170
155454
5188313
4826819
2978629
2170346
2071867
4312602
5450680
4885930
5954119
5054952
6475890
6827453
277556
5334501
1627086
3397207
3652170
2704248
186803
2869359
7459791
4503142
6170942
3736731
6561038
1152723
6566190
6796196
7104644
1599073
806676
5534738
1725541
502605
4439955
6093995
3502523
5823491
4333614
2434197
6456100
3619092
5882876
6417007
2876765
4212684
5420864
2239830
2541128
2498755
2372563
4125255
5212815
6286294
7331025
3385529
2349680
2811193
6653445
5092528
3253740
409780
5981813
4311783
2887241
6975392
6675039
6218068
5152786
7050475
1604370
7754687
1673315
1712941
1574484
6492938
6467361
2951822
5539374
3855540
1712781
1746618
3079305
683649
4532133
186428
2645397
4604297
303069
3649119
1852265
1876789
2849347
4703036
6077040
6592832
2669112
868877
3316843
3959513
5271238
3607124
5716095
3832315
2814799
839364
273951
6913366
356005
3152618
5005214
2526478
754110
4044084
3241308
6796430
5971687
5528606
3543760
7251721
2677479
1491963
1525579
1960715
3474211
6324508
4559155
4355566
2327584
415533
3859662
4848800
4180925
240221
6541984
5489590
1028786
5764782
2184749
272502
7094850
676770
450825
6833357
6905685
4164983
2016680
1908194
3201439
3476819
2981435
4652803
72864
7245158
2733950
3589933
1837677
6444372
3534139
4517262
6215822
278399
6912078
3892862
2399845
2296789
655714
6708700
474113
4813854
5747935
6570705
3588818
3664098
2970015
359383
6257594
6871517
1511591
6494098
3334289
5753593
7325273
2013606
902454
3151133
5893693
494199
1375471
5035150
6194491
5637545
4754470
4930878
4704940
3396296
5443314
974899
4530200
4800530
5186347
769165
2089729
5324528
1618719
377590
7059190
7049160
7310793
6961118
2900341
1970712
7334411
2278519
3288517
2320435
5735966
5977948
3212678
7273001
6574349
6588348
3009615
4267207
3589009
974640
230341
7660606
3463333
3541519
2601257
2027202
4658836
7050654
7428651
3207037
3777065
5280466
4769665
403491
4297860
4110400
5963299
1983531
4056846
6444749
6212753
1584802
2506634
5093964
8038005
5602170
3783167
2916274
7851012
1715211
744393
2085152
6063100
5966316
5110965
6292093
4393939
4276262
703036
6902986
6240027
1048512
1795991
6597524
7183766
4565202
7695887
2649913
1908370
5226591
6053093
1760714
638428
2607545
620655
5118343
3752480
4308031
5278341
2018780
3714871
511252
5958210
554440
7367517
4256962
2963152
3587768
2035566
1570916
6462487
4088650
3727368
1125438
1867233
6974656
3985144
328398
6779511
3168515
2037207
5232827
2876332
4068609
7591085
4043032
7488699
2823416
114791
4541320
1212592
4216090
7222263
2908203
4962937
349497
6414536
6723517
4587915
6107706
4301527
4760436
4325161
1749996
1022010
3294377
6986336
5499426
4906854
3394287
4493553
1037125
414246
6484778
2650415
6749882
4486282
6582810
5885201
2697414
956868
2263490
1341669
5640746
895836
3999490
4004204
3996476
7416364
5255496
4190517
5191741
6095926
4348328
1689121
1628073
3768644
275689
4619773
3684120
2766688
3908665
1551937
881774
7268029
7171228
1661427
453534
2591541
4272232
199024
2483256
205110
5641729
749211
1960168
5094783
3569991
2591404
7661823
4400065
4435863
1536078
1698955
4127202
4350825
826392
158780
3873067
3510552
3039500
2190984
5782127
7144014
2072960
1081566
833256
4058264
492787
2835633
5631668
1022935
2446165
5821499
5473268
7086580
5889911
2741267
427136
5715302
7765593
2037746
2418031
5749354
1435393
2885864
2638381
3246645
5059550
1986027
2871484
4232488
995727
7648790
547761
4980747
2869012
3942490
6059917
1978527
1371056
5805620
4381507
731273
2774145
7194201
6803204
4952322
2133654
6811113
3871814
5766479
1945326
2793373
5173854
2444875
7714293
5623967
4764076
4514454
2513705
1945391
7069170
2558362
3149447
810527
6253507
3423744
4613674
7370506
3328402
4530149
1131515
490814
3962629
5758445
606013
6711378
4361710
232150
215267
1869530
3276215
7451727
4863614
3516819
560918
1546694
5272451
4371984
1189859
3250348
6035752
1629545
72007
7204638
4941556
2368936
6600671
1657726
929112
1865302
1644410
695640
3087155
4066057
6474098
5738440
2804255
6464225
1018038
3834958
982313
2771973
2022316
1677821
7571526
3494346
4459807
1652111
1031872
6157872
3124743
5787330
6325859
2934280
4405861
2844774
3278617
1511675
5356666
6122118
6750518
1696918
2495130
4810889
5369980
7134213
3158543
2464089
6491691
7092619
4036726
5921005
4205297
3020391
5861015
1679148
5119537
1879855
332156
6325176
3049843
5751008
1343975
1063784
725142
3652415
1416177
5728080
765829
2396893
3463622
592768
858349
2742096
6074385
5400212
665259
5641100
3013733
3934162
3804048
6467125
4875019
2493531
1028736
2401549
5260200
3508383
762176
653015
7522727
5329046
4578859
4371936
5597394
5194583
6242867
5174937
3324711
2794522
6576828
89830
625339
1271064
4497251
452777
1273555
6877092
4408056
2768882
949652
7023838
6787556
1488574
6822456
5632767
3884347
6551596
1238195
3803846
6951845
6995380
6421365
2631180
6019711
6690370
5708070
3425854
4358242
1005475
7505193
5003361
6489690
5696825
6326206
2898580
1945322
3299737
5555337
7596009
2781383
6410855
2791224
3968901
427465
5954563
1447882
4269509
292711
7415570
1687355
4298434
3653512
5696847
6885255
5460123
186798
1854019
753469
6592185
4232553
4366514
6480792
2553177
5068643
2568268
6420737
589941
6955292
4760208
388211
2129513
6289804
3244203
6477214
6464035
6499281
5146592
955520
1553794
351108
7348620
905229
6906155
2014853
4953490
1471962
3778216
6991657
2831835
3916999
3418859
2089635
2710951
7294301
7361430
5848162
4309992
7380279
4802468
2149003
2857194
7518266
3078749
1312261
3416638
6369927
2891840
4346678
4277008
795171
5965370
4579354
5644394
3155950
7315901
1208184
2503201
4837566
502726
708399
2750415
1699574
2264706
1438854
5170878
7715404
1457050
2684330
5737192
6695836
2194051
4309375
4634160
2758994
1544293
4468622
6434880
7340457
3419027
406835
5557369
5441464
1989884
1060535
6942344
3224038
3473779
1670561
5717792
3874677
2384640
1211783
6781553
4015940
5909199
3217690
114791
1771965
2474229
5220369
1775642
6712262
3521242
1835866
2779798
5304957
7591497
7526121
7898671
2724385
1469932
3157620
3747361
3845918
287644
3588391
1848133
7807818
3489234
4638070
7527727
5924548
4312755
5780031
6180737
5883921
2611227
6353976
5174612
3939365
4915852
3922979
1213679
2287569
5831615
3311650
411945
1415939
4071852
1797251
4705827
7558948
1435364
1486271
7005946
4775149
4808906
6783022
5055576
4466625
5040307
7382276
2395285
2779992
7224293
4647618
7177242
5673882
6723163
7301727
7048219
5405782
6619934
1024172
1117771
6392226
5246875
6340808
7312597
793269
3072370
5032245
4357576
7426008
1576699
4795641
4659119
3203573
1795287
2612643
6822353
4150654
6006644
7048419
6318628
4866304
6443952
1038656
1956697
6187347
1239163
4948369
6867149
1567620
3202851
7121209
6898849
7544148
980826
2138933
5411947
4768799
7709101
488313
2792038
3735898
5622389
599696
1866617
3325832
2932039
583115
1108372
5923637
4747204
548995
605023
708481
5406850
5316912
1645229
7383541
1879276
1720498
4420569
4251618
5582063
6833059
1646962
2138936
6731531
2019441
2463041
804957
978029
6091951
2023784
4950111
2288750
3045642
373114
6840148
6746980
328400
3879468
3890315
7015786
6451125
2941101
6330640
2443665
822558
3719247
4921810
4426588
3045784
3096192
5385808
4580024
3019533
6849496
5299990
1451881
981979
943493
3333167
309865
4458204
4846970
1663318
6004051
6483020
2356098
5863189
3866019
435285
2180881
3473614
3346782
6601492
2386855
115550
1132824
115550
4076127
3700972
115550
4096213
1178663
5975632
6527575
6314705
5387290
5760859
5313485
4121045
3294784
6369864
7742544
4179031
1210735
3558387
3028423
4221210
7819788
3924537
566039
184700
2968397
445641
4188017
1653566
3164622
6992258
7034429
159745
4488226
6915282
5210403
2843672
1962922
6941042
2576252
6645234
4127362
7060339
6840495
1950323
4874823
2399276
3479867
4975420
4723767
4350322
585751
4514101
7707090
741131
5768724
475529
5318489
6426517
3247442
821006
6435335
5181487
615975
560188
114309
2673084
4339511
2078731
2596806
1778853
5208357
2228147
2926749
2913941
4780804
3377093
6037198
5386771
6438744
5190273
7473702
4825554
1652157
258810
3846343
6254768
4639893
2099037
4063209
5975969
3590188
6188717
2344795
3327824
275782
3765492
2806095
3554090
7347371
4371896
1811788
4492450
1937556
374458
364966
4816349
1664834
5013298
1610434
6991257
3206184
6669200
1475539
1162515
2071155
3396537
762362
3604042
2704724
2404747
2365997
823616
7525080
5984326
6801439
6028206
5457167
6475110
7852698
4292900
7599462
1459402
6418740
157711
5319185
5834112
4833312
3542656
1931851
5840293
2456593
5242200
5009811
6798932
5610047
841524
3090664
788325
116407
3222058
7417758
6871453
4906252
1357117
6122002
700365
4380541
7832200
2823451
1005048
1733192
3792266
562315
4374444
4978613
4927498
1180498
6298223
5072546
1724025
1570566
640572
4996214
7266531
2824989
910143
1650437
2609455
1430888
2185691
200629
4684139
5567354
154751
479591
320006
1725517
6415666
6627023
6942308
72864
6356467
785843
3228467
444123
5406201
2902664
5359410
2358889
696338
1731020
6680602
4006121
5931422
630249
7546643
1381027
1323841
4245548
7900872
3274123
2721145
974383
1428866
3330058
2432868
654821
1258270
6075064
4435173
1264396
6482827
2785630
684178
772158
4108271
4648596
7874816
1536941
4326716
2945172
7539201
1501480
1091985
6896971
4595382
2028413
3983509
3336831
417144
3574400
4276642
5384289
759424
1117511
2401867
855591
1758237
5696417
329201
6225807
811379
4127647
6666136
1009922
4341923
4448771
7960921
6063881
4948775
5056989
4809904
4385872
7043098
143851
4601283
3894699
5516493
4901489
6848707
7424585
6768382
648712
144501
392958
4080343
459887
6005416
2127681
4151620
1954747
3142452
6375568
5796560
158780
4241278
7293487
6295615
3916512
5348814
4166969
114309
6595010
3506481
6269128
851184
3042301
5803877
7705025
7887556
5363643
7534781
4156185
783101
2163432
2193801
6838058
2860323
5542237
4805167
3632608
3082110
1983451
861298
6348917
3440092
2785861
4216545
1399400
2349963
7626507
5549295
3575720
5848503
4050766
4254207
4461833
5481762
637389
2261538
6922926
4989334
5781855
2664084
874547
583749
989238
1601434
6726808
6352566
4970903
4944827
6514887
4836262
1454375
6761929
4963154
5232825
4634820
6056001
2354884
5009289
1355523
5951334
2994913
3244144
3513279
1227264
7215539
5142191
3644919
1037606
1497124
982950
1219180
4467226
3335598
5501305
593855
5663404
5350402
5364168
2453794
6627453
7634096
5890053
6344941
2741870
5459958
5517941
5959023
6656381
4735258
3528559
1083340
4538882
1074769
5570178
3693268
2002843
2997889
1383737
4145848
5759587
3032328
2693553
6238199
899040
2414079
458834
2185015
1892211
615125
5846015
1135363
5172968
373231
5816463
5809798
4282567
6003966
4735260
2238141
2198599
4099284
1992108
6465108
5546967
1126275
370099
5570260
2138516
7956279
432632
3435705
5645678
5024161
3605119
4339986
2416465
6494813
72494
43543
7430323
6218439
6611123
1434990
4345687
2914502
5909238
3485768
4119236
5589352
6795105
7838512
5647367
5941718
154751
5844751
4160467
1074013
2512395
7553896
5966478
5700460
6696544
2488521
1358061
7281283
3420705
492364
3197533
1195807
6190326
1006897
1065302
6101899
6039288
3319497
2227579
1969091
3947291
1085130
6445473
1486846
2301652
8009647
2478528
5070068
6238897
6401716
3322910
1205178
5396793
5292018
1311397
1027383
5507683
533744
7693296
4186017
7172135
1097674
1326617
3505623
6197924
1457292
2271129
6087625
3234620
2774065
2798050
1753605
305358
7359615
5294593
5316143
7806448
4338175
1971546
4613084
1969182
2760237
1495988
2714120
219608
2534334
5383182
1181283
1920333
7029137
2977752
4227785
6800780
583373
1232391
789832
4887499
1622947
6057171
7359482
6398772
899659
7251015
5026959
7563486
7005293
4928516
1632676
7964527
7245382
6404524
7414564
4155438
154751
1306847
918115
6401653
1731332
2895578
5609963
3309869
2744644
6968870
5959156
3885481
2428916
6138367
4715429
2619062
1026007
262799
759853
1672517
2125943
1916128
5034201
1485691
5258868
5525350
3576950
1060400
2832427
6516036
1494215
6678189
4984934
4965484
2777663
3742049
6913317
672888
1009553
699294
909395
2482518
72494
5744924
5980331
5539162
2554757
5349229
3426458
1809186
7090687
1908310
4269951
1466167
1260414
7248006
331487
8033098
4877092
5007513
229100
7056952
1040097
2992324
5745235
6156872
4363149
1794017
3549923
2685237
188044
7077211
4674979
3797285
3768035
7250105
6959945
7587390
4406129
806807
3673868
630885
6637893
3130217
6436284
7232892
5954347
1973297
3440357
4076556
6134297
4124840
6217022
4543385
783222
6977031
6085437
5555998
7644211
2395931
6915142
5049269
6348037
4975527
2665867
491697
4141579
6091979
6077458
6629772
2850630
2056229
3766622
6327744
1254014
1643189
1054039
6539566
4566683
4629885
4542605
4683849
3881911
5801678
7727312
5611728
1183218
5299986
7415598
7799539
2269636
3014061
3117380
2498184
1097195
2520725
5366571
6603130
939557
6746008
4832686
145358
7178939
6926363
7623934
5684717
4241163
4536686
2421655
133373
7039496
1821984
1106070
6054693
1797450
1096780
1560592
6550878
4217433
6544139
3124808
7526276
7939380
1325870
1498074
6975855
3396489
1610295
3840042
755466
7279786
1583556
4920654
7387985
1489651
7068533
620496
5244078
6384903
6987620
72494
5839731
1021416
4922206
4458623
6556864
2005531
229971
1023956
2403888
5234366
5862450
3098259
3064949
3089464
979397
5689675
5784293
4946838
5299058
1922070
6704125
1091232
791067
5438069
2856635
1065921
3907030
7637668
1379236
1455994
5899768
2857262
3370086
2322655
1565306
7625012
2685053
5386304
761328
4917269
3707012
4186994
4315166
5861283
6563743
3202317
5443818
5429096
5621491
7295067
4899658
2424814
43543
1242795
2361487
605893
3894691
4549486
3519875
2875918
6635433
684207
6050239
1658152
4561977
3602436
2606638
4290667
5352282
274054
5548267
7358777
6878963
6384266
2997296
1892957
2559953
7584491
5602157
5175332
7461563
2181732
1516573
7927660
4923405
5282578
7174118
1089195
3702065
6144612
5629182
1253124
4741144
4645801
331786
6964401
7788293
7189416
3631030
1472559
5039027
2833793
4436426
7761543
6459566
2278897
3939946
5933461
6917039
1543675
219806
3434227
2057384
996800
5309623
6595719
1840131
1707967
4309988
1254103
6636486
5232928
2514774
1649978
4546233
3868504
300594
7955205
7094136
2355021
327473
5354669
2520029
1243973
6408697
7905399
6998193
976996
1268651
6779876
3769139
5520858
3871239
5832937
5880270
4070649
3660024
6465887
5193725
719128
3317719
2042999
6603768
154751
1714344
6614306
2893029
3852237
7705917
7623591
4138038
3750545
4405708
1137057
1014104
4636407
6479799
7773436
4747289
7620172
1847499
1532863
7653729
3030006
5138223
4069147
5684302
1639457
4120751
748218
7118447
6247540
5384755
2513550
2840391
373368
3350514
115550
759283
4721989
4179841
4890803
5316122
2856005
5490547
2377053
1708494
2190514
4265823
497565
112693
3187966
3642615
3837924
3731926
3442204
550280
303250
5823885
326792
1273319
2582632
7383318
6384169
7546603
2065679
7579555
5570367
7377080
7400040
5458227
6728159
2042722
7202078
4645544
1859439
6217378
70766
5727571
4291892
4807091
5526851
3816999
5810527
215637
5515243
5875850
6185107
1528168
6954419
7030212
7031074
809418
5187998
1438432
2323776
260239
2451394
360900
7056104
641016
7097133
4267138
3279429
7221898
4136846
3774741
3603402
2253140
1832613
7973464
1805505
1457270
4795409
4563989
820973
1365601
5193152
1370424
415456
1402672
8032823
1313796
4640812
5669212
5939830
3756888
6839068
3805940
6883249
4451557
5886223
3731812
4999775
2404146
6592832
3339277
5274040
6124513
2796693
7970595
814428
5354649
1947928
6429549
5565668
6959395
1944294
7715424
7747364
2353782
3772611
6314073
5569081
4763810
4386250
7575931
4868264
3876471
7162586
1318028
6594764
4432028
4747665
1576876
6687576
7394601
6947705
4039742
925524
4624108
1002152
4913886
3521568
186316
2905341
2212862
1347050
4087367
1977582
3042668
436610
4308782
5032566
4120709
3040920
6312967
3149358
4122928
3439580
6048918
5707577
5024962
4948673
3489170
6341081
6461910
861993
6961478
820508
3172015
5232237
7644159
4902510
3021219
2374642
6691891
3636104
5302387
600885
1033837
1184754
6419666
230374
3246698
5415238
3713856
2798395
299079
1568486
4378770
5783847
3779269
831092
2363520
4803278
2894774
3539098
6675657
4471582
4241821
7385078
2536073
1401424
6858665
5420610
4861851
5452364
2686868
4159000
4766419
3202355
629170
5447941
1383670
6401394
7735601
5564466
6536761
4731842
4627778
4216652
5678910
4996142
316790
741597
4778466
1078294
4294279
999614
3814478
2922266
7482985
3928255
6304863
1366424
914019
5000478
3672155
4583332
5138582
6506009
1607140
5088478
3008135
2043324
2683358
7344060
3357264
3299814
7285871
1916041
5668202
5972912
3010005
6808653
6840736
2329845
3200309
6767257
1846269
2602040
4524993
688274
269940
4278393
6983469
2394990
2483425
802220
6050497
2274441
6915091
116037
6046201
114791
4860063
4214726
2958648
3938377
1090128
2801065
5238946
7048524
1939584
4791294
2953414
4559376
2606609
2584033
5914857
4905185
7106826
4419706
1573209
3932161
4296388
4045477
7166135
1769022
6071569
2531946
862208
3833954
5712434
895480
396099
1542637
6925800
4596992
7154842
3011860
4450044
4299434
5213105
4894749
4189233
3851195
6431396
3737297
4113793
5112931
831767
3625997
5602203
4406091
1781948
5459754
4683253
7029292
6948890
459829
4771301
7319197
3729960
1148470
6225482
3824428
3549049
4973701
3787984
6575813
6691389
4829028
3682763
1349734
487767
7383975
3931229
7230534
5838080
41927
5756802
6204075
6433952
5347387
854341
744977
5928165
2687176
5401108
554896
1457696
4387715
3195880
5324637
3655473
2081820
5760113
2273551
873989
322646
7006869
2136412
6289435
1501116
3332657
3054045
4176188
967593
3807011
5583010
5546270
7315975
5722320
6163655
6081595
7315315
2437114
4288328
1823706
4422077
3392470
7626068
701378
2590845
1892545
6997824
7507552
5102954
1892044
2072138
2984438
4294452
1863639
2513735
4036695
6326224
4509009
3036196
513922
43543
6157238
4741797
1581700
2771492
1504161
3396277
4717930
3756838
6927317
1013429
1751854
1018940
4523123
4668528
867030
4015256
1722008
2434789
6873302
3857052
4461814
6548248
7100309
2604812
5942415
6863769
4281134
5931898
2161527
300751
1101913
6135133
7195849
1540809
2238315
3233171
5725253
539588
7649930
7640669
2576327
6391647
2169543
1900075
6414700
2314607
1921181
1537212
332156
4098634
7727342
6574523
6283029
2994006
41927
6061592
233090
5242467
317222
3251596
2048019
5792000
3338775
5040772
7865904
844618
3333222
4408683
415281
6930741
2190369
981143
4488302
3861613
2310189
7539254
7203527
2467144
3390191
217365
1933305
5212922
6840553
3777710
1308450
4416322
3287219
7662346
720995
589725
5623032
7052303
5087196
156236
783151
247794
4101698
3186565
1360592
7888063
510625
4268175
1880643
6488901
5443990
7597044
85470
6902191
235188
1443411
7478621
4876693
6184485
5570071
663348
215637
6283749
895646
5335204
831906
7555383
6821034
4186229
8105903
7526891
3386000
349010
4825970
3429161
5456867
2685953
7561473
3492704
5244160
5465854
3838316
895227
4281443
6707123
6732016
6535024
6737611
6275584
5927725
187809
1075578
420149
2223029
2594012
3550173
542656
4414354
3745806
1931256
1703016
7022178
1321659
2976191
1924093
4932250
6886658
7419612
6588287
3051674
1279091
4588349
4361787
3625612
6113133
673074
1851909
4708210
3997704
1544564
6099338
388539
5301137
1280828
1999968
7385605
601471
488473
2290125
1160377
216124
5323019
7777307
4822022
3141204
4523505
3097076
7600639
7204706
3344573
4076337
2115765
1506476
6371281
7145452
4233305
2891623
7775457
7525055
2212399
3945735
2229492
5672468
452052
2120138
1885226
4345047
3136116
2759792
2680883
43543
2226877
3797083
4744862
5546400
1217636
7485758
5921604
7221673
5267620
2509545
6196780
2668193
6664217
3882581
7392982
5483319
2716991
2254150
2456974
1992215
232239
7559525
6514242
6799790
4655709
3873577
507012
844242
1699219
4687138
6441943
1771085
6395159
5847156
4193772
7514350
3484467
1366736
1571760
5985415
4119980
1617490
6943822
206237
4018682
5706721
2970435
72494
4028957
3107352
6910826
3642558
3816118
1282512
6379123
1414525
4794800
1223396
1199324
2190741
6722788
3038452
5228861
2164886
4628998
6084113
6643504
1984914
5415803
6994541
4619553
7997949
4849178
3969998
2857449
4215052
3797291
2651835
2238232
5859038
7200775
1503245
772821
7891452
2330529
4633406
2878896
5668861
4415111
1599883
4418031
2125526
7278087
3753952
5809132
2369072
1097573
3876475
43543
3761598
2265819
7721339
350533
652911
5285982
1384208
4614141
5382701
4020780
245215
2137358
5427968
626922
1468940
6063418
8119150
6118440
5792325
6592372
3251758
5468322
4898784
791548
1628430
1009000
7537701
7233337
402628
1740914
7883321
7780874
7114207
3557021
3551296
7126640
1640992
488392
7000531
6327357
2723321
2200665
1780488
3704348
2305094
7419258
2793870
5878580
2869694
1235933
3585582
2869486
7788398
3463226
458701
6907192
4615858
7444858
4321662
6333318
672629
3294945
2186673
1444558
5423227
4570217
6517917
7276556
3911891
771937
1549738
419163
3049492
4682460
6158776
5388910
215637
2054463
572007
1609752
4035016
2382797
6356430
3586268
5975043
4681585
1590688
6417412
4243806
2340538
1186658
1474316
185557
5982744
876740
230575
1028344
6627336
2052632
5625226
1930485
1137468
6944775
3802281
858304
3046509
4864947
1828136
70766
5319377
3698430
373114
1744022
7145741
3536347
156236
7000140
7679382
7128621
6040022
4931596
5562278
7410978
1189603
4550240
5167896
4260216
1858659
1227991
2720653
1029491
6321785
6597077
5401815
1705545
7505966
4664931
4769079
703498
6686598
5432678
1629118
1991556
5661353
8004543
922397
2524103
710739
3758723
1706560
744271
3116840
5826428
5914249
5472761
2445171
4647596
2036055
1160410
1649247
1486010
6726102
7122608
4972636
5756604
3618296
4443808
6357742
1935501
7309197
4351172
1339245
7537065
575684
1926098
41927
3535453
5500738
4065223
4054105
1329053
6993830
70766
5952982
3139067
655934
1108015
1435559
4491284
7880919
5170019
3645341
5041300
2115163
2711219
3314823
215858
6345595
5394656
7094852
6014229
4338360
2725710
3285295
6815974
2901452
7486819
3615576
4259568
5834310
5963489
4784024
7620782
1063474
746824
629468
6235827
4747426
1251673
5880932
229100
5085997
5208316
2526857
1373254
1951946
1064754
5107822
1052050
5159184
2109675
5543987
641930
651006
4151068
6606221
3092434
7559736
1354379
745695
2196623
1526758
974058
2243799
5904234
2158990
2277092
4908106
4540212
72007
658110
1248313
2085367
7537317
3696467
964906
2352374
6638487
1189940
7902733
1239845
3539992
5836853
2821155
5860029
2254777
2678062
3625508
2451286
4095141
3423326
4930873
906168
6055815
4068366
5735143
5369936
3740341
3795061
2122661
2855937
1107083
836444
529584
6254456
2038687
6332745
301107
5592105
2290980
1364425
2283705
6620047
7647469
4836537
8087125
703771
1138127
6818038
4896036
5472400
2361249
938701
2751482
5431553
2311171
3548370
226758
475876
4019958
881236
7775854
5028564
2897508
1631704
4814843
1770141
3478436
1738119
689880
2830543
4063617
4577628
5219698
2103294
4052292
2894022
6560533
595250
5170914
7040560
7723574
2625526
446772
7649205
2530219
6834845
6274879
1894933
2260887
5794358
1744005
2873172
4199085
114309
4162081
3413978
2531223
792896
3667216
4783338
3360489
7627838
705116
5803022
7172951
1017492
1485029
5242436
6710152
4623781
5258675
3891864
1472414
4225818
6853493
5266642
4849249
2445521
3147821
5677100
5118559
438502
6645021
1741780
3134691
7595272
143630
3749961
7157626
4632869
2125351
2386940
186803
6792439
7544529
2047443
2422923
4410316
2921136
6801274
3328867
6731415
2076939
70766
4719794
6292133
4467276
2385668
1936001
7751199
4084389
43543
3260528
3879634
6423652
6379321
4583327
6553135
1188378
328551
3557161
1258877
1362547
5045727
5663694
7355661
2055239
3630191
4915662
4085025
6218015
6031785
2705122
5933744
5698753
6449067
3932487
2101946
6739131
6968399
3950980
1221761
1383672
7523362
2603049
1791379
4860813
3932275
3488240
157477
5917034
2977183
1799501
6528035
6813405
3900228
4941145
2533029
5694899
797309
6496939
2545174
4730816
5731257
5848707
300212
7329493
4955101
1528575
7221316
862775
5571895
1249718
3582230
4889568
6524398
6925337
5841393
1955366
7060661
1859987
6814453
4329500
1002725
3973508
5255002
4035402
6213057
1853044
1945200
4621369
7459655
1651424
5282615
7482672
3559097
7652092
4519461
7290404
2494738
2591082
2843064
7914406
1726978
1006222
5156797
3078976
609623
7267143
4705652
2241247
4285768
300325
5392176
7573527
1802051
6114651
5153251
804393
2017362
2852650
3848800
165706
1546557
1744796
2725415
7408050
6051757
5058177
5000132
6242923
6435443
6869383
5816093
973025
6106713
5068407
6251659
1483025
2687142
7410928
2422342
1657254
5379732
818254
1209091
6687709
7722651
7681786
3228627
2183114
6549881
3534564
3421430
427249
7907079
2039686
2314197
2843783
1932025
1657024
4567004
386747
4221794
6565484
4266906
6706656
1326619
1967431
4206950
6714452
4851468
2605772
4711538
5039507
5892877
6949238
7331504
216124
5214997
2979643
3284399
2302104
2221629
4381982
7398300
4276401
4506532
5153971
2562721
5671735
6945745
7050825
2345945
6148120
7033112
344514
7211120
1851791
4533820
2986021
2712639
3755600
4966929
3913078
6861025
6973954
3123295
1871585
2391778
6118402
2148189
7648872
7906576
1239613
2937749
2787475
7464937
6294368
2186786
3526895
4602822
4979439
2002442
2346401
5527742
7560473
1903808
2778975
1596633
3107678
7368509
3030379
2861712
7783485
652749
6773202
274054
2929613
6363866
155454
4005783
1681443
3477282
745940
915763
6329027
4681988
1435823
4049841
4303769
7897107
3861569
6133864
1871612
6450082
5946016
2655454
1360892
6094820
5181795
7263386
6708294
6084315
4908952
7535057
5770539
7378971
7297613
3978572
5501305
7871426
7888319
7521179
7565266
3834271
7398158
2028111
3844175
1202224
2963007
2535160
917647
6874770
7167605
3377982
6762127
4716600
4206218
2309863
6045505
231330
1225880
2840758
5990522
3499993
2397905
7341919
6302072
2876806
6590389
4918884
1649426
3446137
1802606
6567978
3949911
2007853
2795963
979331
6064625
2348473
7038957
3981160
1961522
2654869
1188437
3942202
4751233
2394711
1155308
6293829
2350699
4560433
1141755
6446512
5937609
3018588
5561817
1615618
1710906
7747978
5871268
6350962
6115459
1493588
417144
2311154
4189570
5014489
3616456
2817866
2941224
4854137
1114114
2950727
7478796
4668949
4719056
114791
467668
3554208
7698324
6203223
2423568
7101088
2125383
3964319
5231710
5246519
1348056
1959208
5309390
6524451
3814386
2257309
5409265
5891427
187809
851988
4265333
794518
702264
4610196
1874500
6849985
3138397
7454104
6632313
259292
5983499
3059590
7202201
3844878
3131604
3398284
4701428
7205326
1086855
7573144
1087372
6027657
2789635
1083907
5540404
4147268
5901766
5767585
3326811
2660232
6919982
2679521
930502
7290138
3185465
3919789
7638564
3159813
6650459
6397784
1342280
5206858
4297550
7943922
2382540
601135
4273166
334597
1807786
43543
7783418
4848359
6356266
1195662
2290498
5693182
4172546
4909590
6540997
6930993
2122222
4975954
5605366
7716758
587817
5599432
7062879
6418602
4865381
158334
4953208
5026669
7278627
1355548
3040011
3673340
1372575
1641237
43543
2244829
3013583
651680
5607618
6669475
2280609
7135354
2811601
1150264
70766
6472412
692234
4700717
3805902
7444935
1188476
2814739
522243
3412834
3863185
881432
5690810
5331777
2981155
443608
200707
6856663
5647191
5230886
486755
6013395
1398814
5307988
6674169
43543
6674471
4472570
6337969
2353064
4866981
3493902
289935
5314430
1684584
4538009
1672162
687981
2395940
2232689
4282134
6477806
1847042
5941137
5036781
1870829
960092
1669042
3450035
7297931
6302870
7076933
2558427
948557
186428
7313281
2511920
6653585
1472995
1916323
5297900
4367447
2948280
7402598
5689142
4893626
4517709
2226390
5435790
895955
851318
566375
7473942
7295145
1235320
1340360
269172
6865487
752626
1348029
537204
5155378
7122134
3247224
4965885
6569409
660182
7142753
5272611
1857498
4435344
6858678
989277
1508024
5196333
3648235
5194293
5751977
7317924
2676168
6992902
166076
5631037
6281156
3902943
2005857
3438105
5980830
6134335
6620773
2386351
4216914
2760439
154751
4057908
415762
899546
302885
4455755
6676579
4422523
3382056
710476
896113
1865225
5978728
258810
1377433
4156672
322069
694488
5987048
260421
215637
5287015
1644891
4763901
5684810
4021940
6297743
5202136
1131041
7767496
7184000
719988
2986263
7338356
7313030
1655943
6969485
7381645
7287138
2390432
7275332
7397361
3123524
1688514
5873816
6269025
2243519
5238970
3226085
3104835
72007
2146989
1922328
787668
4300403
1894437
4793863
5474380
7402635
6909339
2323658
144501
7026132
2133798
3367265
7501003
5883254
2695107
7225807
4533084
6247636
2584672
4715330
4674718
501201
2491802
1492622
3471821
2336858
5713635
3998758
4381707
1186781
1324094
2749295
2084331
1291723
959919
6022834
2432941
1224289
6731087
5507999
2618054
2874300
299622
144871
157711
2926516
2274026
2262692
1501773
6058300
355090
5169892
2796872
4413115
2161772
776489
1705551
3078881
3636971
5922044
2596120
6978807
7312571
7212065
5907234
5262709
5553469
6260884
5597409
3620834
5754440
5528062
4916773
7229464
6056811
1767959
5484116
304960
742889
2595634
7433235
3098836
2853012
7343213
5412900
6744941
4580308
7003382
4961294
1300806
1795797
2528102
1332254
6030106
925523
2595510
3451103
6261644
7488807
2304251
2600970
1143864
5186683
1739439
1154760
2020215
5313517
6636979
5053960
1229125
3692080
5535595
3576598
7243081
1033334
5140296
725901
6291073
3355915
5854809
5920716
2478030
4992730
7661247
408942
1381804
7630855
2524261
2758548
493402
4302679
7859701
1499615
3802720
1836957
2547492
6347453
3972064
4174252
3725309
4611286
6920738
6522169
3280903
2368852
7175628
6976486
1362616
4440290
4752785
5049704
5547532
6088656
3947785
5035413
4760154
7095157
6850153
4526226
6180191
185557
5110426
3653723
3588885
4043389
2087695
3130941
7763143
3215078
4175249
5265044
6876419
5609133
3248870
4842845
2798723
6906822
1623773
43543
1845545
6858679
4503499
4082225
1754201
3145389
1432591
4629276
3629670
4629392
6735695
1771832
7452851
5695514
3710638
5238046
6741221
2334592
8048769
4012518
6653822
6027282
5501991
3130396
4878202
6954259
5900356
7228224
6705742
4198589
4768382
2380752
6309050
3477577
6130953
5918429
771978
4358364
2332731
7828164
792220
1078822
3327974
7295981
3750413
4935882
5940225
172694
449068
7697109
2113225
1907432
1041639
3367407
4254307
1098299
1703463
3742522
5637963
6796842
3541131
2891384
5360128
1363965
5205062
7503996
2716799
3157079
3672161
4641690
3291684
909657
1641157
3501642
5623867
7787326
1764576
1241320
685128
8032225
3210300
871215
6829509
2992748
4842522
6732955
4994472
1601717
3601470
7265894
144871
2430105
5945723
5190112
5767904
7544890
1758609
6338911
6542984
856163
1981139
4617948
5216026
6555349
2484111
2245047
1136866
6344528
3127213
4066402
3172199
681107
6679980
4461995
7014688
2740032
7139397
6719907
1503627
7482116
6570186
1007055
1628267
4835095
791481
3069870
2454522
3100854
1839239
5682012
6456073
5706753
4831648
872413
4560812
2059421
7179422
3263213
3862865
7784319
6897276
5379956
4637826
4987436
3537960
4777043
5944373
4500119
731008
2538416
2178956
1273990
1292391
7218566
1407992
5258385
850042
1077426
1737136
4253817
4384688
4703822
4831091
6461418
850411
6976375
2408269
1904227
1989215
736885
5634519
7571940
6268016
3007330
6214865
1720636
4942817
3040427
4441547
2226660
7424833
6987936
7471524
6934238
2515558
1708090
5966899
1364667
5966293
2340135
3781687
1995097
7477229
7487459
6353986
1240959
3058068
5300146
1568857
1421407
5727956
5931447
6889601
5902858
3725328
5803416
5986208
7829004
4785493
272132
6380654
7685851
7471010
3243522
2628441
2542591
3881815
4997240
6100619
5004914
5307443
3366589
7687144
6296971
1480221
2009089
4982545
6118787
1709150
5545702
4617723
3868901
5855007
5517835
3604953
2354853
7059910
4663020
6797636
6134605
2801255
1473222
5419950
7105895
41927
2157787
5729327
870449
6208201
2235679
5796833
5638753
4097557
4319197
114309
3302270
1226724
4454725
2969271
3604589
4758437
7462938
2212430
7458873
2084948
6480234
6622773
7527072
4288890
3928189
6810115
3969392
4436365
6851889
635732
4415334
1915512
5926149
3448453
5913025
4710530
4714857
4799178
6049789
7720164
3072870
819504
736046
1029653
6125884
2880628
797247
5483732
594003
1520664
8014581
553414
7173898
7608597
2027158
5021158
3007092
4749325
3073763
6084778
2582954
1649993
5845198
5011188
5211842
2923396
3962069
7657962
7518966
6598947
3486212
1027899
4347661
2743372
2010355
184700
7171156
7099519
1726786
7134171
7039957
6258361
1813264
3250759
6954949
70766
4546864
7290186
4678006
908041
5449339
5460477
4785119
4136136
1140421
1046323
3554317
3602452
3162543
4715785
5072041
7104401
2048998
3985841
7317367
1529545
2338063
2180885
4576479
5327876
3404197
2377584
733607
1038882
476363
1680584
3148939
1213116
4793259
587140
6489190
4080261
6829655
5364747
2857885
260368
7227258
3680369
2523759
1883111
953065
7421778
3826157
3147340
5510692
2194238
6086302
6929758
2128436
5115912
3504585
1628078
4948462
1801815
1462772
2593750
7635175
3443961
5284673
7233450
6684535
2527376
7776569
275230
1398354
7822870
4043276
2931489
1531090
7923247
6965128
5615833
861267
5576636
6196064
1811745
5100620
2500142
4810008
3513161
342795
2341653
5389592
3876917
404611
3732217
4129499
1398914
7999495
228477
3137249
6542186
867794
1183001
6371077
6456498
2717834
1455334
3257499
5007010
4985796
7826357
2336204
1129285
880254
7393808
7476652
7097933
1912290
7814176
4816810
6208154
2067241
6934312
2777316
3411378
4574930
4590109
5933176
2458627
3833612
7056812
4128419
2459503
4305358
3199907
4988000
4790939
7151410
2606746
345639
3143256
5577660
418320
3921275
229100
2138965
4674771
5301353
7242990
1865825
302835
7214145
5384085
5165311
4577122
3209946
1055872
7271794
3142038
933940
4120679
6185549
2264616
3162891
4491746
4534922
3650193
5060360
7376811
4200720
924595
1503981
5891635
3211666
6217657
6098579
4743330
7015406
5551994
2320482
1785135
4196988
2582830
1761311
1148754
4492823
2246870
2923664
5533106
5090984
4294740
5908260
3713790
509241
6127611
3905206
2913900
1447176
1183291
3712999
1889266
5788654
3488220
751182
2519680
3102937
3753910
2561376
5637551
7554153
