1728
3873
0
26
1034
2194
1173
0
0
1616
0
0
1812
0
2254
0
0
0
1252
3963
0
500
3598
1218
1235
2593
0
0
0
0
1438
0
2992
4262
1798
1408
1416
0
0
0
42
0
2654
3210
0
2070
1068
0
324
0
0
4638
2118
0
0
756
0
2391
0
0
0
0
925
0
1083
0
0
0
0
0
2196
0
0
0
0
2138
1908
3301
0
0
1383
0
0
2582
0
0
0
0
1546
0
348
3862
742
0
0
0
1116
0
0
0
0
486
0
0
0
1138
0
2284
0
0
0
0
0
288
0
0
1040
0
0
0
264
390
3580
0
1600
0
0
0
1204
0
3242
3857
0
0
0
0
0
314
626
0
0
0
2048
2000
1769
4622
1317
0
0
498
0
160
2314
0
0
662
1762
0
370
0
1274
0
0
3728
0
250
0
338
0
0
4254
0
3717
1590
2718
912
0
0
520
0
0
0
2103
0
508
0
1387
216
2630
1948
0
0
2266
0
0
0
0
0
0
0
426
1386
1436
0
472
0
2788
0
258
444
1499
1246
0
4431
0
1260
460
0
1956
3959
1221
2359
2076
1003
0
2255
94
3642
0
0
3923
0
0
1944
666
1576
1920
0
0
1026
2413
4277
2667
4486
0
0
888
1030
4472
0
0
0
2718
0
2225
2000
0
2847
1765
544
0
0
0
0
0
0
1471
0
0
0
740
0
0
0
0
0
1046
2062
536
0
0
296
0
0
4194
0
1251
1170
0
0
0
0
0
942
0
0
184
0
294
0
68
0
0
0
2090
1186
0
0
634
440
786
0
0
3374
2281
0
0
0
1438
0
0
0
0
0
586
0
0
0
0
1328
0
0
172
2992
1866
2692
0
1338
0
0
0
3126
3313
889
2671
1183
1250
276
0
0
0
948
2545
1251
3055
0
1356
0
200
0
0
0
0
4716
1956
2129
0
0
474
0
0
2018
0
0
1166
0
220
280
0
0
406
0
2778
0
0
0
0
1962
0
734
0
1486
1334
0
0
0
1874
3113
3649
4015
0
161
0
0
0
1365
2269
0
0
0
0
1800
2824
1101
0
0
396
0
1693
0
0
0
0
190
1112
162
0
0
454
1406
2546
0
2829
2354
2125
2022
0
938
0
3842
0
0
0
0
0
0
378
1605
1609
0
0
0
2588
0
0
0
1498
1502
0
76
0
0
0
842
0
0
574
0
284
0
2984
0
2884
2444
0
0
3924
730
0
0
0
3512
0
3738
0
1749
0
706
2135
2166
1754
0
3660
0
613
0
1448
0
3576
0
0
0
0
0
0
0
2858
0
0
0
0
0
0
0
0
1308
1242
788
0
1322
0
707
0
973
0
0
0
0
256
0
818
312
0
0
0
1104
2692
22
309
800
1651
0
1264
1424
0
2328
4357
3115
0
3332
0
0
0
0
0
1406
0
3988
974
4048
0
0
1968
0
676
2001
720
2903
0
0
0
0
3614
0
0
74
0
2154
0
1216
0
828
0
0
0
0
0
2928
0
3456
1401
1920
488
280
0
0
0
0
0
1770
0
0
924
0
0
0
0
4195
591
3078
0
0
2388
0
0
0
336
442
1450
0
0
0
0
0
0
2764
0
2049
0
76
0
0
0
2982
2264
3149
1401
0
0
4076
1632
804
2640
0
2924
0
0
3487
0
0
1134
0
0
0
1788
0
3174
0
872
3012
2692
0
0
0
0
54
3170
0
252
0
2287
0
0
144
0
396
0
1126
385
0
0
0
0
0
0
1879
0
478
575
0
1526
3204
982
1030
0
0
1933
476
0
0
0
0
3222
0
0
0
0
1146
0
110
0
366
1280
0
490
324
1346
0
1580
0
2908
0
3012
1660
0
2618
0
0
0
0
750
0
0
4072
0
714
0
1506
0
0
1123
0
0
2169
2461
272
0
0
550
0
2396
0
0
0
0
0
238
548
0
1455
0
0
3592
0
1828
0
2908
36
0
1817
0
0
1627
1886
0
0
1220
0
392
0
0
136
0
0
1374
638
983
0
0
1242
1865
0
0
0
1670
0
1994
1822
0
0
0
0
0
4007
0
3804
1360
0
2300
978
0
0
740
0
1398
170
1922
240
0
996
1554
0
1945
0
0
0
0
0
2366
3054
0
1620
1089
3011
1700
0
2330
0
2495
4118
0
2246
2390
0
0
2364
1566
250
0
1950
0
923
0
0
178
0
4456
3238
604
0
4408
0
116
770
1400
0
0
0
0
0
0
4108
0
3298
0
573
0
0
2846
0
294
0
2934
370
0
0
780
0
3250
0
0
0
136
0
3282
2178
1706
0
0
2548
0
48
788
2044
4392
0
4177
258
504
0
834
364
1509
0
416
0
526
0
2611
0
424
672
2376
0
0
0
0
0
0
0
26
0
0
3245
0
0
0
0
0
0
0
0
0
2461
1792
0
338
0
0
2244
0
0
0
828
546
1995
0
230
0
0
457
0
395
3824
0
0
518
0
0
1072
0
1811
186
0
0
4024
0
0
872
792
0
0
862
0
0
0
0
3799
112
1832
14
2878
528
0
830
0
244
210
542
0
1369
268
0
0
2299
0
260
0
1972
0
0
110
0
0
2621
2556
0
0
154
0
0
2698
4139
0
0
0
3152
2920
0
2313
0
2642
3584
362
0
2786
88
3612
0
0
828
0
607
2556
2862
0
368
114
0
0
3136
1341
0
0
0
0
0
1255
4486
0
696
1426
0
1290
0
0
0
0
4142
1127
0
0
4004
598
3718
0
0
0
0
0
262
0
1422
964
3326
0
4891
3774
2421
806
82
0
1872
2239
1054
954
0
3938
0
0
0
1142
1248
408
126
0
0
2288
2664
0
0
506
2163
0
0
842
0
1690
0
877
0
0
1186
0
0
0
0
1818
3423
0
2247
0
0
0
908
1802
793
0
2838
740
3760
0
520
1564
0
1214
202
958
3105
3860
0
4096
0
0
0
1328
2430
0
0
0
1213
828
0
220
2629
0
0
0
0
597
3162
0
1613
1106
0
804
970
108
0
1230
2641
2802
0
3202
2420
0
804
148
0
1612
1185
4706
0
1646
3798
1666
0
362
1659
0
3177
3127
1752
1632
0
0
962
0
590
0
1070
0
606
86
586
0
0
0
1043
2682
754
0
1532
0
2931
0
0
0
0
0
0
640
2654
0
2370
1139
0
0
270
0
0
0
1494
2290
0
0
0
0
4632
3965
3312
1988
0
0
1268
0
0
0
2811
0
314
0
3025
0
0
944
467
3091
0
214
0
3040
4148
0
0
2802
3400
0
0
0
2556
2103
320
4171
1120
2808
796
12
3284
0
6
768
1463
2516
0
0
0
0
1620
0
2237
3908
0
0
0
490
0
3537
3442
1951
1414
3340
0
62
1114
508
0
0
763
1539
0
1443
0
0
0
0
0
0
0
0
940
2485
514
0
199
0
1710
0
3770
1773
1070
739
728
909
0
0
0
0
0
2390
0
0
0
3118
0
1354
1038
4126
997
2928
0
2830
0
80
14
448
1484
0
0
0
604
0
0
292
3218
58
124
332
26
0
0
0
232
1747
422
0
0
0
0
438
48
0
0
1188
448
3808
3028
0
44
0
0
3231
535
3337
2202
0
0
0
0
0
0
718
0
0
1040
3540
0
0
0
3330
0
3366
1577
0
2906
516
2176
0
0
3418
0
136
3904
0
0
0
398
483
4308
0
0
1672
0
2922
0
918
3668
0
768
0
420
0
0
0
797
0
0
2298
0
3545
0
66
0
0
0
0
1600
1096
0
2286
3294
0
0
233
0
1002
0
2836
0
1063
3565
0
1490
0
0
0
2032
2461
0
1976
1654
402
2984
821
0
2984
2002
56
2687
0
0
0
1130
0
0
0
2362
0
0
0
0
0
0
1656
2200
0
2734
0
0
0
0
2866
1458
0
1826
392
0
0
0
0
3969
0
486
2398
0
3094
0
0
3281
262
817
1685
0
2194
0
3093
1619
4494
0
1446
0
0
0
1556
0
1801
0
2309
0
0
236
0
48
303
1090
1984
1071
3499
1350
1139
54
0
0
1427
6
0
360
0
0
2484
0
0
3260
4468
0
4042
0
0
0
1344
689
1634
988
0
3195
596
0
972
62
0
3002
0
0
0
0
3228
0
1714
0
3931
0
0
0
0
302
0
0
1736
1164
0
0
0
0
212
0
3064
0
1772
0
0
0
576
0
0
1180
1312
866
0
0
0
1134
0
1182
2430
0
0
0
0
3392
0
2816
0
1420
0
3999
2393
0
1326
0
94
1832
0
1114
3343
1225
0
664
0
0
1655
0
0
0
3070
0
0
685
0
1810
54
1298
0
3746
0
0
0
3980
18
0
2861
0
0
726
2681
2380
3288
0
0
0
0
364
0
0
362
0
2642
328
1784
932
188
0
0
1257
1092
0
1576
0
1620
0
0
0
2410
3058
0
0
2362
0
0
4
0
114
2144
0
0
698
559
3096
1762
0
0
0
0
118
0
3158
1420
511
584
2067
0
4058
602
3684
0
846
0
1656
3514
502
0
0
0
272
0
248
0
204
1702
0
468
192
0
3323
0
1571
0
0
394
3902
0
436
4038
1408
2001
0
0
2262
2938
0
0
1748
3266
1690
0
0
4232
202
0
0
0
0
1524
0
1524
0
0
0
0
0
2572
1367
0
0
1718
0
0
0
0
0
0
2369
1746
0
0
0
1166
3428
0
40
4212
0
1688
0
1656
0
0
0
0
2542
0
0
1140
891
162
1788
0
0
0
1826
0
0
718
1826
0
3082
3256
1466
134
2216
0
0
3396
1714
2868
0
0
0
0
1626
2283
0
0
500
0
1435
0
4064
0
2904
3714
2684
3711
2568
0
0
3293
342
1048
1360
3414
0
2230
280
866
1698
1466
960
1371
0
0
0
0
2864
0
0
483
1011
2004
0
0
0
0
2084
756
210
0
0
0
0
0
0
1253
1548
2316
0
0
2376
0
0
0
0
0
1284
0
0
0
1802
1788
3191
842
2607
0
0
2174
0
76
0
2712
598
1406
1298
0
2700
0
0
1164
340
120
876
0
3342
0
48
0
3574
982
2068
1360
0
38
0
0
152
0
0
0
0
0
0
884
0
90
566
0
0
0
0
3766
82
592
582
0
248
2362
444
0
0
0
2154
2332
0
0
0
1068
2338
0
0
2116
222
0
770
0
28
0
2954
0
0
0
0
0
0
0
2206
0
0
0
0
0
1443
0
4026
0
1611
0
1306
1134
0
0
2100
0
3680
280
0
0
652
1422
1616
580
0
1238
0
0
0
0
760
1590
3242
1188
1499
0
0
0
0
0
677
2311
3898
0
1980
0
0
398
0
0
0
0
337
0
0
0
1924
0
0
3782
0
0
952
1114
0
3315
0
2914
3621
0
0
1088
0
296
0
1518
2901
48
0
0
758
1996
3054
4038
0
0
3101
1090
0
0
1840
0
1943
0
0
1608
1578
3366
898
0
0
626
878
0
0
3038
0
0
0
0
554
0
0
2830
1974
0
0
0
0
0
156
1126
756
0
877
0
0
1954
2275
1776
997
1902
0
0
1312
0
1940
0
0
306
608
150
0
132
0
752
0
0
3800
0
342
0
2470
0
1876
0
2037
410
0
3978
0
732
1036
3499
0
0
342
0
0
0
780
0
0
0
0
224
2382
3330
0
0
2774
0
0
641
0
0
0
0
853
0
0
799
0
0
4164
1854
2629
0
443
0
0
0
0
0
32
3464
0
44
492
0
524
0
0
0
146
0
3008
2148
811
0
3751
0
0
0
2334
0
0
4070
0
0
649
0
0
0
0
887
1022
0
1332
3292
4556
0
524
3597
1078
0
1683
0
0
259
0
3302
0
2974
0
3074
2684
3146
1394
2496
0
0
0
0
100
438
544
2741
0
0
0
0
300
782
0
0
2984
0
0
0
0
0
462
0
2886
790
2838
2008
2816
3304
0
0
2940
324
0
0
0
0
1569
680
0
44
0
1205
0
0
0
1142
3717
0
0
2077
510
0
1033
0
0
0
0
0
1861
82
880
0
0
0
0
0
0
2902
3795
1506
1036
1058
0
4412
0
3524
2379
0
0
0
224
0
0
436
2959
206
0
610
1093
1882
0
36
259
821
0
3474
0
610
0
1470
0
0
2568
0
2822
0
264
0
414
1100
0
788
0
3258
0
2535
1132
284
0
0
0
1417
206
0
0
920
0
0
0
468
1132
1582
0
3455
0
2212
0
0
2135
0
2232
0
0
0
1648
0
768
304
0
0
0
0
2636
0
0
2220
0
892
0
0
0
0
382
4
0
0
616
528
100
2675
142
1526
0
636
4322
70
0
0
0
26
0
0
1648
0
230
2438
0
0
522
1094
0
0
22
156
498
0
0
1342
0
48
0
0
0
0
0
1470
0
204
0
0
3162
0
4085
0
0
0
0
3234
3693
0
298
4134
0
0
0
0
1837
0
76
0
808
3944
1351
2598
0
0
2069
0
0
0
2712
0
0
0
1963
0
1186
1055
0
0
1156
4820
0
0
2280
93
0
557
502
0
2294
0
0
0
821
3402
0
1582
0
0
1512
0
0
0
1058
1627
0
402
3694
0
0
848
292
0
1202
3671
3469
2268
0
438
0
0
2008
0
1600
0
476
584
0
0
0
0
420
1198
0
1464
0
0
582
1668
0
258
2224
2295
0
1468
0
0
617
0
0
292
3793
1036
1475
1654
0
1252
0
1156
1945
0
0
2488
2204
0
1544
0
582
2000
0
0
0
899
0
2622
1172
0
0
472
670
1588
114
613
0
0
2205
0
2787
2495
0
496
1650
495
0
3497
1415
2458
0
0
884
0
744
0
0
3556
3169
1140
0
116
866
0
354
2984
0
0
1840
3097
0
2386
864
0
1841
0
2142
1606
0
0
378
1648
1484
3299
0
480
1977
0
2954
3892
0
0
0
2560
0
0
0
2500
0
0
0
0
885
0
0
2351
984
0
0
1306
4130
0
0
1789
722
0
4308
2612
3949
0
0
0
2076
2326
0
634
0
4470
0
3723
1607
0
1488
200
0
996
0
0
0
1348
0
72
0
0
709
0
2576
3164
2126
0
840
0
3078
689
3681
1263
0
1346
0
0
0
0
2784
407
0
1136
0
0
0
164
0
1326
0
0
1102
0
0
272
2855
0
0
0
1727
0
0
0
2764
3254
0
1080
1222
0
0
0
3899
81
0
1557
2182
0
0
0
0
2415
0
218
366
0
1314
3796
484
2454
0
0
2598
0
2282
0
1182
1232
0
0
0
0
1069
0
0
0
2323
24
0
4880
0
0
0
376
0
2574
644
0
0
0
0
2520
0
0
492
0
0
0
1296
834
0
0
0
0
0
426
0
2236
1378
0
872
138
0
4318
0
2770
0
0
3906
0
0
0
0
1938
0
811
4022
2278
788
0
220
3768
672
1228
0
1270
0
2058
0
0
0
2548
0
2587
3920
0
0
0
1338
158
1038
0
0
696
1897
2
502
0
1914
985
1090
0
3712
931
0
0
0
2845
0
1304
0
0
1008
1537
0
1046
632
0
870
0
732
1758
0
2299
0
2407
0
0
3782
2068
0
0
0
652
1120
0
146
1129
694
0
0
0
0
1392
714
0
3651
0
0
0
0
138
2254
680
448
410
1542
0
4094
0
0
739
0
1702
817
0
2132
4154
1882
2190
0
174
0
0
1140
0
126
0
402
3304
0
0
2702
0
0
1502
2604
0
0
0
2008
0
0
2907
2010
0
0
2340
0
0
0
0
0
0
1776
0
2736
1778
0
1646
0
2000
0
0
1533
1875
0
2560
891
0
344
0
0
1788
0
0
1342
1439
124
4781
2094
56
0
682
0
2280
0
0
4082
2397
0
0
3652
232
2500
882
668
358
0
440
0
0
0
1156
0
3929
0
0
0
0
0
0
0
0
0
0
4406
0
1458
0
3213
1076
0
0
2106
0
2262
2085
0
1532
2377
2134
1948
1872
0
1462
242
476
0
2794
0
0
3064
2278
0
1674
0
3333
0
0
3246
0
0
2084
1608
78
2916
0
536
2776
0
3066
0
0
0
3151
774
546
486
0
0
773
0
1006
0
0
766
1788
0
0
440
0
948
0
1083
0
1402
2792
0
2481
0
0
0
0
0
424
3748
0
1070
0
1470
0
1201
0
370
3614
1720
4194
3710
2130
0
898
2258
0
0
0
0
630
730
916
0
3092
934
2340
1639
0
0
1642
0
0
0
0
578
2404
1823
0
0
0
2465
0
2413
0
0
1694
2136
380
3106
586
0
0
0
74
2658
592
20
0
3557
0
50
4223
0
0
2713
2949
0
3268
0
881
1820
336
0
66
2628
422
0
0
0
0
1506
0
0
0
0
702
1296
1931
0
632
979
0
0
4129
1454
1115
492
0
130
3443
0
0
0
3183
3890
3491
3702
3654
308
2882
0
642
0
370
862
0
0
0
0
0
3800
0
4434
0
130
0
1342
3850
0
2216
0
0
3711
0
1806
0
1996
0
3243
3312
2188
0
0
0
0
4803
0
1994
299
0
116
0
0
2054
0
