297258753
292314534
289679076
292314534
290193258
64545087
287236529
280611174
292314534
289778588
235934697
287236529
292314534
289679076
281107511
292314534
282713093
281107511
292314534
284705839
292314534
179376491
287037037
292314534
259811306
255613212
280611174
287236529
280643746
292314534
272858321
280611174
280611174
297258753
252253701
289679076
289679076
281107511
281107511
287236529
281107511
289679076
289679076
292314534
287037037
262790047
281107511
289778588
287236529
289679076
279288749
292314534
292314534
255613212
288252441
280643746
275194015
272858321
287037037
276486953
280611174
281107511
292314534
289679076
258161600
289679076
281107511
297258753
270311875
292314534
287236529
236653700
272477420
280611174
289778588
277149868
289679076
292314534
280611174
280611174
281107511
290193258
289679076
292314534
284705839
131136930
258068475
289778588
287037037
280611174
116256463
292314534
281107511
72321070
220061390
292314534
206108122
254920130
280611174
292314534
