13140
49
164
10620
16
648
96
40
648
230
138
138
308
14
508
46
4
230
372
4718
46
812400
138
978
8
4
720
1396
405
175
4
46
46
4
230
354
10
24
2892
780
30
8
4
12
588
46
308
486
2
48
250
1732
138
8
10
4
308
25
2570
7500
24
4
30
46
46
46
46
48
0
8
3144
96
46
46
146
12492
4
1066
32
1596
810
52
508
2940
0
230
4
0
43848
46
606
6228
780
138
4
16
96
4
30
1066
1066
16
15180
230
1872
372
24
393
139596
300
6
25
164
606
81
96
16
6060
64
2316
8
3984
46
27
4
42
81
164
36696
30
12
2
2570
8
8
6
80
14
8520
2
4
8
14
14
60
138
1394
1396
25116
84
14641
3980
372
8
16
508
96
3984
180
96
46
1732
43980
3300
46
146
48
1596
3300
978
20220
48
146
308
29820
144312
96
1410
96
46
13548
8
648
2316
16
454
46
372
138
300
1066
146
30
34944
5320
14
16
52
12492
96
460
6
52
6092
1526
164
46
16
14
96
1020
300
6
14
4
0
14
18
9
146
4
520350
2280
2316
14
300
756
3346280
648
16
16
12
3300
162
648
46
4713060
64
648
46
46
454
4
2892
508
612
164
14
2570
2280
770
300
0
20
30
580
96
46
48
80
230
300
46
1396
46
372
372
14
2
14
2892
1020
5580
46
2
3984
372
2
1556
46
24780
68436
250
606
390040
300
14
96
6
300
96
46
4
27776
9608
18
3984
63
3980
942120
46
46
1020
2570
308
32
4718
14
230
138
230
53160
1
46
96
300
138
13845
36696
8
138
30
300
4
46
648
52
4
30
6
508
24
46
14
30
2586
512
648
46
230
24
0
46
0
2
16
9428
146
9
138
16
14
14
138
146
4
12
46
4
52
25020
46
3
16
12492
4
96
96
648
146
230
164
14
4
463200
52
164
476
454
80
64
96
164
612
1066
1212
300
138
6
84
48
2892
30
46
164
396
14
8
146
164
510
606
46
8
146
46
80
300
4
6902
2
14
164
648
230
16
300
80
8
6
46
96
300
648
164
14
2586
648
760320
18
96
250
33064
25116
454
96
8
32
12
104298
46
508
612
14
63
3300
63
46
46
1175220
28512
138
138
14
2
46
2316
14
1512
2586
454
648
5580
8
96
1410
4
164
24204
4
8
8100
648
46
146
1
25
24
146
30
300
30
2316
476
154
8
9
96
16
6
648
139398
4
12
96
16008
3528
30
14
1732
