233244
290785
13134
5808
18
674976
269100
3267
434340
180810
958805
243105
195075
862960
629292
88924
1932821
166616
383776
2494
80524
16725
857070
198918
1435208
1159408
33814
462954
821633
385208
616
1097470
289230
5043
602560
149856
71920
1610
884
13200
166380
77924
763056
9918
59925
92576
199950
1188181
198404
5166
95765
1798776
110976
9464
269400
35643
12096
15336
5250
104720
69921
662700
693121
444
1369576
228804
107920
849072
581680
520833
937443
287990
142790
8164
108870
7008
426010
5852
789507
827925
120200
175450
77924
1018501
11594
96660
169694
306560
335670
59220
259602
2581
106220
44652
235480
74892
812240
50310
43802
637102
135256
311052
888352
152325
560
353633
112326
7400
369954
571160
178852
366101
119002
405904
1276616
86190
227976
6864
1119352
158240
415896
523336
120400
223041
892165
578163
810680
1344
678300
66752
462168
1653918
26602
904752
192786
1068630
182040
235200
1665075
105094
44652
0
85514
88065
358802
1535105
11656
616080
403700
224680
621985
1728
1568187
186252
4446
84840
243675
135681
1471400
17710
222496
769626
429786
1500961
634340
331004
7905
539328
161704
158240
38874
32448
319806
10325
402600
115052
443905
3468
13134
68252
36080
9918
21084
27648
134620
11781
51745
234081
10920
9520
218700
382347
76161
7154
102
8856
402966
323736
574
3745
629292
6
274518
1207136
424504
252
164736
12288
234360
535096
528780
424880
110208
340033
42721
99008
156180
155724
755510
273914
498984
711507
533
658945
20254
1503792
3960
802384
120600
15123
990150
1239704
401502
1318044
12936
128133
3333
504710
134196
6030
527102
356040
163800
134620
22620
13804
38307
1251948
73476
1209675
4680
18330
85
106408
469656
38646
30401
781830
4446
233244
1144536
32448
1870720
183768
690720
1054354
125870
14145
104907
866718
786944
586534
147
159160
34884
22881
5166
14770
82336
1183780
746504
23056
20584
721280
62930
408114
672606
481601
243105
182780
205670
16502
982696
762552
243960
101568
186501
1104740
3008
30502
257840
13872
163100
1200
300200
174725
17328
733590
394581
45264
1165633
73164
21420
10800
17025
54810
12936
678300
110016
34776
740033
468
4070
319806
1318707
1449075
816408
21000
179585
124644
375240
97380
338352
64827
470844
300200
537633
1773314
313956
1782552
140616
905301
10860
1701027
340707
1669548
108300
41536
356040
35643
167324
7905
391324
760536
183521
565936
1358787
865644
365403
25576
109825
4181
204102
5940
499800
29106
25761
9747
254625
139320
623808
159852
541025
1247430
1473502
602112
971283
980980
32344
56856
393132
41890
114
768614
463347
67200
184512
312341
440450
184
60634
285208
407008
40950
684018
1500254
5720
163100
1025505
4218
283054
96123
3434
96123
266412
119400
171363
349525
8060
1322024
474814
731120
3745
212534
6394
1642060
161472
249696
531302
5764
267605
45756
995328
611556
27
217890
991300
41772
166380
122412
34240
476805
433580
114075
82336
90133
140616
4641
385
184512
420376
1634670
1894485
22881
163566
265816
644033
153906
57408
1
90
217083
268502
720
102675
638946
739040
219781
157781
174484
96302
228804
334334
73633
431302
28324
18096
281826
39790
28324
763560
35208
1645020
184512
71765
1416594
1853388
1776
1633194
83333
2054
181302
11285
237164
340707
20667
430165
169694
1684501
77120
793102
133352
27744
446216
768
221952
13002
246533
37968
254916
26980
34026
127308
89960
136533
88924
265221
238854
69312
1104740
824252
381276
29502
244530
163566
936
2241
96660
394944
194310
496947
280908
65416
303690
35752
377365
89614
1239704
4563
7854
316225
143445
164268
7203
925740
33390
251430
952033
183274
1565296
1740408
812240
696490
558145
22881
200
109825
4332
265518
1656147
80524
993600
44408
169694
192
451632
7252
59220
164502
400770
128754
10150
4294
185505
324394
1811187
24934
68705
350892
56856
2054
31724
242820
26602
189254
2054
379496
246246
886176
45756
71765
79056
34133
1419344
24661
261665
21590
469260
466496
502252
197376
41067
307520
51352
68856
286752
669768
17176
70074
134620
23056
5461
41184
619710
7154
890530
930190
1045
118803
672133
919086
689281
520833
287990
140833
4332
9464
229356
119201
124033
1376341
432440
12288
4144
688323
1541
176176
603008
691680
4524
250563
59502
817974
1306800
917980
617440
163100
14145
616080
73947
975270
959936
241116
33075
104160
141918
13940
75684
52008
193040
67200
329345
24570
946970
303690
1157544
844821
904752
628376
859210
2914
465314
1850
125256
414780
11102
3745
163333
20501
777243
143445
2080
691680
44530
38194
1445602
559872
277856
1017918
28130
183027
577724
4
563333
985560
85683
64094
9633
722261
25484
15624
219240
50700
710533
80033
8268
468075
70533
170885
898721
23408
40252
1037232
18565
452408
62208
875340
150304
77763
1026
106785
55352
13333
33075
436245
287990
165205
243675
48260
159390
350208
305921
25392
985560
151875
157323
11470
368901
42721
19845
33602
36630
114856
34884
74418
52801
635260
450468
468075
28130
444
1
913560
17864
237445
1274660
532986
148074
4
609752
67050
76960
746504
446602
457861
481200
133774
11163
1269450
691200
75684
278160
448146
424504
32760
46376
9185
105281
26980
5985
1142067
1924803
172800
798252
4332
14700
9185
349184
47628
266114
136960
17176
290
197120
25668
330340
248256
41418
897627
410700
553840
385
1950
60350
629750
1005144
1142067
5896
24030
1115690
1669548
688323
1137136
87894
199950
168033
339696
364705
2380
23941
192027
192533
635720
38874
293907
1030188
414780
679252
30000
3040
1444908
107163
16206
47880
6348
392408
73633
358456
104533
281520
9861
1365
897080
30805
564634
773176
62785
86530
194820
556421
58241
14352
24120
1243564
279990
10325
900364
388800
728161
69160
30502
102675
561168
454741
124236
42126
25300
199434
936
47250
85852
908600
86870
31110
634800
9633
38081
96840
127720
530040
57270
866181
775716
8748
1862044
549552
1140
267605
941920
1539400
589190
36
88065
141701
170646
1240
337680
289541
106220
130416
1950
49280
352604
390963
490860
96
433960
61490
176
113296
328021
371008
466496
92400
2106
110592
232408
352
36300
160776
610654
8427
322096
4
416268
1203966
1292976
222224
555560
74418
1689750
604354
715896
4920
43802
3
1772545
342732
640794
62640
570724
297045
220865
45264
393132
128133
736560
311696
1426230
785920
972990
277856
1074008
54810
355008
1260
100650
15052
5547
183521
1332666
8164
5808
3960
55216
37296
692160
293907
1237776
2552
1071616
43802
307840
76960
18644
284900
174484
1110816
744510
28324
3434
1393326
45880
155952
7956
830028
35970
168981
1510880
315900
287370
1523681
356385
24843
120801
552552
12740
29106
66603
28616
163100
705675
1311424
3040
9185
9804
94341
54810
30000
9352
71148
244245
348161
28518
3008
174002
16133
280296
7650
15336
236602
802384
101016
156408
1189440
705
38646
33496
300833
904752
456
264033
15768
953160
775716
30603
472033
6210
158010
208296
110016
609752
330340
153002
45880
499800
633880
755510
25116
107541
138675
465314
174484
165205
89787
844821
538904
44
201243
3400
120000
437390
103602
169694
14630
125460
404434
7056
9464
210675
351234
11285
147852
24752
34884
173520
12352
19040
29900
427896
104907
212534
9020
585208
898721
916874
404801
58102
36300
55216
11346
53868
1650208
414780
310086
24570
15624
191016
1603814
1890514
560
44
1178760
618802
601664
102305
27648
682587
632502
57132
512946
27744
133352
1176880
506352
12805
200466
2296
394218
185008
25761
175208
85
14981
1191330
123627
196608
175934
30805
1211580
139105
49923
56718
209880
121002
536364
16428
43560
57270
135468
724716
1774083
7400
54002
138890
0
142572
1314732
45018
177147
38760
51221
51483
849604
12352
135256
50440
842700
126690
840581
671660
3300
6210
273310
16725
48896
213867
318502
1224963
4641
0
1324016
854934
235760
168507
214668
568545
62785
236602
229356
1294290
720
68554
133563
1753380
1130988
388800
225
21252
257254
1422096
197376
5084
662700
212002
21930
752502
277248
73320
762048
52668
208
80688
9020
318176
232686
185754
19521
11718
34026
1352065
932976
108
1446296
3136
1028430
401502
248832
66305
26980
772668
39560
3008
23232
151875
1482627
867
331668
285516
10980
41890
1127920
967872
1024920
25761
16
252010
1496
385566
1365
972421
141267
1376341
716385
148964
1131602
408483
9804
640794
402966
85
569416
5125
537210
1240
31621
289852
237726
443136
525008
8910
144102
703252
2730
8374
52008
2187
976410
97560
7550
1161274
466102
548696
612912
226325
6120
660352
844821
882376
716874
555990
5504
71148
373121
171602
605701
8
160776
1045
124236
425256
221952
161936
283976
1327340
3400
166616
257254
594520
925740
37744
287061
8427
21760
128547
10
158240
874800
35534
479600
178364
2408
202540
1541
574
93987
355008
3852
30200
358110
47000
957110
27552
94696
336340
1165010
811200
159852
461384
24480
1367550
206981
291408
8164
180810
48514
22620
61347
294846
234920
374886
1051984
34240
422625
161472
164268
65268
22102
90654
5633
70840
159852
800
1464405
842170
1008
317525
962766
177633
317525
575094
129168
46252
672606
134196
155041
498168
808083
2436
417760
27840
915216
3816
409221
375594
2
18174
2976
41418
1406305
26980
991875
178364
11470
491265
796190
0
104720
873180
36741
848008
1637624
294220
484812
407376
50960
897627
936884
15052
506352
49536
49923
37408
160083
437008
42483
12096
529200
7450
915768
1778700
105094
2852
284284
22274
193802
759530
182286
610203
131252
183768
228804
444290
31212
86190
848540
20833
1080600
661760
645888
392046
231018
17404
694564
295160
345780
889440
2324
114465
28324
284592
15768
96123
509232
8216
233523
341381
5084
336340
7301
42483
6165
1076403
1075205
259014
118206
978123
1115690
767602
303372
5250
309444
469260
5125
44044
143226
12160
512946
255208
336005
6627
203841
8
1329336
67650
1741932
35425
864033
160083
114
352604
335336
713456
164502
55760
355352
423376
15336
2408
138890
914112
273310
7701
3
295160
315252
289541
484812
198918
1365
9804
1869930
1460216
850
437390
481
1576150
1456033
313956
80
450468
125256
21420
680680
1256474
42960
144321
34133
47880
6030
1280533
748001
41184
192786
1416594
642181
29601
12610
20418
936
1058508
280602
49024
44286
86530
22707
40716
48133
73633
82336
12480
1295604
789507
22016
30200
472033
635260
960502
34133
15408
13804
1083
50830
46750
6440
1155681
1126081
13736
69312
184760
858140
10920
1216033
232408
197633
17025
175692
147
4107
799800
456
1800
84840
326040
614268
44286
45756
52140
19040
858140
90
1156923
1212852
18802
560736
906950
868870
282747
50570
1542267
192786
1156923
440067
740530
5676
37074
168744
183521
494
147630
384850
41184
64680
209880
297675
453185
378075
4332
778770
4524
220323
891075
521667
135894
118405
59220
1023752
273310
13736
83500
1247430
190512
26133
79544
237164
289852
17864
528360
565936
56033
66008
719320
20172
141484
1206502
741524
42721
82668
1197008
17864
286443
1326675
148296
356730
197376
11656
27
941360
25854
2883
231296
179585
719320
1045
705
3104
43681
52
1085406
29008
369954
1160
56994
23496
123830
386284
474018
170885
7056
1950
52934
155724
8910
785408
185256
586534
314280
499392
964467
368901
606150
1572528
510881
392408
92400
15914
196608
499800
793102
148074
5002
939680
1584860
26696
144321
6721
1364176
1391283
13200
179340
859745
593630
257840
282440
229356
837936
1767168
52536
3570
7203
24210
63220
177876
382704
4760
703252
8748
866181
95052
83333
273008
4218
262256
261665
1472801
310408
45018
96302
28130
759530
7803
183027
72852
4144
948656
220052
711507
918533
196864
245102
18486
210675
101752
512946
1090827
1139600
30704
663170
113880
347480
221680
1452
595856
764570
3201
638946
1315394
324394
598086
582120
494508
887264
6302
1179387
1145154
78408
420750
67350
1219218
142136
91525
848008
672133
57824
270
58241
285825
764570
1545854
26133
1008040
923520
5250
83834
157323
750500
37744
7301
381276
110976
16354
189003
106408
25300
170885
82336
52008
1692754
305921
874800
734580
565936
147852
54945
1147626
6302
217621
119002
164268
31724
436626
1406305
400770
983841
713456
27648
1110208
87894
10208
10
1376341
157781
38307
142354
223041
647745
1704
14770
38194
323080
1026
9633
290785
396
49408
575532
7500
184512
1875
575094
936325
211736
48260
92400
24934
185008
6120
66454
102305
537633
2028
18
1188810
24934
1166880
1218581
191016
616
423000
388440
273914
4218
429786
36190
2028
22881
460600
70533
1603814
2080
90654
13467
99918
123424
255208
446216
1577600
196352
411070
379496
66454
2640
867
182286
23232
316875
1159408
590964
35643
88065
161240
37856
66156
295160
226875
1066244
31930
47754
536787
503070
675
276640
659883
408
1290352
65121
1439361
358456
297360
396396
63948
19926
148074
684496
488033
580360
1149483
35425
4033
43080
112520
196352
131252
78732
153680
136320
91002
100101
861888
287061
1669548
249408
176418
131043
107352
226600
396
172320
165440
90654
448920
1498840
140184
255500
16354
9130
590964
390602
118008
545280
198147
8060
10150
5852
1024920
3
90480
428274
66156
1220494
46004
110208
11656
78085
106032
9464
570724
325381
516260
106032
60066
592296
25854
140184
4961
728654
32136
32033
97740
9747
1071018
546560
326370
432820
66305
366101
772161
155724
19280
305921
89960
466890
403700
507
507996
13736
547841
32970
7252
47125
278160
27265
297990
480800
80524
230187
239136
233802
22968
428274
788481
110592
110400
121203
115640
176418
654734
970145
918
65268
109252
975270
1043120
485616
430544
47880
344085
924630
351576
347140
4218
422625
1419344
108490
705675
249408
101936
936
14214
225
373474
126690
192
32865
80033
588
217890
236883
442752
59502
48006
685930
298620
22533
2324
203320
838994
243
238572
29800
21675
541875
1464405
2241
532986
134620
175692
52934
156408
180075
625633
745008
62208
459425
182040
37968
644960
11224
278465
12545
10208
711507
1119963
84672
15841
919086
375948
534252
310
174484
113102
463740
5166
1680
139536
26696
2324
480000
70533
73320
156408
1140216
21760
473621
8965
129792
124440
509644
58660
1084805
43802
1346700
917980
102490
1708565
1004565
950344
1344
941360
109061
1761800
213333
48260
1174376
228804
79218
17864
216814
603456
1
470844
1141450
1976
310086
56994
82336
8268
434340
51090
11408
847476
672606
6348
6440
81345
335670
83333
123018
161472
23852
1672533
17480
28324
276944
193548
546
520
112908
239418
1899256
35425
194310
36630
105844
118206
432060
906400
49665
1004565
187000
5043
118008
3816
50830
616
12740
31212
43681
631584
170885
587861
334668
221680
189254
5808
95052
1107168
447374
432440
480400
645
46252
37744
92576
260485
663640
2945
23763
21930
140833
195075
663640
978123
45141
4602
791560
644496
1800
945285
720
161008
157781
990
8427
1315394
724716
184512
611556
112714
385566
487630
45264
930190
4485
198661
89096
380208
122210
404801
131880
313956
573781
275124
1543701
601664
1104740
583002
33496
27648
7450
144540
486421
33496
171124
103788
8480
209352
1619205
2494
468865
69921
138890
27
2214
642181
723734
7600
0
795160
1710075
315576
381633
1148245
82170
183521
59502
11844
11285
76960
736560
1068630
990725
919640
491670
1264901
19683
324723
249408
138460
124440
91002
52668
427518
160314
682110
1298892
192
816
43560
424504
7803
79870
565068
107352
3605
54002
407376
106408
2324
214668
371712
345102
175208
959370
1587768
82170
141701
180810
52934
134196
130000
35643
201502
1294947
303054
28324
794645
392408
165440
50570
127926
170885
339024
168744
85852
17633
20584
697936
219240
257254
1591408
380920
64974
656136
332334
1351394
306240
6912
577724
109825
1413160
692640
804454
26320
411810
1122408
23763
563766
1422096
14
1360133
392770
47628
10740
1004565
79870
241968
154360
335002
1121185
588
1459518
1159408
184
849072
640794
455130
915216
434340
33390
61920
310086
283054
223860
1059102
14352
366101
356385
174484
251720
420
12870
15480
347820
31314
2976
305602
330
5852
936325
290
259896
14421
37632
434721
200466
83333
496133
443136
116230
166852
972
26885
26508
963333
486824
21
756012
1330668
1044300
675
8374
349184
5940
4256
342394
308802
13601
1041352
58520
13534
88924
343746
9240
218970
66156
28033
1890514
192533
1564
653800
208296
130416
359494
2268
213066
373121
615174
606150
966168
19521
68856
112714
25576
13002
1983720
300200
288300
9020
456300
117810
142136
859210
3136
172800
474416
92050
338688
853866
9352
5376
1161896
666465
938561
5547
96660
241968
47754
55760
3675
1151960
22533
1354080
14283
1350723
68705
1170000
450856
226325
215204
317200
386284
3536
610654
190764
258720
801350
339696
182780
533408
1726725
23941
1127920
1352065
44286
576846
95765
172800
46004
17787
995904
28227
8748
1542267
16280
572470
1052576
990
74418
292032
67950
487227
965034
638024
541025
65
107163
431302
65268
63075
1242920
302101
979836
701800
76800
784
441600
638024
360533
76320
187750
221408
66156
27
1281186
70840
324394
324394
272104
163100
12096
21336
18881
177147
412181
62352
180075
63510
405536
5250
44
1698016
550408
15987
2883
191521
251141
239984
92576
227425
158930
8856
80196
11224
907500
61061
44408
42840
1174376
1587768
730133
54002
159852
203580
1774852
754506
85514
1043120
19200
966168
62785
546
25300
1515141
574656
1658376
161008
455910
2700
420
59784
444290
15624
150976
27744
17404
261960
33390
251141
1041352
34992
1154440
522084
21000
397852
916321
1575425
344424
1403568
90480
1185665
24030
118405
196352
499392
1376341
137816
10034
349525
223314
15987
401868
621075
1150721
721280
107163
22274
854934
785920
588
462954
379852
749000
645888
365054
873720
325710
335002
126280
97740
10740
187000
498576
435864
411070
1260
1462310
702768
910803
850
125870
216545
87040
323408
37520
1023168
407745
128340
5166
88408
162867
70
453185
486421
63075
17941
56170
45264
93280
62208
12480
150528
161240
152325
414036
259896
8321
137388
774700
210145
183274
246246
168033
50310
1107776
726192
608400
735570
133563
76480
293594
175692
921302
21590
784
174484
86870
952596
83333
137602
0
185505
37074
92928
597640
1237776
73320
1041941
112520
42245
384850
147630
213867
131252
486018
1625824
2380
554270
138245
358456
1875
102120
307520
188250
44044
270000
631584
95765
61347
91700
12352
1743456
906400
32033
54002
35100
979836
9918
96481
925740
30000
7154
1428990
984414
300200
11346
528360
17556
238290
15914
445830
373827
32344
37744
987854
249408
62208
142572
514188
250563
205932
5334
507585
206194
544002
97380
299252
21
822156
264033
422250
484812
1428300
362268
57963
30502
48768
390963
8533
336675
564634
737552
1152580
22360
1548726
537210
262552
140184
319806
7056
335336
312341
9185
520833
373827
539752
2700
58241
936
2214
5808
75843
167796
160545
2296
27840
45387
22274
1774852
17556
561168
243105
105094
4144
306240
115052
203060
2730
1045
105094
1198272
14700
210410
264330
408
75525
143883
85852
13736
10443
21168
659883
389520
354664
9520
920748
980408
244245
328021
5808
4256
29502
62352
7301
993025
44652
265518
1343352
1358114
1539400
1045
1801875
588304
46004
4800
279685
355696
24300
199950
94874
20172
674028
46376
418506
62064
9185
576846
17404
951470
350892
503480
119201
289852
1258416
10150
349866
124644
67950
279685
25576
1062670
1203966
615174
7905
460600
290
186003
14352
78085
18486
1133445
290474
269700
53333
5418
44286
740530
101016
333000
180320
83667
44896
984987
32136
393494
15768
23408
205408
1489665
87381
56170
37856
240550
527940
46500
723734
14352
3434
249985
430923
288920
680680
147630
173280
123424
1005144
3570
1362828
75525
777752
1479816
769626
66901
938002
276336
1430
28033
7905
49280
6394
77602
480800
575094
409221
437390
319806
355352
326370
387720
191774
594520
97200
69616
13002
378075
741027
5808
125460
1084204
736
270300
141918
11163
1842400
2945
452408
48387
468470
68101
115640
743016
87894
556852
258720
212002
344763
174002
841640
368550
22620
494
615174
601216
1736602
1078200
1265550
1084204
98826
804454
173520
32240
884547
863496
110976
2852
191268
502252
22102
310730
20336
345441
112520
26414
2494
303054
56170
623808
41890
823728
755510
196608
211470
1680
814323
3366
572033
2883
1875
957110
179830
144102
141484
1415907
1704
48
336675
159621
772668
617440
214401
84168
844290
50440
1058508
699867
807564
744012
688802
2002
69008
7550
97200
9020
88236
400770
71302
66752
273310
1150721
1020250
63948
47125
56856
227976
1339340
1444214
431302
750500
42364
791046
26414
52536
264330
150976
220865
55080
56
1409045
354320
1051984
226050
70
165910
384492
583443
87381
6348
264330
118206
448920
3605
510056
0
83333
826875
195840
15696
313633
276336
15480
10384
638024
368550
101936
57963
529200
444675
707130
80524
461776
652400
6302
89787
90306
865644
663170
459034
1532960
39102
30300
407745
14630
742518
798252
188752
284284
572907
173280
210675
81180
101936
81675
2436
413294
1324016
603008
140833
57546
30000
971283
72385
15768
669296
86360
68554
114270
741524
1245496
40136
254916
126485
1374310
934650
127514
234920
393494
1001096
101752
126485
7154
1850
179830
237445
1644280
3640
178120
79218
44165
1530816
470844
212268
54405
473621
3168
463347
10266
1369576
704705
5504
211470
460992
30300
48768
563766
1937640
133
174725
68705
71148
136746
588
1084204
893256
675925
73320
3468
4332
426010
685930
197376
581240
205932
98826
14
1138984
154587
18723
16725
450081
756012
292344
312987
119600
170646
333333
48133
37968
176176
13400
104160
167088
669768
323408
525008
6210
135894
600321
776225
12480
884547
33602
43200
8480
503480
20750
1321360
154360
119800
456
927964
299884
692640
1540116
447760
918533
68856
85514
173040
349184
665994
8427
623808
299252
14981
817452
81840
1247430
9020
769626
22360
107920
904752
224133
185505
18096
0
779280
563766
33602
473224
97380
2945
77924
68252
1142067
134196
319480
406272
54136
705
759530
144760
2436
259602
335002
575094
304326
579920
954852
374886
284900
346460
536364
518336
440450
455130
630
31110
3168
497354
294533
20418
235200
3710
341
356040
453185
5250
240267
26696
109825
817974
14145
864570
132300
4446
0
6627
322752
305602
217621
91176
60492
168744
33920
297360
53333
630208
33602
705675
209352
277552
312018
372064
535096
186252
50181
662230
887264
36630
188000
544854
152325
448533
10208
5547
997633
129376
1240347
275124
201243
106785
1863620
59643
226875
11532
1281
648210
80688
36410
288920
1668056
32760
705
112908
344424
27456
202020
633420
424128
20254
176
21000
1541
38420
112326
176418
1075804
593185
28227
15768
23496
43080
449307
41301
6302
616533
168270
721770
1232643
1282494
121404
1493896
182780
35425
592740
591408
116427
373474
1360133
124848
18096
704220
216008
1728243
15552
140400
141918
551694
409590
241116
124440
955980
279380
12033
405168
490052
495726
6302
48387
456
99918
34884
370305
22794
22274
512120
196352
835296
87894
332667
2852
217621
51614
84168
291408
36630
1344
307200
647745
298305
558145
745008
1728
0
53734
188250
111940
1015590
183521
6816
341044
3434
32448
237164
69921
159390
927408
224680
159621
245388
208560
158010
773684
19602
38420
672606
200466
14214
272405
15123
256084
255500
303054
752
440833
433580
186750
7650
455520
1579050
16875
13872
660
576846
37632
782852
144980
449694
69008
273310
607950
37185
259308
353290
11408
1620675
154
4332
2002
196864
352
1680
49280
71456
99554
221952
257840
341
168033
901
17556
11408
443520
45880
228528
100650
273612
1291664
2945
193294
265221
192786
140616
82005
67500
18802
429030
57963
38307
87040
383776
237726
137174
1086008
23408
311374
124236
602112
82005
50440
109061
470844
13068
108110
60208
4218
392408
56856
150304
628376
101200
809640
22102
218160
0
57132
510468
213066
23232
1301525
86700
72852
17556
570288
184512
29900
432
8060
21760
1134060
405904
566805
93104
578163
357075
696008
24300
72852
341381
192
6256
512946
583002
1035468
3040
252590
474416
412552
150976
252300
579920
33
477603
86870
307200
833714
616080
90306
328021
284900
35425
49408
113880
11470
898721
1378374
81675
2852
1244852
35316
161
200208
285208
1044300
66454
612912
414780
181794
435102
674502
995904
135894
897627
102
5720
8008
622896
418506
70686
369954
176904
717363
1163141
1800325
490052
1045
850
926296
1040174
264627
81840
709560
55896
420
47000
257840
30805
22620
41890
111554
337345
365403
250852
329014
1048434
682587
530460
443136
569852
2945
67350
1316056
660821
83000
223041
61920
15480
10384
736
34454
1112643
362964
182286
195840
7301
31518
1747270
122614
185505
68252
206718
1774083
98645
535941
466496
1277921
300200
443520
987280
47000
3536
221952
48768
1428990
3710
206718
42721
1023752
7154
264033
279380
1357441
179340
151650
203580
52536
97921
788481
131252
13200
16576
7154
407008
93987
402966
33602
330008
567240
736065
402234
525008
59220
24752
27552
252010
13467
929633
678300
23674
6864
176176
411440
256668
50440
93104
274821
1488256
76800
112714
2883
9185
32970
102120
151650
1331334
1586314
749000
1301525
278160
1510170
1135290
465314
646352
6440
414408
9520
550836
37856
70380
8802
42960
393494
89787
1104133
100101
826875
114660
51876
26320
234081
69160
492075
520
1166880
670714
580360
825825
11781
47125
183768
972
827400
47250
469656
763560
5852
3300
643107
262552
7056
1344
397852
234920
351576
80852
124848
419628
46750
761544
3816
103788
1408
230464
39675
351576
69921
456690
48387
50181
94874
952033
1030188
331668
19764
110592
135044
27
705
6580
21000
909150
26414
1304161
674502
110400
76161
67500
660352
265816
112326
164268
717852
1752
495726
236602
685452
8
28616
3400
97921
519584
16428
21505
696490
163800
361227
731614
123627
642644
12740
460208
265816
474018
13804
905850
400405
24210
30000
1573976
170408
25576
78570
69768
1249365
117612
873720
11781
226050
567675
925185
210145
1656
652866
453574
83166
553410
39216
262848
268502
1064
4563
273310
272405
734085
65712
267904
223314
90
320
2002
190260
875880
390241
1098680
682587
176904
987280
197633
475212
28324
90828
26790
47754
382704
200466
82668
60208
290785
121002
102305
1039585
95408
494508
467285
383776
262256
578163
438154
106596
424880
287990
190008
1112034
277248
108110
773176
56581
1304820
850
181056
291408
735075
117612
25300
6030
61490
139968
5808
40833
66454
249408
377010
58800
10384
610654
164736
49536
0
1250010
649605
108
51221
165675
83500
276640
1456033
1511590
24390
76960
10561
490456
93633
17404
88408
103045
66901
156865
34347
95765
4602
76960
4563
712968
42245
112520
384850
479200
645888
1583406
143445
85683
584325
598533
1376341
79707
1280533
6627
24300
943602
23144
378430
508408
446988
180565
74576
754005
2007372
660
78894
75366
594965
848540
40833
56718
122008
1863620
1083603
1053168
387720
420376
424128
4256
389160
319806
527940
201243
40252
1250656
125256
309444
219781
627004
7400
1016172
1037820
51483
8748
107163
651468
19200
73633
164034
63656
49280
1110208
900912
400040
381990
784896
98464
695526
635260
3780
227150
1103526
98826
468470
255792
959370
200208
701800
352
487227
151425
1251302
1877834
278160
660
245960
1626560
498576
64094
697454
32448
506352
776225
1198272
672133
1273356
600768
193040
11163
382347
3104
536787
1622145
524590
44896
100284
670714
1241633
42008
720300
314604
522084
1302
220594
898721
763560
208824
216545
21252
169694
1086008
9130
155724
221952
295160
756012
143008
11907
423752
660
83000
274518
34454
518336
794645
250274
143883
338016
6256
437390
591852
281214
293281
5292
69768
1524394
828450
267904
63948
1281
345780
412181
494914
211736
11224
339696
630
1011521
71148
159160
5
1915203
6627
21675
586092
1073410
607950
635720
81345
1231361
81840
1015590
69464
14840
14490
598533
578602
977552
270600
26226
1214760
708588
31621
16060
166145
149187
773684
3780
10266
2610
78894
15914
308160
172560
442752
102305
178608
10980
1354080
2640
311374
726192
18330
158700
304645
740530
211470
23941
1433134
512533
467285
22707
112714
23496
882918
712968
36300
304008
1075804
196864
60350
73164
130000
157094
193548
27648
11656
176418
543576
109825
29403
33920
13601
70
306240
710046
807045
312018
794130
84840
684496
105281
8321
1388560
3008
309765
39330
107920
477603
84001
53600
148296
58520
224954
535096
136320
1140
540600
233523
1933624
77441
37408
106974
150528
218700
276944
56718
263440
283668
59925
306560
54136
371712
635720
129792
111168
6486
195840
225
761544
133
338688
516675
101384
250852
1047843
456
480000
281520
158010
253170
137174
986133
227425
349184
9576
111361
380920
86360
59220
23496
21084
1275964
34240
8910
4920
1776
80196
1430
46500
870485
1298234
531723
42364
729640
369603
570288
1213488
352947
1271403
162401
475610
134620
317525
385208
451244
472033
204624
84504
24300
305602
312664
211736
4446
253752
43320
17404
114075
92225
259014
1542267
269100
295160
1233925
209616
276336
106220
229633
800
119600
23674
1900
3536
18802
1059696
162401
408483
515845
21252
1728
987854
946970
21590
142572
1297576
604803
487630
737056
8427
173280
229910
233523
341044
864570
621530
49152
178852
102860
190008
62640
1025505
170170
683064
5676
699384
145420
329345
12352
65712
43440
413665
5852
169932
272706
70380
385
599427
84504
642644
84001
1430
678300
616080
1194483
409590
494
20172
273612
470448
2883
29403
375240
55896
18018
430544
94696
4961
70994
1460216
148296
761040
507585
437008
7905
86870
128754
91002
546
680680
32033
866718
38988
226050
330
525845
1406305
20501
5808
233523
49152
205932
15123
626090
75366
147186
40368
117414
1900
315252
670241
244816
369954
1017918
120200
1015008
1318044
51614
1255180
1144536
104907
42245
319154
73947
10860
274821
510056
420
295788
2028
59080
4370
26602
797736
216276
128133
36300
1194483
40252
2494
21
40368
92225
303690
575532
145860
2054
1087814
101936
19120
118008
3
10443
6486
471636
1330002
83000
176661
3072
936884
1437284
385925
75208
18096
23585
13668
1365
211736
44408
155724
674502
1093844
466496
554700
1520120
79707
316550
306560
535096
37968
21760
52404
18802
272405
134408
540176
227150
746504
636180
203580
733096
663640
362268
204363
9075
2914
764065
191521
975840
29106
439684
106408
1166880
14145
20090
363
23585
5461
372768
102120
533830
64680
175934
417387
171124
835824
251430
229633
435864
19040
37520
88752
3300
103416
46500
127308
5208
52536
529200
271201
13804
30
26602
162867
5720
102675
840581
1046661
23056
292968
239418
688323
249120
2324
365752
554700
5002
359494
251430
5
773176
46500
223587
9352
340033
217890
484008
699867
411070
892165
108490
45387
337010
105844
31314
271201
577724
9918
623808
718341
179096
507174
440067
79381
1012683
158240
14910
21
2976
37185
125460
567240
75684
210940
175934
108680
225
50700
1205234
284900
6210
279075
1051984
25854
1418656
196608
777243
1261656
174243
501843
1756440
43440
627918
146523
698418
4218
364356
810160
54002
423376
418133
466102
479600
332001
1336668
35316
1141450
324394
745506
23585
577724
251141
1069227
1099890
842170
191521
1518696
609752
1850
538056
98283
10920
339024
81675
868870
23674
585208
692640
85683
10980
163800
2523
299884
16280
13134
88408
622440
45880
399675
1352736
110592
18096
30100
1045
829502
143883
128961
547841
304645
1826760
1344
370305
1005144
184264
271201
21252
257840
213333
273008
6721
10502
124848
1149483
100101
2465
956545
197633
154814
24934
136746
285516
33920
248544
67950
564200
33390
32656
51090
1498133
341381
408
100650
11408
12740
126
105281
716874
199692
127102
29800
518336
511707
4
503070
69008
315252
158930
362964
125665
223860
96
52272
714920
659414
307520
27840
218700
172080
1366200
270000
113685
123424
1262305
128754
3333
116033
27840
1037232
1302
71302
113102
127720
176661
29106
1778700
438154
232965
277856
560304
158700
300
680204
589190
493696
739536
105656
798768
384492
940800
2976
125460
36630
420
7500
626090
480000
6960
12160
164268
159390
7752
494102
38988
49152
110208
77602
896533
160776
5896
1210945
146302
5896
21
23674
13940
14214
58940
93633
232965
117414
217890
470844
1803425
588
53734
379852
39675
234640
169218
607050
77763
446988
71765
2945
418133
44044
225
26133
1033120
23674
379852
59080
186501
15123
96302
911354
106220
318502
313956
67950
1643540
33496
8
22533
984414
284592
34561
3780
613364
187250
713456
70380
307520
132930
856002
48641
94164
210675
1905627
10266
444
561601
35534
162168
117216
45880
8533
692640
2002467
341381
70380
1175002
533
1233284
1304820
66156
793102
68856
617894
8
292032
185505
2408
172800
376656
94696
154360
67650
59925
490052
331336
352604
472033
312018
568110
13601
119400
204102
48
1659120
101936
29304
10325
352261
510056
835824
685452
581240
887264
544854
28714
17025
109443
205146
599427
265221
675450
135256
1680756
219510
1130374
23674
260780
335002
691680
82336
12033
46128
788481
61633
65712
374
129584
49665
5125
533
353633
51483
1896870
966736
134196
2552
365054
117810
654734
286752
1347370
39905
17710
675450
29502
785408
397852
227425
18960
795675
544854
112520
3040
419254
461384
1253886
430165
48768
856002
2465
666465
60
345441
497761
112326
165205
154
746005
980408
97020
490456
62496
1480518
326700
474814
428652
639870
25761
283976
1137136
1124856
54675
16354
283361
1308120
11907
1404252
1016754
139105
8533
190764
3333
191016
459816
18960
990
86530
270000
238008
906400
192533
619710
64827
74418
95230
272104
231852
11224
325052
80196
1337336
303372
40252
1150721
1426920
323408
1442826
612460
30502
40252
535941
41067
815365
690240
40484
131880
155724
972
121404
217890
1419344
