8432041.000
7109327.000
15167765.000
582030.000
27438390.000
11770337.000
11941888.000
35531059.000
10784746.000
1296119.000
1704211.000
106942309.000
21605999.000
88136429.000
41414866.000
23896389.000
25591144.000
7272501.000
6076878.000
101207561.000
73898400.000
15749653.000
721949.000
11351744.000
89847964.000
37902790.000
82521563.000
26497143.000
79100385.000
93544470.000
73965706.000
105111442.000
32188243.000
76362557.000
15333296.000
3653160.000
69909827.000
150890618.000
72371550.000
191969568.000
9676718.000
16042315.000
96535502.000
116428513.000
98550998.000
144367371.000
41518814.000
25336433.000
45846768.000
21000422.000
74803925.000
47809337.000
112339432.000
260872183.000
151439423.000
256013946.000
122450580.000
77855531.000
82149588.000
17495134.000
233171616.000
336871838.000
4484234.000
187920894.000
336429898.000
320944659.000
427529715.000
243774330.000
193355629.000
249512673.000
6567429.000
243800883.000
557219422.000
2235039.000
176695154.000
108443955.000
516497089.000
549215034.000
503019423.000
331328363.000
364445626.000
252656972.000
411349399.000
496360238.000
413451673.000
16783890.000
561442058.000
17422213.000
57889717.000
398622897.000
232339215.000
383091337.000
325693193.000
33153019.500
18936699.000
186089021.000
152378036.000
157492178.000
382177755.000
59008923.000
326836683.000
133002570.000
350635307.000
39366123.000
339356736.000
559824539.000
29672672.000
414555735.500
700752270.000
767297772.000
29549636.000
27653624.000
517430765.000
308924464.000
442765834.000
178478991.000
456057521.000
282791383.500
114431370.000
101264050.000
137551499.000
107419709.000
607740953.000
77607835.000
173739983.500
431185891.000
234155811.000
223002301.000
58123029.000
414514794.500
378251317.000
106693439.000
404407843.000
7131064.000
955607876.000
48857370.000
407220036.000
794087561.000
722732610.000
145036206.000
68023460.000
535553410.000
511329535.000
926908237.000
485479913.000
204196150.000
173802707.000
45620659.000
200256263.000
169330163.000
177454755.000
550794919.000
410886933.000
722241043.000
348932350.000
787429188.000
401849299.000
98533337.000
837884080.000
106168238.000
200396476.000
66255477.000
38987169.000
730109852.000
1141169195.000
1205265967.000
402029134.000
397742842.000
30427962.000
1184488455.000
218465248.000
240148618.000
82816897.500
118926818.000
1116443001.000
1207368726.000
520473018.000
1071039085.000
359726237.000
1536920647.000
635611882.000
891762702.000
131309942.500
550225875.000
1169185026.000
1003317818.500
1570920822.000
352312330.000
1571276614.000
1267924078.000
1144402281.000
200403331.000
714216031.000
1272735077.000
549248373.000
29767335.000
1186482229.000
1298664815.000
1119024792.000
46191339.000
656826694.000
566374597.000
591752033.000
384340931.000
1401067058.500
147238333.000
87633367.500
1387304387.000
1657554407.000
927707831.000
211726826.000
322686467.500
643932129.000
102742888.000
241021172.000
938502326.500
434427617.000
945247789.000
891887358.000
1276525583.000
1447068104.000
127125677.500
140544017.000
49792305.000
1318636721.500
1169661102.000
400372821.000
1550201201.000
1157725893.000
36952622.000
594392386.000
96192673.000
329630982.000
1094094994.000
99205158.000
414022638.000
976190101.000
1451767944.000
377258954.000
1831701110.000
188001805.000
1559867829.000
1213580534.000
589471912.000
354872047.000
463333259.000
858469523.000
1148272995.000
1614844793.000
305094171.500
201221412.000
20545346.000
172294396.000
274438151.000
268474775.000
278561708.000
706829170.000
2322331603.000
577024205.500
2001679239.000
331203800.000
2441896991.000
1162047187.000
1182692019.000
1727867571.000
1165972376.000
1974083043.000
1039066630.000
1505022212.000
1036886605.000
667314598.000
15369947.000
457319314.000
1680178310.000
772573487.000
427629003.000
839916970.000
385207076.500
1012843349.000
1845248452.000
987261081.500
35265110.000
2308567094.000
1948617704.000
882958904.000
143401504.000
220450688.500
1002188330.000
2552600709.000
156304121.000
32363980.000
758440031.000
2179756099.500
116555588.000
50697552.000
336271046.500
85798327.000
2156794151.000
85887014.500
1302852808.500
2231795112.500
180848258.000
2029124295.000
2160421202.000
2120691036.000
2583519308.000
576074707.000
736386162.000
1756090468.000
547659291.000
725683601.000
581452676.000
65700500.000
108794612.000
91915783.000
1377269374.500
1007585142.000
2148203788.000
1876416404.000
2610103796.500
473023338.000
1719219482.000
1002586645.000
1037918766.000
106471066.000
1200611166.000
751732455.000
627142408.000
898431925.500
1154727064.000
1995001399.000
2663310908.500
186011112.000
1917793718.000
189734631.000
1046997878.000
1142042080.000
1780994798.000
2338314914.500
2905426533.000
32685212.500
437236779.000
917233561.000
1561733141.000
329068935.000
1616870383.000
1840929328.000
1691972608.000
777945124.500
1503648747.000
1527100692.000
2045539865.000
991746979.000
121757413.000
1874235798.000
1983096310.000
163470181.500
1174105724.000
498896359.000
164175237.000
1453494700.000
1248660865.500
2787672400.500
595199818.000
247699188.000
561851845.000
551386878.000
685985740.000
60779568.500
2730569673.000
375716160.000
1237579470.500
1049038332.500
30175173.500
722513455.000
1614338115.500
146701603.000
105589969.000
678940009.000
2988224110.000
3264668805.000
813640245.000
231228728.000
196012875.000
1537757377.000
3156319613.000
1344053634.000
414807802.500
100980363.500
2989439421.000
2429012178.000
1449249695.000
637465158.500
2433215870.000
2364736732.000
64441597.000
1722296030.000
2073243614.500
2849578533.000
1285327696.000
1263407039.000
2104026044.500
623900898.500
661016098.000
2519232725.500
2049628739.000
740264753.500
1340320043.000
3015081028.000
555156257.000
351104269.000
967599186.000
1947395942.000
670669680.500
1859262748.000
2997349840.500
2666934100.000
2331453032.000
252587338.000
299056541.000
1750786156.000
349607031.000
288970231.000
2757673760.000
513318273.000
523291527.500
3524512505.000
568381871.500
71126277.000
1911589706.000
1512719072.000
1220706714.000
149525480.000
1331594035.000
3203083573.000
1290897120.500
1541571535.000
3293275800.000
3455401532.500
688539293.000
129744388.000
280694283.500
306445173.000
3642206512.000
3650720850.000
155145658.000
1466791645.000
847320583.500
193461462.000
2053424322.500
3880541509.500
2961232735.000
1774855730.000
986139565.000
3672003532.500
667825075.500
222124464.500
3019526659.000
75765932.500
2047472695.500
3746478143.000
2329855079.500
1777520995.500
2013411196.500
3538236427.000
2323624588.000
461708049.000
1319201757.000
2835746946.000
2192603732.000
621376102.000
1935162875.000
787926142.500
2880509071.000
3332658069.000
1848928107.000
228500501.500
681805329.500
3311840762.000
3596007073.000
1547145595.000
4260068117.000
1779580689.000
339905610.000
253779096.500
4085356265.000
2673974865.000
1261438202.000
3819280412.000
2402029794.500
957150010.000
1427644789.000
2432711208.500
3278581235.500
59038540.000
1260661507.000
2608037104.500
402826869.000
126955376.000
2263950443.000
2697310654.000
1566787742.000
3336818219.000
3400682550.000
452073724.500
504258082.000
3581565383.000
735279632.000
489528957.000
3728160954.500
230546733.000
2455889071.500
3588143734.500
575116731.000
1244349797.000
187522896.000
2615798225.000
2714940247.000
245806363.000
1382109571.000
120823650.000
3867480.000
3122656904.000
2772324100.000
1416584525.500
1229727166.000
2731640405.000
1439619346.000
1475462656.000
2683596552.000
3877888183.000
97341263.000
1701950375.500
2814121922.500
2334064910.000
443327125.000
2301277429.000
3382985016.000
1417755174.000
725140443.000
2849430292.000
2554064374.000
1427265293.000
122304239.000
1543232096.000
796796939.500
2417029682.000
664555743.000
38824527.000
2841856141.000
1754092432.000
3220684527.000
1718984819.000
3312002286.500
473745979.000
2055125507.000
1831868832.000
1383667958.500
287148087.000
1749977622.000
675572618.000
2199808563.000
2041485152.000
2218532149.000
149620376.500
2105855025.000
1826489256.000
3942593306.500
1809484229.000
2056041358.500
3686968131.000
4153765280.500
181921176.500
271219356.000
20554960.000
1859557058.000
984552889.500
2295063927.500
2306569848.500
3750682672.000
4270215827.500
752711798.500
61460224.000
2473879005.000
65049452.000
1724770473.000
2953295050.000
2081905069.000
155295174.000
4894544991.000
854886516.000
4086581354.000
2014215587.000
2870085795.000
788348646.500
169990288.000
3156166379.000
2112097727.000
4458503951.000
754329866.000
2229260289.000
2047882089.000
4461132134.000
54380740.000
1581501729.500
3725467770.500
106609821.500
746287488.000
199038064.000
626889563.000
4607599028.500
3486106223.000
2956876048.000
3045443907.000
1826438875.500
672257153.000
2859055513.000
1083285144.000
790358875.000
766668977.000
413718410.000
1913137243.000
3555294618.000
292060090.500
1457422399.000
3613904042.000
1975710000.000
1272696768.500
3198559958.000
51924808.500
2057252704.000
2534166642.000
191307190.000
3795861648.000
5024885131.000
1515005867.000
468446293.000
1965450247.000
4665044796.000
3228105918.000
595687367.000
692654602.000
4421931596.000
1838102479.500
206633717.500
2764293516.000
2644225642.000
1562798038.000
3263231697.000
650282056.000
4250666849.000
777085145.000
3822135979.000
211975573.000
4371248338.000
861132829.000
7895459.000
464165477.000
1548077733.000
2037945911.000
4021956938.000
1439621940.500
1240816320.000
5021237087.500
891913347.500
2302071233.000
125123839.000
2266584568.500
2145232345.000
4323239691.000
2636285032.000
291926242.000
1987723440.500
1469515680.000
4508077737.000
3441766566.000
2006754662.000
4047778133.500
2020516164.500
1107442984.500
2190907091.000
582015140.000
4592362278.500
911938227.500
2423082052.500
5293370313.500
65562341.000
3064007015.000
4823821793.500
3766488866.000
3683470074.000
1184274436.000
608003790.000
5496387338.500
2090904881.000
1467584004.000
3242975826.000
30866359.000
1067200015.500
1185671173.000
5531458148.000
462322293.000
4796538965.000
963704937.000
3336518067.500
4888595666.000
2589656351.000
2677759925.500
5105299407.000
2526926312.000
1515792752.000
194394325.000
4632991351.000
2390101012.000
1380030783.500
614017954.000
2186625242.000
1385804623.000
676070138.000
4384627047.000
72208705.000
230228640.000
1842754248.000
3027845623.000
5131727873.000
1193940382.000
4484782397.500
2126637070.000
258570873.500
3729841057.000
1214693137.000
3680641328.000
168618031.000
1500448598.500
3619587589.000
2812494639.000
5565827560.000
1898778597.000
811714544.000
5794003607.500
1253281560.000
1476943491.000
1938540479.500
1734391217.500
553849369.000
2330417687.500
359278822.000
81559645.000
565487755.000
1392793574.500
2664159181.000
45142397.000
5403423534.000
5732307666.000
2002486601.000
3494368232.000
35398814.000
1193023518.000
5380612357.500
1750362980.000
157414725.000
6425011492.000
595313554.500
6086805411.000
36835543.000
5670610111.000
680290854.000
183421446.000
2795240600.500
720003466.500
2762714523.000
5344513022.000
1269671699.000
1473609176.000
4272535274.000
1162115035.000
3662645120.000
558082422.000
2146985684.500
3766061164.000
1325334508.000
6350221220.000
2107531511.000
24784489.000
3020999031.000
1670582476.000
1232276129.000
1270586296.500
1183653622.000
2703936487.000
992882014.000
88339705.500
156277989.000
3041079178.500
597820138.500
3437606532.000
669573818.000
1232497808.000
1758666720.000
4414234948.000
3913372027.000
3190701678.000
2728553085.000
1286147837.500
884526764.000
4317010109.500
198263782.000
2923850615.000
1352740142.000
3588883305.000
1330604452.000
1077060293.000
1017698657.000
702426170.000
4743340106.500
6529315787.000
835846201.500
1459401627.000
832398404.500
145280636.000
5558320834.000
6359214832.000
5965475602.000
4608621270.000
787452926.000
6398438031.000
42884791.000
151976200.000
5244378283.000
1028923418.000
2451540672.500
5371750991.000
5904882592.000
1898322616.500
5890049229.000
2305117819.500
632133575.000
5488804574.000
2456073297.000
437133927.000
2265082332.000
1826271602.000
523307952.500
1208118814.000
1565410441.000
891841198.000
300481050.000
5646704815.000
740509950.000
2252065387.000
1358228504.500
4791016025.000
3764627788.000
1891862366.000
3370678145.500
2029953283.500
1710663337.000
3745383038.000
4354813725.500
565129121.500
6140575489.000
17101217.000
4395904691.000
4570833601.500
686742632.000
5963266907.000
6483138965.000
2904615525.500
6807395366.000
454202543.000
988495347.000
3647220126.000
5473040777.000
1065924376.500
936273166.000
1535455785.500
480222766.000
4523502204.500
445556359.000
3346272808.000
487896406.000
1147878741.000
2302412780.500
5016830919.000
4413838021.500
625005959.500
1884633087.000
3069251162.000
3006921241.000
871630821.000
5984332123.500
5363201563.000
9410244.000
5432913826.000
276333637.000
2689058460.000
4393203643.000
2431072203.000
3665381132.000
4961783855.000
5048558905.000
917586335.500
1598725726.000
5838135425.000
157916786.000
5400068336.500
32400003.500
4539054409.000
729816996.000
1109642086.000
3419531435.000
5591230971.500
5760439978.000
2670947180.000
7131435069.500
3624774379.000
6717857409.000
2724812602.000
42912921.000
2988811229.000
630980831.500
4723381162.000
3433897293.500
4796682637.000
1438447908.000
1345741445.000
799897107.000
5833650152.000
2108003470.000
2354323174.000
4827230349.500
66035211.000
2464672783.000
5383111590.000
1913891907.000
6031846060.000
6295042675.000
1046917473.000
3635840652.000
253731841.000
2193347832.000
78790391.000
183462841.500
5872676347.000
19967094.000
392314177.000
6577872996.000
6279412388.000
2585792226.000
7170119191.000
2623130865.500
2525648662.500
308316885.000
1537169643.000
1413466925.000
2979900890.000
6487817470.000
5829753942.000
6275453403.000
2818776.000
6735165022.500
3089920359.000
71690298.000
1956879499.000
7222467476.000
4503966576.000
613761411.000
95707836.500
285140171.000
4106202357.000
7503495494.000
2863383392.500
2678124764.500
2319174240.500
3923382230.000
5270616259.500
222701739.500
925434739.000
1115780582.000
1748678606.000
7166967244.000
3516828462.000
7090958830.000
968473821.000
365568995.000
969723810.000
163204493.000
2217129978.000
556269037.000
334751631.500
34651645.000
2783068359.000
7012061842.500
3266761682.000
1397380305.000
4532976329.000
3034779210.000
5291528701.000
1356452272.000
218952229.000
5624026010.000
4547350278.000
747470842.500
497577333.500
956386005.000
1743798265.000
295234923.000
6445377590.000
4869018634.000
2894009417.000
6812620978.000
3479247282.000
1980468072.000
2323726859.000
6944380659.000
1900517212.000
1061313201.000
4199885678.000
3957337521.000
1740963698.000
3614400947.000
8032678418.000
7243095956.000
7917693716.000
3279224709.500
5746248569.000
600374309.000
8138468127.000
5631150498.000
7833292888.500
574614162.000
2979668507.000
7877801003.000
8313404660.000
2431181954.000
2622109584.000
3842726195.000
7635862710.000
147443263.000
3732258379.000
5219913066.500
5428814688.000
2074199848.000
5805385878.500
194661721.000
2723279327.000
846666705.500
3044851678.000
1300975058.000
1967541966.500
7890983390.500
7246591420.000
551046952.000
2762114901.000
7471057392.000
6589132328.000
1327435757.000
2450231151.000
2615662652.000
437082179.000
7226728165.000
3695861141.000
1592973195.000
8519481746.000
480133451.000
5084621201.000
3884350362.500
921364605.000
3931954978.000
430258671.000
205352019.000
619184977.000
7053255445.000
2807382298.000
2889221503.500
3169808981.000
6036457389.500
8675288011.000
2217686662.000
5677513117.000
3454977024.000
4488188985.000
7294922262.000
700802729.000
1471626079.500
4578122114.000
2159128169.000
1601799601.000
3059355084.000
7391370201.000
5763662155.000
5906532442.000
1116050271.000
376882710.500
5287661529.000
451187802.500
2585786532.000
5221915315.500
4939162112.000
6888074281.000
3478427684.500
4862237622.000
795822905.500
182373630.500
898326629.000
9102090434.000
820577265.000
3892685763.000
2616601814.000
3967538708.500
2545218434.000
1489987649.000
7701798278.000
2906348511.000
7798966084.500
501357954.000
3899217526.000
807361502.000
1410237341.000
5948973383.500
628329265.000
2648968382.000
2241361849.000
5635502951.500
2128833914.000
8258394730.000
6680422179.000
7481122409.500
6699575678.000
2019236360.000
1461972859.000
1881612634.000
3016903532.000
4266963522.000
2191282739.000
2595383861.000
94543546.000
5299844497.000
6725249573.000
2101321523.000
6341565496.000
540343565.000
3776142408.500
1795993116.000
2456279106.000
3558327049.000
496632479.000
4949324627.500
5708915460.000
2930915229.000
5120111486.000
657585414.000
2643530258.000
106869629.000
4805832865.000
2231344897.000
4360366787.000
4965112036.000
242068020.500
8761978594.000
391731324.000
4111680499.000
7052035348.000
8713578127.500
3164764153.000
901034208.000
1097906903.000
1491547343.000
6763266490.000
212484406.000
5561618575.000
1588077023.500
3906300793.000
400339212.000
410244692.000
220666108.500
635602586.000
499820922.500
1841558915.500
483445653.500
798950882.000
5558966179.000
4974428721.000
5113057571.000
5069220434.000
7495775325.000
4786414552.500
3787471038.000
10014823830.000
1715670831.500
7208902157.500
563696216.500
5123855386.000
1464018030.000
1174151841.000
4567483583.000
4937156406.000
2887034335.000
227573602.000
8974499605.000
4158310593.500
1900408760.000
2262715202.000
7866454170.500
2636461200.000
248927442.500
8400920145.000
3555573448.000
2913168923.000
6225260808.000
6281124440.000
7922285946.000
1521297283.000
3607179153.000
670444862.000
2367492362.500
6394157414.500
4008240663.000
4581840007.000
3604948610.000
7977346080.000
1862770732.000
5331635989.000
7717908450.000
5465990220.000
5033709707.000
2519530062.000
2534294116.000
2676103071.000
1223315026.000
9384991682.000
8869312651.000
7406672518.000
5710152963.500
62998517.000
9570131612.000
58747179.000
9497480880.000
4336578536.000
6793014396.000
3239963486.500
4586867120.000
4102003030.000
3442637770.000
3207995388.000
8796690351.000
506664834.000
7718152384.500
4130189137.000
8413644319.000
2196806647.000
3906776781.000
10439480460.000
5926925151.000
3731712868.000
7783003604.000
7018465543.000
756185016.000
6756283222.000
4238820444.500
2966979161.000
6942726688.500
1298449213.000
1691472518.000
213627124.000
1602750135.000
389234591.000
4866341212.000
1855845645.000
4129099428.000
2125117110.000
8430336676.500
9070204611.000
1612287008.000
340374983.500
2989727670.000
6570826936.000
5867994770.500
9607046400.500
3649411429.000
2408505009.000
3888186846.000
5853316046.000
2049852864.500
5460289151.000
101076243.000
5659703320.500
4881189392.500
6021626357.000
2304437984.000
6564186946.000
3242182652.000
5279570477.000
858781618.500
7942956641.000
10009849641.000
140963875.000
9760260205.000
10116226287.500
6377353867.000
4626841533.000
1698628494.000
3639531677.000
3534078341.000
2606571398.000
1919655509.000
1050525833.000
8035331634.500
7297113845.000
6155079185.000
3547209546.500
2194745290.000
4335849104.500
7541270384.000
1824259036.000
4428992530.000
5882565933.500
8802859244.000
10642446342.000
2034479961.500
1632019628.000
1990161558.500
7983237342.000
2285529800.000
5654425947.500
494322415.000
7350470109.000
910811232.000
7475708504.000
8510445076.000
7198568518.500
1838853607.000
3036351517.500
3823837957.000
1749383408.000
8389678760.000
5093627518.000
3350616060.000
5138579182.000
937366515.000
416970099.000
6985936502.500
1715678064.500
3445982824.000
812346423.000
9772025679.000
2751425449.500
6854949461.000
2235641665.000
5063770827.000
5859641617.000
6697051266.000
6075163050.000
442818866.000
1286943042.000
652734958.500
9073948286.000
7148972769.000
2450638259.000
1821035685.500
3714851809.500
9365408385.000
1001671017.000
9155168813.000
1897170480.500
2594908882.000
2286790656.000
1308485368.000
111200952.000
6667736024.000
2937326913.000
431508762.000
958971178.000
7031643021.000
8683250682.000
4882616560.000
1065418500.000
378034394.000
3380154295.000
805774467.000
2784078145.000
10227724972.500
300344346.000
6282911754.000
2778602983.000
832640184.000
5000871708.000
5006502889.000
6204539360.500
3743292229.000
172183687.500
3757728461.500
658483974.000
9705790771.000
3602496316.000
5040116430.000
1331720956.000
1912369971.000
1089483437.500
1027035069.000
