16270582.000
80313979.000
40480596.000
26117107.000
61883125.000
68201188.000
24043941.000
99023242.000
234254574.000
149983972.000
217006610.000
277783466.000
84632616.000
273794188.000
100944751.000
238526903.000
288454632.000
158556715.000
174309666.000
68933817.000
240495611.000
33011031.000
624584.000
262171821.000
140366924.000
305741125.000
150851132.000
136199023.000
140378140.000
152495527.000
44395241.000
93531512.000
66734987.000
886472.000
12850830.000
22474342.000
14095313.500
107061411.000
164838962.000
49346553.000
172216948.000
179226736.000
47765098.500
314389004.000
471379886.000
331504653.000
48406840.000
47957248.000
125765181.000
464770775.000
394295886.000
341645618.000
108968844.000
486860172.000
51383218.000
48992690.000
17617242.000
387127895.000
37220955.500
37742645.000
9748612.000
84829026.500
330884506.000
38151723.000
424101741.000
29134750.000
191804783.000
500426037.000
59899208.500
132731147.500
124122974.000
111288904.000
752154404.000
583990906.000
518305757.000
33194662.000
295018629.000
713506466.000
335010546.000
645623299.000
177538849.000
113143174.000
31153026.000
99667447.000
738057497.000
31165532.000
352186209.000
154300604.000
803850508.000
403344225.000
128341426.000
67636584.500
204450877.000
325263457.000
57884655.000
602726159.000
698093182.000
789903892.000
7474295.000
870094889.000
598948542.000
907115029.000
384526232.000
770324729.000
151900862.000
555291785.500
227210753.500
820044965.000
722149221.000
341688415.000
105410629.500
402373390.000
671809467.000
591401470.000
972784251.000
685372313.000
455724093.000
793558252.000
927581508.000
270228032.000
682481079.000
879934478.000
140494686.000
512358246.500
153218298.000
116981719.500
723485407.000
415025127.000
60887150.000
135974690.000
957687922.000
450622306.000
98954111.000
316977111.000
102356609.500
846734506.000
772880935.000
548163.000
886044071.000
679596203.500
171917925.000
808738344.500
488151767.500
662146939.000
859736008.000
189870668.000
369276969.000
152061115.000
37830950.000
765638163.000
465813930.000
1041684080.000
1164021619.000
32050678.000
610584511.000
504481501.000
772935696.500
762356730.000
479532717.500
678327348.000
521245574.000
1043721773.000
559200054.000
3110473.000
308509708.500
807409661.500
877265541.500
1069939023.000
889318325.000
1369966706.000
849977180.000
1374391335.000
296777161.000
244632515.000
241280736.000
278801971.000
20873668.000
83776895.000
812281329.500
264048509.000
138323668.000
754626918.000
805988028.500
1162899923.000
456841778.000
208312417.500
1435554128.000
405532336.000
1433224455.000
476469591.000
317315702.500
1417181495.000
373033977.000
138745840.000
420055312.000
916026921.000
9748618.000
163510124.000
17558528.000
1035000523.000
165005234.000
706731236.000
537176384.000
522178966.000
445114274.500
273098102.000
1189526059.000
367148492.000
893289690.000
642285004.500
1510997456.000
1351452770.000
122423698.000
779060122.000
864232015.000
1355220540.000
8109364.500
253030929.000
7379063.000
568962000.000
142345284.000
92225194.000
688357188.000
785028152.000
798168265.000
242731534.000
337223987.000
357279230.000
941879937.000
341738357.000
1183585608.000
1516380716.500
325942000.000
659312178.000
1304517530.000
138191584.000
919153795.500
93139657.000
33108014.000
132826730.000
463347885.000
1173312983.000
680942883.000
1338987731.000
1280817445.000
1331125012.000
1775870320.000
608013975.000
488240013.000
1120353228.000
961677571.000
811037129.500
1942594392.000
1528336363.000
948620566.000
195112429.000
115713475.000
2019046364.000
1157336187.000
1352675449.000
234283546.500
217143083.000
214322719.000
1885218026.000
560595037.000
61444153.500
858991073.000
722340480.000
276023817.000
846201629.500
173535361.000
474131176.000
2357106649.000
611518000.500
1609268707.000
907174949.000
665455446.000
1252292807.000
1665309404.500
171926087.000
247409143.000
2397280456.000
178659319.000
1188476809.000
2316138486.000
406583110.500
440467432.000
173020865.000
756300101.000
264379732.000
2356632157.000
2567928154.500
357614022.000
903409456.500
911306212.500
601104824.000
413647048.000
2656093142.000
383603167.000
736323730.000
798480272.000
885268235.500
2473926801.000
1028620726.000
2123239898.500
582711018.000
9960083.500
28004697.000
1133951995.000
2157818074.000
1728543806.000
3046717750.000
227375787.000
42669319.000
856585560.000
2266442101.500
1124229172.000
2176479612.000
2308809721.000
2742130049.000
621087574.000
723846447.000
2709342652.000
780088180.000
1534627254.000
206094939.000
1093088074.000
1943424471.000
14618114.000
890619146.000
242877035.500
154764643.500
2017864388.000
1227820906.000
2770280546.000
2699862584.500
171151020.500
15370952.000
3149573468.000
2185090846.000
2696028093.000
1019454334.000
1599819307.000
466865710.000
512802056.000
3201364970.000
1354152394.000
45083083.500
149216314.000
330045426.000
2706243795.500
3067157040.000
1165607022.000
651368760.000
47937028.000
2223006033.000
784560364.500
302130322.500
658922319.000
757644375.000
415879901.000
2705494605.000
523571306.000
145531730.000
825976980.500
234707293.000
724749518.500
2658294584.000
609107339.000
1712695443.000
1432106533.000
1158939839.000
810315000.500
9506717.000
597080562.000
221997907.000
1451000545.500
335166379.000
2452419643.000
858930972.000
83820363.000
2524417427.000
478781399.500
541981858.000
2039685319.000
2116013325.500
192179031.500
2035380203.000
1437990680.000
1739104693.000
16076826.000
2178281804.000
258299097.500
2865080192.000
1592055610.000
3573157480.000
663818239.000
1909924334.000
2538742304.000
2329824925.000
2504132610.000
2243812591.000
1777410349.000
2474237553.000
3501952119.000
1832586118.000
432313599.000
2586260667.000
425842814.000
502975191.000
2813520436.000
492285421.500
387460301.000
980068912.000
1298235419.000
189078233.000
1420556098.000
1170597612.000
3358545684.000
382687875.000
3611074615.000
957637017.000
43075579.000
401289082.000
293641426.000
2112832545.000
1038805947.000
2534305142.500
2973288417.000
562497583.000
1351557255.500
2183819358.500
1179739481.000
239364412.500
258148115.000
3125759847.000
775031218.000
717515937.500
195255056.000
3320094810.500
3640449307.000
485756416.000
345601624.000
962248993.000
2770460691.000
424103849.000
1497421716.000
748760457.000
770959884.000
2100309941.000
1464889898.500
3741058678.000
124355618.000
916466351.000
1025602193.000
1322189606.000
1332826449.500
2105301372.000
3290386491.000
1715075792.000
461110697.000
502461945.500
39585971.500
1358197951.000
2509963023.000
2773038894.000
3455149883.000
3286382836.000
752337801.000
1308815270.000
365485309.000
532622534.500
620321241.000
229193000.000
2284480539.000
3250625124.000
906740737.500
3095159756.000
3700778676.000
3009842583.500
2415154261.000
219111199.500
2274682777.000
2761252812.000
1417735407.500
508606255.000
904015949.000
1400281130.000
3724148129.000
2926164536.000
1231207846.500
784651291.000
427522517.000
3793493776.500
761176039.000
22194463.500
196152521.000
3500865676.000
521861094.000
1235251932.000
3334337232.000
432601679.000
1159102370.000
415902189.000
277639814.500
2257344257.000
201216478.000
1290104943.000
1786867738.000
509535828.000
4618323768.000
2362696718.000
1672595461.000
746760298.500
2479757951.000
1340563152.000
2921857762.000
826890641.000
2414260509.000
3627740896.000
3729553017.000
1958384593.000
4382488113.500
713487244.000
789408329.000
1701697154.000
1137341138.000
675756708.000
943270131.000
604448979.000
701519541.000
1362823618.000
3938776279.000
1755891776.000
3316254599.000
4033607431.000
3621547920.000
336024623.500
874189085.000
1882720517.000
2605041475.000
2868044035.000
3941349694.000
485161508.000
1448996881.000
1293388994.000
1072837735.000
3369944326.000
3693512975.000
354419509.000
323420129.000
1125871989.000
405218259.000
211141744.000
662272748.000
177013390.000
1151946470.000
1709964022.500
2681702411.000
3537254675.000
4950406537.000
1860907789.000
1641284140.000
3516187259.000
2090299742.000
214293206.000
2053397834.000
1054410470.000
4491104665.000
2676952591.000
854987464.500
3423760733.500
2329645508.000
951229169.500
2322400999.000
2726710770.000
2651539558.500
94398364.000
29403561.000
2854861484.000
1992443209.500
4458467057.500
2136601268.000
1030695628.000
954071423.500
3564325049.000
473105640.500
3031132484.000
2820046124.000
333664096.000
1031376422.000
1906577199.000
1243452198.000
1974668043.000
4993319750.000
3668734797.000
434583348.000
3255899434.000
244505912.000
4813650125.000
3473825018.000
1959877086.000
203800545.000
122514363.000
49676369.000
2295823475.500
982868466.000
3256961752.000
3000662357.500
3030957383.500
1028829181.000
3884541772.000
2133128705.000
2192137542.000
2566070813.500
1227372245.000
1428275772.000
2043469167.000
550426742.000
1157241258.000
2325101781.000
4213875554.000
690043907.500
3938363075.000
792552670.000
1010252898.000
216330832.000
15174374.000
3230779742.000
4484748787.000
4432629143.500
818835092.500
3928268654.000
1774506178.500
2230510675.000
3921090668.000
4081328585.000
4052260751.500
5337939572.000
81321363.500
5183462598.000
2687049996.000
3345869228.000
442961985.000
2414223194.000
2068896020.000
689236252.000
5289971184.000
3886301392.000
412369343.500
976116367.500
2420983148.000
3967616665.000
1436749569.000
4813400002.000
3313950275.000
3378908727.000
3087357966.000
3933933846.000
67293438.000
4090709837.000
5017379678.000
3840184148.000
4976833110.000
4079130179.500
3614322590.000
1455442787.500
62109017.000
2198676235.000
2166192390.000
5603836524.000
4036199908.500
183897074.000
2317740903.500
5446956286.000
1774073371.000
2580221547.000
138866200.000
249145474.500
4716450529.000
5369905562.000
1794854140.000
952609832.500
343013771.000
120855088.000
3914933496.000
1830847900.000
176810375.000
906484256.000
467237609.500
1545346992.500
4801165679.000
769006953.500
3820470881.000
2764584391.000
4380843390.000
5800428997.000
4634716864.000
1770581994.000
5205582842.000
4599678536.500
4248305769.500
3957602672.000
4089192201.000
2496650375.000
1973121807.500
3770814937.500
418944284.500
1426555364.000
1052374263.000
5175612570.000
219898884.500
873887180.500
2898095505.500
4871355491.500
4545692754.000
1555031139.000
5252916808.000
3791341013.000
80291847.000
1672668554.000
4330778946.000
33072882.000
871653644.000
655927798.000
2740643350.000
3488364977.000
1242552747.000
1076780738.000
1949487416.500
427301965.000
6379816638.000
3279267205.000
2670300514.500
1168727640.000
876100664.000
47256606.000
1183064140.000
4449358506.000
2083521678.000
1750634347.000
1294323786.000
2145759825.000
3555118338.000
1617413724.000
4792419340.000
2061006640.000
4362241451.500
4215279404.500
127289045.500
742199914.000
278837448.000
892617510.000
3770596720.000
96462240.000
764428001.500
42739070.000
493927081.000
429135804.000
3197408208.000
1971801507.000
3987214609.000
6600203807.500
352171129.000
2451248352.500
3588043856.000
1540697489.000
3799357295.000
2772558766.000
5881446448.000
1720326014.000
60897140.500
2610425455.000
1418938274.000
1918738100.000
6649756457.000
69933488.000
845289721.000
15797123.000
3506247913.000
1957867505.000
4939284637.000
3885636502.000
6699043519.000
2548440033.000
2341915299.000
74172270.000
6040713173.000
1581452713.000
2788017177.000
3911310105.000
2274037947.000
3697518660.000
700805843.500
1577930676.500
5457428302.000
190065470.000
1507514340.000
4808742025.000
996400858.000
4121992089.000
328042690.000
5587846779.500
56501720.000
1701941225.500
6181733267.000
3945280673.000
1275063314.000
71827161.000
2996266044.000
6993887371.000
5128505231.000
4232754103.000
114176858.000
1162780533.500
539146575.000
3532909611.000
507847668.000
1240138522.000
7346621904.000
2057238378.500
441358622.000
1112353022.000
2364362244.000
6316279521.000
3258528070.000
560478730.000
1184177393.000
3809432349.000
26766267.000
1371025535.500
4016652330.000
68987300.000
851290163.000
1079812654.000
2590663047.000
638302331.000
2606257093.500
4402636504.000
1346527195.000
3928362311.000
7360613998.000
354089634.000
5258026160.000
265682762.000
23732215.000
5493086608.000
1578938559.000
3585473349.000
4679216356.500
117112091.500
80481236.000
633767397.500
143791512.000
698718946.000
4406252113.000
11458618.000
3076543369.000
4636783232.500
2492433101.000
5178552651.000
7498819094.000
1119622192.000
2161920374.500
5612341891.500
3993147734.000
3815304337.500
717112312.000
1916740327.000
848944133.000
7152682795.000
2377788332.000
7062521951.000
811684674.500
6999558170.000
849086854.000
1804830956.000
2913981665.000
2432873765.000
4031967629.000
2315633702.000
1639495694.000
5659656602.500
380318802.500
4301877744.000
1100228373.500
1725427650.000
628953629.000
2136998113.000
4770551628.000
7936972615.000
3105491946.000
1693885273.500
2814678982.000
4117153723.000
2339718292.000
5580725573.000
302287620.500
2097919084.000
272909065.000
3487313672.000
1346727602.000
3489752367.000
1669958378.000
759879119.000
5892825771.000
6661365040.000
5481967529.000
3022085821.000
3902945732.000
7855833993.000
2030088452.000
2959450985.000
5082865309.000
8149151757.500
620341412.000
6836715813.000
2052243162.000
4836063527.500
7615710420.000
3468063016.000
3634164912.000
2910244145.000
784929778.000
3416691339.000
195047111.000
65524879.500
1510761807.000
273471089.500
1013322837.000
3612684720.000
6043607192.500
1325007795.000
2860359392.000
681740737.000
2679799444.000
8135279506.000
1442764343.500
974475233.000
3192620986.500
4380732828.500
2895368787.000
4359279689.000
6135157339.500
4172419552.000
240113840.000
7147688939.500
6396868434.500
1613163821.500
5554888681.000
4632565742.000
6935312484.500
4909146510.000
5180898102.000
4515885783.500
949069014.000
821178084.000
3880221356.000
4064501608.000
121610093.000
2693617495.000
6849495458.000
1312195135.000
2460520128.500
696985861.500
1073014748.000
2074426789.000
7197062550.000
5963729464.000
6449075325.000
4285227217.000
710462606.000
1149883821.000
3451231174.000
2135226161.000
17983497.000
961576049.500
978535930.000
6871605492.000
37737662.000
88554633.500
3805522947.000
8031501440.500
3184082816.000
6230250571.000
4178826539.000
988723563.000
4358988614.000
3888715286.500
6889430807.000
3886185498.000
315779550.500
7828565595.000
1069849599.000
7775354936.500
4852463056.000
31291079.000
388764325.000
4193481636.000
6803893291.500
6396611972.500
803318976.000
18738645.000
1007636386.000
844397252.500
6711924237.000
4929093578.000
70667410.500
460846477.000
3480569135.000
44362735.500
1834718900.000
1916753999.500
7441003104.000
537155912.500
3374848664.000
3477476649.000
8325605453.000
6016409288.500
7461159912.000
382351989.000
7758704464.000
2943545301.000
635641442.000
6859680558.000
1199019554.000
7903871005.000
4035115894.000
1813497150.000
4011203773.000
2633541115.500
751759716.500
6751087545.000
1434602127.000
1234405114.000
8936539957.000
880092091.000
2648433538.500
7291264799.000
6210123937.000
2755514246.000
5948222011.500
3553383245.000
4230951642.000
4315330732.000
7105225524.000
2532215522.000
2857622380.000
1883437130.000
6671348031.000
4400198664.500
8131512876.000
3870048227.000
808384543.000
5262711721.000
7165660170.000
781097191.500
3156628736.500
4502205497.000
4718060998.000
1245009011.000
6451161762.000
5036846244.000
1035440977.500
6518083714.000
4949985746.000
7615929196.000
9291296019.000
69422565.000
2770069246.500
5679297155.000
4953412510.500
3283932740.000
962107995.000
3385531142.000
9261001767.000
3631087366.000
699991845.500
7091755322.500
2314440473.000
6771618431.000
610634224.000
1381300527.000
2529961926.000
7246960709.500
1589138525.000
3725508976.500
9068906165.000
251495126.000
3164936366.000
5326143449.000
1285241072.000
4917453604.000
3073569983.000
5834922263.000
7691370276.000
3704708711.000
943005522.000
8093485071.000
2384046957.000
5870077248.000
6714276334.000
6187478343.000
5609613781.500
8550253540.000
1238267284.000
629240054.500
792436525.000
3165959603.000
5310494443.500
4311165169.000
5693437071.000
616668500.500
19629658.500
2709523104.500
8444317332.000
7506956536.000
1457412260.000
6071936085.000
178487110.000
2945060940.000
2714988078.000
367702393.000
3500272748.000
3429075462.000
1963829754.000
9530135465.000
7012270031.000
8682273938.000
61399206.000
5215926550.000
3056453911.000
4853285002.000
520058986.000
8718349929.000
1142971481.000
8193128683.000
3709093752.000
164276360.000
5418409842.000
3716066959.000
4316786284.000
986949756.000
4505827376.000
8868211916.000
4807383810.000
1183975959.500
8470783373.500
6619526827.000
4645531636.000
2522195134.500
35319361.000
2305043835.000
4796145561.000
6298091230.000
3755130681.000
3081491701.500
1203077140.000
304119351.500
5923442705.000
6907408693.000
7186543517.500
6106318327.000
4044052149.000
1298523966.000
5967750645.000
1087331836.000
2911545903.000
6750304037.000
2765589526.000
417965283.000
337582694.000
4088241952.000
226040819.500
697996181.500
4340646253.000
5791035113.000
1984133963.000
6250020696.500
8020630758.000
6857614813.000
1919075286.000
4683116167.000
939158132.000
3715258378.000
48133387.000
962456579.000
2634686562.000
296590835.000
1058146342.000
9265942265.000
5791117205.000
378868585.000
2113284376.500
4694202827.000
4319380225.000
6737286967.000
2899203292.000
8031020072.000
6054561345.000
3148643566.000
3136820067.500
3378165787.000
9474314233.000
8279832098.000
1127954490.000
1648941016.000
1523627238.500
4696507236.500
3255792219.000
2319297038.000
7305839659.000
3755275496.000
1218301048.000
2940720170.000
1416758861.000
2942707899.000
5968732835.500
2419419369.000
7304259661.500
7894634827.000
4496755398.000
3962911040.500
7568494525.000
5223543892.000
7583865868.000
9079701023.000
6920588410.000
259115310.000
1668144839.000
2680491825.000
5829983811.000
8153351643.500
5761679320.000
1431685035.000
918944172.000
3245068422.000
7213630379.500
8504968099.000
1227183263.000
5180206333.000
7972721762.000
79612972.000
3380509264.000
6343029732.000
2625340366.500
456734089.000
7660062395.000
5757416932.000
6325764608.000
1597830233.000
5813251651.000
2609288298.500
2376232214.500
4213099626.000
8117369844.000
2027303843.000
4207794970.500
3799921517.500
3234047387.000
3659339585.000
5325207153.000
19714707.500
6500527082.500
25271868.000
484791066.500
7872208856.500
3118905731.000
2218458358.000
2594960378.000
315879465.000
718589584.000
2074455789.500
2878670970.500
7246669738.000
517457179.000
3147192976.000
1444479308.000
3684834786.000
8060609855.000
3471134613.000
3030826125.500
437175737.000
5722177151.000
825968382.000
3204392056.500
4770627648.000
2592287623.000
2074520897.000
2820987215.000
5161889397.000
9138581244.500
8493986591.000
5848249216.000
2801888909.500
1360290279.000
8570087891.000
1252488937.000
7481184351.000
4910351137.000
1081441285.000
2187165084.000
2632222247.000
1008508469.000
1055662605.000
8472198241.000
5962758642.000
4600412593.500
4457682950.000
790243258.000
1256352272.000
2264707585.000
8206057557.000
3395609373.000
28538443.000
4707818321.000
2374266186.000
42075608.000
1121686473.000
7330296222.000
2963889256.500
2605131686.000
6536734989.000
854155942.000
4086785750.000
3580090930.000
2339503189.000
1225100341.000
1959903558.000
129113807.000
623192451.000
2088300382.000
6370285006.000
1630626806.500
5512078469.000
8782679545.000
7917117146.000
784569418.000
2354967281.000
284284850.000
830777808.000
595704895.000
3626904461.000
1409066926.000
858774396.000
8806311780.000
8216146890.000
1895330543.500
284388540.000
7058526979.000
6354852436.500
5324378072.000
6295481763.000
4742186791.000
1711232328.500
9436348295.500
926973379.500
67650935.000
2673728078.500
3552904330.000
7519149125.000
5618071284.000
1576383537.000
4603652816.500
7426196833.000
1538976986.500
7213825932.000
2528096836.000
3262455016.500
418736913.000
517934680.000
2760764245.000
7712235063.500
8534487812.000
7599984915.500
524694552.000
2521495317.000
890472661.000
7569834239.000
8816599011.500
2272814882.000
4218234899.000
5322301311.000
8931750214.000
790309612.000
5770863568.000
5578953663.000
6233268263.000
8560162023.000
7405264954.000
7000066923.500
7842486126.000
1429167791.000
7572839616.500
922096014.000
69786535.000
8358574370.000
4803317960.500
6766555647.000
4189786810.000
