1888
4335
848
3207
1091
2803
6713
2833
5471
2772
4848
4504
571
3121
4780
2659
4094
3367
829
2809
181
4603
4013
2705
4606
9721
8515
8289
7560
6053
7787
2756
105
3551
797
1528
2424
9696
7499
3302
4234
7050
200
769
8290
4594
7854
2057
6538
4366
3378
457
726
7536
6007
2432
2376
7751
5978
8005
7886
4234
2453
7305
7195
2130
1615
7979
261
2922
4896
6378
6842
3886
7543
5268
7506
9489
4726
1339
1417
2682
8174
8464
1413
1647
3007
3981
1682
387
5291
7440
7372
1094
488
7031
1617
3677
1812
213
7783
1843
790
1741
1274
9519
5117
6043
7001
7501
6338
7260
7333
2827
9850
3475
1730
9927
2151
5955
6300
1096
9744
1148
2914
7264
4831
6877
1841
8780
4351
748
2700
4649
573
2934
2392
4835
2918
141
2331
9090
2670
7550
9564
9659
8414
4199
1900
5542
3361
6260
7396
5418
1277
2532
4066
9110
6464
8989
7532
6015
7707
8312
6998
880
3553
9378
7876
7259
7074
8139
4223
646
3558
8331
866
8134
7604
3949
4190
3352
603
7340
7967
2920
9510
8652
7511
3720
7056
8605
7576
5795
3086
444
1618
8337
1012
322
1533
6370
155
7671
9873
5469
9808
972
1461
4763
6444
6185
5285
3401
9296
2105
9508
7203
1044
4521
4469
6443
3187
3823
9885
6852
2035
5053
7199
3530
9541
1724
4583
7825
1132
9448
2663
8589
8564
970
124
2995
9573
9699
7843
3569
4680
62
3263
6474
2753
2764
4085
525
5658
4559
1427
5707
4757
4146
3882
3867
3224
5849
451
5997
2774
5181
4839
6808
5930
5527
9852
7370
6658
109
5570
5687
9202
1792
5177
9314
6179
648
3343
5819
2955
2703
464
2168
638
4248
3469
5424
2705
6369
2086
6641
986
9336
6795
543
9978
8808
3419
3802
6349
4760
9232
6638
7781
7128
4271
7107
8147
2193
1420
5702
744
1730
9548
2062
4658
9783
343
1634
7915
5315
955
8590
4894
8564
180
447
8614
9348
4535
46
1600
6564
6497
1137
932
4356
8682
3778
8291
9999
4436
4934
6947
2129
6929
7461
7396
8977
7633
3355
5962
6172
3421
451
8331
7240
9327
5911
7705
8893
9374
6115
1251
4438
8378
9062
5913
3964
365
4017
8922
612
6129
6810
2375
5417
5830
1704
3126
3449
9297
3152
8023
3255
270
2659
4415
1964
8085
8415
6366
4782
2502
6953
1048
2505
7734
2495
7019
4876
7600
7217
5711
7112
5390
6207
711
2868
5983
3516
977
5740
8750
4053
731
9102
3480
4920
5599
1721
8649
5067
1994
8522
3577
7217
7528
5015
5651
192
7542
3583
6087
8652
8562
3437
2220
476
505
6704
8314
8382
5434
4060
6098
8088
9944
3005
441
3888
5647
2647
2215
6041
6688
4943
4748
1327
5123
2337
4446
9430
8655
317
2530
6611
2862
9334
3551
7502
240
1613
120
881
9930
7781
1566
883
8717
2601
2562
6569
9300
8833
2033
9695
8036
4911
9052
7499
9228
2836
9105
4053
7498
1493
3824
9009
2805
2041
7936
4995
6046
3547
3425
1020
3625
8528
3724
4847
8972
4591
6754
5626
4357
5496
8996
6686
6020
689
2292
3958
6959
5162
4736
1359
1213
4802
8388
2462
9205
7031
7696
9253
7283
549
9093
7898
4060
4121
2757
8380
3111
7659
670
970
491
6324
3548
8931
3010
9374
6195
3152
9042
7046
5971
6698
4893
5431
2936
1365
411
2097
1221
8181
2850
3973
6027
8417
6250
6412
9964
1508
2972
993
9552
4372
1274
3492
6672
8588
7362
9665
7088
9036
1156
407
539
7398
2146
4
9783
3411
7725
7502
6833
2135
5197
1805
7427
5480
1283
7585
9576
7570
5084
4812
8460
9137
6133
8566
8970
860
9421
7220
9724
3147
8046
4888
5444
2840
5055
1141
9696
7026
1298
6949
6437
600
9428
4562
4965
1434
6813
7256
8289
8921
5757
9315
4506
6943
5002
9020
9620
8476
8481
3665
2899
1446
705
4876
7517
170
6603
6529
2746
5147
9969
9872
182
8586
3519
9430
793
5836
1745
3237
562
7426
8664
8052
1879
2427
1753
8788
500
3085
9808
6943
4896
242
4580
2988
972
5178
876
9543
8966
8031
3322
3265
734
545
747
282
3704
2960
2392
8580
3727
741
263
8152
2769
7103
6727
5398
1212
2790
8530
2567
8471
7048
9701
9256
7612
3333
4754
7240
2110
8840
5379
4086
8435
8164
1695
7213
1573
8520
2434
5852
8979
2693
2978
5961
5391
9024
2715
5263
2961
8872
3216
6490
526
457
3579
8545
470
8313
8616
892
6002
1829
1724
9435
2416
2660
3166
8000
9878
4860
1713
2282
400
7919
9963
1820
6802
1265
4531
3145
628
5415
4269
4177
9660
1691
9914
767
3231
3073
380
2629
3785
5974
4233
2693
1482
1851
4406
6919
8931
7106
2077
6148
6668
1695
7224
1273
1110
3085
3568
6157
7279
4090
6005
3760
2454
8416
6042
7075
746
1449
9852
5886
3631
8808
6336
9685
1936
7912
195
8700
5643
8849
6352
5756
1100
5057
3373
6811
9633
322
8254
3652
3426
7477
4616
6776
3960
6728
4586
3150
133
6245
5025
7434
8695
4343
1698
543
362
4777
6508
7960
6698
8683
5956
6320
3576
7184
6460
3537
9988
4684
967
6065
7969
9009
2637
9779
1110
2305
1381
6592
4118
5818
8700
1821
2128
7783
283
3469
2269
8239
5025
7984
6025
3710
3139
9963
7249
2264
4696
7673
5513
1433
5821
1545
1298
7140
1750
8449
4390
5694
6030
5609
2942
6644
3022
9687
9295
987
1752
6291
1219
8379
4632
5946
2150
1382
1143
9976
3872
88
4546
894
6369
2201
834
4590
8198
4969
2448
801
985
3041
7736
1372
9677
3047
4874
9899
8337
4292
317
187
2427
8108
5558
600
4287
9432
604
232
8819
7616
5724
1398
3845
3212
7363
8512
1039
1644
3523
7220
9252
3893
5732
5433
1987
4894
1925
9478
3128
5285
5502
6433
3739
8312
2953
9735
9978
504
437
6132
124
4153
3325
6988
4219
2526
8159
6490
2489
2309
1775
8393
7353
4032
6985
6731
6498
4408
3488
7938
6830
9291
1846
1839
7751
392
5279
5113
7706
3733
5341
2517
7892
4728
1678
7386
6085
4619
1916
1209
9254
8869
425
5869
8070
1337
9540
6296
1639
2458
6742
4707
2106
5152
5679
5543
2858
8029
6574
7107
6989
9987
9011
5888
5828
1650
4735
3440
8426
4056
9909
1760
740
6625
3698
338
7243
3252
171
7630
3436
3893
5983
9829
3792
9555
6821
7108
5266
560
5248
6990
9175
8628
1844
9395
9295
7544
3023
121
9886
8980
8961
908
8742
4346
9011
3172
3432
2906
9093
6060
7274
8424
8254
1693
9873
599
2804
9024
7808
9154
8252
8289
703
4198
4700
595
6091
6359
7922
4097
3201
35
2371
1225
2456
6663
9631
2439
855
9776
4400
1775
1334
9996
6547
5317
3078
4743
2858
3522
7108
5831
1688
9425
6379
40
6727
1225
8743
9290
9375
308
8885
4665
5083
3268
9711
926
6803
7677
1645
4127
4216
6117
493
5011
7640
3016
915
1743
3264
9397
9334
7916
5266
2884
435
1562
4038
9377
9436
1665
593
7741
9324
5705
5370
9448
4010
7847
5404
8313
68
7867
5349
4787
4079
2872
7449
3049
5737
1994
3387
6195
3010
4177
6130
3428
5578
1879
87
6215
8922
4401
6018
8292
4750
1174
313
2817
3624
1776
4811
2117
5011
2905
1840
9856
909
5537
9934
3745
436
1335
4455
7475
8547
1826
417
6566
9822
8184
6416
3391
5579
928
7268
606
3149
2949
5761
561
1962
2736
117
5624
3431
6586
8699
4045
2237
807
3732
4859
8702
6678
2901
1174
2030
6458
5773
7773
6518
942
4090
8530
3126
8825
7133
5782
9256
6621
5465
1604
7749
4187
7627
3096
4201
824
8538
7378
8144
8281
4160
6444
4056
5936
5724
1845
2218
7063
7479
2744
2615
1205
2488
6679
9507
4710
7888
3880
4274
8345
8867
2064
9781
7625
9929
3718
6361
3959
3023
9483
120
1703
3663
9707
1511
2326
4966
994
6295
7468
9906
5873
532
7352
9342
4517
4018
722
4102
9604
4762
8251
2371
6352
270
5513
6386
6618
7243
3806
1572
3859
8695
4703
2508
6190
2846
1253
2657
130
2872
1368
4935
2409
7452
4430
9077
3794
5429
9129
7093
9335
5597
657
4326
3066
4388
4674
6508
5224
5813
831
4257
1296
4640
1321
9214
9295
9704
694
5321
8488
7000
2191
924
6572
1055
5335
1005
3897
5292
1105
7335
176
9870
770
8166
1088
8880
580
3801
5703
7784
1551
2780
3179
6765
9211
7588
2567
4261
1162
708
8040
1508
1833
1496
4763
6360
8203
2135
3966
9512
3969
7790
1819
1638
8189
5794
6315
5091
6095
2288
5468
2496
6993
3139
8063
4078
8529
8044
4679
9746
9130
8036
2685
6885
1945
6877
5224
6389
8477
8154
7369
8134
8686
7875
4414
1099
3536
5156
6551
8446
6195
5288
809
2579
608
1637
8649
1507
5630
9683
7574
8985
9522
8859
9842
3327
4904
8444
1423
3753
3464
3325
2672
2352
3647
9288
2188
8002
3252
4268
9746
4994
3436
4313
6566
8416
2443
3412
8614
3841
366
1427
7962
1087
7982
9084
7898
6947
2694
5520
6904
1216
9842
6045
4909
1081
8767
3571
46
1180
1810
6631
4593
4570
9211
9456
9158
1180
7868
8585
5458
6482
7212
6929
4324
1455
7671
6808
5207
4924
2790
2127
9203
2516
3535
2836
7393
3330
4140
3156
544
8037
3542
4559
1822
241
5633
3235
7079
9193
5945
9964
5980
8011
3856
2166
4264
6794
1923
3113
6323
7598
9652
3390
3824
9148
8100
8818
1289
7519
4873
2226
9891
3310
4344
3327
6819
806
1425
6909
9335
2087
9136
5844
9355
5589
5098
1795
5621
2396
5283
9658
3727
9892
3009
4453
6405
9301
6675
2029
9458
7184
3427
6335
4050
6941
7655
1408
8052
4871
6814
4570
9478
6287
8669
3450
5935
3658
4809
8277
9920
458
1820
546
8539
696
1890
7982
3026
6895
8489
9807
8550
1521
7593
576
4914
3450
5132
2011
4129
996
367
6374
4251
3384
7632
3226
9703
647
1053
706
836
7011
1681
4747
9107
3857
2205
6455
7111
8013
8521
8124
3143
317
9724
5851
6982
9259
3837
1116
9241
6632
6098
497
6831
2473
5310
9174
422
9163
6437
4630
1947
6652
127
42
8928
306
4621
2476
2329
5978
1637
5943
788
2547
7149
1102
9387
5562
1071
8061
3016
852
6631
5631
6628
4384
5527
5979
6814
4585
5486
6186
2094
856
7177
602
3431
4413
1027
1560
7885
4552
4802
7418
6353
9088
1885
3336
5433
4808
5823
6586
2189
5040
7694
2050
2224
4741
7340
1012
3926
6024
5508
7121
2212
5212
5949
6305
9981
751
5554
4275
6789
9529
1878
6181
2763
7527
3555
2223
7444
9343
5072
8537
5545
5626
6387
4633
4180
9373
1559
7927
2450
4518
1357
5282
9299
1195
2051
7397
7536
8033
871
4287
5215
2011
1707
3619
1126
5657
3949
6097
7781
5394
4170
6061
6859
1427
1488
7347
2532
616
6702
6245
978
1556
8045
6498
1001
282
6476
6464
1159
4273
2238
4796
7280
6127
220
6818
6005
8624
8131
6957
6792
6113
1819
6764
1033
6514
7262
7247
9001
3191
2398
8300
797
4949
9041
3797
1979
8210
4449
5775
1374
7843
2072
7724
2206
3601
1595
4373
46
73
6439
3520
6478
311
8552
8968
1039
9806
8599
7408
6371
8205
6999
9231
3994
5882
4198
6246
4523
6597
1084
7776
6572
9354
1328
9009
7502
7477
8246
8691
4251
6187
130
9247
1424
9701
6015
7545
3057
9433
1950
515
7831
1272
907
107
2522
4082
1381
8353
5803
4275
3853
7266
3830
575
8896
6338
5264
9870
3717
9013
1534
2358
6736
1420
2955
2187
2950
3398
2326
3615
3645
1108
118
479
7358
8676
4097
5964
3801
6952
270
5166
1167
9882
4588
4083
7259
5893
5438
1741
9471
5545
3847
7451
9172
7439
8275
4276
2040
3282
2417
2659
743
1371
6299
8136
3562
7440
2752
95
7137
904
7408
1346
8038
7274
5044
528
6649
2317
6053
8523
4897
1120
6683
2959
3051
5572
2123
4329
6911
3638
2121
8468
2812
9804
1254
7164
844
9130
5081
4043
411
8490
8830
7482
1928
7209
1223
1095
6880
3364
4191
3271
7724
881
6406
7434
20
5980
3985
9660
9201
7125
169
9345
8095
2144
7116
2764
9585
7258
9914
7314
6736
3793
5599
174
3139
8239
3483
3556
507
122
331
4094
7795
8223
8836
2267
471
6717
4623
4487
2271
8887
3990
6796
993
7246
7573
5989
1348
702
2492
673
6465
1529
2307
7015
3812
8957
2732
5979
8323
4032
4663
5681
9422
8770
7055
8837
2524
9529
4406
7207
6556
1977
5687
6041
1206
536
344
8502
8449
9994
4954
6331
2392
2558
7611
2075
9602
5812
7135
5775
5079
5838
2876
4095
4506
8691
5704
9988
6115
3065
2442
8002
6540
3044
2375
4212
9314
1767
9954
6046
1247
1079
8269
1527
506
264
9239
9000
94
6214
4422
5133
8089
3360
1126
774
4362
7333
5733
5126
3690
7908
4756
1417
5081
558
9364
3827
7303
5109
8559
7613
7514
935
5012
8100
5853
9835
963
1811
6811
3221
7505
2202
5707
7817
5221
2584
1582
7454
4939
3756
355
4335
6154
8287
4376
6418
8481
1541
1796
6622
500
5942
6286
1536
2331
4992
4984
877
9947
876
5147
2876
5984
2497
821
7362
8368
2618
604
7565
4374
8471
912
3741
4474
9316
9360
5971
3041
6919
6438
3192
740
1534
3116
4121
4465
3481
5249
8142
9058
6528
8225
9653
1487
3194
6853
4916
4234
3320
2539
7834
2203
6616
694
8341
5902
7439
5979
6731
433
201
4014
4357
8704
2829
1231
7161
8069
816
6207
1095
8282
2163
7620
6581
8262
2450
267
707
1074
9302
6242
3804
9331
9137
7986
2313
4046
7073
5077
6931
3083
2820
1404
7673
7127
7668
8302
2730
5518
2416
287
3325
6935
7845
4906
2938
238
6632
3269
5884
4567
8457
9235
8961
7573
111
6845
3
6404
8009
7827
4742
1911
534
8398
9692
864
3290
7811
3270
1116
858
9243
3647
3614
6886
1923
7258
4128
3152
7848
3172
2356
5545
8614
3480
1085
2909
564
8376
1053
2366
1584
4418
3155
7542
4058
9348
9041
6049
7915
9439
8118
7271
4193
8973
7569
6130
5160
6594
3102
2495
4681
59
9858
1373
5040
4808
7387
7660
4298
7552
3816
1377
7629
9643
9021
8173
9481
1836
2178
6857
8018
1225
5188
863
6016
1648
1879
6658
1194
4496
4543
6724
4891
6930
1149
3932
1958
2712
7240
7688
3355
2611
5162
9028
2614
4595
3655
9366
1858
9808
3542
2248
2098
4013
5150
4776
3403
6696
984
2504
6323
2698
8184
9635
5870
9375
6675
4518
8959
8733
8449
1223
7025
5352
6688
2989
4313
5757
3288
6647
3102
3278
9787
846
3657
981
1626
3540
5557
8987
2340
2110
524
7015
4154
7116
9976
9794
3132
8705
4991
7805
5420
8638
1917
6402
7348
4520
6086
5448
478
1954
5904
959
7409
8079
2910
6188
1051
6328
108
7428
9214
7837
8795
4820
9221
566
365
8645
5024
7476
8508
8379
7868
9827
2741
4132
4506
6690
6603
2737
4854
4408
9675
6476
3682
5123
2182
4238
2438
6968
6185
6203
1611
6756
1849
4344
4737
6020
3707
2143
3614
153
6744
1721
7023
3723
9111
5393
4028
8083
9804
1690
1840
6592
7746
762
8397
7991
224
3041
4331
6583
581
5739
1568
9793
3051
735
3817
5286
8617
8775
4312
3715
1385
9134
3079
7034
9921
5122
623
1087
6847
9396
7671
4928
6859
9938
9579
9879
1062
7675
7701
6034
9533
7764
9561
6437
3155
5745
1023
8385
2302
70
6536
8555
4287
2006
414
784
2695
1386
7588
3425
4081
3903
4890
707
3405
8066
150
4914
9236
929
2321
8930
8442
8366
3969
1848
9052
2363
7130
5795
3980
1923
9910
2381
4146
4807
4095
2994
1844
7688
1055
5546
3277
4898
4794
7523
1862
2220
9990
5346
573
7254
2221
6923
3412
9521
5320
6309
3504
6733
7941
6860
3279
9673
3958
6377
7806
6214
5602
3448
5053
9840
4786
8206
8443
4013
6262
3074
118
3027
5027
9420
9803
1227
468
636
8142
7706
8641
1493
6483
9540
6641
8787
5027
343
1910
8707
5592
6305
5548
2035
2297
2270
2722
801
9162
8488
1025
9684
856
4408
1795
735
7294
8107
3418
7978
7405
7165
4064
3990
9223
4609
7994
332
9043
2304
673
5942
9203
8767
9763
4035
7403
8430
6056
712
8901
3640
4300
9508
8964
7262
8740
9444
9904
8234
5830
8235
9047
7533
8091
5737
572
6299
7374
8558
8592
9118
1758
6279
4814
6618
8082
7791
2265
9386
7303
1406
9912
9576
9057
2474
4807
8959
2172
6661
717
201
1794
9234
9511
7072
263
4023
2624
3822
5304
5569
8644
5181
9793
6479
324
2753
5255
62
3653
4391
9965
8756
1075
3883
4871
7281
9425
5452
1439
9367
940
9206
9742
8829
7087
7542
9263
1238
8152
4262
550
9067
9696
2220
9208
117
1030
4360
6555
9050
1068
8734
4576
2286
9448
2130
1678
218
4683
2023
6013
9935
4025
6871
2833
5391
4526
1373
2908
7379
4970
4966
3073
8984
8823
2098
2667
7063
9702
5109
9985
2755
4550
4017
2998
6316
7831
8247
2328
7176
3266
9188
2038
6904
9170
9899
6910
5052
1022
9555
9359
852
280
5288
4121
8684
887
4407
1115
6609
7451
4935
8424
8598
5262
9346
4367
1804
7255
8630
5687
619
627
772
929
2647
3472
3424
2063
2917
9940
4793
4232
1370
2097
4737
7392
4693
7639
9510
2272
5397
7440
3670
5156
2271
2604
803
2604
4135
9214
6863
1197
1279
2001
9820
2473
1419
7279
1869
9968
5791
5706
8427
894
7792
303
2421
5389
1077
9725
9068
7918
3896
4041
8897
8292
2109
6976
5073
1385
3202
7855
3330
5868
1663
6535
9759
8412
7526
6211
7842
2914
8798
1641
1541
1303
6899
5792
9127
7520
6983
7098
9475
9445
6385
4549
757
8392
3476
8691
1569
6830
6885
6492
4841
6491
9169
6849
4890
2279
1712
2308
1054
3835
9407
4516
8202
667
9988
9398
5897
1253
2207
1559
6790
2263
2008
2882
8760
5447
9602
5957
4345
2709
6677
5614
8969
1181
6531
19
9010
5261
6230
9056
2955
8683
2981
3950
3212
2000
1150
5053
1585
9266
9051
713
8958
9084
2776
5113
6235
4082
2942
8598
8099
2925
5280
923
372
259
7438
6255
964
5031
935
1414
2477
7821
4304
7976
8949
9114
8752
3858
6342
568
4356
4229
597
2366
3718
5588
2261
4392
7683
3682
4028
2342
4555
2668
9295
7869
4849
9933
4888
2172
8023
5779
5273
8260
8427
7841
9637
9274
5536
678
4923
2016
2374
1532
9579
8846
7661
9071
6597
2024
9817
966
7091
3981
721
7932
9701
7326
5282
2641
1098
4182
5761
2473
1201
8569
9251
1825
8839
382
2365
1772
7304
1593
5588
610
8710
1352
1321
2826
4751
7548
1139
1107
1499
4003
1730
1066
8168
1670
9873
9092
8961
2952
1710
1516
628
3054
4986
7844
9178
2733
3570
8026
4787
998
3894
6776
2390
7445
8536
3916
9996
2358
4980
5273
4548
3556
6769
4148
5936
5234
4514
4109
9204
9313
8057
1949
9669
8729
869
8610
9636
1676
8689
7508
94
9509
987
115
3261
908
5026
9447
8789
3074
2952
2300
3869
8477
4576
4676
2826
2233
5034
3076
946
4047
6115
5208
7028
3894
4537
4827
4669
5535
5881
1654
8774
4225
2553
5013
7106
1723
4275
7664
7809
5347
3958
8518
8393 6909 3 2030 5 6468 8763 1969 2936 8766 8767 2831 8769 9420 2776 1230 8773 7243 8775 8776 8777 8778 8779 8336 5551 8138 6672 9578 7474 9741 1339 8788 7341 8790 8404 8792 8793 8794 547 268 8973 8798 9246 8800 7169 8802 8803 2742 8805 8806 6848 6034 8809 8810 2469 2783 8813 8218 8815 8816 8817 98 9460 7457 8821 8822 5833 8824 8825 8826 5618 4905 6222 5043 8831 4431 1222 8834 8835 2595 8837 8838 8839 6887 7548 8194 8843 8844 8845 5399 8847 8848 8849 8850 2693 8852 6777 209 8855 8856 5062 5276 1607 5887 7035 1603 8863 132 8865 8866 8867 2301 1639 8760 8871 8258 6976 3854 2679 8876 8877 8878 94 8880 8881 8882 4608 932 8885 8886 7624 4028 8889 8890 8891 8892 1991 8894 7746 787 8897 8898 8899 4726 8901 8902 4734 3183 3166 7256 7737 8908 8909 8910 7102 8912 8913 8914 9358 8916 8917 574 8919 8920 8921 8922 3309 3897 9966 3118 5846 8928 1944 8930 1679 8932 8933 8934 4086 565 2615 453 4090 4091 5283 6185 7600 1427 9256 4411 4098 4099 3121 4101 4102 590 5827 3983 4106 4107 4108 7354 4110 4111 4112 8428 5206 4115 4116 1065 5783 4885 4120 3519 4122 5757 4124 7943 68 4127 4128 4129 4130 4131 120 5420 1074 4135 59 4137 4138 149 360 1871 4142 4143 4144 4145 671 6814 6122 4149 5339 4151 4152 6533 7956 4155 4156 9703 4158 4159 4160 1870 4162 4163 1480 4165 4166 4167 4168 6060 7228 6368 4172 4173 2282 8791 8953 6863 6949 228 4180 4181 9145 4183 3694 4185 3285 3459 2434 4189 4190 4191 4192 8744 4194 7248 4196 4197 4198 3000 6631 3155 4202 450 4204 4205 3028 9767 478 4209 2912 892 4212 7 8344 4215 4216 2891 4218 9220 4220 5376 8238 6484 4224 1504 7801 6263 4949 6464 4230 5300 1893 2635 4234 6326 9170 4237 4238 905 4240 4241 4242 4243 4244 5758 1315 7172 4248 4249 4250 4251 4252 6149 4254 4255 7226 8427 1255 4259 7053 8257 4262 2881 4264 6378 4357 7337 4268 4269 4270 4271 4272 4273 4274 3365 4276 8896 5875 1157 4280 4281 9701 4283 4284 4285 4286 4287 8177 4289 4290 4291 4292 522 4294 4295 4296 2606 4298 4299 9821 3743 4302 7435 2526 4305 328 1406 5559 4309 9761 4311 4312 4313 4314 4772 4316 4317 4318 4319 4320 6864 4322 3638 4324 4391 4326 4327 4427 4329 6572 5087 8334 8784 5370 4335 6104 1655 9194 235 4340 9776 4342 4343 4344 9444 4346 4347 4348 4349 9824 4351 4352 7811 4354 4355 6471 76 7418 9619 763 6953 2796 4363 4364 8945 4366 5664 3594 596 4370 4371 4372 174 4374 4375 9285 835 4378 678 2002 7210 4868 4383 5856 6146 4386 1996 5404 4389 4390 5516 4392 4393 7509 4573 6888 4397 4398 4399 244 4401 4402 4403 4404 4405 306 3246 4408 6531 7810 4308 4412 4094 8801 4451 4416 4036 4418 4419 3033 1313 4422 4423 4424 4425 8440 4328 4428 316 3111 3690 4432 7403 8675 2777 4436 4437 4438 9325 4440 2599 8717 4534 1373 4445 6191 4447 4448 5754 4450 1898 1665 252 4454 4455 9933 4457 4458 1133 4460 4605 4462 9374 6258 4702 1272 4467 1170 4469 4470 4072 4472 4473 2228 4475 4476 4477 3894 4479 6140 3079 5142 4483 4484 7141 3861 5530 4488 4489 4490 7645 9283 4493 4494 4495 7485 1120 4498 7142 4500 4501 5964 3139 5765 930 6434 2031 4508 4509 4510 4511 3299 4513 1891 4515 4516 3185 4518 3600 4520 9048 1436 8273 4524 4525 4526 4527 4528 7358 8078 2134 7777 1011 3128 4060 4536 4537 4538 4539 5380 3846 4542 4543 8161 4545 4546 4547 4548 3117 4550 4551 4552 4553 5061 7539 4556 4557 4558 4471 4297 8182 4562 2821 4564 4565 4566 4567 2497 4569 1644 4571 4572 4395 2951 4575 4576 4858 4578 5511 4580 5304 4582 4583 4584 4585 4586 7843 4588 4589 9639 4591 4592 3071 4594 4595 4596 4597 8569 4599 4600 4601 7946 4603 7449 280 2805 4607 9571 4409 5211 4611 9123 6956 8280 559 4616 4617 3003 4619 9723 4621 2316 2883 4624 4625 3271 1447 4628 4629 4630 7487 7702 4633 6666 4635 6050 4813 722 747 4640 7305 5904 8051 4959 688 4646 7015 4648 6147 4849 4651 4652 5133 6688 2865 1705 4657 4658 4659 4660 4661 9804 6362 4664 4665 4755 4667 4668 7613 5852 4671 4672 8925 4674 2064 4676 4677 4688 4679 473 3307 5240 4683 4684 4685 4686 4687 4678 4689 7014 4691 4692 6070 4694 4695 3235 4697 5179 1259 4700 5280 2707 8589 4377 303 4706 9249 1569 8557 3412 4711 241 4713 3844 4715 4716 7610 2828 6729 6285 4721 6540 4723 1788 4725 3461 5613 4728 7728 4730 569 304 4733 8903 4735 4736 4737 4738 9629 234 4741 5448 4743 4744 4745 9645 4747 4748 4749 4750 9237 4752 4753 8329 4666 3696 9477 8192 4759 4760 4761 8473 4763 4764 1558 2972 4767 9067 6498 4770 4771 4315 7356 7306 8946 629 826 8156 9160 4780 4781 4782 4783 6014 2430 4786 8906 4788 7511 4790 7269 2063 5971 4794 857 4796 4797 4798 4799 4800 4801 4802 2572 8026 6608 4806 4807 7813 8571 4810 4233 3984 4637 6853 4815 586 8971 4818 4819 8024 4821 4822 4823 6926 4825 9209 4465 998 7383 4830 4831 5005 4833 4834 4177 6137 4837 7590 4839 4840 9899 4842 4051 3177 122 4846 4847 4848 7003 4850 4851 4852 4853 2524 4855 690 4857 4304 4859 6225 4861 5630 5661 4864 2974 4866 4867 2371 4869 4870 9253 8438 4873 4874 70 4876 1122 7898 4879 5031 3761 4882 4883 4884 4119 7461 4887 4888 2940 7673 8965 4892 4893 761 3671 6834 4841 4898 4899 1888 4901 2893 4903 4904 8828 3545 4907 4908 4909 1948 6646 4912 4913 9951 4915 6630 3733 4918 1220 2722 4921 4922 4923 4924 4925 3350 8281 4928 4929 4930 4931 4932 6174 7627 4935 2613 4937 4938 4939 4940 9410 8285 703 5542 392 4765 4947 4948 2105 4950 4951 4952 4953 4954 4955 4956 8290 4005 4644 2248 7703 4962 5397 3662 8245 4966 5164 4968 4969 4970 9440 4972 7674 4974 4975 1351 4977 4978 4228 4373 4981 4982 4983 4984 4985 5185 861 4988 4989 4990 4991 4992 4993 5094 8400 4996 4997 4998 4999 5000 4906 2910 5003 5004 1515 2876 7513 6313 3502 5010 5011 461 5309 5014 8293 5016 9969 5018 5019 5020 3482 8599 5023 5024 4406 5026 5027 5028 5996 5030 4880 5032 5033 5034 1163 5036 4033 8940 5351 3954 5041 6302 7030 5044 3162 5046 5047 5048 5049 5050 5051 5052 9007 3962 9913 5056 7655 9554 9153 5114 7146 8857 7980 2901 9454 5066 5816 7824 5941 5070 5071 5072 5073 5074 2411 5076 5077 5078 5079 2977 3470 5082 5083 646 2792 5086 4331 1395 5089 5090 5091 5092 9697 5876 9631 5096 3773 5098 6546 5100 3091 6255 5103 5104 7481 5106 5107 5108 5109 7962 5111 5112 8472 6695 4504 5116 5117 605 385 5233 5121 5122 5123 9836 788 546 5127 7398 8693 3294 5131 5132 3408 2406 2341 924 3714 2305 663 5140 5141 4482 8537 5144 5145 2902 5147 5148 4358 7382 5151 5152 6961 9197 1382 2299 5157 5158 2761 5084 9450 3774 5163 1306 983 1546 5167 5168 3862 5170 1828 6170 5173 5174 5175 5176 2183 6270 6151 5180 5181 4653 5183 3716 2463 5186 1590 5188 5189 5190 7651 9242 9868 5194 3393 5196 2691 5353 5199 5200 1999 5593 5203 5204 1760 1867 5207 7284 5209 5101 4610 6872 5213 8066 5215 5216 7643 5218 5219 2373 2532 5460 5223 5224 5225 5226 2286 5228 9127 5230 7599 5232 1863 5234 4068 5236 5237 5238 9508 4682 5241 3067 5243 190 9213 5246 5247 5248 5249 5250 5251 5518 5253 5254 5255 5256 5257 5258 5259 5260 7790 6696 8102 5264 7049 2965 5267 5268 5269 5270 5271 7749 1292 4211 5510 9574 6388 6416 6032 3413 5281 5282 5474 6730 6737 8789 5287 8672 8573 5290 5291 5292 2827 3825 5295 5296 2668 7332 5299 6817 7981 621 5303 4581 319 3730 3719 5308 3174 5310 5311 5312 5313 8511 5315 5316 5317 5318 6009 5320 951 1094 5323 5324 8216 12 8651 5328 7472 9553 5331 4914 6064 5334 5335 5336 5337 2162 4150 3970 6534 431 5343 5344 5345 7825 84 5330 5349 9202 5039 5352 8752 5354 2829 7038 5357 2199 5359 7492 5361 5362 8797 5566 5365 8163 9986 5368 4359 4334 5371 5372 5373 1484 3563 1207 5377 9268 5379 4540 5381 5382 6559 6947 5385 3813 5747 5388 5389 5390 4100 6406 3831 5394 949 9519 8969 5398 9212 5400 5401 6348 7500 8304 3512 5406 2060 9472 2113 5410 5411 5412 5125 9642 5415 1164 5417 5418 7293 3814 5421 3332 5392 5424 5425 1444 5427 9916 5429 5430 5431 5432 8368 7198 4045 8858 1761 5438 5439 5457 5441 5442 2900 5444 5022 5446 5447 4742 1512 5450 9581 1004 9904 1763 5455 5456 5959 5458 650 5222 5461 8222 5463 8462 5465 530 3529 5468 5469 5470 5471 5472 5473 4092 4097 5476 5477 3432 5479 227 7743 5482 5483 8986 5485 5486 5487 5488 9529 5490 5491 5492 5493 5494 5495 5496 5497 5498 5499 5500 5501 5502 9992 5504 7115 9236 5507 1967 2028 5314 4579 5512 1539 1198 5515 7546 5517 7923 5519 7577 4766 5522 8058 5524 5525 9600 2579 5528 5600 6570 5531 5532 2015 1177 5535 7319 6023 7724 9339 1795 6732 4944 5543 1960 3834 5546 8295 6132 5549 5550 8781 5552 2462 5554 5555 5556 8612 5558 6885 5560 5561 5562 5563 5564 5565 5364 5567 8851 5569 5570 5571 1745 5573 3490 382 5576 127 1832 5579 5580 5581 5582 1542 9146 7170 9266 5587 5588 5589 5590 5591 5592 5413 5594 3127 8012 3184 7699 5775 5572 5601 5602 5603 378 5605 1847 8235 5453 2144 5327 5611 5652 5714 5614 6891 8464 1947 8827 5619 5620 5621 5622 8037 5761 5625 5626 1695 5628 5629 4862 5631 5632 7171 5634 5635 5636 5849 3797 5639 5640 5641 1529 5643 657 5645 3493 3510 5648 5649 5650 5851 1516 5653 5654 5655 8565 9502 5658 6770 3818 4863 5662 5663 4367 5665 5666 6436 980 7530 5911 5671 5672 5673 5674 5675 1509 5677 8125 4768 9162 4002 3051 5683 9052 5685 5686 5687 5688 6482 6667 5691 3123 429 8330 2811 5696 5697 5698 5699 3499 5701 5702 5703 5704 7197 2071 5707 5708 6451 5710 5711 5712 5713 660 5715 1296 5717 5718 8392 5720 5721 5722 5723 4052 8527 5726 5727 5728 5877 5730 5731 5732 5733 9068 5735 5736 4200 8515 8751 5740 5741 5742 5743 2355 5745 6220 4720 5748 5749 5750 3665 5752 5753 1783 5755 5756 4123 4245 9258 5760 8355 5762 5763 7503 5115 5766 5767 9695 6157 5770 5771 5772 8540 9924 756 5776 2878 5778 5779 5780 287 5782 3626 5784 5785 5786 5787 7175 5608 1981 5791 5792 5793 3795 5842 8768 5797 5798 5799 5800 5801 6449 5803 7519 5805 1301 5807 5808 5809 5810 9397 5812 1577 5814 5815 7330 5817 3105 3095 1431 5821 5822 5823 5824 8895 5826 4104 6929 786 3317 2666 5832 8949 5834 9144 5967 2774 5965 7918 5963 5962 839 2547 6605 5746 5957 9552 5955 5954 5953 5952 5951 5419 9186 5948 5947 5367 1986 1820 608 5942 2261 3188 5939 5938 5937 4075 8351 614 296 5932 5931 404 5929 5928 5927 5534 9640 5924 5923 5922 5921 3146 5919 4020 5917 4474 6928 5914 5913 5912 5858 307 5909 5908 5907 5906 7899 4642 5903 5902 5901 5900 5899 5898 8963 2426 5895 5055 4006 5892 5891 3652 5889 6914 5693 7155 5885 5884 3165 5882 9019 1189 291 4421 5729 264 4278 5874 5873 5872 5871 5870 5869 5868 5867 2421 649 808 5863 5862 5861 5860 5859 3115 5857 4384 2594 1706 5853 4670 5651 8512 5637 1085 5847 8181 3349 5844 7379 4388 907 5840 4362 9967 3181 5836 5968 8142 9736 1551 5972 5973 5974 3040 3479 5977 1846 5979 52 1165 158 5983 3752 7417 5986 5987 3612 5989 792 7196 7195 6653 7193 9205 1910 7190 6658 4505 2659 7186 7185 7184 2195 7182 3909 7180 7179 5508 7177 345 5788 7174 7173 4247 5633 8646 4414 1579 6018 7166 7165 7164 8157 7162 7161 7160 7159 7158 751 3251 5886 9922 7153 7152 7101 875 7149 7148 7147 5599 7145 1747 422 4277 7360 7759 7139 7138 7137 7136 7135 7181 4497 7314 8043 7130 7129 7128 9423 336 7125 3460 6041 7122 824 7120 2234 7118 7117 7116 5505 7114 415 7112 7111 9919 5192 8087 7107 2930 7105 4257 7103 2630 7151 7100 123 7098 1342 7550 7095 3738 6022 7092 7091 7090 7089 3347 3466 7838 7085 9702 7083 7082 7081 2244 6308 7078 7077 7402 5595 7074 7073 7072 1879 7070 7069 7064 7067 7066 7065 7557 6144 7062 9038 7060 7059 7327 7057 6565 7055 1109 4260 6995 5596 7050 4394 7048 2093 7046 7045 987 7043 2825 7041 7537 7039 1187 7037 7036 1887 3537 7033 7032 5288 6716 8501 7028 7027 7026 3760 8709 8514 7022 8275 7020 7019 9909 202 2050 4647 1645 367 7012 7011 7010 3713 7008 7007 4620 4114 9752 9972 1251 3037 7000 5660 6998 8358 7006 7650 6994 6993 6992 438 1738 6989 6988 6987 1621 6985 6984 8417 7649 3518 6980 6979 8068 6977 6686 6975 2697 6973 6972 9131 6970 5294 6968 6967 6966 6384 6964 6963 2133 5848 2616 2701 6958 6957 3883 6955 6954 8678 7365 6951 6950 4178 6948 7344 8765 3065 3335 2871 3702 9991 6940 6939 8463 6937 281 6935 6934 3695 6932 6931 6930 6613 5915 6927 9556 3769 6924 7791 6922 6921 6920 6919 7317 9426 6015 6915 5888 5537 944 6911 6910 7679 6908 9014 6906 6905 6904 8487 6045 6901 6900 6899 6898 3670 3772 8622 6894 6893 6892 5615 8494 2751 2640 8840 6886 8262 2681 5416 2728 6881 1128 6879 6878 6877 6876 6875 6815 6873 2068 6871 6870 8009 8069 1769 6448 2279 1083 6115 6862 6861 6860 7522 6858 6857 6856 2152 6854 1757 1455 6851 7272 6849 9934 9281 6846 6845 6844 5489 6842 3707 9370 6098 1703 6837 4958 9394 4896 8758 6832 247 3454 9719 6828 6827 6826 6825 672 3727 6822 340 6820 6819 6818 881 6816 3059 6375 6813 6812 1454 7270 6809 6808 6807 7839 6805 6804 6803 6802 6536 5985 7857 6798 6797 6796 6795 1796 6793 6792 6791 6790 56 6788 7432 725 699 6784 6783 6782 6781 6780 6226 6778 8853 6776 6775 6774 6773 6772 6771 1998 6628 6768 6767 6766 6765 6764 9939 6762 6292 6760 6759 8745 991 6756 6755 6754 6753 6752 6751 95 6749 9154 6747 6746 6745 6744 6743 6021 9879 8424 9550 4001 1458 2775 8326 8002 6733 5541 6731 6518 2843 7218 2435 4341 4186 6724 6723 8213 80 6720 6719 6718 7297 2847 5548 3209 3608 1671 2732 661 6709 6708 9607 1286 6705 6704 9341 6702 6701 7819 6699 6698 6697 543 5060 6694 6693 6332 9115 6690 6689 4654 7932 8873 1276 6684 6683 6682 1653 6680 8764 9755 6677 6676 8172 6674 6673 8783 6671 6670 6058 6668 5690 4634 5085 6664 6663 6299 9230 6660 6659 2509 6657 6656 2583 6397 7194 6652 4321 6650 6649 3620 6647 7213 6645 6644 6026 6642 6641 6118 6639 6638 6637 4057 6635 6634 3392 6632 9108 4916 6629 6769 2970 6626 8306 6624 6623 5818 6621 833 6619 9476 1792 9055 2335 6614 5828 6612 1108 6245 6609 7438 6029 511 5440 6257 3014 6602 1008 6600 6599 6598 6597 6596 6595 6594 9241 6592 6107 6590 8332 6588 6587 9111 3135 6584 6583 6582 2047 6580 6579 6578 2356 7426 6575 6574 6573 4330 2126 4487 6622 15 3981 6789 7056 6564 6563 2118 6561 6560 597 1016 6830 9707 1322 7446 6553 6552 7388 2125 6555 6548 7559 5099 7874 1990 3421 6542 93 4722 4063 6538 8243 5378 7428 5341 4153 6532 4609 2554 6529 8450 918 6526 6525 6524 6523 6522 2667 6520 6519 7603 6517 2696 6515 6514 6513 6512 542 7630 6509 6508 6507 6506 215 6504 6503 6502 6501 6500 6499 8001 6497 6496 6495 6494 6493 6492 6491 8516 2954 6488 6470 6486 6485 4223 5143 4699 6481 7444 6479 6478 6477 9183 6475 6474 6473 7514 724 6487 7952 9957 6467 6466 6465 3858 6463 6462 3669 4503 6459 6458 6457 6172 7933 6454 6453 6452 5709 9062 3686 6866 6447 6446 6445 2344 6443 976 8888 8859 6439 6438 6437 5667 4656 4506 6433 1029 2779 1531 6429 9918 6427 6426 6425 2315 6423 6422 6421 6727 6419 6418 261 2402 6415 6414 7220 6412 6411 6890 6409 9174 3838 8475 8818 6404 6403 6402 6278 9475 6399 6398 4555 6396 1726 1964 6393 6392 6391 3942 7708 5298 6387 1865 6385 6965 6383 6382 9104 6380 8406 4265 6377 6376 4147 4385 8686 760 1751 6370 9395 3131 6367 6366 6365 8931 6363 7504 3468 6360 6359 4170 6357 6356 6355 6354 6353 256 5093 6350 6349 5402 6347 825 1433 6344 6343 8350 6341 6340 6339 1724 6971 6336 6335 6334 2349 6692 2197 6330 9679 6328 1632 4235 5835 6324 7569 6322 6321 2486 6319 2363 6317 9626 6035 6314 770 6312 9737 6310 6309 7079 6307 5475 7520 6304 6303 4598 6301 6300 2558 2820 2129 2903 6295 4920 6293 8989 6291 6290 6289 2057 5002 8702 8023 6284 6283 6282 8942 6280 6974 2979 6277 2648 6084 6274 2224 6272 989 4926 5670 3852 2333 9670 6265 1974 7005 6262 6261 6735 4379 4464 6604 6256 9385 6254 6253 6252 6251 5297 6249 6248 6247 8269 6610 6244 6243 3768 7894 6240 6239 6238 9830 6236 7944 6234 6233 6896 6231 6230 8456 6228 4214 69 5332 1808 7496 1790 6221 6916 1479 6218 6156 6216 6215 7821 6213 8663 9838 6210 4480 1834 9190 9226 9227 9177 6106 4019 9231 4021 3546 7096 8936 9815 4751 9238 9239 5137 6593 5825 9243 388 9245 8799 9247 8158 1076 9250 9251 3054 4871 9254 9255 2654 2185 5759 9259 9260 9261 1032 9565 9264 8469 4804 6275 5669 9269 3270 2221 142 9798 1538 6925 9276 3899 7552 3282 9280 939 5227 1302 9284 4376 1957 643 9288 2094 9290 9291 7216 7215 4263 8241 1737 1882 5467 8175 7208 662 7206 7205 2012 7203 7202 7201 7200 2896 5434 5990 1217 9437 5993 5994 5995 5029 5997 3264 2096 6000 6001 6002 6003 7255 9352 2204 6007 7527 5319 6010 6011 6012 8021 6843 5374 6016 6017 6428 7532 6020 6742 7093 655 9306 1180 7324 6027 5905 7266 3063 6031 7144 1696 3881 7002 6036 6037 6038 7934 6040 7123 6042 6043 6044 6902 6046 6047 1205 9308 5894 1575 7916 5333 3125 6055 9088 6057 9044 7353 4169 6061 6062 8884 9925 6065 8331 6067 6068 6069 420 1549 1548 8321 9057 1545 1544 7386 6337 1541 1540 7204 4812 1537 1536 3528 1534 7357 8660 2290 8397 5642 1142 1527 1526 1525 18 8762 1522 2482 1520 6617 1518 1517 5612 7058 1514 5933 1235 1511 3148 5676 975 5774 1506 9774 2985 1503 1502 1501 1500 3170 1498 1497 1496 3062 1184 1493 1492 3442 1490 7687 7260 9151 9015 1485 5958 1483 1482 2999 4164 7669 1478 9109 1476 1475 1474 6654 1079 9453 1470 9628 1468 1467 1466 3949 1464 7890 1462 2117 1460 1459 1722 317 1456 312 6287 16 509 9813 1390 8555 4933 4709 8558 8559 8560 8561 9295 8563 8564 922 7971 8567 421 254 8570 4809 8572 2081 7283 8575 8576 8577 8578 8579 8580 7717 8582 8583 8584 625 8586 8587 249 4703 2020 8591 8592 8593 9063 8595 9783 916 8598 5445 8600 8601 2192 8603 9345 8605 8606 8607 8608 9149 9816 1081 4161 3220 8614 1463 480 9171 8618 8704 8620 8621 4433 1278 7997 8625 1914 8627 2404 9876 8630 8631 1713 8633 9180 8635 8636 8637 3547 2238 1554 635 8642 8643 8644 8645 5585 8647 8648 8649 8650 7331 8652 8653 8654 321 8656 1318 4705 8659 1532 7340 7493 7948 2642 8665 8666 2023 8668 2025 591 8671 1798 8673 8674 1702 1803 8677 6736 9974 8680 8681 8682 5195 8684 7244 7381 8687 942 8689 5178 8077 1312 5129 8694 864 8696 8697 8698 8699 9673 8701 4282 8703 9179 8705 8706 8707 8708 2676 2360 8711 8712 8713 6938 8715 8716 4353 8718 3064 3429 154 8722 472 8724 1422 8726 8727 8728 8729 1228 8731 3004 8733 2036 8735 8736 8737 8738 8739 8740 8741 7641 8743 4193 6758 1430 8747 8748 4208 3110 5739 9152 8753 8754 849 8756 8757 6833 8759 1031 8761 6 1280 8 3010 3744 11 3423 5694 4911 2263 1453 844 5177 2503 1869 21 9863 9522 24 7207 26 1780 1362 5124 30 398 5105 33 34 8260 6838 37 5855 746 3241 41 6342 43 44 1600 46 47 3281 49 50 51 4803 53 54 55 6566 57 3343 3448 60 2398 62 63 64 65 6831 67 7214 6779 4875 71 8574 73 74 1355 3968 1616 2569 79 6721 7802 82 9601 5347 9369 86 6165 88 89 90 3697 9077 2249 8879 6750 6601 6568 6405 99 100 101 7168 9858 5682 105 8174 107 108 5970 110 847 4323 113 7970 115 116 7804 118 196 4132 9906 3341 7099 124 125 7605 5577 9710 1959 130 3491 8864 6413 134 135 136 137 138 139 1789 141 9272 143 4195 5279 146 147 1766 6577 150 6651 152 5001 8721 155 156 153 5982 2130 160 1858 3478 163 683 165 166 5134 168 169 2546 171 172 6616 9895 175 176 177 3650 338 180 7958 182 183 1140 5008 186 187 188 773 3292 191 192 9964 194 195 119 5830 198 199 200 201 8874 3666 204 3098 539 9704 8398 7009 9428 8272 212 8133 610 4708 216 217 3407 219 6182 9965 222 223 224 6361 226 7910 4179 1103 230 231 232 6163 4740 4339 236 7638 238 7733 2612 4712 242 243 7347 245 2454 66 248 1776 3599 251 5764 253 5042 1592 2909 257 9277 7499 260 1855 262 7734 4994 265 7683 5819 3567 3566 7523 3564 5375 3562 333 3560 3559 8314 3557 3556 3555 3554 3553 3552 1829 3550 2734 9163 8638 3771 4942 3544 3543 3542 3541 8045 3539 9623 7034 3536 3535 3534 3533 1366 4081 3530 4381 1636 1420 3526 2671 3524 441 1924 9784 8961 4121 6981 3517 3516 4443 9887 3513 3722 3511 5647 3509 3508 504 4826 3505 3504 8951 4602 7691 3500 9218 3498 2726 3496 1439 9593 3700 3201 2610 2737 3489 3488 5015 3486 3485 1800 3483 7889 855 3480 5976 162 7887 3476 7996 3474 3164 3472 3664 8496 3469 225 3467 7087 3465 3464 7375 3462 8900 8416 4187 3458 3457 3456 3455 550 3453 3452 1662 3450 3449 4136 1014 3446 3445 3444 3443 1491 3441 2631 3439 3438 3437 3436 1499 3434 9799 5478 7784 3430 8720 3428 9293 7471 3425 3593 5326 3422 6127 3420 3419 3418 7768 3416 3415 2889 3286 4710 3411 3410 3409 3684 9506 2746 3405 3404 1372 3402 3401 282 9049 2464 3397 2563 3395 3394 8683 1329 3391 1229 3389 3388 1092 3386 3385 3384 45 3382 3381 3380 2428 3378 2374 3376 3375 1979 3373 3372 3371 3370 3369 3368 207 3366 4275 6232 3363 3362 6133 3360 3871 2860 3357 6206 3355 3354 3353 3352 2345 3859 5845 9664 7088 3346 9867 3344 58 3342 4845 3340 3339 9532 3068 3336 3598 7075 3333 5220 7740 3330 6483 3306 3327 3326 3325 3324 3323 7183 2336 3320 8014 3318 197 9364 3315 399 3313 1884 3311 9346 6092 373 2085 3328 3305 3304 3577 959 3301 3300 4512 3298 3297 9459 3295 5130 9106 5244 3291 8509 6200 3288 9427 4701 8870 3284 3792 9279 48 3280 460 4008 3277 3276 3275 3274 3273 3272 6811 379 7596 9766 8770 5865 3265 5998 3263 3262 3218 9958 4793 3258 3257 3256 3255 3254 3253 3252 8524 3250 3249 3248 3247 8277 4069 3244 495 3242 9738 3240 3239 3238 8286 3236 2219 3234 8615 3232 3231 5007 3229 3228 3227 3226 3225 3224 9035 941 3221 8613 3219 3261 3217 9878 3002 3214 3213 1599 3211 3108 6714 4174 3207 762 3205 3204 3203 3816 3492 584 3199 3198 9638 1449 3195 3194 4878 4979 3191 3190 3189 5940 3187 3186 1717 5597 9861 513 5837 3338 3179 3178 8376 2367 7219 6063 3173 3172 5866 133 3169 7301 3167 6785 5883 4439 3163 3074 3161 3160 3159 9141 3157 42 3233 3154 3153 3152 3151 369 3149 1510 3147 2481 3145 3144 2359 3142 1742 3140 651 3138 3137 3136 6585 3134 9797 3132 4171 3130 3129 8690 1570 3126 7727 3124 3073 2153 1407 3120 3119 8926 8082 3116 9810 3114 4727 3112 4430 8750 3109 3210 3107 3106 6569 3104 6611 3102 7508 8423 3099 6867 7782 3096 1405 3094 3093 3092 1308 6761 3089 3088 9102 3086 3085 3084 3083 3082 9866 1881 4481 3078 2395 3076 3075 5045 706 3072 7222 3070 3069 8639 5583 3715 6945 8719 6030 1495 5205 3060 4000 3058 3035 3056 7047 9267 3053 3052 8299 3050 3049 2361 427 3046 3045 5057 3043 627 3041 821 3039 4568 8468 3036 2024 1675 8187 3032 3031 3030 4256 4206 3027 6195 3025 3024 3023 4707 3021 3020 7543 929 3017 3016 3015 6603 3013 3012 3011 6271 3009 3008 3007 3006 3005 5135 2935 3215 9119 7694 4532 2998 2997 1307 2995 2994 7964 2992 2991 2990 2989 2988 7424 2986 4225 6882 2983 2982 2981 2980 6401 9492 891 2976 2975 6224 9041 3654 2971 5466 4811 2968 2967 2451 7450 2964 2963 2962 2961 4995 2959 733 581 3433 2955 6489 801 506 8436 2950 6329 7823 2947 6076 2945 2944 2943 4118 4303 2109 5544 2938 2937 6946 5956 4049 2933 2932 2931 7106 2929 6691 2927 2926 8714 2924 2923 2489 2921 2920 5557 2918 9605 3237 2915 2914 2913 2534 7614 4626 1386 2908 2907 2906 2478 2904 6296 5146 7276 5443 8033 2898 8386 3920 2895 2894 4902 2892 295 2890 2208 7378 8318 2886 2885 2884 1281 2882 3044 4279 2879 3870 2877 9480 2875 2874 2873 2872 6943 2870 2869 2307 2867 2866 6033 2864 5523 444 10 3358 2859 2858 6829 2856 2258 2586 2853 2852 2138 2850 2849 2848 6806 2846 6586 3837 4719 2842 2841 2840 8667 2838 2837 2836 2835 3532 4636 2832 3952 556 8395 2686 8446 2688 9464 5880 2086 2692 4554 2694 2695 2351 7413 2698 2699 2700 6959 2702 4563 2704 2705 9712 1104 2708 9117 4222 2711 2712 2713 2388 2715 2716 2717 2718 2719 2720 2721 7489 8113 1304 2725 3497 2727 2067 2729 2730 1392 6711 2733 7763 2735 2736 5574 2738 8249 2740 1701 92 2743 8019 5794 3406 8252 4017 2749 9746 6889 2752 2753 2754 318 3266 3527 439 1190 2760 5159 9584 2763 1574 2765 2766 4486 2768 485 2770 2771 2772 2773 8267 3329 8771 4435 5059 2145 2780 9168 2782 8812 2784 2785 2786 2787 2788 2789 2790 2791 1440 2793 3646 7157 1401 2797 2798 2799 2800 2801 2802 3656 2804 4606 2806 2807 2660 2809 5272 5242 2812 8259 2814 2815 2816 2817 1937 3701 6298 9156 2822 8034 2824 7042 2826 5293 4631 2685 2684 2683 2682 619 2680 5088 2678 2677 1646 9955 2674 9399 2672 4967 2670 2669 6250 6521 9622 2665 2664 2365 2662 7755 4061 7187 2658 2844 7797 1773 4096 1949 2652 2651 2650 4662 6276 2647 2646 2645 5920 2643 8664 2641 1663 2639 527 2637 2636 2969 2634 3676 2632 3749 8911 4927 2628 8581 2626 2625 2624 8198 2622 2621 2620 8918 2618 2617 6960 4088 1179 9932 240 2611 395 8679 5503 6962 4560 2605 4246 2603 4690 2273 2600 5795 2598 2597 2596 8836 8090 2593 7938 2591 3293 6936 2588 2587 2854 6114 2584 6655 2582 2581 9029 179 3998 2577 2576 2575 2574 2573 5980 9880 2570 78 2568 5009 9903 2565 2564 3245 2562 2561 5481 2559 6662 8221 2556 28 2984 2553 2552 2551 279 2549 2548 5960 6136 2545 2580 2543 2542 2541 2540 2539 658 2537 2536 4133 308 2533 5221 2531 2530 2529 2528 2527 7689 2525 9826 7534 2522 6847 2520 2519 2518 2517 2516 2037 2514 2513 2585 2511 2510 7189 2508 2507 2506 2505 7568 8137 8328 2501 2500 2499 2498 2178 2496 2495 9312 2493 2492 2491 2490 3026 4429 2487 103 2485 2484 611 1521 2644 2480 2479 5656 9381 2476 2431 6371 8927 6740 2471 2470 8811 2468 8289 7805 2465 7941 4986 7031 2461 4838 2459 2458 2457 2456 2455 246 9750 7412 2966 1282 2449 2448 2447 2446 3561 2444 2443 2442 2441 2440 2439 9501 237 2436 8394 4188 2433 1099 2475 493 2429 3379 3929 727 2425 2424 2423 2422 3171 2420 2419 9181 2417 2416 2415 5166 7369 5277 9424 6128 9546 2408 2407 167 2405 8628 2592 6557 2993 2400 2399 1528 2397 6161 3077 2394 3549 2392 2391 2390 7820 2714 1334 8992 6013 3503 2383 3758 8227 2380 7156 3314 2377 2376 2375 3377 7587 2372 4382 923 2172 2368 4499 2366 2663 2364 6318 6982 764 8710 5617 1398 2357 4139 5744 2354 2353 2352 6516 2350 7739 2348 2922 2346 3351 6444 1635 1095 8732 2340 2339 6715 2337 3321 6615 2334 1978 2332 2331 2330 97 2328 2327 1370 6095 2324 2323 366 7725 2320 2319 2318 6369 3610 1393 2314 2313 2312 2311 8316 2309 9996 2868 7770 776 2304 2303 2302 4693 2300 5285 2298 2297 984 2295 2294 3896 2292 2291 6430 2289 7502 2287 7951 3786 2284 2283 3208 2281 2280 1261 8814 2277 2276 2275 2274 9610 2272 2271 354 2269 2268 2267 2266 2265 9252 2182 2216 5069 1273 2259 2855 2257 2256 534 2254 9273 2252 2251 2250 4976 9051 2247 2246 9614 3947 2243 2242 2218 2240 2239 3337 2237 2236 2235 7119 2233 2232 2231 270 9092 7434 2227 2226 9827 6535 2223 6202 9271 2220 6558 1245 2217 5918 2215 5369 2213 9491 2211 2210 3348 3414 3895 2206 2205 6006 7267 6627 2201 2200 5358 9085 9187 2196 3322 2757 2193 8602 2191 9680 2189 2188 1201 604 9257 2184 1524 701 2049 2180 2179 3038 1240 2176 5578 2174 5035 2369 3799 2170 2169 2168 2167 2166 2165 3921 2163 6787 2161 8833 2159 2158 2157 2156 2155 4434 5506 6855 2151 8538 6835 5426 2147 6738 9228 5609 3097 2142 2141 2140 2139 2851 2137 2136 807 4531 2607 14 795 159 9512 2128 2794 6571 4062 2124 6190 2122 8505 2120 9636 8335 7342 2116 2115 2187 5409 2112 2111 2110 7376 2108 8132 2106 3192 2104 2103 2102 9592 2100 4012 2098 2097 5999 2095 9289 233 2092 2091 7126 2089 2088 8907 8730 2653 2084 2083 2082 5289 2080 2079 6246 2077 774 2075 2074 2073 2072 5706 2070 9538 3616 734 2066 2065 4675 8449 2062 9155 5407 2887 2058 6288 2445 2055 2054 2053 2052 2051 7016 2181 2048 6581 2046 3525 3919 1926 2042 2041 9781 2039 3440 1376 8734 1626 2034 8178 2032 3756 4 2029 5509 2027 9421 8669 3057 2839 255 1337 645 2019 8670 2017 2016 5533 2014 2013 4199 2011 2010 2009 2008 7336 6589 2005 2004 9320 7955 8315 2000 5201 5659 1997 4387 1995 1994 7592 1992 8893 6544 1989 965 1987 5945 1985 6264 1983 4134 5790 1980 3374 8124 1977 9989 1975 1984 1973 3216 1971 1970 9569 1968 7178 7726 7912 8234 1963 1044 7868 6227 7377 1958 9286 1956 1955 1954 1953 1952 1175 1950 104 4541 3143 1946 7094 8929 1943 1942 1941 2745 1939 1938 2818 1936 1289 8819 1933 1932 1931 6713 1929 3540 1927 2043 1925 3522 1923 1922 1921 1920 1919 1873 5878 1916 1915 8626 1913 8128 9914 1380 1909 8123 2602 1906 1905 1904 1903 1902 8868 1900 1899 2795 1897 1896 1895 1894 4232 1892 4514 8419 1889 5854 8861 9185 9521 3767 481 9009 3080 1880 109 1878 1877 1876 1875 1874 1918 1872 4141 3303 20 1868 514 1866 6386 1864 5120 1862 1861 1860 3655 161 1857 8588 6417 1854 1853 1852 1851 1850 1849 1848 3723 8000 8484 9590 8292 1810 1841 1840 1839 1838 1837 1836 1835 9448 1833 3473 1831 9570 3551 4492 9566 1826 3853 1824 1823 1822 1821 4266 1819 1818 1817 3802 1815 7333 1813 1812 1811 1842 1809 7901 475 1806 1805 1804 8846 1802 1801 6139 2035 5553 1797 9757 6410 865 1793 432 9985 8829 8253 4724 1787 1786 2385 1784 4449 4338 284 2150 9351 2329 1777 8340 1707 1414 2655 8725 1771 1770 1214 8443 7132 148 1765 1764 616 968 713 3061 1759 1758 1050 1756 8610 1754 8108 1752 3390 1186 5668 1748 2087 1746 5529 1782 769 2521 1741 1740 6089 6990 211 1736 1735 1734 1733 1732 3574 1730 9968 4207 1727 6395 1725 8193 8402 5156 1721 17 1719 1718 6197 1716 1715 1714 7744 1712 9686 1710 7294 3819 8191 239 8145 1704 7676 9613 2741 1700 8960 1698 1697 8195 5627 1694 1693 1692 4623 568 1689 1688 1687 2619 1685 1684 1683 1682 1681 4117 9045 7853 4210 1676 3034 1674 4054 1672 144 1670 1669 1668 1667 7469 8413 8958 4396 7287 1661 1660 1659 8993 5284 1656 5680 1654 3427 1652 1651 519 1649 1648 2472 7024 1907 4570 1643 4900 1641 1640 8869 1638 1637 1535 5804 8250 1633 6327 1631 40 1629 1628 8185 8270 1625 1624 1623 1622 6986 6269 1619 1266 1617 77 1615 1614 1613 1612 1611 1610 1609 9730 1127 1606 1605 1604 6374 1602 1601 1250 3212 1598 7545 1596 1595 4714 1593 2022 1591 4300 1589 1588 1587 1586 8661 1584 1583 1582 1581 1580 102 1578 8507 1576 4881 8264 1573 1572 1571 3334 9732 1568 1357 3890 860 1564 1563 1562 1561 1560 8481 3579 1557 1556 1555 8640 1553 1552 3259 8044 6071 6072 580 9040 6075 2946 6077 6078 6079 6080 6081 6082 538 326 9189 6086 6087 9834 1739 6090 6091 4087 8590 1935 2325 6096 7753 6839 9353 1791 6101 6102 6103 4336 7362 9229 6591 6108 6109 9981 6111 9841 6113 8364 9576 6116 6117 7998 6119 9771 6394 4148 6123 6124 6125 6126 9865 691 6129 8278 6131 2338 3361 9298 6135 5075 4836 6138 9580 5321 8556 6142 6143 3798 6145 1036 4649 6148 4253 906 9854 208 6153 7127 6155 7631 5769 6528 6159 9835 2396 6162 4698 6164 87 516 6167 7736 6169 5172 6171 9633 8632 6141 6192 6176 6177 6178 6179 6180 6181 6048 3633 6184 4093 6186 6187 6188 6189 6420 4746 8609 6193 6194 7460 6196 4517 6198 6199 3289 6201 2222 6203 6204 6205 3356 6207 2245 9000 9222 9221 4219 9219 5700 9217 5422 9215 9214 7427 7863 9211 4468 7430 9208 9207 9206 7192 9204 9203 5350 3875 9200 9199 9198 5154 8347 5521 1744 9193 9192 9191 9225 6085 9188 6331 5949 1886 9184 8950 9182 6208 193 8619 394 551 3622 2427 6408 9173 9172 8617 4236 9169 2781 1030 9166 9165 9164 7986 8968 9161 4779 9159 9158 9157 772 2061 6748 3842 5198 6130 9150 2101 9148 8104 5584 5202 6325 9143 9210 3158 2880 9139 9138 9137 6315 9135 9134 9133 2744 7732 8061 9129 5678 966 9604 9125 9124 4612 4934 9121 4832 3001 9118 2709 9116 2928 7389 9113 9112 6734 9110 1477 5737 9107 1416 9105 3090 9103 3087 9101 9100 9099 9098 9097 9096 9095 9094 9093 8842 9091 9090 9089 3484 9056 9086 2198 9084 9083 9082 9081 9080 830 9078 6539 9076 9075 9074 9073 9072 7671 2494 9069 5734 9848 9066 9065 1295 6052 6450 9061 9060 9059 9058 2414 6527 4860 9054 9975 5684 4960 9050 2160 4521 1481 9046 6364 5777 9043 9042 2973 9340 4824 7061 9037 9036 3223 9034 9033 2401 9031 9030 2544 9028 9027 9026 9807 9024 9004 9022 9560 9020 9398 9018 1799 9016 1486 3133 6944 9012 9011 9010 979 9008 5053 7366 9005 9023 9003 9002 9001 9223 8999 4039 8997 2755 6710 8994 1658 2386 8991 7225 1678 8988 8987 5484 5988 8984 7351 8982 8981 8980 8979 8978 8977 8976 8691 8974 548 8972 7827 9514 4963 7875 4074 8966 3628 8964 5897 8962 6056 1699 6942 1664 1068 8956 8337 7982 1084 8952 5449 5514 8823 8948 8947 4775 4365 898 8943 7515 8941 4043 8939 8938 8937 9235 5527 4085 4084 4083 4082 3531 9567 4079 4078 4077 3951 9844 8967 4073 9802 4071 4070 3396 5235 4067 4066 4065 3568 8408 6550 2808 4535 4059 4058 6636 4056 4055 1673 4053 1403 4843 4041 4522 4048 4047 4046 5435 4044 882 3590 4050 4040 8998 4038 4037 4417 4035 4034 5037 7188 4031 8166 4029 6441 1352 4026 4025 4024 221 4022 7080 2262 6661 4018 2748 4016 4015 4014 4013 2099 4011 4010 9893 3278 6530 6824 6836 4004 4003 5681 2146 6874 3999 2578 3997 9509 3995 9496 3993 3992 3991 3990 5025 3988 3987 474 3985 9274 3705 4814 8491 5936 3979 3978 3977 3976 3975 3974 4559 3972 3971 5340 988 1325 1297 3966 3965 602 3963 9620 3961 3960 3959 3958 1 9544 3955 2706 3953 8382 4076 3950 3737 3948 8383 3946 3945 8489 3943 1077 3941 3940 1022 3938 3937 6297 3935 3934 3933 3932 3931 2381 5586 1293 1204 3926 6241 3924 3923 3922 9612 7199 2044 3918 4213 3916 3915 3914 3913 3912 3911 3910 6316 3908 9938 3906 3905 3904 3903 3902 4175 9547 1003 3898 8083 2293 2207 4478 3893 3892 3891 1566 3889 5428 1720 3886 3885 3884 5644 3882 8808 5038 3879 3878 3877 3876 9196 3874 3873 3872 3359 6669 3869 3868 3867 3866 3865 3864 7993 5169 7229 3807 3515 2477 3857 3856 3855 8454 7275 6268 3851 563 411 3835 9025 4910 3845 4894 3843 6351 3841 3840 288 6407 2657 3836 9494 5545 3833 3832 2264 3830 8461 3828 3827 3826 6969 3824 3823 3822 4787 3820 396 6389 3817 9961 3815 4973 4533 3812 3808 3810 3809 3811 3860 3806 3805 3804 3803 1816 3801 3800 454 7063 2978 3796 1940 3794 3793 8700 3791 3790 7644 3688 6053 5338 8226 7209 3783 3782 3781 1224 3779 3778 3777 3776 3775 5162 5881 7636 2689 3770 9275 6242 644 3766 7246 7394 3763 612 6051 6810 3759 541 3757 4507 3755 3754 3753 5984 3751 3750 8641 3748 3747 3746 7458 2861 6665 3742 3741 3740 3739 6918 1465 3736 3735 1336 8830 3732 7756 9843 3729 3728 9461 3726 7292 3724 3435 9326 3721 5751 5021 3718 3717 1778 8832 9240 6607 3712 6266 6952 3709 3708 7947 3706 4105 3704 3703 6999 8544 5646 3699 3698 91 4756 6933 2956 7585 3692 6997 1472 3689 5598 3687 6543 3685 8032 5695 3682 3681 3680 3679 1755 3677 2633 3675 3674 3673 3672 4777 6897 6461 3668 2567 437 3720 3471 3663 1254 3661 2504 3659 7961 3657 2803 1859 9195 3653 5890 3651 178 3649 3648 3647 7385 899 3644 1285 3642 3641 1428 4965 112 3637 1130 3635 3634 6183 3632 2393 1361 3629 5013 5850 2942 3625 3624 7240 9176 3621 695 3619 3618 3617 5212 3615 3614 3613 8985 3611 4622 9706 1930 3607 7786 3605 3604 3603 3602 3601 4519 250 9013 3597 3596 3595 7241 3424 3592 3591 6840 3589 8119 3587 3586 5275 3584 3583 5607 3581 294 8271 3578 8140 3576 4125 8118 3573 3572 6390 9520 3569 4064 9006 269 2230 271 8294 273 7259 765 276 277 278 2550 1473 2724 3400 283 9791 4980 286 1171 3839 289 290 5879 292 8657 3580 4217 2467 297 298 299 7071 301 790 8360 4732 305 6455 5910 2132 309 5387 311 6852 313 314 315 7622 8228 9344 5305 320 7633 322 7044 324 3667 1657 327 1257 329 330 331 332 2056 8520 335 2090 337 7848 5118 6821 7350 2764 3585 344 7176 346 2175 348 349 9657 351 352 353 8105 355 356 357 358 359 4140 361 362 363 5462 365 2322 7013 368 6093 370 371 372 3141 374 4615 376 7250 5604 9270 380 381 5575 383 384 5119 386 387 9244 3495 390 391 6229 3609 347 325 615 397 31 2378 400 401 402 403 5245 405 9114 407 408 9526 410 3514 9541 1264 2538 7113 416 417 418 419 8010 5975 9 423 424 425 426 2905 428 8860 430 2418 1519 8101 434 435 1210 4618 6991 2758 440 3523 442 5811 2862 445 446 447 448 449 4203 451 452 4089 2171 455 456 1928 458 459 9458 7370 462 5841 626 465 466 467 5384 469 470 471 4680 726 1452 8324 476 477 2021 6074 8616 7540 9790 483 484 2769 486 487 488 489 490 2285 492 7672 494 3243 496 7709 498 499 4731 501 502 503 3507 7742 2952 507 508 3986 510 6606 512 3182 4227 515 9814 517 518 7735 520 521 4293 523 8359 6024 526 505 528 529 9070 531 532 533 2255 535 536 537 6083 206 540 2382 6511 5262 544 545 7911 6217 5363 549 5278 6722 4229 553 554 555 2830 557 558 2638 560 561 4627 3850 564 114 566 567 986 3678 8076 571 1199 573 9053 575 576 577 578 579 6073 2957 582 583 3200 7626 4816 587 588 589 4829 2018 592 593 594 595 4369 5383 598 9621 600 601 3964 603 2186 339 606 607 5943 25 214 2656 5716 613 8381 1708 5454 617 618 6884 8742 5302 622 8115 624 8585 3645 4638 628 4776 630 631 632 633 634 2038 4146 5638 638 8107 640 641 642 7237 3312 3150 1203 647 3501 785 6801 7408 652 653 654 7781 656 3019 414 659 3176 7716 609 8111 664 665 170 7343 668 669 9828 7792 7991 8629 674 675 676 677 6259 7371 680 681 682 9785 684 685 686 687 4645 8414 4856 2410 692 693 2948 6648 696 697 6059 8905 8459 9644 7526 3683 9265 705 8029 707 708 7936 710 711 712 5437 714 715 716 4590 718 719 720 721 5934 723 4356 6786 7265 2310 728 729 8239 731 732 1901 9142 735 8094 8455 738 739 740 741 742 743 744 8448 9449 757 748 749 9950 9307 752 753 2342 755 5568 4639 758 5724 6372 1594 3206 4360 6907 275 766 767 768 1743 7757 8723 5689 189 2076 775 5138 777 778 5452 524 1961 782 5273 784 2756 5829 3113 5182 794 302 791 5705 793 789 2131 796 7718 798 799 800 2953 802 803 4231 805 806 2135 5864 809 810 811 812 6763 6549 3863 9039 817 4957 3691 820 2154 822 823 7620 8244 4895 827 828 829 9079 831 8354 6620 834 1750 836 837 838 5961 840 841 842 843 3887 4613 846 111 848 8755 850 851 852 853 854 3481 856 4795 858 859 1565 4987 862 8403 2387 1794 866 7992 868 869 870 871 872 873 874 8467 876 877 878 879 880 804 997 9232 884 885 886 887 9942 889 890 5080 9442 5459 894 895 2202 897 7310 464 900 9606 902 903 904 4239 6150 463 908 909 910 8240 912 913 914 915 8597 917 1253 2040 920 921 3047 2370 96 925 7741 1856 7419 3018 4032 931 4891 933 3383 935 936 937 938 3308 940 3222 8688 943 6912 5155 946 947 948 5395 1350 9946 952 953 954 955 956 9140 958 3302 960 961 962 963 964 1988 5229 7437 1762 969 375 971 972 973 974 1508 6173 5161 978 7211 1749 981 982 5165 2296 985 1690 323 3969 7143 990 6757 992 6166 994 995 996 1450 4828 999 1000 1001 8497 1785 623 9330 1006 9465 5136 1009 1010 5386 1012 1013 3447 1015 6100 1017 1018 3267 1020 1021 1252 1023 1024 1025 1026 1027 1028 1182 9515 2512 9262 1033 1034 1035 1388 2523 1038 1039 1040 1041 1042 1043 9594 8301 1046 1047 1048 1049 1134 1051 1052 1053 1054 1055 1056 1057 1058 1059 1060 1061 8056 1063 1064 8042 1066 1067 8957 1069 1070 1071 1072 1073 9733 1075 3042 9533 1078 3066 1080 4917 1082 9603 4126 3956 3477 1227 1088 1089 1090 1091 3387 1093 8247 754 7680 1097 1098 7345 1100 1101 1102 7837 32 1105 1106 7723 8246 1494 1110 4109 1112 1113 1114 1115 8445 1117 1118 1239 7133 1121 4877 1123 1124 1125 7705 7339 6880 1129 771 6541 2934 8202 3982 1135 1966 1137 1138 1139 5356 1141 6983 4226 1144 1145 1146 1147 1148 1149 1150 1151 1152 6562 1154 1155 1156 151 9987 1159 3156 1161 1162 9120 6883 5981 4919 1167 1168 1169 4007 7915 3900 1173 1174 3426 7623 5926 9485 4332 6025 4574 4023 7021 7054 1185 4704 2143 1188 2690 2759 1191 1192 1193 1194 1195 1196 1197 8149 572 1200 2114 1202 5160 3927 7869 1206 2863 1208 1209 436 1211 2241 1213 9287 1215 1216 5991 1218 1219 7639 1221 3399 9725 3780 1225 1226 8322 5261 2474 8772 9409 1232 1233 1234 1212 1236 1237 1238 1119 2177 1241 1242 1243 1244 6460 1246 1247 1248 1249 7773 9136 3939 9087 4964 4258 1256 4306 1258 9749 1550 6865 1262 1263 8415 1265 1618 1267 1268 1269 8233 1271 4466 2260 1274 1275 6685 1277 8623 1279 3917 1691 2450 1283 1284 3643 6706 4971 1288 6094 1290 1291 783 3928 1294 9126 3762 3967 1298 1299 1300 9216 5171 3417 2589 7999 2045 2996 7840 1309 1310 1311 8692 1917 8200 2604 1316 1317 9598 457 1320 1321 814 1323 1324 2203 2225 1381 1328 9718 1330 1331 1332 1333 8695 3168 3734 8749 1338 8787 1340 1341 7097 1343 9937 1345 883 1347 1348 1349 950 9947 4027 1353 1354 75 1356 1567 1358 1359 1360 8131 3829 1363 1364 1365 2834 1367 7906 1369 2326 5095 3403 8411 1374 2149 9071 1377 1378 1379 7191 1327 945 1383 1384 1385 1446 1387 8862 1389 4886 1391 2731 9953 1394 8875 1396 1397 2358 9795 1400 5839 1402 8452 1404 1945 4307 7882 1408 1513 121 4549 1412 5012 1774 1415 2590 1417 1418 1419 2194 1421 1772 1423 1424 1425 1426 4095 3640 1429 8096 5820 1432 6345 1434 1435 1132 1437 1438 389 9478 1441 7942 1443 2148 1445 6352 562 3103 6913 4337 8553 7954 8551 8550 8549 8548 8547 1178 8545 2819 8543 8542 8541 5773 9309 27 205 8536 8535 8534 8533 8532 8531 8530 8529 9663 5725 9438 8525 7017 8523 8522 5843 334 8519 8518 8517 6490 5738 1131 185 3627 343 8510 3290 8508 2288 8219 2121 8504 8503 8502 7029 8500 8499 8498 1002 6311 8495 5540 8493 8492 9331 8490 3944 8488 6903 8486 8485 1845 8483 8482 7320 8480 8479 8478 8477 8476 5423 8474 9632 5113 8471 8470 704 7001 7150 8466 8465 7668 2925 1647 2555 8460 700 8458 7776 8796 737 1096 8453 8506 8451 5006 9497 745 8447 6175 1116 8444 7945 8442 8441 4426 8439 4872 8437 1181 8435 8434 8433 8432 8431 8430 1344 4113 310 8426 8425 7750 3100 8422 8421 8420 1890 8418 61 7124 413 689 5538 8412 4400 8410 8409 8804 8407 2001 8405 9292 863 1723 8401 2960 8399 350 1530 8396 5355 679 6424 5719 8391 8390 8389 8388 8387 2897 8385 8384 7084 5796 3022 8380 7800 8378 8377 3588 1982 6440 8373 8372 8371 3538 8369 5433 1319 8366 8365 6725 8363 8362 8361 8658 780 819 8357 8356 5624 832 750 8352 957 1160 8795 8348 9201 3367 8345 2939 8343 8342 8341 927 8339 8338 6741 8780 1153 2614 8333 2823 6066 13 4754 2502 8327 6260 8325 1807 8323 1087 1547 8785 7391 2059 8317 4221 666 3558 8313 8312 8311 9881 8309 8308 8307 6625 8305 4441 9602 8302 145 8300 934 8298 8297 9333 5547 129 3487 1843 8291 818 1045 8288 8287 8562 157 8284 8283 1883 2629 9363 8279 1487 8189 8276 1183 8274 4523 7710 4946 9017 2078 8268 5966 8266 9768 342 4410 6306 8261 35 9714 7729 4261 8256 8255 8254 7551 2747 8251 1634 2739 8248 7692 1448 3639 7690 6537 8242 1677 911 730 8067 8237 8236 3582 6121 1270 8232 8231 8230 8229 1457 2845 3785 8110 8224 8223 9911 2557 8220 928 2278 8217 5325 8215 8214 6431 8212 7230 8114 8209 8208 8207 8206 9956 8204 8203 4459 3196 1314 8199 4945 8197 8196 4655 2229 736 4758 1775 8190 4407 8188 4420 8186 1627 8184 8183 4561 2473 8180 8179 7660 4288 8176 3784 106 8173 7924 8171 8170 8169 8168 8167 4030 8165 8164 5366 8162 2609 8160 8159 9542 7163 4778 8155 8154 8153 7291 779 8150 6476 8148 8147 8146 6435 8144 8143 7990 6028 1158 8139 81 19 8136 3787 8134 213 7959 3630 8130 8129 1912 8604 8126 9128 6279 1908 9263 8121 8120 4844 5187 8117 8116 8151 8210 2723 8112 5139 8225 8109 7836 639 9789 7134 9654 8103 5263 433 8100 8099 8098 8097 8746 8095 6338 9122 6675 8091 38 8089 8088 7108 4604 8085 8084 203 2321 8081 8080 8079 4530 7470 570 8075 8074 8073 8072 8071 8070 6868 6978 2432 5214 8065 8064 8063 8062 9130 8060 8059 1825 8057 1062 8055 8054 8053 8052 4643 8050 8049 5520 8047 8046 7589 2958 4154 1680 8041 8040 6088 8038 2649 8265 8035 2006 2899 7262 8031 8030 5692 8028 8027 9175 8025 4820 7104 8022 258 8020 9132 8018 8017 8016 8015 3319 8013 9064 8011 1260 8135 8008 8007 8006 8005 9393 8003 3930 4769 5978 1305 6640 3055 3475 9689 7994 5436 867 220 5969 7989 5610 7987 3548 7985 7984 7983 8954 5301 5063 7979 7978 7977 7976 7975 7974 7973 7972 8566 8923 7969 7968 7967 7966 7965 9032 7963 5110 3658 7960 2107 181 7957 6633 4380 8552 7953 6469 9282 7950 7949 6212 599 131 7425 6235 3575 1442 9954 7940 7939 2403 7937 709 7935 1753 3989 6687 7931 7930 7929 7928 9962 7926 7925 8092 5252 7922 7921 7920 7919 4502 7917 8594 5781 7914 7913 1965 5126 5480 7909 7908 7907 1368 7905 9646 7903 7866 4865 7900 8141 3193 7897 7896 7895 7397 7296 7892 7891 9412 5307 7888 1086 7886 7885 4184 2833 5184 7881 7880 7879 7878 7877 7876 3880 6545 7873 7872 7871 7870 5893 781 7867 7902 7865 7864 8676 7862 7861 6211 7859 7858 6799 7856 7855 7854 1287 7852 7851 7850 7849 8935 7847 7846 7845 7844 7706 7842 7841 5210 8611 7086 229 9970 7835 7834 7833 7832 7831 7830 7829 6320 4817 7826 5346 5068 694 7822 9973 2389 6700 7818 7817 7816 7815 7814 4808 7812 8039 9392 7809 7808 3901 7806 6158 9615 9425 8782 1143 8379 7799 4789 2483 7796 7795 7794 7793 636 8528 184 7789 9817 7787 412 7785 1728 7783 5944 8201 7780 7779 377 9047 8457 7775 7774 4681 7772 7771 2306 6895 1303 7767 7766 7765 7764 3631 4718 7761 7760 7140 6054 5064 3731 2661 7754 6097 7752 6294 5464 1709 7748 7747 7109 7745 6442 2560 7423 926 3331 6333 7738 1409 6168 7494 263 1642 4943 4717 7730 8872 4729 7758 1136 1411 4452 1107 7722 7721 7720 7719 797 2627 1471 7715 9248 7713 7712 7711 7212 9530 8959 7707 4587 1126 7704 4961 7447 7701 9617 3788 7698 7697 7696 7695 5513 7693 5322 648 6346 4577 7688 1489 7686 4361 7684 266 7682 1731 2379 2 7678 7677 4080 9936 2535 4890 4785 5102 7670 3789 5391 7667 7666 6679 7664 7663 7662 7661 8521 7659 7238 7657 7656 4176 7654 7653 7652 5191 7052 9988 7648 7647 9557 4491 6219 5217 7642 36 7640 1166 2437 7637 3364 7635 7634 8655 7632 8349 6510 7629 7628 8093 585 7625 620 9468 2488 7621 7121 7619 7618 7617 7616 7615 2911 4669 7612 7611 7731 7609 7608 7607 7606 126 7604 1371 7602 7601 4413 5231 7598 7597 3269 7595 7594 7593 1993 7591 2460 8367 7588 5806 815 3693 7584 7583 7582 7581 7580 7579 7578 8048 7576 7575 9765 7573 7572 7571 7570 6323 3660 7567 7566 2214 7564 7563 7562 7561 7560 6547 7558 7068 7556 2209 7554 7553 9278 140 9234 7549 8841 7547 4325 1597 7544 845 7542 9831 5054 4461 7538 7040 7536 7535 1037 7533 6019 7531 893 7529 7528 6008 702 7525 7524 5616 6859 7521 6305 7762 7518 7517 7516 6004 6472 3230 7512 9318 7510 5265 3101 7507 7506 7505 4663 4453 5813 7501 5403 259 7498 7497 6223 7495 1650 8662 5360 7491 7490 7751 7488 2343 7486 4496 4936 7483 9543 4827 7480 7479 7478 7477 7476 7475 8320 7473 5329 1951 8975 1666 7468 7467 7466 7465 7464 7463 7462 8554 2347 7459 3745 8820 7263 7455 7454 7453 7452 7451 9978 83 7448 4632 6554 7445 6480 7443 7442 7441 7440 7439 7338 967 7436 5208 5916 7433 491 7431 3506 7429 6273 5930 4762 1768 2987 6823 7422 7421 6643 759 5149 117 7416 7415 7414 218 2452 7411 7410 8995 8353 7407 7406 7405 7404 7769 7076 7401 7400 7399 5128 3925 7396 7395 3764 7393 7392 8319 7390 406 6551 7387 1543 7420 7384 4103 5150 6373 7380 2033 2888 272 7167 3463 7374 7373 7372 2123 1413 6923 7368 7367 2623 3710 6110 7363 6105 7361 4485 7359 4529 1533 4773 7355 1111 698 7352 8983 341 7349 7348 4444 7346 2710 5946 667 1461 5286 1585 8374 4805 4267 2007 7335 7334 1814 2412 7988 9400 7329 7328 2173 7326 7325 2127 7323 7322 7321 1559 5536 7318 267 7316 7315 1767 7313 7312 7311 8127 7309 7308 7307 4774 4641 7304 7303 7302 1335 7300 7299 7298 6717 7893 7295 2810 5950 3725 8152 7290 7289 7288 9355 7286 7285 7565 72 7282 7281 7280 7279 7278 7277 8513 6379 7274 7273 7484 7271 7025 4791 7268 5274 8854 3636 7264 7456 4182 7261 1488 274 7258 7257 3821 3848 7254 7253 7252 7251 7778 7249 7239 7247 3765 468 8685 8774 7242 2308 3623 6712 7658 9167 7236 7235 7234 7233 7232 7231 8211 9800 6358 9371 3029 8990 7224 7223 4593 7221 5606 3175 6728 7217 7807 6681 9294 5348 9296 9297 6134 9299 9360 9301 9302 9303 9304 9305 525 4415 6049 8539 9310 9311 896 9313 9314 9315 9316 9317 7798 9319 2003 9321 9322 9323 9324 9178 9886 9327 9328 9329 9383 6567 9332 8296 9334 9335 9336 9337 9338 5539 479 285 9342 9343 8996 8944 3310 9347 9348 9349 9350 1779 6005 6099 9354 3451 9356 9357 8915 9359 9300 9361 9362 6432 3316 9365 9366 9367 9368 85 4042 9650 9372 9941 4463 9375 9376 9377 3345 9379 9380 552 9382 1005 9384 2270 9386 9387 9388 9389 9518 9391 8263 8004 1375 2317 9396 443 5097 2673 6400 9401 9402 9403 9404 7482 9406 9407 9731 1231 4941 6707 4201 9413 9414 9415 9416 9417 9418 9419 1019 2026 9422 6154 970 7803 6917 8310 210 9429 9430 9431 9432 9433 9434 9435 9436 5992 8526 9439 6381 9441 5197 9443 2941 9445 9446 9447 5342 39 977 9451 9452 7409 5065 9455 9456 9457 3279 3296 1934 5896 9462 9463 9233 1007 9466 9467 1176 9469 9470 9471 5408 9473 9474 5067 6618 4757 8924 9479 2466 9481 9482 3202 9484 8546 9486 9487 9488 9489 9490 2212 637 9493 6281 9495 3994 4792 9498 9499 9500 2438 5657 9503 9504 9505 6267 9507 5239 3996 9510 9511 3936 9513 8970 7685 9516 9517 9390 5396 3570 1885 23 9523 9524 9525 409 9527 9528 4784 497 9531 3180 3571 9534 9535 3907 9537 2069 9539 9540 3606 7714 9405 3565 9545 2409 1172 9548 3268 9483 9551 4301 3048 5058 9555 816 7646 9558 9559 9021 9561 9562 9563 9564 8122 1827 8887 9568 9891 9778 8883 9572 9573 7586 9575 4835 9577 4333 9579 3520 5451 9582 9583 2762 9585 9586 9587 9588 9589 1844 9591 2687 3494 1962 9864 9596 9597 4854 9599 5526 8086 8303 5935 7051 2917 901 9411 9608 9609 2601 9611 2164 2916 9224 6800 9616 7700 9618 4345 8282 6841 8624 8370 3521 9625 9976 9627 1469 4739 9630 5393 6576 6456 9634 9635 2119 9637 3197 717 5925 9641 6112 9643 7995 4446 7904 673 9648 9649 5679 9651 9652 9653 9147 9655 9656 6739 5831 9659 9660 9661 9662 2413 7555 9665 9666 9667 9668 9669 3711 9671 9672 3283 9674 9675 9676 7364 9678 2949 2190 9681 9378 9683 2767 9685 1711 9687 9688 5153 9690 9691 9692 9693 9694 5768 9696 2778 9698 9699 9700 6286 1346 4157 8346 9705 393 6556 9708 9709 128 9711 5040 9713 2813 9715 9716 9717 7131 2857 9720 9721 9722 6996 9724 1223 9726 9727 9728 9729 1608 9408 6505 8375 9734 9735 1830 5081 1630 9739 9740 8786 9742 9743 9744 9745 2750 9747 9748 2703 2453 9751 7004 9753 9754 6678 9756 6794 9758 9759 9760 4310 9762 9763 9764 7574 9549 3431 8036 9769 9770 6120 1410 9773 1505 9775 6726 9777 300 9779 9780 919 9782 8596 9624 164 9786 9787 9788 8106 482 1781 9792 9793 9794 1399 9796 8568 2253 7884 9684 9801 3973 9803 5623 9859 9806 3847 9808 9809 1620 9811 9812 1451 993 3122 500 9997 9818 9819 9820 7681 9822 9823 4350 9825 293 1326 670 9829 6237 7541 9832 9833 4442 6160 29 9837 7860 9839 9840 5414 9842 5306 3980 9845 9846 9847 6869 9849 9850 9851 9852 9853 9658 9855 9856 9857 7828 9805 9860 8904 9862 22 9595 5802 3081 9682 5193 9869 9870 9871 9872 9873 9874 9875 9647 9877 1972 8955 2571 3287 9882 9883 9884 9885 5405 3849 9888 9889 9890 7665 9892 4009 9894 6703 9896 9897 9898 4897 9900 9901 9902 2566 5789 9905 9772 9907 9908 7018 9910 364 9912 7883 1911 9915 3888 9917 4889 7110 9920 9921 7154 9923 1507 7227 9926 9927 9928 9929 9930 9931 6850 4456 8807 9935 9982 8429 9536 813 9940 9373 1729 9943 9944 9945 6209 7023 9948 9949 2384 173 9952 3957 3398 2675 8205 1523 3260 9959 9960 6152 7927 9963 8634 4614 4673 5838 888 5017 6039 9971 4650 6214 4544 1686 2515 9977 5266 9979 9980 9677 7675 9983 9984 4696 7245 2919 2362 1976 9990 6941 2608 9993 9994 9995 4368 7788 9998 9999 