0
0
0
0
0
0
0
0
1
3
2
0
0
0
0
0
0
1
0
0
0
2
1
0
0
0
5
0
0
0
0
0
0
1
0
1
0
0
0
0
0
0
0
0
0
2
0
0
5
0
6
0
0
6
0
0
1
0
0
2
0
0
0
0
0
0
0
0
0
0
7
0
0
0
0
0
0
0
0
0
0
0
0
0
0
8
0
11
0
0
0
1
0
0
0
0
0
0
11
0
0
0
0
0
7
0
0
0
0
0
2
0
0
0
0
0
0
0
0
1
0
0
3
0
0
0
3
0
0
2
0
0
0
0
0
0
0
0
0
0
0
0
0
0
0
0
0
11
0
0
0
0
0
0
0
0
0
0
0
3
0
0
2
0
0
0
0
0
0
0
0
0
0
0
0
0
0
0
0
0
7
0
0
0
0
0
0
0
0
0
0
0
0
0
0
0
0
0
0
8
3
0
0
2
0
0
0
0
0
0
0
0
0
0
0
0
0
2
0
0
0
0
0
0
0
0
0
0
0
0
0
3
6
0
0
0
0
0
0
0
0
0
0
0
0
0
0
1
0
1
0
2
0
0
5
4
1
5
0
9
0
0
0
0
0
0
0
0
0
0
4
0
0
0
0
0
0
0
2
0
0
0
0
0
0
0
6
5
0
0
0
0
0
0
1
0
7
0
0
0
0
0
0
0
0
0
0
4
0
0
1
0
0
0
0
0
0
0
0
0
0
0
0
0
0
0
0
0
0
0
11
0
0
0
0
2
0
0
0
8
0
0
0
0
0
0
0
0
0
0
0
0
0
3
0
7
0
4
0
0
0
0
0
0
0
0
1
0
0
0
0
0
0
0
0
0
0
0
0
0
0
0
0
8
10
0
1
0
0
0
0
0
0
0
0
0
0
0
0
0
0
5
12
0
0
11
0
1
0
0
0
14
0
0
0
0
0
0
0
1
0
0
0
0
0
0
0
0
2
0
0
0
0
0
0
0
8
0
0
0
0
0
0
5
0
0
0
0
0
0
0
12
0
0
0
0
0
0
0
0
0
0
0
0
0
0
1
0
0
0
0
0
0
0
0
0
11
2
0
0
0
0
0
0
0
0
0
0
0
0
0
8
0
0
0
0
0
5
0
0
1
14
0
0
0
5
0
0
0
0
0
0
0
2
0
0
0
0
7
0
0
8
0
0
10
18
0
0
0
0
0
0
0
0
0
0
0
1
0
0
0
0
0
0
0
0
0
0
0
0
0
10
0
0
0
0
1
0
0
20
0
0
0
0
0
0
0
0
0
0
0
22
7
0
0
0
0
20
5
0
0
7
2
26
0
12
17
0
0
0
0
0
0
0
0
0
20
0
0
0
0
0
3
0
0
0
0
11
0
0
0
0
0
0
0
0
0
0
0
29
0
0
0
0
0
0
0
0
0
1
0
0
0
0
0
0
3
0
0
0
0
0
0
6
0
0
1
0
0
0
8
15
0
0
0
0
0
0
0
0
14
0
0
0
0
0
0
0
0
0
0
0
1
2
4
0
0
0
0
0
0
0
0
0
5
0
0
0
0
0
0
0
0
0
6
0
0
0
0
17
0
0
0
20
0
0
0
20
1
0
0
0
0
0
0
0
0
0
5
0
0
3
0
1
1
0
0
0
0
0
15
0
0
0
0
0
1
0
0
0
1
0
0
0
0
2
0
0
0
0
0
0
0
0
0
0
0
0
1
0
22
10
0
0
0
0
0
0
0
0
0
0
0
0
0
17
0
0
0
0
0
0
22
23
0
21
0
0
2
10
0
0
0
0
12
13
0
0
0
0
0
0
0
0
0
0
5
0
0
0
2
0
0
0
2
0
0
0
0
0
0
6
0
0
0
15
0
0
0
0
0
0
0
10
0
0
0
0
3
0
0
0
0
0
0
0
0
0
1
23
0
0
0
1
6
0
0
0
0
3
0
0
0
0
0
0
0
0
0
0
11
0
0
0
11
0
0
0
0
0
0
0
0
0
16
10
14
0
0
0
0
2
1
0
0
9
0
5
0
0
0
0
0
39
0
31
0
0
0
0
0
2
4
0
0
0
0
16
0
1
0
4
0
0
3
0
0
0
0
0
0
0
0
0
0
0
40
0
0
0
0
0
0
0
0
0
0
0
0
28
0
0
0
0
0
0
0
0
0
32
0
0
0
0
28
0
0
2
0
0
0
0
0
0
0
0
0
0
0
3
1
0
0
0
0
14
0
0
0
0
0
0
1
0
6
0
0
0
0
0
0
0
0
6
0
0
0
0
0
0
0
0
0
0
0
0
0
0
0
0
0
0
0
0
0
38
0
0
0
0
0
0
0
0
0
0
0
0
0
0
0
0
5
0
0
31
0
0
7
0
2
0
0
0
0
37
0
2
0
0
26
0
12
0
0
0
1
6
0
0
0
0
0
0
0
0
0
0
0
0
0
0
0
0
0
0
0
1
0
0
0
0
1
0
0
0
0
0
47
0
2
0
0
0
0
49
0
0
13
0
0
0
0
0
3
0
0
0
0
0
3
0
0
0
0
0
0
0
0
0
0
0
0
0
0
0
0
0
0
2
1
0
0
4
0
0
0
0
5
7
0
0
45
0
0
37
0
0
0
0
1
0
3
0
0
2
3
11
0
0
0
4
0
0
0
0
0
29
0
8
0
0
0
0
6
0
3
0
0
49
9
0
0
0
0
0
0
8
0
5
18
0
0
0
1
0
0
0
3
0
20
0
0
9
0
12
0
1
0
0
0
0
0
0
2
1
1
0
0
0
0
0
9
0
0
52
0
0
0
0
16
42
0
0
0
3
0
16
39
0
0
0
0
0
13
0
7
0
0
0
0
0
5
0
53
40
0
0
0
19
0
0
0
35
0
0
0
0
0
0
0
0
0
0
32
0
0
0
0
1
0
0
0
0
0
0
0
0
0
0
0
1
0
0
21
0
10
1
1
0
0
0
1
0
0
0
0
0
0
1
0
0
0
0
0
0
0
0
0
0
0
0
0
0
30
0
0
0
0
0
0
0
0
0
0
0
0
0
1
0
0
0
3
1
0
0
0
0
5
0
0
0
0
0
0
0
0
1
0
0
0
0
0
0
1
2
0
0
0
0
0
0
1
4
0
0
0
0
0
0
1
0
0
0
0
6
0
2
0
0
0
0
0
28
0
63
0
60
0
0
16
0
0
0
0
0
0
0
0
0
0
0
2
0
0
0
0
20
0
0
53
0
0
0
0
0
6
0
0
0
0
0
0
0
0
0
0
0
0
0
6
0
0
0
0
4
0
35
0
0
0
1
0
14
0
0
0
0
0
0
0
4
0
0
9
0
0
59
4
0
0
0
1
0
0
0
0
0
0
2
0
0
0
0
0
47
0
0
0
0
7
0
0
0
47
0
0
0
0
4
1
0
0
0
0
0
0
0
0
0
0
0
0
0
0
0
0
0
0
39
0
0
28
0
0
0
2
0
0
0
0
0
0
0
0
70
0
0
0
0
0
0
10
0
0
0
0
3
0
19
0
0
0
0
0
0
0
0
0
0
0
0
1
0
19
1
0
0
0
0
54
0
0
4
1
0
0
10
0
2
0
0
0
0
0
0
18
0
0
0
0
0
0
0
0
0
0
0
0
0
1
0
2
0
0
0
0
0
0
0
17
0
0
0
0
0
0
0
55
0
0
0
0
0
0
0
0
1
0
0
0
1
0
0
0
52
5
0
0
0
0
0
0
7
0
0
0
0
0
0
34
0
2
0
75
1
0
0
3
0
0
0
0
0
0
0
0
0
0
4
0
0
0
0
0
1
0
0
0
0
61
0
0
0
0
0
30
0
0
0
0
0
0
0
0
0
3
0
0
0
0
0
0
1
0
3
0
0
20
0
53
0
0
0
0
0
1
0
0
0
0
0
0
0
0
24
42
0
0
0
29
2
0
0
0
0
0
0
0
0
0
0
0
0
0
0
0
1
0
0
0
0
0
0
0
0
8
0
1
0
0
0
0
17
0
2
42
0
0
0
0
0
0
0
10
0
0
0
54
0
0
0
72
0
0
0
0
0
0
0
0
15
27
0
0
0
0
16
0
43
0
5
0
0
39
1
1
0
38
0
0
0
0
0
0
0
0
0
0
0
3
0
0
0
0
12
0
0
62
0
0
0
0
0
0
0
0
0
0
0
1
21
0
0
31
0
94
7
0
0
0
9
0
2
7
0
0
19
18
0
0
0
1
0
0
0
0
0
0
3
0
0
0
0
0
0
0
0
0
0
0
0
0
15
0
0
3
0
0
0
0
0
0
0
44
16
11
0
0
0
0
0
2
0
0
1
0
0
0
0
0
0
21
0
0
0
0
0
0
62
0
0
0
0
0
0
0
0
0
0
0
0
19
0
0
41
63
0
0
0
0
0
0
0
0
0
37
0
0
0
0
0
0
0
0
0
1
0
0
0
0
0
0
0
0
0
0
0
0
0
0
0
0
0
0
0
0
0
3
70
1
0
26
0
0
0
0
0
0
0
0
0
74
0
1
0
1
0
0
0
0
41
0
0
0
28
32
0
0
0
11
0
63
67
3
86
1
0
0
0
0
0
0
0
0
0
44
0
0
0
0
69
0
0
1
12
0
0
0
0
0
0
0
0
0
2
0
0
0
0
0
0
0
0
0
0
0
0
2
0
14
0
0
0
0
3
0
0
0
75
0
0
0
0
0
0
0
0
0
6
0
0
0
1
0
0
0
0
19
0
0
0
0
0
5
0
0
0
35
0
0
0
0
0
0
0
0
0
0
0
2
0
0
0
1
0
16
0
0
0
0
2
0
0
0
0
2
0
69
0
0
0
0
0
0
11
0
72
0
0
0
0
0
0
67
81
0
0
93
0
0
0
0
0
13
0
0
0
0
0
42
0
0
0
0
0
0
0
0
0
0
2
72
0
0
0
0
0
1
0
0
0
0
1
1
67
19
81
0
0
24
0
0
0
8
0
1
36
3
0
0
0
0
24
0
0
0
0
0
0
0
4
0
0
0
0
0
0
0
0
18
0
0
0
0
0
8
0
0
0
0
0
90
0
3
0
0
0
0
0
22
1
2
80
0
0
0
0
37
0
0
0
0
78
0
0
0
1
0
0
0
0
74
0
0
0
0
2
0
0
0
1
0
0
0
0
0
0
0
1
0
0
0
0
1
0
0
71
45
0
0
7
0
0
0
0
41
0
29
0
0
0
0
0
0
0
0
68
0
0
0
0
0
0
0
0
0
0
1
0
1
114
0
0
20
0
0
51
0
0
1
0
0
0
0
0
14
0
0
0
0
0
98
14
0
18
0
16
0
0
0
0
0
0
0
0
13
0
0
0
0
0
27
0
0
0
10
0
0
0
61
0
0
1
0
0
0
0
1
0
0
0
0
4
0
37
41
0
7
7
2
0
0
0
0
0
0
0
0
0
0
0
0
0
0
0
0
0
0
0
1
0
0
0
0
0
54
47
0
22
0
0
0
0
0
0
0
0
0
0
32
5
23
5
0
3
0
104
64
0
0
0
0
0
121
0
0
0
0
0
0
0
4
0
0
0
0
0
0
0
0
0
0
0
3
6
0
10
0
0
0
32
0
0
3
0
79
42
35
0
0
0
0
3
0
0
0
0
0
0
0
0
0
0
3
0
0
0
0
0
0
0
2
0
75
0
0
41
0
0
0
0
0
0
0
0
15
36
0
0
0
0
0
0
0
0
0
0
42
0
0
0
0
0
0
0
68
0
0
0
3
0
0
0
0
2
0
73
0
0
0
51
0
0
0
0
0
0
11
0
0
0
0
1
0
53
0
0
0
0
0
0
0
0
0
77
0
0
0
75
0
0
0
0
5
0
0
0
3
0
106
23
30
0
0
0
0
0
0
0
65
0
0
0
51
0
1
3
0
1
1
0
0
0
1
0
0
0
32
0
0
0
0
0
0
0
0
0
99
1
5
0
1
1
0
0
0
0
0
0
0
0
0
0
1
0
0
0
0
0
0
0
0
0
2
0
0
0
0
0
2
116
0
49
0
0
0
0
0
1
0
0
0
0
0
0
0
0
0
0
0
0
0
0
3
0
0
0
0
0
48
0
2
0
0
0
0
0
64
0
0
0
0
0
0
0
0
0
0
0
0
0
0
0
16
0
0
0
0
0
1
0
3
0
0
0
32
0
1
0
0
0
0
1
41
41
0
0
58
7
0
0
34
4
1
19
0
0
23
49
0
0
30
150
4
0
4
0
0
0
0
69
33
8
0
6
1
0
0
0
0
0
0
108
0
4
0
0
0
0
0
0
3
0
0
0
0
0
0
0
0
0
0
0
59
0
3
0
0
0
1
0
0
5
0
0
60
0
0
0
125
2
111
0
1
0
0
0
119
0
1
0
37
0
0
85
0
0
0
0
0
0
0
0
0
0
2
0
0
5
2
0
34
0
0
0
114
1
0
0
3
0
0
0
0
0
0
0
0
1
3
0
0
0
1
0
0
0
13
0
0
0
1
1
0
0
0
0
1
0
0
0
0
0
2
0
0
0
0
129
0
0
0
0
0
0
0
127
0
0
0
3
2
0
0
0
0
0
0
3
0
48
0
0
2
0
0
0
0
74
0
24
105
0
0
1
0
34
0
0
0
17
0
93
1
0
0
1
0
0
0
0
0
0
0
1
0
0
0
0
0
7
0
0
21
0
139
1
0
99
0
0
54
0
114
0
0
0
0
0
0
0
0
0
0
0
0
0
0
0
0
0
0
102
0
0
0
0
0
0
0
0
0
0
105
0
123
0
0
0
0
2
0
1
0
0
0
0
0
0
22
0
0
1
1
0
68
0
0
0
1
0
0
0
0
0
0
19
0
0
0
0
0
68
0
0
0
0
0
0
0
0
87
0
0
0
0
0
0
0
0
0
0
0
0
0
19
0
0
0
0
4
0
1
0
0
0
132
0
0
0
0
0
0
0
0
2
0
0
0
99
31
0
0
0
121
0
0
106
0
5
0
106
0
0
0
0
0
0
0
105
0
1
0
0
27
0
23
28
142
0
4
0
0
0
0
4
109
0
0
0
0
0
0
108
70
0
16
0
0
42
83
0
0
0
6
0
0
0
0
0
0
0
0
0
0
0
0
0
0
0
0
0
0
0
0
0
0
60
114
0
4
0
0
0
3
0
0
0
0
0
0
1
6
0
0
0
0
1
121
14
13
0
0
0
0
0
0
0
0
0
0
0
100
0
0
0
0
0
0
4
0
0
0
0
78
0
4
0
77
77
0
2
0
1
0
1
0
0
0
134
0
0
2
0
0
0
0
15
0
0
0
0
0
0
0
0
0
2
0
0
0
0
0
4
0
0
7
132
0
2
3
0
0
95
0
0
1
0
58
0
0
0
0
1
3
1
0
13
0
15
0
2
7
0
1
0
0
0
0
0
1
0
1
0
100
0
0
4
0
107
0
0
129
0
0
0
0
0
0
0
0
0
0
5
0
0
0
1
0
0
0
0
0
4
0
0
0
0
1
0
19
0
0
0
2
0
0
0
3
0
143
0
0
0
0
0
0
0
28
0
0
2
0
68
27
0
0
0
0
0
0
0
140
0
1
0
7
0
0
1
0
0
0
113
20
1
0
0
0
1
134
0
0
20
6
3
0
0
0
0
0
0
0
0
0
0
83
0
0
51
0
5
0
0
0
2
0
0
0
1
0
0
0
0
0
0
0
0
0
0
0
0
0
0
4
0
3
0
0
4
0
0
0
0
0
69
0
6
0
1
1
88
0
1
0
0
0
0
0
0
0
0
125
0
0
0
0
0
0
0
0
94
0
0
0
0
0
121
0
2
10
0
0
0
0
0
0
0
21
94
0
0
0
0
63
0
0
96
0
0
0
0
0
0
0
0
3
0
0
1
2
0
0
0
0
0
113
114
4
0
0
0
0
0
0
0
0
2
0
44
0
0
0
0
0
3
0
0
3
124
0
0
0
94
0
0
0
0
0
0
0
0
153
0
0
0
0
0
0
0
1
0
0
0
0
11
0
0
0
0
1
0
0
0
1
0
0
0
0
0
0
4
2
0
0
1
0
86
79
0
17
7
0
26
0
0
0
0
0
0
0
0
0
0
7
60
0
0
4
0
0
0
6
0
0
0
0
0
0
2
10
5
0
34
0
0
0
59
1
4
0
0
0
57
0
131
0
0
0
0
55
0
0
44
59
0
0
0
0
0
0
0
0
0
0
2
0
4
89
0
0
0
0
0
1
0
0
0
0
54
1
0
0
113
0
0
0
24
54
0
0
0
0
72
0
0
0
0
0
0
0
0
0
0
0
0
0
0
0
0
0
0
5
57
0
0
0
106
0
0
36
0
0
0
7
0
0
0
0
0
0
0
0
73
0
40
0
17
0
17
0
0
0
1
0
0
0
0
9
0
0
0
2
0
0
0
5
0
0
0
0
0
0
0
0
0
0
0
0
0
0
1
0
0
0
7
0
1
0
0
0
161
0
3
0
0
0
0
0
0
0
0
6
0
0
0
0
0
0
0
1
0
0
0
0
0
0
0
0
0
0
158
0
8
0
0
0
5
0
0
0
0
0
0
6
0
1
0
0
0
0
0
0
5
0
0
0
0
4
109
0
179
3
0
0
0
0
3
0
0
0
0
0
0
0
0
0
0
0
0
0
5
1
0
41
0
0
0
0
0
80
0
1
0
0
0
0
1
63
117
0
0
8
0
0
0
0
0
35
0
6
0
0
0
2
0
29
0
0
0
0
0
9
0
1
14
0
1
144
0
0
27
9
0
0
0
0
0
0
0
0
0
2
35
68
0
0
0
74
0
0
0
0
0
0
5
0
0
0
0
0
1
0
0
155
0
30
0
0
0
0
0
3
0
2
24
0
0
0
0
0
0
0
0
0
0
39
4
0
189
0
0
0
0
0
0
0
0
0
0
0
0
0
0
0
0
0
1
0
0
0
160
6
0
94
0
0
0
0
109
0
0
185
0
0
7
0
2
79
5
0
1
0
0
0
0
97
14
0
170
0
0
106
0
0
0
0
0
0
0
0
0
0
0
0
0
0
0
0
0
0
0
0
0
0
0
0
0
15
0
130
0
0
47
0
0
24
0
0
75
0
0
0
0
0
69
0
0
10
0
0
44
0
0
0
9
45
0
0
0
0
0
0
4
41
0
1
0
0
171
0
0
0
0
0
2
0
0
0
0
0
0
0
0
0
157
0
0
0
20
0
0
0
0
0
4
0
0
0
2
0
0
9
0
0
0
0
0
0
0
106
0
7
0
0
26
0
0
0
0
0
0
0
0
3
0
1
0
0
0
0
0
0
0
75
0
133
3
0
28
0
0
0
0
0
0
0
0
0
0
0
0
0
0
0
0
15
0
0
132
0
0
11
1
0
0
0
0
0
69
0
0
0
18
0
3
0
0
0
0
178
2
0
0
0
39
0
1
0
6
0
0
1
0
0
6
0
0
14
0
0
0
0
0
0
0
1
0
0
0
1
0
0
0
0
0
0
0
0
0
0
0
0
0
0
0
1
0
0
0
0
0
33
0
3
0
0
0
0
0
1
0
6
0
0
0
94
0
0
0
138
0
5
0
0
0
0
92
0
0
0
0
0
0
0
0
3
0
0
8
0
0
181
0
12
0
0
0
0
0
0
0
0
0
0
1
0
0
0
0
2
0
0
7
0
0
1
0
0
0
0
0
0
0
0
52
0
2
0
83
0
0
0
48
1
0
141
0
159
0
91
0
4
0
0
0
0
63
97
0
0
0
0
0
0
0
0
0
0
0
0
0
0
0
0
0
0
0
0
0
0
0
0
0
0
0
0
0
0
0
64
0
0
0
0
5
2
0
0
0
0
0
0
0
0
0
8
0
0
23
0
0
0
0
0
0
0
0
0
0
0
88
0
0
0
5
0
0
0
0
0
0
0
0
0
2
0
2
0
0
0
0
3
154
0
0
0
9
0
0
0
0
0
0
0
0
0
0
0
0
0
0
0
51
0
1
0
0
134
0
0
0
0
0
0
0
21
0
0
0
0
0
0
0
0
0
0
135
0
0
0
0
0
0
3
0
0
0
0
0
0
0
1
0
1
0
74
127
0
0
0
86
0
0
0
0
0
0
17
0
0
0
0
0
0
1
1
0
0
1
0
0
1
0
0
168
0
0
0
0
0
0
0
5
0
11
0
40
0
0
0
0
0
0
0
0
0
0
0
0
0
0
0
0
6
24
0
0
0
0
0
0
0
59
0
0
0
0
90
0
0
0
0
0
1
0
0
0
0
0
0
131
0
0
0
1
1
0
0
0
0
0
0
1
38
0
0
0
17
0
0
1
51
0
107
4
2
0
0
0
0
3
59
0
0
0
1
0
0
1
2
0
0
7
3
0
0
0
0
0
0
0
4
0
0
0
0
0
0
2
0
0
0
0
0
0
0
0
41
0
0
0
0
0
0
0
1
0
210
0
180
160
0
14
1
0
0
0
0
0
0
0
0
0
0
78
0
0
0
92
0
0
0
0
0
1
0
4
0
0
0
1
0
0
0
0
6
3
2
0
82
0
0
3
0
0
4
88
1
0
0
0
7
0
0
0
0
0
0
0
0
0
0
0
3
0
0
0
0
2
0
4
0
0
0
208
0
0
1
0
0
0
0
0
0
0
0
0
0
0
20
1
6
0
53
0
0
0
0
1
9
0
3
1
0
0
0
51
0
0
0
0
0
0
0
3
0
0
0
0
0
3
0
0
0
0
0
0
0
153
205
0
0
0
1
0
0
18
0
0
0
42
5
0
3
8
1
0
0
0
0
27
164
0
0
22
0
0
0
4
0
4
0
107
0
0
0
0
0
0
0
4
0
0
0
0
0
61
0
0
0
0
0
5
0
0
0
0
0
0
0
35
0
0
100
0
0
3
2
20
0
6
0
0
0
46
0
0
0
0
211
0
0
8
10
0
0
0
0
0
84
18
0
1
0
158
0
0
6
0
0
0
0
0
0
0
163
0
0
2
1
42
0
0
0
5
0
0
0
0
0
0
0
0
0
0
0
37
1
0
207
0
140
0
0
1
0
0
0
0
0
0
119
0
0
0
0
12
6
0
0
0
0
0
0
0
0
0
0
1
0
55
0
1
0
4
3
59
0
0
0
0
0
0
0
0
0
0
2
0
0
0
0
0
18
0
0
0
0
151
0
0
1
0
0
0
0
0
0
2
0
147
1
0
0
0
1
0
0
0
0
0
1
2
0
2
5
0
0
0
0
0
0
4
0
0
1
65
0
0
75
9
0
186
0
0
0
0
0
106
46
0
0
0
0
0
0
0
0
0
0
0
0
0
0
1
0
0
0
0
1
0
0
0
0
0
241
0
0
0
0
0
0
4
9
0
0
2
0
0
0
1
0
0
0
0
0
149
0
0
1
0
12
0
0
0
0
0
0
0
0
1
0
0
3
0
0
0
0
0
0
0
0
0
6
3
46
0
59
45
0
0
0
0
0
2
0
0
0
0
0
0
0
0
0
0
0
2
0
0
0
0
37
0
0
217
0
0
25
0
0
0
0
34
0
0
0
0
0
0
3
0
0
0
0
0
6
0
6
0
0
0
0
0
30
0
0
0
0
138
0
0
0
0
0
201
0
0
0
1
0
0
118
0
0
0
0
1
0
118
8
0
0
0
0
0
0
4
3
0
243
0
0
2
0
0
17
0
4
0
0
0
0
5
0
0
143
11
0
0
0
0
0
201
2
0
0
157
0
0
3
0
0
0
0
0
0
192
0
0
0
0
0
3
0
0
0
0
0
0
0
0
0
208
96
5
8
0
0
1
0
2
0
101
0
0
0
61
0
0
0
14
1
0
0
0
0
1
0
1
0
0
34
0
0
1
0
0
0
2
0
0
0
24
1
0
1
0
11
0
32
0
60
0
0
0
0
0
0
0
0
0
0
0
1
0
0
0
0
206
0
0
0
0
0
55
0
225
0
0
0
10
0
0
56
248
0
157
0
10
0
0
0
0
0
0
200
0
0
3
0
0
0
0
0
10
0
0
0
0
0
0
0
4
0
0
174
0
0
0
0
0
0
0
0
0
0
0
0
0
0
0
0
43
0
112
0
8
0
0
5
0
0
0
4
191
0
0
3
0
0
0
0
0
23
0
2
1
0
0
0
0
0
0
0
7
0
0
118
0
0
0
12
0
0
0
0
0
79
0
1
0
3
0
0
0
0
1
0
0
0
1
1
0
0
0
0
0
0
0
0
0
0
0
0
0
1
146
0
0
0
0
0
0
0
0
0
0
0
0
0
0
1
0
0
0
1
0
0
0
0
0
0
154
0
0
0
10
0
81
0
0
0
0
0
0
0
0
0
0
0
5
0
0
34
0
0
0
6
8
0
0
11
0
0
82
0
0
0
0
0
0
0
0
6
0
1
221
0
25
0
0
0
0
0
0
2
0
3
0
0
0
0
0
180
0
0
0
0
0
0
1
6
0
0
0
0
0
0
0
0
0
0
0
0
0
0
0
199
0
0
0
0
50
0
0
0
0
0
4
9
0
0
0
0
0
1
1
0
0
0
0
0
0
13
0
0
0
0
6
0
0
0
0
0
0
0
0
0
0
0
0
2
0
4
0
0
0
7
0
0
0
0
213
0
112
0
0
1
0
1
0
187
0
6
0
0
20
1
0
0
0
0
0
0
0
0
1
1
0
0
0
0
0
252
0
0
0
0
0
0
0
0
0
0
0
0
0
0
1
0
229
0
0
37
0
151
0
0
0
0
0
167
0
23
0
73
0
14
1
0
2
0
0
0
1
0
15
36
240
0
0
0
0
146
0
8
0
0
0
0
0
5
0
99
0
0
0
0
104
0
0
35
1
0
0
0
0
0
0
5
0
4
0
0
0
0
4
0
1
0
0
0
0
0
0
0
0
0
2
0
0
0
1
0
0
0
0
16
0
0
0
83
0
6
0
0
0
0
0
0
0
219
0
0
190
0
0
0
0
0
0
1
0
0
0
0
0
43
0
0
27
0
0
0
0
4
181
0
2
0
0
1
0
0
0
0
0
0
0
6
0
0
0
0
0
107
1
0
0
0
195
0
4
247
0
0
0
0
0
0
78
104
0
0
0
0
1
0
0
0
0
0
0
0
0
62
9
0
0
147
0
0
0
38
246
0
1
0
53
0
1
0
0
176
0
0
0
0
3
0
1
0
0
0
0
0
0
0
0
0
5
0
0
0
0
45
0
6
1
0
0
0
0
15
0
0
0
0
0
0
0
0
0
0
1
0
0
0
139
0
0
0
0
0
0
0
0
0
0
0
0
0
0
0
19
0
0
0
0
0
0
198
15
0
0
1
0
0
0
0
0
167
0
0
0
0
0
0
1
0
0
1
2
1
0
0
1
234
0
0
0
0
0
0
0
0
0
0
0
0
0
1
1
0
0
7
0
0
0
0
0
0
46
0
0
0
0
0
0
9
0
0
13
0
0
160
0
0
0
0
0
125
0
0
29
2
0
0
0
0
0
0
0
153
55
0
0
0
4
0
196
0
1
0
28
0
0
0
0
100
0
0
0
0
0
0
0
0
0
0
0
0
7
1
0
0
0
0
0
0
0
3
0
0
0
208
0
0
0
68
8
0
0
222
0
31
0
0
1
1
0
0
0
13
0
0
0
8
5
0
0
0
0
0
0
0
0
0
0
0
110
0
0
7
0
0
0
0
0
0
0
0
0
0
0
0
0
0
0
0
0
0
0
0
1
0
4
5
0
0
0
0
0
0
0
0
0
1
1
89
0
5
0
0
1
0
0
0
0
0
0
0
53
10
0
144
0
0
163
0
0
0
0
0
115
0
0
0
63
0
0
7
0
0
0
0
8
0
133
0
0
0
0
0
29
0
2
2
0
74
0
9
0
0
0
0
0
1
67
0
0
0
0
1
186
2
0
0
0
8
82
0
0
0
0
212
171
0
0
1
3
0
0
0
0
139
0
55
0
0
0
0
0
0
7
0
1
0
0
0
0
0
0
0
0
0
0
0
0
0
0
0
0
3
0
0
0
54
0
0
0
1
0
0
0
0
0
0
0
0
0
0
1
0
0
0
6
0
0
6
4
0
84
0
0
0
1
0
0
0
1
2
0
0
0
0
0
0
0
0
0
0
0
115
0
63
0
0
0
0
3
2
0
81
0
0
0
0
0
0
0
0
0
1
1
0
0
0
1
4
0
0
10
0
0
0
167
1
0
15
40
0
0
0
1
0
1
0
0
13
20
98
1
0
0
1
0
0
0
0
0
1
0
4
0
164
0
0
0
0
0
0
0
0
0
0
0
0
53
0
0
0
0
0
0
0
0
0
0
4
0
0
0
0
0
0
0
0
0
0
0
0
0
98
1
0
0
0
0
0
0
1
0
0
0
0
0
0
0
0
0
0
0
0
0
0
0
0
6
1
39
0
0
2
0
0
0
0
0
1
0
0
0
9
0
1
6
0
0
0
94
6
0
0
0
0
0
0
0
0
5
0
0
0
14
0
0
0
0
1
0
0
0
0
0
179
0
0
0
0
0
0
6
0
0
0
0
0
0
0
0
79
0
6
0
4
0
0
0
6
0
0
77
0
0
0
0
0
12
15
3
0
0
0
0
0
0
0
186
7
0
0
0
1
0
0
0
0
0
7
5
0
0
11
0
0
0
0
0
8
29
0
0
0
0
1
1
0
0
0
2
13
0
0
0
0
90
0
0
6
0
0
0
0
90
0
1
0
0
0
0
0
0
0
0
0
0
0
0
0
0
0
0
0
11
0
1
199
0
0
82
0
0
0
0
2
0
0
1
242
0
0
0
0
1
0
0
0
0
0
0
0
0
0
1
0
97
56
0
8
0
76
0
0
0
204
0
0
0
1
0
0
0
184
0
0
0
0
0
0
0
0
0
75
0
38
0
0
0
0
0
0
0
0
0
0
6
0
0
1
1
0
0
7
0
165
0
5
0
0
7
0
0
8
0
0
211
0
0
0
0
1
0
0
1
0
1
0
0
0
0
0
0
0
0
0
0
4
2
8
0
0
219
0
0
0
0
0
0
0
37
233
307
0
8
0
0
0
0
0
0
0
0
0
6
0
0
0
0
0
0
0
0
2
0
0
0
0
3
0
0
4
0
0
1
0
0
1
0
0
48
0
20
0
0
0
13
0
0
0
9
4
0
13
0
0
0
0
5
195
0
0
0
0
0
0
7
0
227
1
0
0
0
0
0
0
272
0
0
0
0
142
0
0
0
143
6
0
0
0
5
201
0
0
1
0
0
5
7
0
0
63
0
0
0
0
0
0
0
0
153
0
0
0
0
0
0
0
0
1
0
0
0
0
44
0
155
106
0
0
0
0
0
5
99
157
0
8
1
0
1
0
4
0
0
0
0
0
0
13
0
0
0
0
0
0
0
0
0
5
2
0
0
1
0
92
0
1
0
0
0
0
37
0
0
0
0
0
0
0
0
0
177
0
0
0
0
32
0
0
0
0
0
121
3
0
16
0
1
0
43
0
0
0
0
0
0
0
0
0
0
0
0
189
0
0
0
0
2
0
18
0
0
269
0
0
0
0
0
11
0
1
0
0
4
0
15
0
1
0
0
0
153
0
0
0
0
0
186
0
0
0
0
0
0
0
0
1
0
0
0
1
0
0
0
0
0
0
0
0
0
0
0
0
0
0
0
0
0
0
0
0
0
1
0
159
1
1
0
0
0
0
0
0
0
10
0
0
1
1
1
0
0
0
216
0
20
0
0
1
31
0
0
0
0
9
0
0
1
0
1
0
23
151
0
238
0
214
0
0
0
1
4
5
0
0
0
5
0
0
5
7
0
7
0
0
0
0
0
0
0
100
0
0
1
0
0
0
0
0
1
0
0
0
0
0
0
0
274
0
0
0
11
0
0
1
0
0
9
0
0
2
0
0
4
0
0
0
0
0
5
0
0
0
299
0
3
0
0
0
5
120
0
0
0
0
30
0
0
1
0
0
0
9
2
0
0
0
0
0
0
1
0
304
1
0
0
0
123
99
99
0
0
0
0
1
0
180
0
0
12
0
0
0
0
0
0
0
10
5
0
0
0
41
95
0
0
0
247
3
9
0
1
0
0
6
0
0
1
0
0
0
0
0
0
1
0
0
0
0
0
0
0
0
0
102
0
0
0
182
1
0
0
0
66
7
0
119
0
0
6
0
47
2
8
0
0
15
0
254
0
3
0
0
0
0
0
0
181
5
0
0
1
8
0
1
0
0
0
0
7
0
0
7
54
0
0
3
1
0
0
0
0
0
0
0
0
0
0
0
0
0
0
2
0
0
0
0
0
0
0
0
6
0
1
0
0
243
0
0
0
0
1
0
5
0
0
0
0
0
0
0
0
1
0
0
6
0
0
10
4
0
10
288
269
0
0
1
0
108
0
0
0
247
155
0
0
0
17
0
267
0
0
0
11
0
0
0
2
0
0
0
0
0
0
0
0
0
0
116
0
0
0
0
0
0
0
1
3
0
0
3
0
1
0
0
0
0
1
163
0
50
0
0
16
0
0
0
0
204
0
0
0
0
0
0
0
59
80
0
0
0
0
0
0
0
0
1
0
0
0
62
0
148
149
10
0
10
5
0
0
0
102
1
0
0
0
1
2
0
2
0
0
193
0
0
0
0
0
0
0
227
195
5
1
0
0
0
0
0
0
1
0
0
0
0
0
0
288
0
0
0
95
0
0
3
0
0
0
47
0
0
0
131
0
0
3
0
229
0
0
0
0
0
0
0
0
0
0
0
0
0
0
10
0
0
0
0
12
0
0
242
0
0
0
0
0
0
0
0
0
0
21
1
1
0
0
0
1
61
1
0
0
5
0
0
1
0
0
0
12
0
0
0
4
94
0
0
5
0
0
0
0
0
3
0
0
0
7
0
119
235
1
0
0
0
0
0
0
129
0
0
0
0
0
0
0
0
0
0
0
14
0
0
49
0
0
0
1
0
0
0
1
41
0
287
0
0
62
6
0
12
1
0
0
1
0
0
0
0
0
0
0
0
1
0
191
245
18
0
0
90
18
56
0
0
0
1
4
0
0
1
0
0
0
0
0
4
0
0
0
1
0
0
0
0
0
0
10
0
0
3
0
0
189
0
0
0
0
22
0
0
0
0
157
0
0
0
0
0
0
0
0
0
0
0
0
102
0
0
52
0
110
0
0
0
0
1
0
0
0
0
0
0
0
1
4
218
0
0
1
0
101
0
2
0
0
0
1
0
0
0
0
10
0
0
11
201
0
0
4
5
0
1
0
0
0
5
0
0
96
3
0
0
0
0
0
0
145
0
3
0
0
0
0
0
3
0
0
2
0
0
0
0
0
0
0
1
0
0
1
0
0
0
0
0
0
0
0
0
0
0
0
100
1
0
254
139
0
2
0
69
0
0
0
0
0
84
0
0
1
69
99
0
0
23
0
0
0
0
0
1
0
0
0
60
0
10
0
0
0
320
0
0
0
0
0
0
0
0
161
0
0
0
133
0
0
1
0
0
0
0
0
81
0
0
4
0
0
33
103
82
0
0
0
0
0
0
0
0
0
0
0
0
0
0
0
0
2
0
0
0
1
232
3
0
0
17
0
1
0
0
1
0
0
0
0
10
0
0
0
0
1
0
0
159
0
0
0
0
0
0
19
0
224
0
0
0
0
4
0
0
0
0
12
47
52
0
0
0
0
7
38
0
0
0
58
0
43
0
0
0
1
0
0
0
0
0
0
0
0
0
0
0
0
0
0
0
1
11
0
0
0
0
4
0
0
0
0
4
1
0
58
0
0
205
0
0
0
0
0
0
7
0
4
1
14
0
45
0
0
5
0
0
11
9
0
0
0
43
0
0
0
0
0
0
0
0
205
0
0
97
0
237
0
0
1
129
0
0
2
1
0
310
0
0
0
0
34
0
13
0
0
0
0
8
1
4
0
1
32
0
17
0
0
0
9
0
0
0
0
1
0
0
2
0
0
159
0
1
0
0
0
0
0
0
0
0
26
0
0
148
0
0
1
0
0
0
0
0
0
0
0
10
0
0
0
0
0
3
0
3
0
0
0
0
0
0
0
0
0
0
0
0
0
0
3
0
1
1
0
0
3
0
0
53
0
0
0
0
0
61
6
333
0
0
0
0
0
0
0
310
33
20
0
2
0
0
0
0
17
0
0
0
0
0
0
0
0
0
0
0
0
0
9
1
221
0
0
1
288
6
0
0
0
0
17
0
0
0
0
0
0
0
0
278
181
0
0
94
0
7
0
0
0
80
4
0
0
0
0
0
0
119
0
0
0
0
0
0
23
0
31
0
0
0
0
0
68
0
0
0
0
0
0
7
93
1
1
1
1
31
0
308
0
0
0
0
18
0
0
0
0
0
0
1
32
8
0
0
22
59
1
0
1
0
2
0
0
0
0
0
0
0
196
0
0
0
0
0
122
0
0
0
0
0
0
5
1
96
14
0
204
0
5
0
0
1
0
252
178
5
0
0
0
0
7
230
0
0
0
0
0
1
0
0
0
281
0
0
1
0
18
0
0
234
96
0
0
1
0
0
0
0
7
256
0
4
0
122
138
0
0
0
2
0
0
0
0
0
0
0
0
0
0
0
7
0
273
0
0
0
5
0
1
0
0
0
0
0
0
0
102
0
0
0
192
0
0
4
1
0
0
267
0
0
0
0
234
12
0
0
0
1
0
181
0
0
2
0
1
1
0
0
0
0
0
0
79
6
0
0
0
0
0
0
0
0
1
0
0
0
0
48
0
0
0
105
0
0
0
0
0
163
0
64
0
0
23
0
1
0
0
0
0
0
196
282
4
0
237
0
0
0
0
0
10
0
0
0
1
0
0
0
227
12
0
0
0
0
0
0
1
0
1
1
0
0
0
0
0
0
0
0
0
0
1
1
0
0
1
0
0
0
0
0
1
1
0
0
2
0
0
0
14
6
0
0
0
0
0
148
1
5
0
0
1
0
0
0
302
0
6
0
0
0
0
0
1
0
0
11
0
2
19
0
0
0
0
115
0
0
0
30
0
0
0
24
3
0
0
0
0
142
160
0
210
0
0
0
0
0
0
0
0
0
0
1
0
10
0
0
0
17
0
0
345
6
0
0
0
0
0
0
0
15
4
1
4
0
0
0
1
0
0
12
0
0
24
262
0
0
0
0
1
2
1
0
1
0
0
0
2
292
178
0
0
0
7
0
0
9
0
0
19
12
321
2
0
0
0
0
0
0
0
1
46
0
0
0
0
0
0
0
264
0
4
69
0
2
0
0
0
0
1
0
1
0
0
0
7
0
0
1
0
0
6
80
0
0
0
0
0
0
97
136
1
0
0
1
0
0
1
82
0
0
1
0
0
6
235
1
0
0
7
239
0
0
0
13
0
0
0
0
0
1
0
0
0
115
0
0
1
0
0
0
30
0
0
167
0
6
0
0
0
0
0
0
0
0
0
1
10
0
0
0
0
329
0
0
0
0
0
2
284
0
0
0
245
0
0
0
1
0
0
6
0
0
0
0
1
1
0
1
5
0
2
0
0
0
1
0
0
0
0
0
0
0
0
0
0
0
0
273
0
4
1
0
0
0
257
0
0
2
0
9
0
0
0
217
1
1
0
1
0
0
0
309
0
0
0
1
55
2
0
0
0
1
0
295
0
0
0
0
0
0
0
1
4
0
0
0
0
0
0
333
0
1
0
0
99
0
0
125
0
0
13
0
6
0
98
0
6
0
0
297
0
211
0
1
0
0
0
5
1
2
1
0
0
73
0
0
0
0
0
0
0
0
0
2
0
33
0
0
0
0
0
0
0
0
0
0
0
0
0
0
0
0
0
148
203
0
52
0
0
0
0
0
0
1
0
12
0
0
178
0
0
0
148
0
0
219
269
0
0
0
0
0
0
1
0
0
0
0
0
0
0
167
1
32
7
0
0
0
0
0
0
0
0
0
263
0
0
0
0
0
1
0
0
0
0
5
0
0
0
0
0
0
0
116
2
0
0
0
0
0
1
0
0
0
0
0
13
0
0
0
16
0
0
0
0
1
1
0
0
0
0
10
0
15
169
0
0
1
0
0
0
0
0
0
247
0
0
0
0
0
0
0
2
0
0
0
0
0
0
0
0
0
5
0
0
3
0
0
0
0
0
0
56
114
0
0
244
62
14
0
0
0
46
308
0
0
0
280
0
0
0
0
0
0
181
0
0
0
0
0
1
185
4
69
0
1
0
5
0
0
68
0
0
0
318
0
0
0
0
1
0
21
165
0
13
0
0
0
338
0
0
0
1
0
170
102
12
0
0
127
1
0
0
0
0
0
0
0
0
118
1
1
0
108
0
13
0
8
0
0
0
0
1
0
1
0
0
1
0
1
0
0
181
0
0
0
1
0
0
0
0
0
0
0
52
0
0
5
159
0
5
261
0
0
0
0
1
1
0
0
0
154
0
1
0
0
0
0
0
0
1
1
0
0
0
329
0
0
0
4
0
0
1
0
0
0
0
0
4
1
0
60
0
0
0
0
0
0
27
0
0
0
0
0
0
191
0
0
0
4
1
3
0
46
0
0
0
13
1
0
3
0
1
0
65
0
0
0
0
0
0
225
182
0
211
10
7
1
1
16
0
0
0
0
57
0
11
0
0
0
1
306
0
20
0
28
333
13
0
288
1
0
0
0
0
0
69
8
1
0
85
0
0
162
0
0
0
0
0
87
0
0
104
0
332
0
0
0
0
0
0
0
0
0
0
0
0
0
12
0
0
0
0
3
0
20
0
0
14
1
0
0
0
0
0
142
6
0
0
73
170
0
352
26
0
0
0
10
1
0
0
0
0
0
0
133
0
0
0
6
1
1
0
2
149
0
0
0
0
0
0
0
0
0
0
0
0
0
0
0
0
0
0
0
0
136
248
0
50
0
1
0
0
19
0
0
7
3
1
0
0
0
1
0
0
0
1
0
4
0
0
0
0
1
0
0
1
0
0
0
0
5
0
0
0
114
0
82
0
0
0
47
0
4
0
0
0
0
0
0
0
0
0
0
1
0
0
0
11
1
0
0
0
0
1
0
0
95
0
0
0
0
0
283
0
5
5
335
0
0
0
8
0
13
0
1
0
0
0
0
0
0
0
0
0
7
1
0
0
0
4
0
0
0
132
0
0
0
0
1
0
1
323
0
0
0
0
0
0
176
0
332
105
0
15
0
0
337
0
0
5
0
3
182
0
0
1
195
0
1
0
320
0
0
4
0
1
0
0
1
0
5
176
0
0
9
159
0
1
9
312
0
0
1
310
0
4
138
0
0
0
0
0
0
0
0
321
0
0
191
0
132
0
0
1
0
0
0
0
0
0
267
130
0
0
284
280
328
45
14
0
0
0
0
1
0
0
0
0
0
0
0
0
0
0
1
0
2
0
0
0
0
0
0
0
0
1
0
0
3
0
9
0
0
0
0
0
87
0
3
0
0
0
0
0
0
10
0
0
0
305
0
0
0
0
5
0
0
0
0
11
1
0
6
0
0
0
0
0
0
0
0
0
0
0
7
6
5
122
0
135
330
0
356
0
0
0
0
0
0
0
12
0
0
2
0
0
194
15
0
192
0
0
0
0
0
0
0
0
0
0
1
0
0
0
0
0
9
0
0
0
0
307
0
0
0
25
0
0
2
1
0
0
0
0
0
22
0
0
0
0
1
0
1
0
23
0
0
0
0
0
0
5
1
0
0
0
0
2
0
0
0
9
0
14
0
6
0
0
0
9
79
1
297
0
0
0
0
0
0
155
0
282
0
0
0
0
0
1
7
0
0
0
0
0
0
0
0
0
0
0
0
0
0
5
338
0
0
5
0
0
10
1
0
106
0
0
0
0
30
0
1
0
0
327
0
0
285
0
12
0
0
0
0
5
0
0
14
0
3
0
0
0
0
0
1
0
0
28
1
0
0
0
0
0
46
1
0
69
0
334
11
0
0
0
0
0
0
0
0
0
0
26
1
0
0
0
1
0
0
2
13
0
0
0
7
0
3
9
0
9
0
0
16
0
0
18
0
0
236
309
4
0
3
0
0
0
0
0
0
0
0
261
12
0
0
24
0
0
0
11
0
0
83
0
248
1
0
0
359
0
121
0
0
0
0
198
0
0
0
0
0
0
0
0
0
1
0
0
0
9
0
0
0
0
1
0
0
0
1
0
0
0
0
0
3
0
4
183
0
0
1
0
0
0
0
376
0
0
0
0
339
0
361
0
0
0
0
1
0
0
0
164
0
1
0
0
0
0
0
2
5
15
0
0
0
1
0
0
0
58
14
0
0
0
0
1
52
0
0
0
0
0
0
0
0
0
0
0
44
0
0
0
0
4
1
2
0
0
0
0
0
0
0
0
0
0
1
275
0
0
1
0
2
0
0
0
0
348
0
0
0
5
0
18
4
0
0
2
6
0
1
0
1
0
1
0
0
6
0
2
0
0
0
0
0
0
0
0
0
0
107
0
0
0
0
0
0
0
0
0
0
0
0
0
0
0
0
0
38
5
0
0
0
0
0
59
0
9
0
1
0
0
342
0
0
0
0
0
0
0
0
0
1
2
0
0
0
0
0
0
0
0
0
210
0
54
0
0
0
33
0
47
0
345
0
0
0
0
0
81
0
0
0
79
0
106
0
0
0
1
0
0
0
0
185
0
0
0
0
0
0
0
0
0
0
0
0
53
24
0
0
186
44
0
35
146
5
1
0
0
126
0
0
0
0
0
0
0
0
0
2
0
0
0
0
0
0
5
0
0
0
229
0
2
53
0
0
0
0
0
0
0
0
0
1
0
0
0
0
9
0
0
0
1
0
0
191
0
0
0
1
0
0
0
1
15
228
0
0
0
0
0
0
0
1
1
0
0
11
0
0
0
0
6
16
285
8
0
144
57
0
0
0
0
0
0
0
1
6
0
0
0
0
0
0
0
1
11
1
0
0
0
0
0
0
0
0
0
369
0
0
0
14
0
26
0
0
0
0
0
0
0
42
0
13
0
0
0
17
1
0
0
4
188
5
0
0
0
0
0
0
132
0
5
0
0
0
0
11
0
0
302
7
0
0
0
0
0
22
0
0
0
0
0
0
363
0
0
0
0
0
0
0
60
0
0
16
0
5
0
0
87
10
0
153
0
0
0
267
2
201
81
0
101
0
0
0
0
0
3
1
0
60
18
5
0
0
148
0
0
0
0
0
133
0
56
0
0
164
0
13
238
0
208
0
0
1
0
0
0
110
0
0
0
0
127
9
0
117
13
1
0
0
4
0
0
208
0
0
0
0
0
0
0
0
75
0
0
0
4
0
0
0
0
0
0
1
0
255
0
0
0
0
0
1
0
0
0
368
0
0
0
0
0
25
0
0
0
210
8
0
115
0
0
0
0
0
0
0
215
0
0
0
20
0
130
0
0
0
0
0
0
0
0
4
0
0
0
0
0
0
4
0
0
0
0
0
0
0
0
92
6
0
0
0
0
241
0
0
0
0
1
0
9
2
0
10
1
0
0
215
0
1
0
0
1
0
1
0
0
0
7
17
0
0
18
0
64
0
0
0
0
1
11
0
1
0
0
0
14
0
0
0
0
16
0
10
0
0
0
0
0
0
0
1
0
8
0
0
143
0
0
0
0
0
1
0
0
0
0
1
0
1
17
0
0
0
1
0
0
0
0
20
0
0
291
0
0
0
0
0
0
0
117
360
0
2
0
0
59
0
180
0
242
0
1
0
0
4
1
0
0
0
1
3
0
0
0
1
0
0
6
5
367
0
0
7
0
0
0
0
0
364
0
0
0
0
1
0
1
0
0
0
0
0
0
0
0
0
358
0
4
0
0
0
8
0
68
0
222
0
0
0
0
0
5
1
0
0
0
0
0
0
0
0
0
1
0
20
0
0
1
0
0
187
0
6
1
0
250
12
0
0
0
0
1
0
20
0
0
0
4
49
0
0
0
0
0
0
63
0
89
0
20
0
0
1
0
0
0
0
5
0
0
0
0
1
0
0
0
0
6
0
13
0
0
0
1
0
0
0
0
0
0
0
0
1
0
0
9
0
7
0
0
0
6
0
0
0
0
1
22
87
0
0
0
0
0
0
0
0
2
0
6
0
291
335
0
0
0
0
0
200
0
0
172
0
0
3
0
0
0
0
32
0
0
0
0
1
1
0
224
0
0
327
0
0
0
0
0
3
0
304
0
0
0
9
0
0
0
13
0
0
0
1
0
0
255
0
0
0
0
16
18
159
0
0
0
1
78
1
0
1
0
0
0
0
0
1
0
0
0
0
0
0
178
0
0
0
0
213
0
107
0
270
0
0
106
0
0
0
0
1
0
0
0
0
199
0
104
2
0
0
0
8
0
2
0
0
0
0
7
30
0
0
0
12
0
0
0
0
24
0
1
0
8
0
1
0
0
0
0
15
6
0
0
0
0
0
0
0
0
0
0
2
0
0
0
5
0
0
0
0
1
0
0
0
0
12
0
4
0
0
0
0
0
0
0
0
0
0
0
0
211
0
0
95
0
0
0
0
0
1
0
0
0
0
0
0
0
0
1
0
24
0
18
0
0
0
0
0
0
0
0
1
0
0
0
0
0
0
0
0
1
0
0
130
3
1
0
0
1
0
0
0
281
0
0
0
0
0
12
0
0
166
0
0
0
0
0
0
0
0
78
0
0
0
0
6
0
0
0
0
1
0
0
0
0
1
0
0
116
240
1
0
0
0
1
0
0
0
0
0
1
0
0
1
67
0
0
0
1
0
0
0
0
0
0
0
0
2
0
5
0
0
0
0
0
0
160
0
0
0
0
0
0
0
0
10
0
0
115
0
7
6
0
0
0
6
9
80
1
6
0
0
0
0
0
0
0
1
0
0
0
0
0
4
17
1
160
0
0
0
0
0
0
12
0
0
0
0
0
0
0
1
3
0
0
5
1
0
1
36
0
0
0
0
0
0
1
12
0
204
0
0
0
0
0
0
0
178
0
0
0
1
0
200
0
0
0
6
0
4
0
0
47
28
398
0
0
0
0
286
0
1
0
5
119
275
0
0
0
1
0
0
322
1
0
0
0
0
7
0
2
0
0
1
0
0
0
0
0
0
0
0
1
19
0
0
4
1
1
0
0
0
0
7
0
0
0
17
0
0
0
0
1
1
0
0
0
0
8
0
0
80
0
0
0
370
0
0
31
0
0
0
0
1
0
0
371
0
0
0
0
0
1
0
0
0
1
1
0
108
0
1
0
0
33
0
0
0
0
16
0
0
0
0
0
0
0
0
0
3
0
0
0
7
0
0
0
10
0
0
0
0
0
0
0
0
0
0
0
0
0
0
20
0
325
0
6
0
0
1
6
0
0
1
169
0
0
0
0
0
0
13
0
8
21
44
2
342
0
0
0
0
1
0
0
1
1
0
0
0
8
1
0
0
0
0
0
0
1
0
0
124
0
1
0
0
0
0
0
0
0
0
0
0
289
0
1
0
0
0
0
2
317
0
3
0
0
4
0
0
0
0
324
0
0
0
9
150
0
0
0
8
0
0
0
0
0
0
0
0
31
0
0
0
0
0
0
0
0
0
0
0
1
106
1
1
8
1
0
2
0
0
0
0
0
0
7
192
1
0
0
0
77
0
6
19
8
0
0
0
57
0
0
0
16
0
13
0
0
0
0
7
0
0
0
0
0
0
67
1
0
6
0
1
0
0
0
2
0
0
0
0
0
0
0
127
0
0
0
0
0
130
0
0
1
0
0
0
0
0
0
0
0
0
1
0
227
0
1
0
0
1
0
3
0
1
2
6
0
0
291
0
0
5
0
1
0
0
0
0
0
0
0
0
92
0
0
0
0
0
225
0
0
0
0
0
0
0
37
0
0
0
0
0
0
0
0
0
0
0
0
0
0
0
0
39
179
0
0
0
0
1
0
0
0
1
0
0
13
1
0
0
407
1
131
0
0
0
0
232
0
201
0
4
0
0
0
0
0
0
0
0
0
0
0
92
0
0
0
0
2
0
0
2
0
0
1
0
12
2
0
1
0
2
0
0
196
0
1
7
0
258
1
0
0
0
9
25
0
0
0
0
0
0
0
0
0
262
0
0
0
92
0
0
0
21
11
56
149
1
0
0
12
0
1
0
0
0
0
0
0
0
0
0
4
0
0
0
0
85
11
0
54
5
8
5
0
100
0
0
0
0
1
0
202
0
0
1
0
3
0
0
14
0
0
399
1
147
0
1
0
0
14
1
0
0
0
9
87
0
0
0
1
0
69
0
0
0
0
0
72
0
170
0
0
0
0
0
0
0
0
0
0
0
0
0
0
0
0
0
1
0
0
0
0
0
0
0
62
0
0
0
0
0
0
147
0
0
0
14
11
0
4
0
0
0
0
0
0
0
0
0
0
0
84
0
1
0
0
107
0
0
13
0
0
0
288
1
1
0
0
291
0
1
81
314
0
0
0
0
0
0
0
6
0
0
1
42
0
8
0
172
0
0
0
0
13
0
0
0
0
0
2
0
0
0
0
0
0
0
0
0
1
0
130
0
0
0
0
0
0
0
0
152
0
25
49
0
0
131
0
0
3
0
0
0
0
0
0
2
0
1
0
0
1
0
0
399
0
0
0
0
0
0
0
6
0
0
0
55
0
0
0
1
165
0
0
0
0
0
8
0
1
1
0
0
1
1
133
0
0
0
0
194
0
0
0
1
0
0
0
0
0
0
0
434
1
0
16
0
6
0
16
192
0
0
36
0
0
0
358
0
8
0
0
1
0
1
0
0
0
0
0
0
0
0
0
0
0
1
0
348
299
1
0
0
0
0
0
0
0
0
0
0
0
0
1
0
1
20
202
1
0
0
0
0
0
0
0
0
0
1
0
0
0
0
92
0
1
0
0
0
0
0
0
0
82
206
0
0
0
0
0
0
0
0
0
232
1
43
0
0
0
0
0
0
0
1
0
0
128
0
0
1
0
0
0
0
0
0
0
0
0
0
0
0
0
0
0
10
0
0
0
1
0
0
0
16
0
1
10
0
0
0
23
0
0
38
0
0
0
0
0
0
0
9
16
0
0
0
3
0
0
83
0
0
287
0
0
0
0
0
0
0
0
0
0
0
0
0
0
0
0
0
12
0
0
0
0
0
0
124
0
0
1
0
0
0
0
0
0
0
0
6
0
46
0
0
0
0
0
0
269
31
45
0
292
0
48
0
0
109
0
0
0
143
9
0
0
0
0
0
0
0
6
0
1
0
0
0
0
0
15
16
19
0
0
18
309
25
15
0
0
159
9
0
0
0
0
4
0
0
394
0
0
0
0
140
0
94
13
0
0
334
0
328
0
230
0
0
1
0
0
3
0
0
8
0
0
0
25
0
0
0
219
0
0
0
0
0
0
5
1
0
0
0
0
0
0
0
0
1
0
0
27
0
0
0
0
20
192
0
0
0
0
0
0
0
28
0
0
0
255
1
0
0
0
0
10
0
0
0
0
0
4
0
0
332
0
9
0
1
0
18
0
0
0
0
0
0
0
0
0
9
3
0
0
5
0
122
0
0
0
0
0
0
0
10
0
0
0
2
2
15
0
0
0
0
0
0
0
291
0
0
1
325
272
0
0
250
30
0
0
0
0
0
0
0
0
0
425
0
0
311
0
0
0
0
0
1
3
0
0
0
0
0
0
0
0
0
0
0
0
216
0
0
0
0
0
1
246
0
0
2
0
0
0
287
8
64
0
0
0
0
42
0
0
0
0
0
0
0
0
1
254
0
0
0
0
0
0
0
0
0
0
330
1
0
0
0
0
0
1
11
0
0
0
0
0
0
0
0
7
251
323
0
0
0
0
140
238
0
0
12
0
36
0
0
0
342
0
0
0
0
0
0
7
0
1
0
0
1
0
0
0
0
0
0
257
0
0
0
0
2
0
0
0
1
0
0
0
0
0
0
1
0
0
0
0
0
0
43
0
1
0
0
0
0
224
0
108
14
0
0
0
0
0
0
0
0
297
0
0
0
0
11
0
0
0
0
0
11
1
0
327
295
0
0
0
195
0
0
3
0
0
0
0
37
0
1
0
0
0
0
0
0
111
0
0
0
388
0
11
0
0
1
0
0
0
0
0
1
112
0
80
0
399
176
0
0
0
196
0
0
0
0
0
0
0
1
0
0
0
0
0
394
0
103
8
17
0
0
356
60
0
7
0
0
269
0
0
2
0
109
0
0
0
171
8
3
0
3
0
0
5
0
250
0
0
1
0
373
0
200
0
0
0
31
207
0
0
0
11
0
0
0
0
0
0
0
0
0
0
0
0
235
0
0
1
7
0
0
0
0
0
47
0
1
0
1
0
0
0
0
0
0
0
0
0
197
0
0
0
196
9
0
0
0
0
0
0
0
4
0
0
0
1
0
0
0
0
4
0
242
0
0
51
0
110
0
0
0
0
6
0
0
0
1
0
0
6
130
227
0
1
0
0
0
0
0
1
0
0
0
0
0
10
0
0
146
0
0
0
9
0
112
3
4
0
0
0
0
12
273
5
0
0
1
0
0
0
0
0
0
0
0
0
0
1
0
0
0
3
0
5
0
2
0
0
0
0
0
0
0
0
1
0
0
0
0
0
0
0
1
0
0
0
1
0
2
0
1
0
0
0
0
0
0
0
0
0
0
0
0
0
5
0
2
0
0
0
0
0
0
0
2
0
0
11
0
264
0
0
0
398
0
11
0
2
0
0
107
270
0
0
0
18
0
0
399
0
36
0
0
0
0
0
0
3
29
0
0
0
0
0
0
1
2
0
0
9
0
0
4
0
232
0
17
0
0
0
0
0
176
0
227
0
0
0
0
0
0
0
0
0
1
0
102
0
0
0
0
0
0
0
0
0
0
0
0
0
0
0
0
0
0
0
0
0
0
1
0
0
0
1
0
0
2
0
0
0
2
0
0
0
0
0
1
0
0
2
0
0
0
201
0
214
0
0
0
0
0
0
0
0
0
0
0
0
0
0
0
0
160
0
0
167
1
95
1
242
0
1
0
81
0
0
0
12
9
0
0
12
6
0
0
1
0
71
335
0
0
0
0
0
0
0
14
0
0
0
0
6
39
0
0
0
0
0
0
0
0
0
11
293
0
0
0
11
0
0
0
47
0
0
0
0
16
0
1
0
360
0
0
0
0
0
1
0
368
0
1
0
0
0
0
0
0
0
0
0
82
9
7
23
0
9
0
0
0
0
0
0
8
0
0
0
0
0
319
8
0
0
0
0
0
0
0
2
0
43
0
0
0
0
0
0
0
0
0
2
0
0
0
0
0
0
0
375
0
0
235
0
0
146
5
0
0
0
4
0
0
0
7
354
0
0
0
0
68
1
0
0
256
0
0
0
0
0
60
0
0
0
1
82
0
1
0
7
0
0
0
0
112
2
0
0
1
257
0
0
135
0
0
0
0
63
0
0
0
0
0
0
5
0
0
0
317
0
0
0
0
3
0
0
1
0
130
18
53
0
117
0
0
1
3
1
0
0
46
209
271
0
2
359
0
0
0
0
0
1
0
0
11
0
1
0
0
0
0
0
0
12
346
5
18
0
1
0
0
272
371
1
0
0
37
0
0
0
4
0
0
0
246
0
0
0
0
1
7
0
240
0
0
0
0
0
326
0
95
22
0
0
0
398
0
0
0
0
0
0
74
0
6
0
0
97
0
0
0
0
0
0
1
0
52
0
0
0
6
4
0
13
0
0
0
0
0
0
0
0
0
0
0
0
0
0
0
0
1
15
0
0
0
0
334
0
1
7
0
119
0
0
0
0
0
0
0
9
0
0
0
2
0
0
319
0
0
0
0
0
1
0
0
0
0
0
0
92
0
0
1
0
10
0
0
0
0
0
0
9
0
0
0
181
1
0
0
0
0
0
4
32
0
0
0
0
1
0
75
0
1
0
0
0
0
0
0
1
151
12
0
0
0
0
0
0
0
0
0
0
0
16
0
0
0
1
0
0
220
0
0
0
10
0
0
0
10
6
204
1
0
1
0
0
0
0
0
57
61
0
0
0
94
17
0
12
6
73
0
0
1
0
0
0
0
0
0
0
0
0
0
154
0
0
0
0
329
11
49
13
1
0
0
0
0
0
0
0
0
0
167
0
0
397
0
0
5
260
0
1
0
0
0
0
0
324
0
0
0
0
0
315
0
96
2
255
79
0
3
0
342
0
0
0
0
148
0
75
0
0
0
0
65
0
0
0
0
0
0
3
0
171
0
5
0
0
0
0
0
0
0
0
0
0
0
0
0
0
0
0
0
0
0
20
0
0
0
135
0
0
0
0
1
0
0
1
0
1
0
0
2
0
0
234
0
0
0
0
0
0
0
0
0
0
0
0
0
0
0
4
0
162
108
0
54
0
0
0
0
0
0
0
0
0
1
311
0
1
0
0
0
0
4
0
17
0
1
0
0
1
0
0
0
0
4
0
1
2
0
0
0
0
0
0
0
0
0
45
0
0
0
0
0
0
6
0
0
1
48
0
1
0
0
0
0
0
48
1
3
4
0
0
158
0
2
0
0
45
0
0
0
116
0
0
1
0
287
0
0
0
0
0
0
0
0
0
0
0
0
343
0
0
0
0
0
1
0
0
0
0
0
0
3
0
0
0
0
3
0
1
0
0
0
67
0
0
0
44
7
1
0
0
0
0
0
196
0
0
0
71
0
0
0
26
1
3
0
0
109
0
0
243
0
0
15
0
0
1
0
0
0
0
0
0
0
0
20
0
0
197
0
2
0
0
0
0
0
0
0
0
0
0
0
1
0
9
0
0
0
0
0
0
0
0
0
1
0
7
0
0
0
0
175
0
1
0
0
0
0
223
0
0
0
0
1
39
0
0
0
0
0
0
8
0
176
2
24
118
0
0
0
0
0
9
0
1
0
0
73
0
0
0
0
0
0
0
0
8
0
0
0
0
0
0
0
1
0
0
0
0
1
0
0
0
94
349
0
0
0
0
0
187
0
0
0
0
0
0
0
0
0
146
0
1
2
0
0
2
61
230
0
0
0
0
0
0
0
0
0
0
283
0
1
0
1
13
20
0
1
0
0
0
140
1
0
0
0
0
0
0
1
0
7
0
314
310
55
0
0
0
2
0
0
2
0
0
11
0
0
0
0
0
51
0
0
2
0
0
166
0
0
102
0
0
0
0
19
0
0
0
0
0
10
0
0
1
0
0
0
9
1
0
0
0
0
0
0
0
0
4
0
39
0
0
0
5
4
0
0
0
22
0
320
0
0
2
0
0
0
0
87
0
1
0
0
0
0
0
0
0
1
0
0
0
0
0
0
0
0
266
0
0
0
2
0
0
7
0
0
0
4
27
0
327
0
286
0
0
0
0
1
0
0
0
0
0
0
401
2
0
0
236
0
2
0
0
0
0
0
0
0
0
1
0
376
0
0
15
0
0
1
0
0
10
0
0
0
0
0
1
188
0
0
252
11
397
0
180
0
11
0
0
0
0
8
1
0
65
0
4
0
12
321
0
0
0
170
0
282
0
0
1
214
17
108
1
128
0
11
163
6
150
0
393
0
0
0
0
0
0
0
8
0
0
14
0
0
0
0
9
9
15
0
0
0
0
0
0
0
0
0
0
8
17
189
0
0
1
0
0
0
0
0
0
0
2
0
0
0
0
0
0
1
0
0
0
1
32
3
0
0
0
105
0
0
0
1
0
192
0
0
1
0
0
144
0
2
0
0
0
0
0
0
1
10
263
196
0
0
0
0
271
0
0
0
0
0
0
0
0
10
0
1
0
0
0
369
0
0
13
0
45
0
2
0
0
0
0
0
0
295
0
0
0
0
0
0
7
1
0
0
0
12
402
0
4
0
0
0
0
0
0
0
239
0
0
0
0
0
0
1
0
1
0
1
0
93
0
255
0
9
0
0
1
0
0
0
75
0
0
0
0
181
0
0
9
94
0
0
8
0
0
0
1
0
278
0
0
16
0
56
0
0
0
0
69
1
0
0
0
0
0
1
0
0
0
130
1
0
0
4
0
0
0
0
296
425
0
0
0
0
1
0
0
428
0
0
263
0
0
0
0
0
1
122
2
0
0
0
2
0
0
0
1
0
0
43
0
0
148
187
1
0
0
0
0
0
0
0
1
0
0
0
5
0
207
0
0
0
36
359
8
6
0
11
0
0
0
0
7
0
0
1
0
0
0
0
0
0
1
0
0
1
0
0
12
0
77
93
3
16
1
0
0
5
0
0
3
0
0
2
0
0
1
0
0
0
60
0
0
0
2
0
0
0
0
0
0
0
0
0
413
273
0
197
0
0
0
0
0
0
0
0
279
1
0
0
0
0
0
267
0
0
1
0
0
0
1
0
0
0
11
0
0
0
0
0
0
0
0
0
0
0
336
1
54
0
0
0
0
299
1
0
1
0
0
0
0
0
0
0
0
0
409
0
0
0
31
0
0
0
0
1
0
0
0
141
0
0
312
0
0
1
4
0
0
0
0
0
16
1
0
0
342
13
0
1
0
1
0
1
65
1
0
0
1
0
8
1
0
0
1
0
0
0
0
0
0
0
0
0
1
0
333
0
0
0
0
0
0
0
7
20
0
0
260
0
231
0
0
0
202
14
0
0
0
0
0
0
0
0
56
0
0
0
0
12
0
0
0
1
0
0
0
1
0
0
0
0
0
0
0
1
0
0
0
0
0
1
161
0
0
2
1
105
0
0
0
0
0
0
185
355
0
0
12
0
378
127
129
0
0
1
158
1
0
0
0
0
0
6
0
0
0
269
8
0
0
0
74
0
1
0
19
0
0
0
0
0
0
0
0
0
0
1
0
0
0
0
0
0
0
108
0
0
0
0
0
2
0
0
5
0
0
0
141
253
12
0
0
0
1
2
3
0
9
259
0
0
0
0
0
0
0
0
0
0
19
0
3
342
1
1
0
0
0
0
15
2
403
0
0
10
0
0
0
0
4
0
0
0
0
0
9
1
0
0
15
0
0
1
0
0
10
0
1
0
0
0
11
0
0
0
58
0
1
0
0
0
21
0
0
0
0
0
0
7
2
1
0
0
44
0
0
0
0
0
2
0
4
0
85
15
0
0
0
2
0
107
0
0
0
0
0
0
0
1
0
0
0
0
1
0
0
97
281
2
0
2
0
0
1
221
175
0
1
53
0
0
0
0
301
0
10
0
125
0
0
0
0
0
0
0
0
0
0
0
0
11
0
7
0
1
0
0
0
21
0
0
0
0
0
1
0
1
0
0
0
0
0
0
0
0
0
0
79
0
0
0
0
2
0
0
0
11
108
0
1
0
67
18
0
0
248
0
0
0
10
0
0
341
2
0
0
155
2
0
0
0
1
0
0
0
247
63
366
326
0
1
0
1
0
56
0
0
0
0
0
0
0
143
1
22
0
0
0
365
0
0
2
0
0
8
18
0
0
0
5
5
7
0
0
0
98
374
282
0
0
5
0
0
0
5
0
0
0
8
0
17
0
2
1
104
0
0
0
0
199
0
179
0
0
0
172
0
0
326
0
0
0
0
0
0
0
0
0
0
79
0
0
0
1
0
1
2
0
1
0
0
0
0
0
0
250
0
120
0
156
1
84
0
0
0
0
1
0
60
0
0
9
118
1
0
0
0
0
35
0
0
0
0
1
0
0
0
0
0
0
0
0
0
1
0
73
0
0
0
0
0
281
0
13
0
0
390
382
0
0
0
0
0
0
0
0
0
129
0
20
1
0
0
1
0
213
2
0
122
0
1
0
0
0
427
0
0
0
0
0
4
258
0
0
0
0
0
385
0
14
0
10
0
295
4
78
0
0
0
0
0
0
0
1
1
0
12
0
0
0
0
201
0
0
0
0
2
5
0
0
267
178
374
237
0
446
0
0
0
0
3
0
0
0
243
0
0
13
0
0
0
1
1
36
0
3
8
0
0
0
0
0
0
0
0
0
0
81
6
0
8
0
0
0
0
0
0
0
0
0
180
81
0
0
0
0
2
0
1
200
0
2
7
0
0
0
0
0
0
0
0
0
0
0
0
0
0
0
0
0
0
7
0
386
4
0
391
0
0
100
275
0
0
0
432
401
0
0
18
174
0
0
0
0
0
0
0
1
143
0
0
0
64
0
0
1
0
0
0
0
0
0
0
369
0
16
0
0
0
208
0
0
0
0
0
0
0
0
0
0
0
49
0
0
0
0
0
74
1
327
0
0
0
6
0
0
3
0
0
216
0
0
0
0
0
0
1
0
0
0
14
0
0
0
1
0
0
0
9
81
271
0
0
0
4
1
0
0
0
0
0
0
0
0
0
0
0
0
0
0
0
1
10
0
0
0
325
0
1
0
0
0
0
0
0
0
0
0
0
1
332
3
0
0
0
0
0
6
0
0
17
0
0
1
0
0
0
0
1
1
0
0
0
0
222
69
1
0
0
0
13
0
0
347
0
2
7
335
0
34
59
0
400
0
0
3
20
0
1
12
1
0
1
0
0
1
0
0
0
0
0
0
0
0
1
0
0
0
0
0
1
0
0
0
0
163
0
0
0
0
0
0
0
0
0
1
376
0
272
0
0
0
5
0
1
0
0
0
0
0
1
0
14
0
0
0
0
0
0
0
0
0
73
0
228
190
121
10
1
0
0
0
1
77
0
447
292
0
0
0
4
0
13
0
0
0
0
0
0
0
11
0
0
23
0
0
0
0
280
3
0
0
0
0
0
269
0
0
0
10
207
0
0
0
0
1
0
8
0
5
0
0
2
0
0
34
0
0
0
0
9
0
221
0
0
1
0
1
0
5
0
0
0
0
224
0
0
0
0
93
0
0
0
1
1
0
74
0
1
8
0
5
0
0
3
0
9
0
5
0
13
0
0
0
4
0
5
0
1
49
0
0
3
0
0
0
0
0
0
0
2
0
0
0
0
0
0
0
0
10
19
0
1
0
0
0
0
0
1
0
0
0
0
0
0
1
164
1
0
0
0
0
0
22
55
0
1
0
0
0
0
0
1
0
17
0
26
1
0
2
0
0
1
1
314
1
12
0
0
0
0
0
0
0
0
2
0
1
42
0
0
6
0
0
1
0
0
1
0
0
0
0
20
326
0
0
0
0
0
2
255
0
0
0
0
1
0
0
0
0
0
0
79
0
0
8
293
0
0
0
0
0
0
0
0
0
0
1
1
163
0
0
51
0
1
0
0
0
0
13
0
4
0
0
300
0
1
0
0
0
1
0
57
0
0
0
0
16
7
1
0
103
0
386
0
0
0
150
126
0
0
0
431
1
0
0
0
0
0
0
1
0
0
9
0
1
268
0
0
0
0
0
13
0
0
10
0
0
0
244
0
358
0
1
0
0
0
0
0
0
1
10
44
0
0
0
152
19
0
19
0
0
0
174
3
1
0
0
0
0
0
1
0
1
0
0
304
0
0
3
152
0
0
0
183
67
295
0
0
23
0
208
0
7
0
0
3
0
0
0
0
0
95
0
7
0
284
0
0
10
21
10
0
12
0
0
0
222
2
0
0
0
1
9
0
0
0
9
0
0
0
0
24
44
2
0
0
0
0
0
0
0
0
259
274
333
1
0
0
0
0
0
0
0
0
0
0
0
1
0
0
176
118
0
0
0
5
1
64
0
199
0
0
1
0
1
0
16
273
0
0
0
0
0
1
0
0
0
0
64
0
55
0
0
0
43
0
0
0
1
0
0
0
2
0
117
0
0
0
1
13
0
0
0
0
0
0
0
13
4
0
0
0
0
321
0
0
0
204
0
0
241
0
0
214
312
6
0
0
0
1
1
1
0
1
5
0
0
0
15
0
0
194
0
0
15
9
164
5
284
0
3
0
1
0
0
236
0
290
0
0
0
0
0
0
0
0
1
0
1
0
1
0
0
314
0
0
0
0
0
1
0
0
0
0
0
0
0
4
57
4
0
0
1
0
0
54
0
0
0
0
2
0
0
14
0
6
0
0
0
14
6
0
0
0
0
0
0
0
0
286
0
15
0
4
0
0
0
0
0
0
0
0
0
0
0
0
3
45
0
0
0
0
0
4
66
0
0
0
6
0
0
0
0
0
0
0
0
0
0
0
0
0
74
0
0
0
0
0
0
0
2
0
163
1
75
214
356
0
0
0
0
1
0
1
0
1
83
0
363
0
0
4
0
292
0
0
0
288
0
0
0
0
0
4
20
0
20
0
0
0
0
0
0
187
0
157
248
1
0
338
0
0
0
1
0
0
0
0
0
0
1
0
3
9
0
0
0
10
0
0
0
0
0
0
0
0
81
0
0
0
0
0
0
0
0
0
0
0
19
106
0
0
5
0
0
0
0
1
311
0
0
0
4
0
0
10
0
0
17
0
0
0
1
446
0
1
0
0
0
0
0
0
0
0
0
0
0
0
0
19
0
0
267
0
0
0
0
0
0
0
0
0
0
0
1
0
0
234
0
0
0
0
0
0
0
0
0
0
0
0
0
0
0
0
0
0
0
0
1
0
0
1
0
264
0
70
0
0
0
1
0
0
0
2
1
307
0
375
0
0
46
301
0
0
0
0
0
0
2
10
0
0
330
0
7
0
11
2
0
0
1
11
0
0
0
0
0
0
20
10
0
4
67
0
0
0
0
0
0
0
1
0
279
0
0
0
28
0
0
0
0
0
0
1
6
0
0
1
0
76
0
1
0
0
0
0
0
5
65
12
17
0
0
0
0
0
208
0
0
176
0
394
0
0
0
0
0
0
0
0
94
0
4
0
2
0
0
2
0
224
2
6
0
193
0
0
0
0
0
0
3
0
0
0
368
0
14
13
1
118
0
0
288
11
0
0
0
53
0
0
2
0
0
0
0
7
397
0
6
0
0
74
0
0
0
0
1
0
0
0
261
0
0
0
0
0
0
3
0
0
0
15
0
0
0
0
0
0
0
0
0
0
0
382
0
0
41
0
0
0
0
0
0
1
0
0
45
0
31
136
0
0
0
0
0
402
0
0
0
7
1
0
0
1
0
0
0
0
1
8
0
22
0
0
0
0
1
0
0
0
0
0
0
0
2
0
1
0
0
3
1
0
1
11
0
0
0
11
100
0
0
0
0
0
0
0
0
0
0
0
0
0
15
0
1
184
23
1
114
7
0
0
1
0
6
14
0
0
0
6
0
0
0
0
0
289
0
0
17
283
0
0
0
0
0
0
0
0
186
0
0
0
0
1
0
0
0
0
235
52
0
153
0
0
72
0
0
0
0
0
0
0
0
0
0
0
0
1
0
261
447
0
0
0
0
0
16
0
0
0
1
1
73
0
0
0
1
0
0
1
0
297
0
0
0
2
1
0
0
0
0
0
0
1
0
0
0
0
0
0
0
96
0
0
0
0
0
2
0
261
0
0
0
0
0
332
0
0
0
10
0
0
0
0
0
0
0
217
0
0
1
0
0
0
0
0
0
0
2
1
0
0
0
0
9
0
37
0
0
0
0
3
0
279
0
0
0
0
0
1
379
0
1
0
0
0
0
0
301
0
0
3
292
2
0
0
14
0
0
0
0
1
1
0
0
0
82
0
95
0
0
1
1
2
0
0
0
0
0
0
0
0
0
28
1
2
0
0
0
0
0
0
0
0
0
0
0
0
240
0
1
0
0
0
1
100
0
3
0
9
1
0
0
0
6
4
0
0
16
1
0
0
0
0
0
1
3
0
222
0
0
0
0
0
0
0
0
0
121
0
2
0
426
0
1
0
0
114
0
13
394
0
0
0
0
0
0
1
10
0
0
0
0
140
4
7
1
0
0
2
0
0
13
0
0
0
0
0
43
0
0
1
0
0
0
0
0
0
3
0
87
0
2
0
6
0
0
0
0
0
1
0
0
0
0
0
87
79
1
0
0
0
8
106
340
0
79
0
0
192
0
0
0
0
1
0
0
0
0
0
75
0
0
1
47
187
0
0
0
0
0
0
11
0
0
0
61
42
4
0
0
0
0
0
0
0
0
0
0
5
0
89
0
0
0
0
8
0
1
0
0
0
0
1
2
0
0
2
11
0
0
0
8
0
0
0
6
18
1
169
3
0
0
0
0
0
0
0
0
0
0
0
0
0
186
0
0
1
277
0
0
0
0
0
0
7
0
0
280
0
0
1
0
0
160
0
0
0
295
0
0
0
318
1
14
0
0
418
0
229
85
0
0
0
0
1
1
0
0
0
0
0
0
0
0
0
0
0
0
0
196
0
0
1
0
0
1
0
0
13
0
1
0
0
1
18
0
1
1
0
0
0
0
0
0
0
0
0
370
0
0
0
2
0
0
0
1
0
2
0
0
0
1
0
0
1
0
0
267
173
0
0
0
0
0
201
0
0
0
0
0
0
0
0
0
0
14
0
0
0
0
1
0
0
3
18
0
0
0
7
0
0
3
1
0
0
19
0
0
16
421
163
68
0
0
28
0
0
0
0
0
0
0
0
0
0
0
0
0
0
168
0
0
0
0
1
0
0
2
56
0
0
0
2
0
1
0
0
0
0
1
0
413
1
0
0
1
0
0
0
0
0
0
0
1
1
188
1
0
0
0
0
0
0
0
0
0
178
0
0
0
321
362
0
0
0
10
39
0
0
0
0
1
0
1
1
19
4
0
0
19
0
0
0
0
0
367
0
6
91
0
194
0
0
0
46
0
0
0
1
1
0
3
0
20
237
0
9
0
0
0
0
0
0
1
0
0
0
17
52
0
0
16
190
48
193
14
0
0
0
0
0
0
424
367
0
0
75
0
0
0
0
1
0
0
65
453
0
0
0
0
0
426
0
0
0
0
0
0
0
0
11
0
0
0
0
0
0
0
0
0
0
0
0
0
0
0
0
0
0
0
0
0
0
0
1
0
5
0
0
0
1
0
13
0
0
0
0
5
0
0
0
0
0
49
1
0
0
0
0
365
12
0
0
0
0
0
0
1
0
0
0
0
0
0
0
0
1
0
18
0
0
0
1
0
0
0
0
0
0
0
130
12
0
119
0
0
20
0
0
0
0
0
0
0
346
0
0
0
0
9
0
0
279
1
133
0
0
359
0
1
0
0
0
0
0
0
0
2
0
0
0
1
0
402
0
0
0
0
0
371
0
1
187
0
0
0
0
0
0
0
0
1
235
4
0
0
0
0
0
0
0
1
0
0
0
1
139
0
0
0
345
0
0
0
1
0
0
0
0
17
0
18
22
0
0
0
0
0
0
0
121
2
62
0
0
1
0
0
0
200
7
0
0
0
0
0
0
0
0
2
274
210
0
33
16
0
0
2
0
0
0
0
201
0
0
372
255
1
0
0
0
80
1
0
0
0
0
0
0
14
0
0
16
0
0
48
0
0
0
0
0
0
0
4
0
0
434
0
0
0
0
0
0
0
329
0
12
0
0
0
0
7
0
0
0
0
1
0
0
0
2
10
0
1
3
0
1
83
0
0
0
7
0
0
0
296
0
0
0
0
0
0
17
0
12
0
0
241
0
0
0
0
1
0
1
423
0
0
1
64
319
0
395
0
0
65
0
0
1
0
0
0
0
0
0
0
0
18
6
0
0
8
0
53
0
0
0
185
17
0
291
0
14
0
0
0
1
68
0
0
0
0
0
5
0
0
0
0
0
105
0
0
0
0
0
0
0
0
0
0
10
0
0
0
0
71
372
279
0
0
5
1
0
0
0
0
1
392
0
0
0
0
77
0
4
0
0
13
0
8
0
8
0
0
0
12
0
6
0
0
205
0
0
0
0
0
0
27
130
0
6
0
0
230
0
0
1
0
0
0
79
0
1
156
0
0
0
7
1
10
95
1
1
0
9
0
0
236
0
472
235
1
0
0
0
147
0
0
0
0
0
196
0
0
193
0
0
0
0
0
8
1
0
0
1
0
0
310
0
1
1
0
1
0
0
0
0
0
0
0
0
0
47
4
0
1
0
90
0
0
0
71
1
1
143
0
0
0
0
0
0
0
0
0
0
2
0
0
0
0
0
0
0
178
0
0
0
0
0
0
0
0
0
0
1
0
0
0
0
0
0
0
0
14
0
0
279
438
1
0
0
33
9
0
150
1
236
45
0
0
0
0
0
0
0
8
0
353
0
0
0
12
0
0
0
0
0
77
156
0
34
12
0
0
120
10
0
0
0
6
281
0
84
0
0
0
0
0
0
0
2
0
0
11
0
0
1
0
0
326
8
0
1
0
0
0
1
5
0
10
0
0
0
3
332
0
0
0
10
1
0
14
0
0
0
121
17
0
15
0
342
0
114
0
0
0
0
0
0
0
140
0
0
338
2
0
0
0
41
0
1
0
0
0
3
0
0
10
0
1
0
0
0
85
399
0
11
1
0
0
0
0
0
131
0
0
0
0
59
0
0
0
1
0
291
0
19
0
27
252
15
0
0
0
249
8
0
0
0
7
0
1
0
0
0
0
11
1
0
11
0
0
179
0
0
0
55
0
0
0
0
0
0
0
0
0
0
1
417
0
0
0
0
0
383
0
12
0
0
0
0
13
0
108
0
0
0
396
0
17
0
93
0
1
146
0
0
0
0
325
0
1
0
12
0
307
7
0
0
1
0
14
17
0
64
0
0
0
0
1
8
11
0
0
0
0
0
0
0
0
2
0
0
0
0
0
0
1
0
0
0
0
0
5
6
102
0
0
10
3
1
0
10
0
21
0
0
0
0
314
0
17
42
0
16
0
4
232
171
0
28
0
0
0
0
0
192
0
0
0
0
5
0
0
0
6
8
0
0
0
207
0
0
0
0
46
0
0
16
1
1
0
32
1
0
0
0
0
0
0
0
0
0
361
0
0
17
1
0
1
7
0
12
132
0
76
2
0
0
9
0
0
0
0
0
0
0
0
0
12
11
0
0
0
0
79
1
333
1
0
328
2
0
0
0
228
12
0
0
104
0
0
11
0
180
0
0
151
0
0
0
15
0
0
0
0
0
22
0
0
37
1
0
0
0
0
0
0
1
0
0
0
0
0
0
1
2
0
0
42
173
0
114
10
0
0
0
0
106
0
0
0
0
0
0
0
0
0
0
0
1
0
45
13
0
0
0
0
0
4
398
0
13
0
262
0
0
0
0
0
0
0
0
0
1
117
0
0
0
477
4
0
0
0
105
0
0
0
1
242
0
0
0
0
9
0
0
0
12
3
0
0
0
310
0
3
0
0
0
0
0
20
159
2
0
0
0
0
5
0
1
0
15
87
0
192
7
0
0
0
1
4
4
0
0
0
0
0
8
0
1
0
0
1
159
0
0
6
0
0
0
419
103
0
0
0
0
2
1
13
0
0
0
0
0
1
1
0
0
341
255
218
0
0
0
3
1
1
14
0
14
0
0
0
207
0
0
0
0
0
1
0
1
0
0
0
0
141
3
0
0
261
0
1
0
0
0
0
1
3
0
0
5
0
0
392
0
369
0
15
0
0
0
0
0
167
0
0
0
0
0
2
0
0
0
2
7
0
0
0
0
0
0
0
1
0
0
0
1
0
0
0
0
0
1
1
356
327
0
20
0
0
262
0
0
43
0
4
0
2
1
1
0
13
1
295
0
0
0
0
0
0
1
433
0
0
0
0
0
0
0
1
0
1
0
0
0
371
1
0
0
0
0
386
92
0
92
2
0
0
0
7
0
440
23
0
62
0
0
1
0
0
446
0
63
0
53
0
0
0
7
0
149
0
0
0
182
1
0
0
0
1
0
0
334
0
0
0
0
19
0
0
0
21
0
0
0
0
0
0
0
0
464
211
439
1
0
0
0
0
0
0
0
0
0
0
0
0
1
0
0
0
1
0
0
0
0
273
0
0
0
1
448
226
0
52
11
0
0
105
0
10
0
0
0
271
0
0
0
4
0
0
0
0
0
0
0
0
0
0
1
0
0
0
1
7
20
0
179
0
194
2
0
0
0
0
79
0
0
1
191
0
0
0
0
0
327
115
0
11
0
0
0
0
0
0
1
0
0
0
0
0
0
11
1
0
0
0
0
1
6
0
2
0
0
9
0
0
5
0
19
0
0
0
0
0
0
1
0
0
0
0
0
0
0
1
0
0
431
0
0
0
11
0
3
0
0
0
0
0
0
0
0
0
101
0
52
0
1
0
0
0
0
3
0
0
2
0
0
404
2
0
358
0
0
2
0
0
0
0
4
0
0
0
0
0
0
0
35
2
0
0
0
2
0
0
0
0
0
0
1
1
0
0
0
0
0
0
325
376
19
0
0
3
0
0
0
0
