1 1 1 1 1 1 1 Rejected!
1 1 1 1 1 1 2 Rejected!
1 1 1 1 1 1 3 Rejected!
1 1 1 1 1 1 4 Rejected!
1 1 1 2 1 1 1 Rejected!
1 1 1 2 1 1 2 Rejected!
1 1 1 2 1 1 3 Rejected!
1 1 1 2 1 1 4 Rejected!
1 1 1 1 1 2 1 Rejected!
1 1 1 1 1 2 2 Rejected!
1 1 1 1 1 2 3 Rejected!
1 1 1 1 1 2 4 Rejected!
1 1 1 2 1 2 1 Rejected!
1 1 1 2 1 2 2 Rejected!
1 1 1 2 1 2 3 Rejected!
1 1 1 2 1 2 4 Rejected!
1 1 1 1 1 3 1 Rejected!
1 1 1 1 1 3 2 Rejected!
1 1 1 1 1 3 3 Rejected!
1 1 1 1 1 3 4 Rejected!
1 1 1 2 1 3 1 Rejected!
1 1 1 2 1 3 2 Rejected!
1 1 1 2 1 3 3 Rejected!
1 1 1 2 1 3 4 Rejected!
1 1 1 1 1 4 1 Rejected!
1 1 1 1 1 4 2 Rejected!
1 1 1 1 1 4 3 Rejected!
1 1 1 1 1 4 4 Rejected!
1 1 1 2 1 4 1 Rejected!
1 1 1 2 1 4 2 Rejected!
1 1 1 2 1 4 3 Rejected!
1 1 1 2 1 4 4 Rejected!
1 1 2 1 1 1 1 Rejected!
1 1 2 1 1 1 2 Rejected!
1 1 2 1 1 1 3 Rejected!
1 1 2 1 1 1 4 Rejected!
1 1 2 2 1 1 1 Rejected!
1 1 2 2 1 1 2 Rejected!
1 1 2 2 1 1 3 Rejected!
1 1 2 2 1 1 4 Rejected!
1 1 2 1 1 2 1 Rejected!
1 1 2 1 1 2 2 Rejected!
1 1 2 1 1 2 3 Rejected!
1 1 2 1 1 2 4 Rejected!
1 1 2 2 1 2 1 Rejected!
1 1 2 2 1 2 2 Rejected!
1 1 2 2 1 2 3 Rejected!
1 1 2 2 1 2 4 Rejected!
1 1 2 1 1 3 1 Rejected!
1 1 2 1 1 3 2 Rejected!
1 1 2 1 1 3 3 Rejected!
1 1 2 1 1 3 4 Rejected!
1 1 2 2 1 3 1 Rejected!
1 1 2 2 1 3 2 Rejected!
1 1 2 2 1 3 3 Rejected!
1 1 2 2 1 3 4 Rejected!
1 1 2 1 1 4 1 Rejected!
1 1 2 1 1 4 2 Rejected!
1 1 2 1 1 4 3 Rejected!
1 1 2 1 1 4 4 Rejected!
1 1 2 2 1 4 1 Rejected!
1 1 2 2 1 4 2 Rejected!
1 1 2 2 1 4 3 Rejected!
1 1 2 2 1 4 4 Rejected!
1 1 1 1 2 1 1 Rejected!
1 1 1 1 2 1 2 Rejected!
1 1 1 1 2 1 3 Rejected!
1 1 1 1 2 1 4 Rejected!
1 1 1 2 2 1 1 Rejected!
1 1 1 2 2 1 2 Rejected!
1 1 1 2 2 1 3 Rejected!
1 1 1 2 2 1 4 Rejected!
1 1 1 1 2 2 1 Rejected!
1 1 1 1 2 2 2 Rejected!
1 1 1 1 2 2 3 Rejected!
1 1 1 1 2 2 4 Rejected!
1 1 1 2 2 2 1 Rejected!
1 1 1 2 2 2 2 Rejected!
1 1 1 2 2 2 3 Rejected!
1 1 1 2 2 2 4 Rejected!
1 1 1 1 2 3 1 Rejected!
1 1 1 1 2 3 2 Rejected!
1 1 1 1 2 3 3 Rejected!
1 1 1 1 2 3 4 Rejected!
1 1 1 2 2 3 1 Rejected!
1 1 1 2 2 3 2 Rejected!
1 1 1 2 2 3 3 Rejected!
1 1 1 2 2 3 4 Rejected!
1 1 1 1 2 4 1 Rejected!
1 1 1 1 2 4 2 Rejected!
1 1 1 1 2 4 3 Rejected!
1 1 1 1 2 4 4 Rejected!
1 1 1 2 2 4 1 Rejected!
1 1 1 2 2 4 2 Rejected!
1 1 1 2 2 4 3 Rejected!
1 1 1 2 2 4 4 Rejected!
1 1 2 1 2 1 1 Rejected!
1 1 2 1 2 1 2 Rejected!
1 1 2 1 2 1 3 Rejected!
1 1 2 1 2 1 4 Rejected!
1 1 2 2 2 1 1 Rejected!
1 1 2 2 2 1 2 Rejected!
1 1 2 2 2 1 3 Rejected!
1 1 2 2 2 1 4 Rejected!
1 1 2 1 2 2 1 Rejected!
1 1 2 1 2 2 2 Rejected!
1 1 2 1 2 2 3 Rejected!
1 1 2 1 2 2 4 Rejected!
1 1 2 2 2 2 1 Rejected!
1 1 2 2 2 2 2 Rejected!
1 1 2 2 2 2 3 Rejected!
1 1 2 2 2 2 4 Rejected!
1 1 2 1 2 3 1 Rejected!
1 1 2 1 2 3 2 Rejected!
1 1 2 1 2 3 3 Rejected!
1 1 2 1 2 3 4 Rejected!
1 1 2 2 2 3 1 Rejected!
1 1 2 2 2 3 2 Rejected!
1 1 2 2 2 3 3 Rejected!
1 1 2 2 2 3 4 Rejected!
1 1 2 1 2 4 1 Rejected!
1 1 2 1 2 4 2 Rejected!
1 1 2 1 2 4 3 Rejected!
1 1 2 1 2 4 4 Rejected!
1 1 2 2 2 4 1 Rejected!
1 1 2 2 2 4 2 Rejected!
1 1 2 2 2 4 3 Rejected!
1 1 2 2 2 4 4 Rejected!
1 1 1 1 3 1 1 Rejected!
1 1 1 1 3 1 2 Rejected!
1 1 1 1 3 1 3 Rejected!
1 1 1 1 3 1 4 Rejected!
1 1 1 2 3 1 1 Rejected!
1 1 1 2 3 1 2 Rejected!
1 1 1 2 3 1 3 Rejected!
1 1 1 2 3 1 4 Rejected!
1 1 1 1 3 2 1 Rejected!
1 1 1 1 3 2 2 Rejected!
1 1 1 1 3 2 3 Rejected!
1 1 1 1 3 2 4 Rejected!
1 1 1 2 3 2 1 Rejected!
1 1 1 2 3 2 2 Rejected!
1 1 1 2 3 2 3 Rejected!
1 1 1 2 3 2 4 Rejected!
1 1 1 1 3 3 1 Rejected!
1 1 1 1 3 3 2 Rejected!
1 1 1 1 3 3 3 Rejected!
1 1 1 1 3 3 4 Rejected!
1 1 1 2 3 3 1 Rejected!
1 1 1 2 3 3 2 Rejected!
1 1 1 2 3 3 3 Rejected!
1 1 1 2 3 3 4 Rejected!
1 1 1 1 3 4 1 Rejected!
1 1 1 1 3 4 2 Rejected!
1 1 1 1 3 4 3 Rejected!
1 1 1 1 3 4 4 Rejected!
1 1 1 2 3 4 1 Rejected!
1 1 1 2 3 4 2 Rejected!
1 1 1 2 3 4 3 Rejected!
1 1 1 2 3 4 4 Rejected!
1 1 2 1 3 1 1 Rejected!
1 1 2 1 3 1 2 Rejected!
1 1 2 1 3 1 3 Rejected!
1 1 2 1 3 1 4 Rejected!
1 1 2 2 3 1 1 Pass
1 1 2 2 3 1 2 Pass
1 1 2 2 3 1 3 Rejected!
1 1 2 2 3 1 4 Rejected!
1 1 2 1 3 2 1 Rejected!
1 1 2 1 3 2 2 Rejected!
1 1 2 1 3 2 3 Rejected!
1 1 2 1 3 2 4 Rejected!
1 1 2 2 3 2 1 Rejected!
1 1 2 2 3 2 2 Rejected!
1 1 2 2 3 2 3 Rejected!
1 1 2 2 3 2 4 Rejected!
1 1 2 1 3 3 1 Rejected!
1 1 2 1 3 3 2 Rejected!
1 1 2 1 3 3 3 Rejected!
1 1 2 1 3 3 4 Rejected!
1 1 2 2 3 3 1 Rejected!
1 1 2 2 3 3 2 Rejected!
1 1 2 2 3 3 3 Rejected!
1 1 2 2 3 3 4 Rejected!
1 1 2 1 3 4 1 Rejected!
1 1 2 1 3 4 2 Rejected!
1 1 2 1 3 4 3 Rejected!
1 1 2 1 3 4 4 Rejected!
1 1 2 2 3 4 1 Rejected!
1 1 2 2 3 4 2 Rejected!
1 1 2 2 3 4 3 Rejected!
1 1 2 2 3 4 4 Rejected!
1 1 1 1 4 1 1 Rejected!
1 1 1 1 4 1 2 Rejected!
1 1 1 1 4 1 3 Rejected!
1 1 1 1 4 1 4 Rejected!
1 1 1 2 4 1 1 Rejected!
1 1 1 2 4 1 2 Rejected!
1 1 1 2 4 1 3 Rejected!
1 1 1 2 4 1 4 Rejected!
1 1 1 1 4 2 1 Rejected!
1 1 1 1 4 2 2 Rejected!
1 1 1 1 4 2 3 Rejected!
1 1 1 1 4 2 4 Rejected!
1 1 1 2 4 2 1 Rejected!
1 1 1 2 4 2 2 Rejected!
1 1 1 2 4 2 3 Rejected!
1 1 1 2 4 2 4 Rejected!
1 1 1 1 4 3 1 Rejected!
1 1 1 1 4 3 2 Rejected!
1 1 1 1 4 3 3 Rejected!
1 1 1 1 4 3 4 Rejected!
1 1 1 2 4 3 1 Rejected!
1 1 1 2 4 3 2 Rejected!
1 1 1 2 4 3 3 Rejected!
1 1 1 2 4 3 4 Rejected!
1 1 1 1 4 4 1 Rejected!
1 1 1 1 4 4 2 Rejected!
1 1 1 1 4 4 3 Rejected!
1 1 1 1 4 4 4 Rejected!
1 1 1 2 4 4 1 Pass
1 1 1 2 4 4 2 Rejected!
1 1 1 2 4 4 3 Rejected!
1 1 1 2 4 4 4 Rejected!
1 1 2 1 4 1 1 Rejected!
1 1 2 1 4 1 2 Rejected!
1 1 2 1 4 1 3 Rejected!
1 1 2 1 4 1 4 Rejected!
1 1 2 2 4 1 1 Pass
1 1 2 2 4 1 2 Rejected!
1 1 2 2 4 1 3 Rejected!
1 1 2 2 4 1 4 Rejected!
1 1 2 1 4 2 1 Rejected!
1 1 2 1 4 2 2 Rejected!
1 1 2 1 4 2 3 Rejected!
1 1 2 1 4 2 4 Rejected!
1 1 2 2 4 2 1 Pass
1 1 2 2 4 2 2 Rejected!
1 1 2 2 4 2 3 Rejected!
1 1 2 2 4 2 4 Rejected!
1 1 2 1 4 3 1 Rejected!
1 1 2 1 4 3 2 Rejected!
1 1 2 1 4 3 3 Rejected!
1 1 2 1 4 3 4 Rejected!
1 1 2 2 4 3 1 Rejected!
1 1 2 2 4 3 2 Rejected!
1 1 2 2 4 3 3 Rejected!
1 1 2 2 4 3 4 Rejected!
1 1 2 1 4 4 1 Rejected!
1 1 2 1 4 4 2 Rejected!
1 1 2 1 4 4 3 Rejected!
1 1 2 1 4 4 4 Rejected!
1 1 2 2 4 4 1 Rejected!
1 1 2 2 4 4 2 Rejected!
1 1 2 2 4 4 3 Rejected!
1 1 2 2 4 4 4 Rejected!
1 2 1 1 1 1 1 Rejected!
1 2 1 1 1 1 2 Rejected!
1 2 1 1 1 1 3 Rejected!
1 2 1 1 1 1 4 Rejected!
1 2 1 2 1 1 1 Rejected!
1 2 1 2 1 1 2 Rejected!
1 2 1 2 1 1 3 Rejected!
1 2 1 2 1 1 4 Rejected!
1 2 1 1 1 2 1 Rejected!
1 2 1 1 1 2 2 Rejected!
1 2 1 1 1 2 3 Rejected!
1 2 1 1 1 2 4 Rejected!
1 2 1 2 1 2 1 Rejected!
1 2 1 2 1 2 2 Rejected!
1 2 1 2 1 2 3 Rejected!
1 2 1 2 1 2 4 Rejected!
1 2 1 1 1 3 1 Rejected!
1 2 1 1 1 3 2 Rejected!
1 2 1 1 1 3 3 Rejected!
1 2 1 1 1 3 4 Rejected!
1 2 1 2 1 3 1 Rejected!
1 2 1 2 1 3 2 Rejected!
1 2 1 2 1 3 3 Rejected!
1 2 1 2 1 3 4 Rejected!
1 2 1 1 1 4 1 Rejected!
1 2 1 1 1 4 2 Rejected!
1 2 1 1 1 4 3 Rejected!
1 2 1 1 1 4 4 Rejected!
1 2 1 2 1 4 1 Pass
1 2 1 2 1 4 2 Rejected!
1 2 1 2 1 4 3 Rejected!
1 2 1 2 1 4 4 Rejected!
1 2 2 1 1 1 1 Rejected!
1 2 2 1 1 1 2 Rejected!
1 2 2 1 1 1 3 Rejected!
1 2 2 1 1 1 4 Rejected!
1 2 2 2 1 1 1 Pass
1 2 2 2 1 1 2 Rejected!
1 2 2 2 1 1 3 Rejected!
1 2 2 2 1 1 4 Rejected!
1 2 2 1 1 2 1 Rejected!
1 2 2 1 1 2 2 Rejected!
1 2 2 1 1 2 3 Rejected!
1 2 2 1 1 2 4 Rejected!
1 2 2 2 1 2 1 Rejected!
1 2 2 2 1 2 2 Rejected!
1 2 2 2 1 2 3 Rejected!
1 2 2 2 1 2 4 Rejected!
1 2 2 1 1 3 1 Rejected!
1 2 2 1 1 3 2 Rejected!
1 2 2 1 1 3 3 Rejected!
1 2 2 1 1 3 4 Rejected!
1 2 2 2 1 3 1 Rejected!
1 2 2 2 1 3 2 Rejected!
1 2 2 2 1 3 3 Rejected!
1 2 2 2 1 3 4 Rejected!
1 2 2 1 1 4 1 Rejected!
1 2 2 1 1 4 2 Rejected!
1 2 2 1 1 4 3 Rejected!
1 2 2 1 1 4 4 Rejected!
1 2 2 2 1 4 1 Rejected!
1 2 2 2 1 4 2 Rejected!
1 2 2 2 1 4 3 Rejected!
1 2 2 2 1 4 4 Rejected!
1 2 1 1 2 1 1 Rejected!
1 2 1 1 2 1 2 Rejected!
1 2 1 1 2 1 3 Rejected!
1 2 1 1 2 1 4 Rejected!
1 2 1 2 2 1 1 Rejected!
1 2 1 2 2 1 2 Rejected!
1 2 1 2 2 1 3 Rejected!
1 2 1 2 2 1 4 Rejected!
1 2 1 1 2 2 1 Rejected!
1 2 1 1 2 2 2 Rejected!
1 2 1 1 2 2 3 Rejected!
1 2 1 1 2 2 4 Rejected!
1 2 1 2 2 2 1 Rejected!
1 2 1 2 2 2 2 Rejected!
1 2 1 2 2 2 3 Rejected!
1 2 1 2 2 2 4 Rejected!
1 2 1 1 2 3 1 Rejected!
1 2 1 1 2 3 2 Rejected!
1 2 1 1 2 3 3 Rejected!
1 2 1 1 2 3 4 Rejected!
1 2 1 2 2 3 1 Rejected!
1 2 1 2 2 3 2 Rejected!
1 2 1 2 2 3 3 Rejected!
1 2 1 2 2 3 4 Rejected!
1 2 1 1 2 4 1 Rejected!
1 2 1 1 2 4 2 Rejected!
1 2 1 1 2 4 3 Rejected!
1 2 1 1 2 4 4 Rejected!
1 2 1 2 2 4 1 Rejected!
1 2 1 2 2 4 2 Rejected!
1 2 1 2 2 4 3 Rejected!
1 2 1 2 2 4 4 Rejected!
1 2 2 1 2 1 1 Rejected!
1 2 2 1 2 1 2 Rejected!
1 2 2 1 2 1 3 Rejected!
1 2 2 1 2 1 4 Rejected!
1 2 2 2 2 1 1 Rejected!
1 2 2 2 2 1 2 Rejected!
1 2 2 2 2 1 3 Rejected!
1 2 2 2 2 1 4 Rejected!
1 2 2 1 2 2 1 Rejected!
1 2 2 1 2 2 2 Rejected!
1 2 2 1 2 2 3 Rejected!
1 2 2 1 2 2 4 Rejected!
1 2 2 2 2 2 1 Rejected!
1 2 2 2 2 2 2 Rejected!
1 2 2 2 2 2 3 Rejected!
1 2 2 2 2 2 4 Rejected!
1 2 2 1 2 3 1 Rejected!
1 2 2 1 2 3 2 Rejected!
1 2 2 1 2 3 3 Rejected!
1 2 2 1 2 3 4 Rejected!
1 2 2 2 2 3 1 Rejected!
1 2 2 2 2 3 2 Rejected!
1 2 2 2 2 3 3 Rejected!
1 2 2 2 2 3 4 Rejected!
1 2 2 1 2 4 1 Rejected!
1 2 2 1 2 4 2 Rejected!
1 2 2 1 2 4 3 Rejected!
1 2 2 1 2 4 4 Rejected!
1 2 2 2 2 4 1 Rejected!
1 2 2 2 2 4 2 Rejected!
1 2 2 2 2 4 3 Rejected!
1 2 2 2 2 4 4 Rejected!
1 2 1 1 3 1 1 Rejected!
1 2 1 1 3 1 2 Rejected!
1 2 1 1 3 1 3 Rejected!
1 2 1 1 3 1 4 Rejected!
1 2 1 2 3 1 1 Rejected!
1 2 1 2 3 1 2 Rejected!
1 2 1 2 3 1 3 Rejected!
1 2 1 2 3 1 4 Rejected!
1 2 1 1 3 2 1 Rejected!
1 2 1 1 3 2 2 Rejected!
1 2 1 1 3 2 3 Rejected!
1 2 1 1 3 2 4 Rejected!
1 2 1 2 3 2 1 Rejected!
1 2 1 2 3 2 2 Rejected!
1 2 1 2 3 2 3 Rejected!
1 2 1 2 3 2 4 Rejected!
1 2 1 1 3 3 1 Rejected!
1 2 1 1 3 3 2 Rejected!
1 2 1 1 3 3 3 Rejected!
1 2 1 1 3 3 4 Rejected!
1 2 1 2 3 3 1 Rejected!
1 2 1 2 3 3 2 Rejected!
1 2 1 2 3 3 3 Rejected!
1 2 1 2 3 3 4 Rejected!
1 2 1 1 3 4 1 Rejected!
1 2 1 1 3 4 2 Rejected!
1 2 1 1 3 4 3 Rejected!
1 2 1 1 3 4 4 Rejected!
1 2 1 2 3 4 1 Rejected!
1 2 1 2 3 4 2 Rejected!
1 2 1 2 3 4 3 Rejected!
1 2 1 2 3 4 4 Rejected!
1 2 2 1 3 1 1 Rejected!
1 2 2 1 3 1 2 Rejected!
1 2 2 1 3 1 3 Rejected!
1 2 2 1 3 1 4 Rejected!
1 2 2 2 3 1 1 Rejected!
1 2 2 2 3 1 2 Rejected!
1 2 2 2 3 1 3 Rejected!
1 2 2 2 3 1 4 Rejected!
1 2 2 1 3 2 1 Rejected!
1 2 2 1 3 2 2 Rejected!
1 2 2 1 3 2 3 Rejected!
1 2 2 1 3 2 4 Rejected!
1 2 2 2 3 2 1 Rejected!
1 2 2 2 3 2 2 Rejected!
1 2 2 2 3 2 3 Rejected!
1 2 2 2 3 2 4 Rejected!
1 2 2 1 3 3 1 Rejected!
1 2 2 1 3 3 2 Rejected!
1 2 2 1 3 3 3 Rejected!
1 2 2 1 3 3 4 Rejected!
1 2 2 2 3 3 1 Rejected!
1 2 2 2 3 3 2 Rejected!
1 2 2 2 3 3 3 Rejected!
1 2 2 2 3 3 4 Rejected!
1 2 2 1 3 4 1 Rejected!
1 2 2 1 3 4 2 Rejected!
1 2 2 1 3 4 3 Rejected!
1 2 2 1 3 4 4 Rejected!
1 2 2 2 3 4 1 Rejected!
1 2 2 2 3 4 2 Rejected!
1 2 2 2 3 4 3 Rejected!
1 2 2 2 3 4 4 Rejected!
1 2 1 1 4 1 1 Rejected!
1 2 1 1 4 1 2 Rejected!
1 2 1 1 4 1 3 Rejected!
1 2 1 1 4 1 4 Rejected!
1 2 1 2 4 1 1 Rejected!
1 2 1 2 4 1 2 Rejected!
1 2 1 2 4 1 3 Rejected!
1 2 1 2 4 1 4 Rejected!
1 2 1 1 4 2 1 Rejected!
1 2 1 1 4 2 2 Rejected!
1 2 1 1 4 2 3 Rejected!
1 2 1 1 4 2 4 Rejected!
1 2 1 2 4 2 1 Rejected!
1 2 1 2 4 2 2 Rejected!
1 2 1 2 4 2 3 Rejected!
1 2 1 2 4 2 4 Rejected!
1 2 1 1 4 3 1 Rejected!
1 2 1 1 4 3 2 Rejected!
1 2 1 1 4 3 3 Rejected!
1 2 1 1 4 3 4 Rejected!
1 2 1 2 4 3 1 Rejected!
1 2 1 2 4 3 2 Rejected!
1 2 1 2 4 3 3 Rejected!
1 2 1 2 4 3 4 Rejected!
1 2 1 1 4 4 1 Rejected!
1 2 1 1 4 4 2 Rejected!
1 2 1 1 4 4 3 Rejected!
1 2 1 1 4 4 4 Rejected!
1 2 1 2 4 4 1 Rejected!
1 2 1 2 4 4 2 Rejected!
1 2 1 2 4 4 3 Rejected!
1 2 1 2 4 4 4 Rejected!
1 2 2 1 4 1 1 Rejected!
1 2 2 1 4 1 2 Rejected!
1 2 2 1 4 1 3 Rejected!
1 2 2 1 4 1 4 Rejected!
1 2 2 2 4 1 1 Rejected!
1 2 2 2 4 1 2 Rejected!
1 2 2 2 4 1 3 Rejected!
1 2 2 2 4 1 4 Rejected!
1 2 2 1 4 2 1 Rejected!
1 2 2 1 4 2 2 Rejected!
1 2 2 1 4 2 3 Rejected!
1 2 2 1 4 2 4 Rejected!
1 2 2 2 4 2 1 Rejected!
1 2 2 2 4 2 2 Rejected!
1 2 2 2 4 2 3 Rejected!
1 2 2 2 4 2 4 Rejected!
1 2 2 1 4 3 1 Rejected!
1 2 2 1 4 3 2 Rejected!
1 2 2 1 4 3 3 Rejected!
1 2 2 1 4 3 4 Rejected!
1 2 2 2 4 3 1 Rejected!
1 2 2 2 4 3 2 Rejected!
1 2 2 2 4 3 3 Rejected!
1 2 2 2 4 3 4 Rejected!
1 2 2 1 4 4 1 Rejected!
1 2 2 1 4 4 2 Rejected!
1 2 2 1 4 4 3 Rejected!
1 2 2 1 4 4 4 Rejected!
1 2 2 2 4 4 1 Rejected!
1 2 2 2 4 4 2 Rejected!
1 2 2 2 4 4 3 Rejected!
1 2 2 2 4 4 4 Rejected!
2 1 1 1 1 1 1 Rejected!
2 1 1 1 1 1 2 Rejected!
2 1 1 1 1 1 3 Rejected!
2 1 1 1 1 1 4 Rejected!
2 1 1 2 1 1 1 Rejected!
2 1 1 2 1 1 2 Rejected!
2 1 1 2 1 1 3 Rejected!
2 1 1 2 1 1 4 Rejected!
2 1 1 1 1 2 1 Rejected!
2 1 1 1 1 2 2 Rejected!
2 1 1 1 1 2 3 Rejected!
2 1 1 1 1 2 4 Rejected!
2 1 1 2 1 2 1 Rejected!
2 1 1 2 1 2 2 Rejected!
2 1 1 2 1 2 3 Rejected!
2 1 1 2 1 2 4 Rejected!
2 1 1 1 1 3 1 Rejected!
2 1 1 1 1 3 2 Rejected!
2 1 1 1 1 3 3 Rejected!
2 1 1 1 1 3 4 Rejected!
2 1 1 2 1 3 1 Rejected!
2 1 1 2 1 3 2 Rejected!
2 1 1 2 1 3 3 Rejected!
2 1 1 2 1 3 4 Rejected!
2 1 1 1 1 4 1 Rejected!
2 1 1 1 1 4 2 Rejected!
2 1 1 1 1 4 3 Rejected!
2 1 1 1 1 4 4 Rejected!
2 1 1 2 1 4 1 Rejected!
2 1 1 2 1 4 2 Rejected!
2 1 1 2 1 4 3 Rejected!
2 1 1 2 1 4 4 Rejected!
2 1 2 1 1 1 1 Rejected!
2 1 2 1 1 1 2 Rejected!
2 1 2 1 1 1 3 Rejected!
2 1 2 1 1 1 4 Rejected!
2 1 2 2 1 1 1 Rejected!
2 1 2 2 1 1 2 Rejected!
2 1 2 2 1 1 3 Rejected!
2 1 2 2 1 1 4 Rejected!
2 1 2 1 1 2 1 Rejected!
2 1 2 1 1 2 2 Rejected!
2 1 2 1 1 2 3 Rejected!
2 1 2 1 1 2 4 Rejected!
2 1 2 2 1 2 1 Rejected!
2 1 2 2 1 2 2 Rejected!
2 1 2 2 1 2 3 Rejected!
2 1 2 2 1 2 4 Rejected!
2 1 2 1 1 3 1 Rejected!
2 1 2 1 1 3 2 Rejected!
2 1 2 1 1 3 3 Rejected!
2 1 2 1 1 3 4 Rejected!
2 1 2 2 1 3 1 Rejected!
2 1 2 2 1 3 2 Rejected!
2 1 2 2 1 3 3 Rejected!
2 1 2 2 1 3 4 Rejected!
2 1 2 1 1 4 1 Rejected!
2 1 2 1 1 4 2 Rejected!
2 1 2 1 1 4 3 Rejected!
2 1 2 1 1 4 4 Rejected!
2 1 2 2 1 4 1 Rejected!
2 1 2 2 1 4 2 Rejected!
2 1 2 2 1 4 3 Rejected!
2 1 2 2 1 4 4 Rejected!
2 1 1 1 2 1 1 Rejected!
2 1 1 1 2 1 2 Rejected!
2 1 1 1 2 1 3 Rejected!
2 1 1 1 2 1 4 Rejected!
2 1 1 2 2 1 1 Rejected!
2 1 1 2 2 1 2 Rejected!
2 1 1 2 2 1 3 Rejected!
2 1 1 2 2 1 4 Rejected!
2 1 1 1 2 2 1 Rejected!
2 1 1 1 2 2 2 Rejected!
2 1 1 1 2 2 3 Rejected!
2 1 1 1 2 2 4 Rejected!
2 1 1 2 2 2 1 Rejected!
2 1 1 2 2 2 2 Rejected!
2 1 1 2 2 2 3 Rejected!
2 1 1 2 2 2 4 Rejected!
2 1 1 1 2 3 1 Rejected!
2 1 1 1 2 3 2 Rejected!
2 1 1 1 2 3 3 Rejected!
2 1 1 1 2 3 4 Rejected!
2 1 1 2 2 3 1 Rejected!
2 1 1 2 2 3 2 Rejected!
2 1 1 2 2 3 3 Rejected!
2 1 1 2 2 3 4 Rejected!
2 1 1 1 2 4 1 Rejected!
2 1 1 1 2 4 2 Rejected!
2 1 1 1 2 4 3 Rejected!
2 1 1 1 2 4 4 Rejected!
2 1 1 2 2 4 1 Rejected!
2 1 1 2 2 4 2 Rejected!
2 1 1 2 2 4 3 Rejected!
2 1 1 2 2 4 4 Rejected!
2 1 2 1 2 1 1 Rejected!
2 1 2 1 2 1 2 Rejected!
2 1 2 1 2 1 3 Rejected!
2 1 2 1 2 1 4 Rejected!
2 1 2 2 2 1 1 Rejected!
2 1 2 2 2 1 2 Rejected!
2 1 2 2 2 1 3 Rejected!
2 1 2 2 2 1 4 Rejected!
2 1 2 1 2 2 1 Rejected!
2 1 2 1 2 2 2 Rejected!
2 1 2 1 2 2 3 Rejected!
2 1 2 1 2 2 4 Rejected!
2 1 2 2 2 2 1 Rejected!
2 1 2 2 2 2 2 Rejected!
2 1 2 2 2 2 3 Rejected!
2 1 2 2 2 2 4 Rejected!
2 1 2 1 2 3 1 Rejected!
2 1 2 1 2 3 2 Rejected!
2 1 2 1 2 3 3 Rejected!
2 1 2 1 2 3 4 Rejected!
2 1 2 2 2 3 1 Rejected!
2 1 2 2 2 3 2 Rejected!
2 1 2 2 2 3 3 Rejected!
2 1 2 2 2 3 4 Rejected!
2 1 2 1 2 4 1 Rejected!
2 1 2 1 2 4 2 Rejected!
2 1 2 1 2 4 3 Rejected!
2 1 2 1 2 4 4 Rejected!
2 1 2 2 2 4 1 Rejected!
2 1 2 2 2 4 2 Rejected!
2 1 2 2 2 4 3 Rejected!
2 1 2 2 2 4 4 Rejected!
2 1 1 1 3 1 1 Rejected!
2 1 1 1 3 1 2 Rejected!
2 1 1 1 3 1 3 Rejected!
2 1 1 1 3 1 4 Rejected!
2 1 1 2 3 1 1 Rejected!
2 1 1 2 3 1 2 Rejected!
2 1 1 2 3 1 3 Rejected!
2 1 1 2 3 1 4 Rejected!
2 1 1 1 3 2 1 Rejected!
2 1 1 1 3 2 2 Rejected!
2 1 1 1 3 2 3 Rejected!
2 1 1 1 3 2 4 Rejected!
2 1 1 2 3 2 1 Rejected!
2 1 1 2 3 2 2 Rejected!
2 1 1 2 3 2 3 Rejected!
2 1 1 2 3 2 4 Rejected!
2 1 1 1 3 3 1 Rejected!
2 1 1 1 3 3 2 Rejected!
2 1 1 1 3 3 3 Rejected!
2 1 1 1 3 3 4 Rejected!
2 1 1 2 3 3 1 Rejected!
2 1 1 2 3 3 2 Rejected!
2 1 1 2 3 3 3 Rejected!
2 1 1 2 3 3 4 Rejected!
2 1 1 1 3 4 1 Rejected!
2 1 1 1 3 4 2 Rejected!
2 1 1 1 3 4 3 Rejected!
2 1 1 1 3 4 4 Rejected!
2 1 1 2 3 4 1 Rejected!
2 1 1 2 3 4 2 Rejected!
2 1 1 2 3 4 3 Rejected!
2 1 1 2 3 4 4 Rejected!
2 1 2 1 3 1 1 Rejected!
2 1 2 1 3 1 2 Rejected!
2 1 2 1 3 1 3 Rejected!
2 1 2 1 3 1 4 Rejected!
2 1 2 2 3 1 1 Rejected!
2 1 2 2 3 1 2 Rejected!
2 1 2 2 3 1 3 Rejected!
2 1 2 2 3 1 4 Rejected!
2 1 2 1 3 2 1 Rejected!
2 1 2 1 3 2 2 Rejected!
2 1 2 1 3 2 3 Rejected!
2 1 2 1 3 2 4 Rejected!
2 1 2 2 3 2 1 Rejected!
2 1 2 2 3 2 2 Rejected!
2 1 2 2 3 2 3 Rejected!
2 1 2 2 3 2 4 Rejected!
2 1 2 1 3 3 1 Rejected!
2 1 2 1 3 3 2 Rejected!
2 1 2 1 3 3 3 Rejected!
2 1 2 1 3 3 4 Rejected!
2 1 2 2 3 3 1 Rejected!
2 1 2 2 3 3 2 Rejected!
2 1 2 2 3 3 3 Rejected!
2 1 2 2 3 3 4 Rejected!
2 1 2 1 3 4 1 Rejected!
2 1 2 1 3 4 2 Rejected!
2 1 2 1 3 4 3 Rejected!
2 1 2 1 3 4 4 Rejected!
2 1 2 2 3 4 1 Rejected!
2 1 2 2 3 4 2 Rejected!
2 1 2 2 3 4 3 Rejected!
2 1 2 2 3 4 4 Rejected!
2 1 1 1 4 1 1 Rejected!
2 1 1 1 4 1 2 Rejected!
2 1 1 1 4 1 3 Rejected!
2 1 1 1 4 1 4 Rejected!
2 1 1 2 4 1 1 Rejected!
2 1 1 2 4 1 2 Rejected!
2 1 1 2 4 1 3 Rejected!
2 1 1 2 4 1 4 Rejected!
2 1 1 1 4 2 1 Rejected!
2 1 1 1 4 2 2 Rejected!
2 1 1 1 4 2 3 Rejected!
2 1 1 1 4 2 4 Rejected!
2 1 1 2 4 2 1 Rejected!
2 1 1 2 4 2 2 Rejected!
2 1 1 2 4 2 3 Rejected!
2 1 1 2 4 2 4 Rejected!
2 1 1 1 4 3 1 Rejected!
2 1 1 1 4 3 2 Rejected!
2 1 1 1 4 3 3 Rejected!
2 1 1 1 4 3 4 Rejected!
2 1 1 2 4 3 1 Rejected!
2 1 1 2 4 3 2 Rejected!
2 1 1 2 4 3 3 Rejected!
2 1 1 2 4 3 4 Rejected!
2 1 1 1 4 4 1 Rejected!
2 1 1 1 4 4 2 Rejected!
2 1 1 1 4 4 3 Rejected!
2 1 1 1 4 4 4 Rejected!
2 1 1 2 4 4 1 Rejected!
2 1 1 2 4 4 2 Rejected!
2 1 1 2 4 4 3 Rejected!
2 1 1 2 4 4 4 Rejected!
2 1 2 1 4 1 1 Rejected!
2 1 2 1 4 1 2 Rejected!
2 1 2 1 4 1 3 Rejected!
2 1 2 1 4 1 4 Rejected!
2 1 2 2 4 1 1 Rejected!
2 1 2 2 4 1 2 Rejected!
2 1 2 2 4 1 3 Rejected!
2 1 2 2 4 1 4 Rejected!
2 1 2 1 4 2 1 Rejected!
2 1 2 1 4 2 2 Rejected!
2 1 2 1 4 2 3 Rejected!
2 1 2 1 4 2 4 Rejected!
2 1 2 2 4 2 1 Rejected!
2 1 2 2 4 2 2 Rejected!
2 1 2 2 4 2 3 Rejected!
2 1 2 2 4 2 4 Rejected!
2 1 2 1 4 3 1 Rejected!
2 1 2 1 4 3 2 Rejected!
2 1 2 1 4 3 3 Rejected!
2 1 2 1 4 3 4 Rejected!
2 1 2 2 4 3 1 Rejected!
2 1 2 2 4 3 2 Rejected!
2 1 2 2 4 3 3 Rejected!
2 1 2 2 4 3 4 Rejected!
2 1 2 1 4 4 1 Rejected!
2 1 2 1 4 4 2 Rejected!
2 1 2 1 4 4 3 Rejected!
2 1 2 1 4 4 4 Rejected!
2 1 2 2 4 4 1 Rejected!
2 1 2 2 4 4 2 Rejected!
2 1 2 2 4 4 3 Rejected!
2 1 2 2 4 4 4 Rejected!
2 2 1 1 1 1 1 Rejected!
2 2 1 1 1 1 2 Rejected!
2 2 1 1 1 1 3 Rejected!
2 2 1 1 1 1 4 Rejected!
2 2 1 2 1 1 1 Rejected!
2 2 1 2 1 1 2 Rejected!
2 2 1 2 1 1 3 Rejected!
2 2 1 2 1 1 4 Rejected!
2 2 1 1 1 2 1 Rejected!
2 2 1 1 1 2 2 Rejected!
2 2 1 1 1 2 3 Rejected!
2 2 1 1 1 2 4 Rejected!
2 2 1 2 1 2 1 Rejected!
2 2 1 2 1 2 2 Rejected!
2 2 1 2 1 2 3 Rejected!
2 2 1 2 1 2 4 Rejected!
2 2 1 1 1 3 1 Rejected!
2 2 1 1 1 3 2 Rejected!
2 2 1 1 1 3 3 Rejected!
2 2 1 1 1 3 4 Rejected!
2 2 1 2 1 3 1 Rejected!
2 2 1 2 1 3 2 Rejected!
2 2 1 2 1 3 3 Rejected!
2 2 1 2 1 3 4 Rejected!
2 2 1 1 1 4 1 Rejected!
2 2 1 1 1 4 2 Rejected!
2 2 1 1 1 4 3 Rejected!
2 2 1 1 1 4 4 Rejected!
2 2 1 2 1 4 1 Rejected!
2 2 1 2 1 4 2 Rejected!
2 2 1 2 1 4 3 Rejected!
2 2 1 2 1 4 4 Rejected!
2 2 2 1 1 1 1 Rejected!
2 2 2 1 1 1 2 Rejected!
2 2 2 1 1 1 3 Rejected!
2 2 2 1 1 1 4 Rejected!
2 2 2 2 1 1 1 Rejected!
2 2 2 2 1 1 2 Rejected!
2 2 2 2 1 1 3 Rejected!
2 2 2 2 1 1 4 Rejected!
2 2 2 1 1 2 1 Rejected!
2 2 2 1 1 2 2 Rejected!
2 2 2 1 1 2 3 Rejected!
2 2 2 1 1 2 4 Rejected!
2 2 2 2 1 2 1 Rejected!
2 2 2 2 1 2 2 Rejected!
2 2 2 2 1 2 3 Rejected!
2 2 2 2 1 2 4 Rejected!
2 2 2 1 1 3 1 Rejected!
2 2 2 1 1 3 2 Rejected!
2 2 2 1 1 3 3 Rejected!
2 2 2 1 1 3 4 Rejected!
2 2 2 2 1 3 1 Rejected!
2 2 2 2 1 3 2 Rejected!
2 2 2 2 1 3 3 Rejected!
2 2 2 2 1 3 4 Rejected!
2 2 2 1 1 4 1 Rejected!
2 2 2 1 1 4 2 Rejected!
2 2 2 1 1 4 3 Rejected!
2 2 2 1 1 4 4 Rejected!
2 2 2 2 1 4 1 Rejected!
2 2 2 2 1 4 2 Rejected!
2 2 2 2 1 4 3 Rejected!
2 2 2 2 1 4 4 Rejected!
2 2 1 1 2 1 1 Rejected!
2 2 1 1 2 1 2 Rejected!
2 2 1 1 2 1 3 Rejected!
2 2 1 1 2 1 4 Rejected!
2 2 1 2 2 1 1 Rejected!
2 2 1 2 2 1 2 Rejected!
2 2 1 2 2 1 3 Rejected!
2 2 1 2 2 1 4 Rejected!
2 2 1 1 2 2 1 Rejected!
2 2 1 1 2 2 2 Rejected!
2 2 1 1 2 2 3 Rejected!
2 2 1 1 2 2 4 Rejected!
2 2 1 2 2 2 1 Rejected!
2 2 1 2 2 2 2 Rejected!
2 2 1 2 2 2 3 Rejected!
2 2 1 2 2 2 4 Rejected!
2 2 1 1 2 3 1 Rejected!
2 2 1 1 2 3 2 Rejected!
2 2 1 1 2 3 3 Rejected!
2 2 1 1 2 3 4 Rejected!
2 2 1 2 2 3 1 Rejected!
2 2 1 2 2 3 2 Rejected!
2 2 1 2 2 3 3 Rejected!
2 2 1 2 2 3 4 Rejected!
2 2 1 1 2 4 1 Rejected!
2 2 1 1 2 4 2 Rejected!
2 2 1 1 2 4 3 Rejected!
2 2 1 1 2 4 4 Rejected!
2 2 1 2 2 4 1 Rejected!
2 2 1 2 2 4 2 Rejected!
2 2 1 2 2 4 3 Rejected!
2 2 1 2 2 4 4 Rejected!
2 2 2 1 2 1 1 Rejected!
2 2 2 1 2 1 2 Rejected!
2 2 2 1 2 1 3 Rejected!
2 2 2 1 2 1 4 Rejected!
2 2 2 2 2 1 1 Rejected!
2 2 2 2 2 1 2 Rejected!
2 2 2 2 2 1 3 Rejected!
2 2 2 2 2 1 4 Rejected!
2 2 2 1 2 2 1 Rejected!
2 2 2 1 2 2 2 Rejected!
2 2 2 1 2 2 3 Rejected!
2 2 2 1 2 2 4 Rejected!
2 2 2 2 2 2 1 Rejected!
2 2 2 2 2 2 2 Rejected!
2 2 2 2 2 2 3 Rejected!
2 2 2 2 2 2 4 Rejected!
2 2 2 1 2 3 1 Rejected!
2 2 2 1 2 3 2 Rejected!
2 2 2 1 2 3 3 Rejected!
2 2 2 1 2 3 4 Rejected!
2 2 2 2 2 3 1 Rejected!
2 2 2 2 2 3 2 Rejected!
2 2 2 2 2 3 3 Rejected!
2 2 2 2 2 3 4 Rejected!
2 2 2 1 2 4 1 Rejected!
2 2 2 1 2 4 2 Rejected!
2 2 2 1 2 4 3 Rejected!
2 2 2 1 2 4 4 Rejected!
2 2 2 2 2 4 1 Rejected!
2 2 2 2 2 4 2 Rejected!
2 2 2 2 2 4 3 Rejected!
2 2 2 2 2 4 4 Rejected!
2 2 1 1 3 1 1 Rejected!
2 2 1 1 3 1 2 Rejected!
2 2 1 1 3 1 3 Rejected!
2 2 1 1 3 1 4 Rejected!
2 2 1 2 3 1 1 Rejected!
2 2 1 2 3 1 2 Rejected!
2 2 1 2 3 1 3 Rejected!
2 2 1 2 3 1 4 Rejected!
2 2 1 1 3 2 1 Rejected!
2 2 1 1 3 2 2 Rejected!
2 2 1 1 3 2 3 Rejected!
2 2 1 1 3 2 4 Rejected!
2 2 1 2 3 2 1 Rejected!
2 2 1 2 3 2 2 Rejected!
2 2 1 2 3 2 3 Rejected!
2 2 1 2 3 2 4 Rejected!
2 2 1 1 3 3 1 Rejected!
2 2 1 1 3 3 2 Rejected!
2 2 1 1 3 3 3 Rejected!
2 2 1 1 3 3 4 Rejected!
2 2 1 2 3 3 1 Rejected!
2 2 1 2 3 3 2 Rejected!
2 2 1 2 3 3 3 Rejected!
2 2 1 2 3 3 4 Rejected!
2 2 1 1 3 4 1 Rejected!
2 2 1 1 3 4 2 Rejected!
2 2 1 1 3 4 3 Rejected!
2 2 1 1 3 4 4 Rejected!
2 2 1 2 3 4 1 Rejected!
2 2 1 2 3 4 2 Rejected!
2 2 1 2 3 4 3 Rejected!
2 2 1 2 3 4 4 Rejected!
2 2 2 1 3 1 1 Rejected!
2 2 2 1 3 1 2 Rejected!
2 2 2 1 3 1 3 Rejected!
2 2 2 1 3 1 4 Rejected!
2 2 2 2 3 1 1 Rejected!
2 2 2 2 3 1 2 Rejected!
2 2 2 2 3 1 3 Rejected!
2 2 2 2 3 1 4 Rejected!
2 2 2 1 3 2 1 Rejected!
2 2 2 1 3 2 2 Rejected!
2 2 2 1 3 2 3 Rejected!
2 2 2 1 3 2 4 Rejected!
2 2 2 2 3 2 1 Rejected!
2 2 2 2 3 2 2 Rejected!
2 2 2 2 3 2 3 Rejected!
2 2 2 2 3 2 4 Rejected!
2 2 2 1 3 3 1 Rejected!
2 2 2 1 3 3 2 Rejected!
2 2 2 1 3 3 3 Rejected!
2 2 2 1 3 3 4 Rejected!
2 2 2 2 3 3 1 Rejected!
2 2 2 2 3 3 2 Rejected!
2 2 2 2 3 3 3 Rejected!
2 2 2 2 3 3 4 Rejected!
2 2 2 1 3 4 1 Rejected!
2 2 2 1 3 4 2 Rejected!
2 2 2 1 3 4 3 Rejected!
2 2 2 1 3 4 4 Rejected!
2 2 2 2 3 4 1 Rejected!
2 2 2 2 3 4 2 Rejected!
2 2 2 2 3 4 3 Rejected!
2 2 2 2 3 4 4 Rejected!
2 2 1 1 4 1 1 Rejected!
2 2 1 1 4 1 2 Rejected!
2 2 1 1 4 1 3 Rejected!
2 2 1 1 4 1 4 Rejected!
2 2 1 2 4 1 1 Rejected!
2 2 1 2 4 1 2 Rejected!
2 2 1 2 4 1 3 Rejected!
2 2 1 2 4 1 4 Rejected!
2 2 1 1 4 2 1 Rejected!
2 2 1 1 4 2 2 Rejected!
2 2 1 1 4 2 3 Rejected!
2 2 1 1 4 2 4 Rejected!
2 2 1 2 4 2 1 Rejected!
2 2 1 2 4 2 2 Rejected!
2 2 1 2 4 2 3 Rejected!
2 2 1 2 4 2 4 Rejected!
2 2 1 1 4 3 1 Rejected!
2 2 1 1 4 3 2 Rejected!
2 2 1 1 4 3 3 Rejected!
2 2 1 1 4 3 4 Rejected!
2 2 1 2 4 3 1 Rejected!
2 2 1 2 4 3 2 Rejected!
2 2 1 2 4 3 3 Rejected!
2 2 1 2 4 3 4 Rejected!
2 2 1 1 4 4 1 Rejected!
2 2 1 1 4 4 2 Rejected!
2 2 1 1 4 4 3 Rejected!
2 2 1 1 4 4 4 Rejected!
2 2 1 2 4 4 1 Rejected!
2 2 1 2 4 4 2 Rejected!
2 2 1 2 4 4 3 Rejected!
2 2 1 2 4 4 4 Rejected!
2 2 2 1 4 1 1 Rejected!
2 2 2 1 4 1 2 Rejected!
2 2 2 1 4 1 3 Rejected!
2 2 2 1 4 1 4 Rejected!
2 2 2 2 4 1 1 Rejected!
2 2 2 2 4 1 2 Rejected!
2 2 2 2 4 1 3 Rejected!
2 2 2 2 4 1 4 Rejected!
2 2 2 1 4 2 1 Rejected!
2 2 2 1 4 2 2 Rejected!
2 2 2 1 4 2 3 Rejected!
2 2 2 1 4 2 4 Rejected!
2 2 2 2 4 2 1 Rejected!
2 2 2 2 4 2 2 Rejected!
2 2 2 2 4 2 3 Rejected!
2 2 2 2 4 2 4 Rejected!
2 2 2 1 4 3 1 Rejected!
2 2 2 1 4 3 2 Rejected!
2 2 2 1 4 3 3 Rejected!
2 2 2 1 4 3 4 Rejected!
2 2 2 2 4 3 1 Rejected!
2 2 2 2 4 3 2 Rejected!
2 2 2 2 4 3 3 Rejected!
2 2 2 2 4 3 4 Rejected!
2 2 2 1 4 4 1 Rejected!
2 2 2 1 4 4 2 Rejected!
2 2 2 1 4 4 3 Rejected!
2 2 2 1 4 4 4 Rejected!
2 2 2 2 4 4 1 Rejected!
2 2 2 2 4 4 2 Rejected!
2 2 2 2 4 4 3 Rejected!
2 2 2 2 4 4 4 Rejected!
7
