0
8
23
0
0
16
146
6
12
0
27
36
37
31
0
24
26
7
117
0
0
25
21
29
14
22
9
73
62
0
27
101
1
14
21
56
17
143
0
40
28
22
27
170
33
33
104
0
14
27
12
44
8
119
20
24
0
6
19
32
1
6
33
183
40
0
43
33
138
26
26
37
27
27
0
61
43
88
30
43
191
38
39
0
0
1
93
23
4
19
116
123
44
3
21
25
81
11
32
195
4
0
82
16
39
14
26
86
29
28
7
56
107
4
27
135
197
18
0
56
41
120
52
123
46
23
25
54
41
22
57
182
133
52
28
0
10
13
101
132
188
23
2
75
13
166
12
49
14
42
40
9
0
53
12
48
76
28
35
93
40
16
50
18
46
14
48
147
2
0
68
24
23
34
169
40
130
22
40
77
162
48
33
44
48
12
0
6
60
11
60
40
14
95
28
29
40
18
13
27
26
42
32
0
22
14
15
28
50
70
6
38
99
8
29
16
8
1
25
19
0
31
15
36
58
44
14
186
93
106
7
36
22
94
50
39
38
0
137
14
52
40
17
138
21
55
20
42
24
20
42
29
41
41
0
4
34
16
38
44
3
1
82
41
88
44
42
29
98
119
25
0
60
44
47
36
36
12
6
21
38
60
96
38
116
48
24
53
0
25
38
8
108
62
20
49
35
52
24
82
34
8
56
20
23
0
126
59
23
57
41
105
45
19
24
64
37
74
10
76
108
40
0
48
26
14
28
140
21
48
24
63
36
46
88
10
114
12
75
0
