122285
121785
121286
120788
120291
119794
119298
118803
118308
117813
117318
116823
116328
115833
115341
114850
114360
113872
113387
112905
112425
111945
111468
110992
110518
110044
109570
109096
108622
108148
107675
107203
106732
106262
105793
105324
104856
104388
103921
103456
102995
102535
102077
101619
101164
100709
100256
99804
99354
98901
98448
97998
97548
97100
96655
96210
95768
95327
94887
94448
94008
93569
93131
92693
92257
91822
91389
90956
90526
90098
89669
89241
88815
88392
87969
87546
87124
86704
86284
85864
85445
85027
84610
84193
83779
83366
82951
82537
82124
81713
81302
80891
80482
80073
79664
79258
78853
78450
78049
77648
77249
76850
76452
76056
75660
75267
74874
74482
74090
73701
73313
72928
72544
72160
71777
71396
71016
70638
70261
69886
69512
69138
68766
68393
68020
67646
67273
66902
66535
66169
65804
65441
65084
64728
64373
64019
63666
63313
62963
62613
62263
61913
61566
61219
60874
60531
60188
59846
59504
59164
58824
58484
58144
57804
57464
57124
56792
56461
56131
55803
55476
55150
54824
54499
54175
53853
53531
53210
52889
52569
52252
51935
51619
51303
50987
50667
50346
50026
49706
49388
49069
48750
48431
48114
47798
47484
47170
46859
46551
46243
45936
45630
45320
45010
44701
44394
44087
43783
43482
43181
42883
42588
42293
42000
41708
41418
41128
40840
40552
40264
39973
39684
39396
39107
38819
38531
38242
37955
37672
37391
37110
36830
36552
36273
35994
35715
35438
35161
34887
34615
34346
34077
33810
33544
33278
33015
32752
32491
32231
31973
31715
31459
31203
30951
30699
30449
30199
29949
29699
29447
29198
28949
28703
28459
28215
27971
27729
27488
27248
27010
26770
26529
26288
26046
25806
25567
25332
25100
24868
24638
24410
24182
23954
23728
23504
23284
23065
22848
22631
22416
22203
21993
21785
21577
21369
21161
20954
20752
20551
20351
20152
19954
19756
19561
19366
19171
18976
18784
18592
18402
18214
18026
17839
17651
17462
17276
17092
16908
16724
16540
16357
16180
16004
15829
15656
15484
15313
15142
14972
14803
14636
14469
14303
14137
13972
13810
13648
13487
13326
13165
13003
12841
12682
12525
12368
12211
12054
11898
11747
11593
11442
11292
11142
10992
10844
10698
10552
10406
10262
10118
9974
9832
9692
9549
9407
9265
9126
8988
8852
8717
8583
8452
8323
8194
8067
7941
7816
7691
7562
7437
7312
7190
7069
6950
6831
6710
6589
6471
6355
6239
6126
6013
5900
5790
5682
5575
5469
5361
5255
5149
5046
4945
4844
4744
4647
4550
4455
4360
4265
4172
4079
3987
3896
3808
3722
3635
3546
3459
3373
3289
3204
3119
3036
2954
2874
2797
2722
2647
2574
2502
2431
2357
2286
2216
2148
2080
2014
1948
1884
1820
1758
1696
1635
1575
1516
1457
1400
1341
1283
1226
1171
1117
1064
1013
962
914
867
822
778
735
694
654
614
575
537
500
465
431
398
366
335
305
277
249
224
199
178
157
138
121
107
93
77
64
51
39
29
20
14
8
5
2
0
0
0
0
0
0
0
0
0
0
0
0
0
0
0
0
0
0
0
0
0
0
0
0
0
0
0
0
0
0
0
0
0
0
0
0
0
0
0
0
0
0
0
0
0
0
0
0
0
0
0
0
0
0
0
0
0
0
0
0
0
0
0
0
0
0
0
0
0
0
0
0
0
0
0
0
0
0
0
0
0
0
0
0
0
0
0
0
0
0
0
0
0
0
0
0
0
0
0
0
0
0
0
0
0
0
0
0
0
0
0
0
0
0
0
0
0
0
0
0
0
0
0
0
0
0
0
0
0
0
0
0
0
0
0
0
0
0
0
0
0
0
0
0
0
0
0
0
0
0
0
0
0
0
0
0
0
0
0
0
0
0
0
0
0
0
0
0
0
0
0
0
0
0
0
0
0
0
0
0
0
0
0
0
0
0
0
0
0
0
0
0
0
0
0
0
0
0
0
0
0
0
0
0
0
0
0
0
0
0
0
0
0
0
0
0
0
0
0
0
0
0
0
0
0
0
0
0
0
0
0
0
0
0
0
0
0
0
0
0
0
0
0
0
0
0
0
0
0
0
0
0
0
0
0
0
0
0
0
0
0
0
0
0
0
0
0
0
0
0
0
0
0
0
0
0
0
0
0
0
0
0
0
0
0
0
0
0
0
0
0
0
0
0
0
0
0
0
0
0
0
0
0
0
0
0
0
0
0
0
0
0
0
0
0
0
0
0
0
0
0
0
0
0
0
0
0
0
0
0
0
0
0
0
0
0
0
0
0
0
0
0
0
0
0
0
0
0
0
0
0
0
0
0
0
0
0
0
0
0
0
0
0
0
0
0
0
0
0
0
0
0
0
0
0
0
0
0
0
0
0
0
0
0
0
0
0
0
0
0
0
0
0
0
0
0
0
0
0
0
0
0
0
0
0
0
0
0
0
0
0
0
0
0
0
0
0
0
0
0
0
0
0
0
0
0
0
0
0
0
0
0
0
0
0
0
0
0
0
0
0
0
0
0
0
0
0
0
0
0
0
0
0
0
0
0
0
0
0
0
0
0
0
0
0
0
0
0
0
0
0
0
0
0
0
0
0
0
0
0
0
0
0
0
0
0
0
0
0
0
0
0
0
0
0
0
0
0
0
0
0
0
0
0
0
0
0
0
0
0
0
0
0
0
0
0
0
0
0

