56977546572
391164428
137906661313
1814582316
2495387593
595944907
377731471585
4794456857
258152861074
21726332450
72124840029
396032140484
176039138340
360783009426
48772037271
221678792511
674430766
146522378032
63121482590
138464078707
10363664714
135560029891
2393069112
13730278874
380296416038
186568490262
530884605
215860314
920957811
184166719651
242411065346
35485827857
2325443288
419858248
373381349
2490485968
136758210462
4865500163
592368574
134268560513
15929570645
95019782348
85365074289
170777840725
309008915
331615116994
235481353140
109014088734
1723458860
142424640785
741730631
394469421324
3566752078
105644325623
173328027089
67133235143
260393213654
444924461228
615927352
920090446
4581698053
365445242883
551840916
1709506642
317842578295
153588002542
689052847
1499037827
31765430004
265923666
215177620
1467803798
282901453008
522070913
635873478
765008073
611287624
8220961523
72723524825
734717635
987344748
374316726
161038576885
551840916
135552759675
44208100831
230783894104
307885264271
373381349
101264111621
786500238
139243310629
2648159189
157834299648
622381326
50686626206
370144324
56410751878
64029471123
78124163539
368228528797
136983285139
366076667
861819130
741730631
101149673685
111253668158
250416475031
73280606387
43623847730
156512070740
2019526408
85629067371
551840916
54143087488
373381349
82220872363
17859337575
79799577330
45183564805
151501981522
535990846
407728175
592368574
999832328
116754604220
132510441348
326845042902
329230677187
214327016343
29662723873
263565969129
940872118
184431793560
1509796428
569753989
189901526583
310844744
198961613766
112004976017
911963163
689052847
65485508718
69002488973
575024704
31363957958
171061573226
9457128925
717002251
67757521977
99596718231
265385010
127891714453
148740802258
795274368
119707122269
984345884
505335260
89961066875
17482363705
12296727688
67717017293
72575171143
29794384976
398364518908
206541702268
141436972492
867333296
955899148
385393168072
44441868613
9327580605
32451793811
52887501543
1909366852
569753989
46678125805
252232720708
82207342552
100295320595
193829660218
877370841
181273491980
42542320039
132536436547
720519734
252155045
880177769
308408888876
1986469786
50597946706
949208575
171061573226
81799829105
176346849584
825877624
428131248005
196165548556
22518403099
61243929015
215177620
375114513917
373381349
157627176197
185974626156
149235234443
877370841
986889511
365574848
166865160614
81323114989
88916185860
416956529
252155045
741730631
416956529
108191501616
50008674796
5493265900
2496364902
107299866392
56221150262
215467485799
287068008981
717146625
954828602
803668044
898336202
59243368272
4581698053
13768199092
76545022639
223800442222
3790293408
6568931117
576124239
28746903953
318347880395
734717635
170805544935
7493604595
2425644649
294368048729
130755843548
4581698053
298037579
423445347361
288004898113
686557562
6373787275
12480143852
388547082699
955899148
92126567684
395346588614
776708306
203450649410
298037579
45875444726
4382989451
391164428
8749245719
177863997354
268486832501
13210751207
102541058956
965208355
349809280560
3790293408
479935653
263117331123
313851000361
365323987231
231762404960
535990846
341610296269
416956529
327254102654
3410429316
626187007
22165998786
153031713375
765008073
172595345
46361483781
734717635
318351999852
811883747
575024704
309008915
22262679287
20391416520
42051478673
320956594055
40357590365
892795012
956226238
272270732014
63366201994
336830157
88167156708
7806695905
95344852411
341485877194
861819130
117206086619
260923925960
107230420910
346069193403
209600922172
60438547961
207576000011
880177769
169850307237
14424819379
180104322868
678497401
337998124
414557682464
4581674389
628578934
575024704
353815710730
249861512334
48566341168
57255821742
28644520997
81356349507
189813722971
632739350
319338086127
328799859
155567298930
59039841821
179457338101
574484198
51321402131
107264744796
361329543957
753338079
144105524954
309008915
535990846
365928406228
373300512207
1410086039
241234508762
379918310893
298037579
54532722610
250876462224
153630879865
56544476619
3790293408
5531474928
5643336772
574484198
6742960862
39859261999
223783861393
148505922869
366076667
4581674389
49241951580
791935372
917990800
172587152954
229675539812
212189592826
30635109672
97349468926
12320582627
143471030611
734717635
53731939187
405427031496
377223322797
138642193319
407728175
469286988
678497401
288234262927
880177769
58083388469
137913031585
300848123893
206132252099
54562091825
82614263432
184379454617
309611196024
259547413878
228750589016
870815069
121811320448
247859701007
336099060439
68724638179
68779333156
110220924971
6454562119
373028307031
1986469786
760740573
28015984617
29640301936
365447929058
391164428
73222161332
310844744
211004853345
161827254725
275094538679
451887945
783003486
55302980501
4581674389
27971375331
626187007
140654449346
298037579
8784777457
188059979768
55171245654
753338079
127455080115
67272940007
76158698599
97067805771
462578918
111934785906
185254286764
45329285226
95576542885
373381349
323425610
372736714
307933044445
117065022812
575024704
802646275
10398803082
6568931117
104920843635
245245186774
144224322027
227692695336
802646275
802646275
64447953267
165255260524
720519734
575024704
898336202
231148171039
238942743308
202657562522
638352313
821835593
102828854981
52195299431
439808191741
143168298579
540508319
43740661899
264608954916
349420555119
189364333061
42306122952
93021210265
152193665816
215177620
99646586810
146219386701
6568931117
143700283976
769539078
165967399950
380674139648
369664989126
530884605
135435030697
164202270357
678497401
915475867
535990846
86123714736
246682852816
732112878
147634958672
183610325293
67611108025
332727485069
28499290387
195942370131
142714602374
365685792301
309897897
955719497
95190132480
357431131167
162789536448
17334700755
215177620
117401776075
807459758
53208681078
151106243406
765006562
268338258
379300787424
168772788187
66613172958
228668391634
141775811237
302477684190
24510463655
112677114716
47080317303
206797963336
86942395759
407683052
462578918
765008073
263847089021
64093543856
410792481418
902318983
166862548993
104439561324
10962314433
190705050445
35970835241
11140808197
611300318
811883747
55521330066
753338079
307889197258
312884025116
366076667
96597273057
18590248107
364272101492
382624718
802646275
298037579
199072286018
58259785318
310844744
391850819089
215177620
311852765640
44084649080
732112878
353133847977
154692342133
3122319702
540508319
127547204790
35982907442
232177586208
269378142723
984345884
360565066042
33654727339
37901202800
341765036528
984345884
418769581498
301322806947
177159980896
831974311
83235173946
100228581318
689052847
609199006
62574131462
407683052
48160534758
398474553
1983964459
23010942244
410967269
416358013786
246854222
632739350
291398809807
35846794144
127359489294
892110353
364318331209
36102965573
421241162
6737262102
226003595007
811883747
124517325537
636267343
7450228062
50204619831
339084043651
208136475479
314453397868
898336202
107137301523
132482948069
74930501264
1975641662
46024127267
218597305097
760740573
39912687895
316825350979
806398999
52444076813
129962566684
333214752466
47548087430
709354418
146480865855
40999796304
298037579
191930995478
56179606324
85391161102
273131122516
741730631
955525936
85204637394
77933893411
24430559427
347298469974
877370841
353751316243
371464840
822972904
375772116712
163308073742
415344935802
765008073
35363798924
72790404624
7273652467
125598571520
403344171634
65317043123
48329776749
199234134412
320119075938
380790219904
265923666
919886206
471284437
902318983
831974311
177939066448
51573065250
861819130
678497401
97807023467
271135049833
200329822788
43725479420
318423048681
551840916
917990800
374115449760
705865291
118443358432
291240518201
15728727411
802646275
134855952443
753338079
5642999411
867333296
34198076714
271219169099
85561125721
238694376851
276525849571
82345246108
678497401
244333674587
765008073
290581242337
917990800
720519734
310472874197
807459758
337998124
32975944966
70476055695
55402879000
173282407746
391008981036
902318983
60245416818
204366780048
765008073
37708089999
175316258090
535990846
190718302132
156767627066
793270010
59009475990
316111269034
753738260
705865291
216472411923
312497131
48928765711
377721465635
471284437
237135417606
253890568457
777091449
154516689534
407683052
1909366852
233604464073
83350627933
894405946
319729240156
111249374110
955525936
158796836822
66146350632
1532147732
479251603
880177769
504697501
76369790448
154971254000
870815069
522070913
33726237116
36235082005
802646275
551840916
372068675443
105433594976
373381349
125455291446
136604247210
21143667396
902851767
40118558725
365487212659
200564724837
752582293
175511554850
899652007
256058081956
479935653
992393686
539533400
471284437
3897901424
471284437
821835593
971247493
240110845620
161793657299
235547337054
317729131653
283823255505
77859029955
765008073
78793364705
100151182534
528651856
276473811499
86914905047
218392832254
60680725822
366076667
288550416229
877370841
105012541360
323425610
753338079
187739126124
361817944551
147318664312
958256822
786500238
4779041181
144964527923
471284437
371741085871
10399098230
343657101297
53753223522
39244209320
297646380358
151914500863
309008915
406180066400
632739350
802646275
262142064797
104477893094
43521552241
987521748
359621854660
270785468541
803668044
218615779493
382417144721
54979271801
131096573267
786500238
160085969154
638352313
6826627062
183777312142
507216128
893924755
305403689546
172336184948
144335487183
265923666
289137421446
85133670281
395839268048
162096431010
917990800
225422584999
902851767
118776926481
151212782050
76793780098
535990846
122850669602
6762744575
324582131675
940872118
711099208
58810438175
85293599586
5260963048
811883747
41118459565
753338079
140727012155
858534473
34100188711
183623091380
28015984617
394288407937
171819043897
743056650
151124762795
56510301135
126712783292
75522776711
39538381653
58918597517
2836511949
349897398182
20020007876
56525298379
15608785555
129309728388
165730651324
689447802
315198480694
154437305341
107566913038
201366238062
148046874266
168825193110
119967813310
198433223956
145002873227
313162761898
51392557313
55135228543
765008073
303591796802
791935372
880177769
228266041309
213899341487
807955583
964031750
638352313
8250747147
137187238032
120012838123
391164428
469286988
285995819729
298037579
505335260
366076667
135252680129
252250276358
76545022639
201780924211
118069217999
209262542927
176045550059
373381349
637340667
154572332316
917990800
334941991934
51811298211
51669146890
146737783011
203837509085
28056047792
69794696338
25309417195
81618978544
350795405175
15916684413
266996971834
117515114115
19257812717
25160680692
296328971185
32881079850
27020684565
196341439507
40208206454
347028142306
123915416223
610606084
898336202
955525936
21303879687
302586168326
354910692808
136678769929
101116255586
892110353
100700391832
305784113349
67961856543
802646275
82631563464
982666289
209947246979
98316226467
423161553949
399705401
62657872247
185727799182
802646275
10130913762
964031750
130300289685
169726489551
247380117093
55374946463
411926799298
917990800
242741075781
2757317319
88889765275
296659483
123277145185
16326199747
917990800
632739350
574484198
786500238
12789916771
58259785318
35033206885
127261453275
91576020740
34067568516
120313472793
199162025758
246854222
361560422919
709354418
551840916
148886523428
569753989
246432186910
95918421919
11601053036
505335260
336830157
358848558404
147729843707
145973307912
451887945
252155045
75834079898
811883747
920435243
955719497
318797608250
522070913
955525936
363667423386
4414767228
85746968538
8991177805
394923619978
161848517679
69617204773
78843037238
216480307929
140665323282
471284437
36055082370
163609616892
170900485870
6112592140
769539078
424758093197
82510160636
157770753229
709354418
238697071975
162240382355
338714640357
912766772
97132333429
271387248326
144436095531
187776919089
174937483484
21487893923
288145119166
168128977512
811883747
89167108073
109240512700
51645250948
391164428
917990800
309403406930
803668044
19588804962
246854222
898336202
117195435911
266897362819
401462181656
76887519855
819932497
992393686
36166960567
17604584536
71421278803
68270296987
7578717764
260841220179
255971087694
20429545880
637145603
309970231786
55417974484
22274323434
551840916
381937114018
239764885431
293703243877
705756181
49914210444
151239131646
35129701148
342637870381
295695325802
67775370405
134656922439
193150242201
47822405505
917990800
278081012929
162007761734
917990800
68694459078
46828763471
67318491182
312976467673
53134111321
143819382663
378174457689
32433639879
462605877
877370841
57063204717
143770289958
592368574
70591195218
265517666344
11615215457
51773648205
32709786726
899652007
189392370157
955525936
893924755
917990800
336830157
186383624748
786500238
955525936
105902046137
811883747
87709348554
18171142521
54613689186
66372871681
337022310584
89175020979
678497401
291955284906
47335274731
151751898851
106985860301
65983350897
65605289223
298776375388
10362355216
261975526
5395177740
81431854970
732112878
902318983
125594938032
257976908140
293329198423
298599447090
49667979171
231092247716
117035264507
164201055749
74241617194
10057292355
27210026810
1649761797
316342748121
776708306
96228043662
185359044967
246109179767
720519734
5710457981
101454627685
17223997591
246520258965
505335260
180876669563
80450483775
79352765246
39724272172
893924755
288614770633
22562205743
24473654563
220226905471
111682400000
147293240626
85819328178
175176009280
167490044447
170087481142
44124471180
134369501736
950793321
59795508751
18096063761
114891872221
870081854
155284561111
67799738095
28898233882
22600959501
385954482761
893924755
917990800
198088513735
117447769463
71466628417
530452232
157471054961
73269803573
209963410097
811883747
75820064761
992393686
354328521655
125807682678
193523957227
20644928065
224485388835
92551677493
278687839976
159062728039
72797937920
298037579
86479616543
246854222
160528745031
61705135185
877370841
117953316260
741730631
136360349433
14891899568
955525936
276384238537
230749799019
77032223748
61193405913
172542252748
201300530784
159232446706
101155647696
888404784
575024704
9314519328
151916267735
765008073
123978908254
19205751149
831974311
122327019113
346672064003
365636801442
200593151811
50835082233
87752077975
17951549429
195170786853
155431085842
831974311
356104465804
811883747
366076667
102214657656
84421698570
146943638259
56556972447
177776343958
181368818907
11373407642
892110353
734717635
11520486482
575024704
811883747
769539078
471284437
406504224
821835593
861819130
166383911848
28837622674
344253256315
397245746672
371464840
635873478
15428518408
898336202
246086061434
986889511
44421058723
106922370788
396311900404
208720172613
958256822
373605711635
23795957823
194128495887
802646275
116583866095
88358482304
140358187387
141798117206
11855087948
171964996968
902318983
127685072098
624027070
246854222
131702856224
880177769
52177309172
569753989
917990800
5389187266
769539078
199713387742
410967269
765008073
806398999
102925250771
128557726718
917990800
62614297885
69189238306
211973748376
324825095018
52422368270
265923666
917990800
41552060102
314345649168
575024704
471284437
575024704
138192162130
180216619925
163100599719
310070385533
176555256
831974311
228885882389
807459758
101435696712
101149247455
824958919
337169561550
118595364321
30788290235
252123582741
63965130102
282984197
158271658365
465689444
46333432112
139463186112
57118120659
806398999
575024704
106560785827
378553779677
184227585533
155086738161
407683052
28722617134
64574676783
451887945
391164428
90645716192
803604650
161820258962
31148115020
41332453595
47289723324
955525936
3821310922
139153093083
283924887806
372857225395
65992209686
46787391734
986889511
160932775973
23782657320
870815069
46312381878
100664674318
252628219049
240098029108
893924755
337003922
241626809692
7374348822
229959131926
133958921528
870815069
20683353444
85138697382
178970424676
269381531096
244914414006
867333296
1411970495
72789312754
116150625696
215177620
22578428828
831847531
139887238310
395929419005
38096747924
227239877859
802646275
205160948499
569753989
177579514999
466044690
896952524
477362284
551840916
765008073
950793321
134948570162
155406334167
60007016429
77100698585
36844103855
136467647949
272843455608
213903363750
13083145266
32376433290
110700277787
375411598025
17861433998
221337585627
12544951203
256355786861
84584824418
286431138388
289099856622
525663362
299093542777
955525936
5491825691
306658383253
144481139740
94242853420
522070913
824958919
217111803584
225663103930
786500238
262085105331
61194261923
624027070
77828426586
870815069
831974311
28122534767
77081845419
61983960000
30061371451
765008073
689447802
227039366591
165522011944
261543110640
135649996844
34188787660
153258079151
575024704
803668044
705865291
215811084864
60748100708
34386559648
38062267636
636267343
686557562
158342630165
530588842
222190587952
505335260
227413641402
39290543291
3289435808
135641283616
132295902248
986889511
522070913
49305145784
10220271518
125416391271
272724179707
262777620911
190883867906
175161752458
141148363552
36100471343
523849971
217065794551
16406863205
145288953468
164731304675
611300318
575024704
987521748
125025366710
335267005921
14763718269
45893490120
53461331400
742777993
102997433324
831974311
246854222
407683052
141958996680
917990800
992393686
250850723157
176257647749
269109417986
373616268454
992393686
91878031245
147428364287
149410094162
206316024902
917990800
285527062496
10491147517
462578918
678497401
67428242557
32910998198
216973767584
17152117678
348622688855
33634719063
128464217742
167213208276
104786024576
569753989
902851767
68833826574
109879582191
67740325205
356306925427
397468606163
505934796
102863924005
986889511
902851767
350726468762
135045551150
522070913
33154676538
249406472646
217819252088
201821595875
90608516360
8594256029
416956529
64199904240
330715293683
180388361564
251537012295
310844744
149768841745
520966181
831974311
114543257008
24953505933
984345884
238745204977
29491104854
955525936
183308445912
131846123502
102230325447
81569936006
276597303620
145824957247
793882456
204093564563
955719497
271731534440
831847531
29313891671
233294733621
176155690490
264936857998
333084501283
248468656574
140728549555
160334142392
180938994488
210315631000
43417372570
40626442363
180144051087
18722534195
171179156074
273033396493
2649555872
312212816792
128926556066
78326112392
405132979
257824645001
11040934534
45390904263
12938489112
90455580309
70055612006
161327464593
176567182871
117126454166
266044092508
984345884
69486460144
357508355540
888404784
69886557537
14602333799
575024704
104476230094
802646275
19299457641
135212444561
152235523220
466681636
185326668846
17862781433
551840916
265650244070
2979275049
575024704
52250973810
42829523423
62776831883
384787056449
989885012
189851618636
337104133828
832767986
208566190466
551840916
177137323907
917990800
59880042515
20746013070
124886562432
373144700880
68708896361
68382837925
345802878776
328308572251
285053347460
53853049307
237319238870
331005991215
119896114380
150344115227
268897313665
102663812218
362119247055
634314295
272285891368
183472514073
955525936
408610509240
479935653
20717754907
320781753309
84451450036
388002897636
337913849838
41068535137
705865291
32921307962
52856390174
888404784
299295005047
10349255140
5457629920
29491104854
136281244867
308458241002
170394717550
538719437
160885804435
811883747
31259002741
366076667
20597184782
255028916630
902318983
36555192248
89850724078
204494695095
136711426432
574484198
266898006952
147500302954
235420246295
955525936
753338079
100567119899
295286149885
166750301610
197387029039
17485546964
734717635
39876632770
292178186791
213237874220
137049217664
49004456010
259136315455
325177423194
105352093549
72290474539
140845127757
124520643184
105016992498
917990800
232206431150
127135973670
38115783396
32355734789
150288653530
944362330
71409819447
27034882559
97627029437
892110353
765008073
148526115356
880177769
197819323524
35058428851
114838008123
175913231861
287875319650
3997493254
416956529
765008073
58522184934
344313804290
989885012
80028722117
117970434051
632739350
120970392996
265923666
1288145391
102881301938
19070799301
917990800
795274368
80335335981
98146266971
59338655924
635873478
148525641605
225189008752
85706756818
95459878487
191005244444
731055482
3842175220
62188374888
166072071497
282984197
151967355534
215993755658
138630446405
159514747692
184593003262
220853580371
60471913504
147706724686
211653128053
4963780829
136902037260
322575895133
269557217913
103603856305
11520913772
505335260
263479031701
18642679840
949208575
155208428441
305008513466
894405946
60612262976
328882582902
93416379291
140896722558
357538236342
35305654882
159046913300
143557871081
149287661637
131898245684
241103421211
193268810231
898336202
893924755
898336202
154130926992
479935653
282247525680
298897970591
135211443685
999945579
35815355196
264795472828
117774432628
81764259720
366091920790
802646275
183481043740
39130514648
114170907106
345829455914
15441932030
66098171929
170442236399
2680020770
955525936
40380600673
27410452090
24202416928
902318983
123930506556
357191647750
186393335303
765008073
294834801980
218031502140
111835643142
407728175
142967731770
44275367164
70403053215
49138066429
551840916
802646275
81858680325
678497401
22467667796
9149889482
678497401
186297009283
22483669269
296088227
300891105484
111231904390
917990800
224531377151
2309749139
84694554136
160456432818
336912633344
187282739740
269914957121
366564180491
87160966786
3016372909
892110353
125909076370
138656199126
89922419581
97469016148
377678668665
168514326347
858534473
100697144712
12938489112
398474553
336215617922
734717635
123698544654
150173179447
45773603050
330973136
162793735336
479935653
149860510435
193218127867
130918156016
224123407956
233667047110
765008073
69618307192
37253691227
107669382460
133586635985
802646275
84543845585
380381927067
84080137669
387048509552
83487459395
20204015147
143465733446
893924755
20629898427
239476502582
41645632457
917990800
146986384846
250448704956
137505036809
156363223604
116518279757
892110353
753338079
227387478013
777091449
165410998216
522070913
105242972630
132913903654
161929698759
57905726284
50593698644
25103604086
128684076523
128083479879
821442065
110841831272
451887945
69096871689
358064131832
940872118
127275644696
37353225115
281415978466
307577731190
368521736445
88873190833
253005134862
1759519593
569753989
14579522848
151075288299
215277121855
1943816991
166843552441
25108439230
99593564006
298814993155
892110353
678497401
116640706726
8674309818
551840916
296115363865
917990800
81321745470
333748371223
105938493931
2979275049
249797883096
128869442699
765008073
471284437
23357981773
34970931944
128363208523
257678675752
305796584777
38373500485
824958919
138376019178
302607286490
234793820169
689052847
340734851662
77432823982
46775951368
10572719247
50066205832
148195120602
710613341
137294954650
65645427335
137180285555
236791144893
216138181257
989885012
355162303078
765008073
248830303084
294111606466
14794475775
72722487255
742777993
575024704
46826114670
765008073
15830819176
831974311
68731626911
624027070
575278321
442162872
227282679745
94828445743
902318983
18171878135
119146678298
342449479396
43693112161
333368389314
90986794953
121599165044
169045384678
293034496830
170652090434
575024704
243552270981
280250022754
283664525110
753338079
765008073
917990800
395451189539
33086243065
41098297031
893924755
888404784
103337950386
243880175537
55188226162
12698064392
293846836537
99895939628
118220183457
175522265177
831847531
811883747
47036059974
14530436289
59730009656
276931419261
202244512456
304971191623
11247605188
898336202
791935372
230600602199
249292299018
177565147951
411896352
159508842349
83587066525
138920892815
363449507983
229161600159
264746105869
63762888818
15404303430
139995966572
678497401
239566834968
624700144
831974311
867944666
318673690099
892110353
986889511
831847531
61038304164
896952524
76590701222
157619518036
34546939488
877370841
27014892686
287333921496
215981829904
288371459858
134543417007
158649989160
99272390646
215619068627
88599310891
55558034722
110074464266
14306283900
811883747
992393686
264937063760
217247627519
16208061469
181455942808
939747527
145758760841
19852893423
861819130
1149194538
63598146519
212617210585
42178332160
3377769712
791935372
209360524842
33099253152
98019986017
170486185692
135694207249
610606084
20605902579
811883747
224194420511
802646275
100707266925
83176402345
765008073
309008433211
50324329500
351899053256
202759262098
382450479188
987521748
95278521917
138915688856
866894002
137639890485
11538258861
23811646882
303017591629
802646275
265776043246
824958919
63773050730
68969317610
186839210239
172860617517
303548967832
158130572095
123608801756
299037423968
238828196040
62974368902
786500238
49228773449
347655184286
218080995648
955525936
230815138583
159665637216
95506431061
328874467823
140747473464
315790904798
917990800
111365230234
73705343820
898336202
914613265
79041747185
227040339327
91309230382
72308484477
71375737741
45549078250
551840916
28704555159
1956960051
64976757025
58655362225
111639194364
917990800
734717635
64199904240
893924755
955525936
133672548895
234245308635
129591617549
114738167358
86182490385
917990800
1514061066
811883747
35800260654
155533015179
73364449729
138461263321
180302380888
77427974511
353506681222
53642568017
184676022485
125458313662
84925387073
240746462229
522070913
246634649858
12407202559
32042723813
5904214158
753225715
170906639055
119113691400
253647179435
880177769
159207329274
69241134913
2954698645
765008073
59211861135
270841238116
314846456504
272201042324
678497401
717146625
131667907673
244428082845
175232442497
32967316160
391164428
48413712166
18562401632
337956235
159487761354
365742055242
248717217710
30417972010
283779337966
105163192555
3681047682
70582128021
305675007633
34546927208
296368402074
35264259381
19006075274
67822870147
57399415859
180887641725
89868442085
225239140830
215083502378
686557562
195078888958
355014804848
776708306
176348784595
22322195766
228534417589
98090688528
32561070676
741730631
222456238154
296339950348
125911528843
233354886544
126193550743
824958919
298037579
202072567246
765006562
300079659819
124927651200
374872143781
160960722012
290472687276
94299857705
286077178774
108083290351
877370841
807955583
124250834079
306551659970
279028178163
62022978842
917990800
199782557584
118124132718
88389456989
151502495900
179242978755
10838500396
65213658006
575024704
331393911050
111968444978
150379455722
11417325509
12813702673
35136516813
25962730428
235325210692
822972904
538719437
104343894806
110775930903
245486754451
611287624
200096884195
8464057360
61640562404
366076667
98930594920
167757715281
955525936
285526472163
375009996965
96487696300
258346418824
237471740229
52713048682
286085827972
225324615578
256216400235
312607721507
471284437
178071835927
304079456968
124524136053
678497401
898336202
135957038719
6608169607
955525936
127357540282
266429068166
186433690245
162617324382
880177769
678497401
522070913
807955583
123176044638
25482363123
157378318634
227638429320
254949798439
44510944517
734717635
635873478
36245035092
53349367723
551840916
888404784
159685319696
261973163953
892110353
687989422
20969066990
146870173465
95641307998
122261237366
218015880068
21407588739
732112878
148382767373
576753629
258286304169
163496334367
20337654744
196639246629
270015626020
119101275274
20279341356
105732785191
27411978019
169588472914
151493323537
765008073
195745983638
76486485535
36055082370
13139412761
109786208620
9641388429
831974311
181561299738
38789056026
213977004137
19299457641
225276898197
79338497032
108631565121
917990800
753338079
303518051015
246125332719
244966600601
173327246591
253001242441
333821850374
8253061311
964031750
50590510648
179566841389
276443682807
678497401
76183315943
317331715511
271648036885
316279174603
88598670894
246125332719
272300580341
56837168822
407683052
777091449
82410564582
299127400869
811883747
765008073
367359390960
503339742
193683103525
52348690739
717146625
131609293053
373381349
955525936
254831522044
22236141750
47822405505
12213840159
80110361146
865417269
160955448331
281736302343
282955425181
226448037099
535064903
203829606511
97608281428
372524189
307854764520
68837899843
307381044060
347814963484
322776050194
902851767
96869059142
899652007
765008073
29167428844
858534473
919886206
162859476061
97626503133
216591794794
298342875003
222298237248
173560119453
143861159771
811883747
193334097366
266241421759
11175245003
831847531
35222818995
301749065220
136126690223
416956529
206897094480
831847531
811883747
137657937160
70251584501
149530230997
10749119697
119725828622
803668044
120899723137
288246490351
129481053589
254413422745
803668044
331228408306
831974311
54085080945
196688267912
4455831819
300786304630
802646275
10928130152
81430351872
189992202668
151919157828
139817479070
134688459248
71703549944
705865291
896952524
628578934
10749275470
75459881689
309008915
88816302350
140174980889
2979039138
678497401
2919832996
84184805274
175134123335
955525936
371668265609
174573197799
189769251903
71028679700
280067198900
50725102669
295090627072
162061405602
