i=3, j=-5: 1061109567 1061109567 1061109567 1061109567 1061109567 1061109567 1061109567 1061109567 1061109567 1061109567 1061109567 1061109567 1061109567 1061109567 1061109567 1061109567 
i=3, j=-4: 1061109567 1061109567 1061109567 1061109567 1061109567 1061109567 1061109567 1061109567 1061109567 1061109567 1061109567 1061109567 1061109567 1061109567 1061109567 1061109567 
i=3, j=-3: 1061109567 1061109567 1061109567 1061109567 1061109567 1061109567 1061109567 1061109567 1061109567 1061109567 1061109567 1061109567 1061109567 1061109567 1061109567 1061109567 
i=3, j=-2: 1061109567 1061109567 1061109567 1061109567 1061109567 1061109567 1061109567 1061109567 1061109567 1061109567 1061109567 1061109567 1061109567 1061109567 1061109567 1061109567 
i=3, j=-1: 1061109567 1061109567 1061109567 1061109567 1061109567 1061109567 1061109567 1061109567 1061109567 1061109567 1061109567 1061109567 1061109567 1061109567 1061109567 1061109567 
i=3, j=0: 1061109567 1061109567 1061109567 0 1061109567 1061109567 1061109567 1061109567 1061109567 1061109567 1061109567 1061109567 1061109567 1061109567 1061109567 1061109567 
i=3, j=1: 1061109567 1061109567 1061109567 1061109567 1061109567 1061109567 1061109567 1061109567 1061109567 1061109567 1061109567 1 1061109567 1061109567 1061109567 1061109567 
i=4, j=-5: 1061109567 1061109567 1061109567 1061109567 1061109567 1061109567 1061109567 1061109567 1061109567 1061109567 1061109567 1061109567 1061109567 1061109567 1061109567 1061109567 
i=4, j=-4: 1061109567 1061109567 1061109567 1061109567 1061109567 1061109567 1061109567 1061109567 1061109567 1061109567 1061109567 1061109567 1061109567 1061109567 1061109567 1061109567 
i=4, j=-3: 1061109567 1061109567 1061109567 1061109567 1061109567 1061109567 1061109567 1061109567 1061109567 1061109567 1061109567 1061109567 1061109567 1061109567 1061109567 1061109567 
i=4, j=-2: 1061109567 1061109567 1061109567 1061109567 1061109567 1061109567 1061109567 1061109567 1061109567 1061109567 1061109567 1061109567 1061109567 1061109567 1061109567 1061109567 
i=4, j=-1: 1061109567 1061109567 1061109567 1061109567 1061109567 1061109567 1061109567 1061109567 1061109567 1061109567 1061109567 1061109567 1061109567 1061109567 1061109567 1061109567 
i=4, j=0: 1061109567 1061109567 1061109567 1061109567 1061109567 1061109567 1061109567 1061109567 1061109567 1061109567 1061109567 1061109567 1061109567 0 1061109567 1061109567 
i=4, j=1: 1061109567 1061109567 1061109567 1061109567 1061109567 1061109567 1061109567 1061109567 1061109567 1061109567 1061109567 1061109567 1061109567 1 1061109567 1061109567 
i=5, j=-5: 1061109567 1061109567 1061109567 1061109567 1061109567 1061109567 1061109567 1061109567 1061109567 1061109567 1061109567 1061109567 1061109567 1061109567 1061109567 1061109567 
i=5, j=-4: 1061109567 1061109567 1061109567 1061109567 1061109567 1061109567 1061109567 1061109567 1061109567 1061109567 1061109567 1061109567 1061109567 1061109567 1061109567 1061109567 
i=5, j=-3: 1061109567 1061109567 1061109567 1061109567 1061109567 1061109567 1061109567 1061109567 1061109567 1061109567 1061109567 1061109567 1061109567 1061109567 1061109567 1061109567 
i=5, j=-2: 1061109567 1061109567 1061109567 1061109567 1061109567 1061109567 1061109567 1061109567 1061109567 1061109567 1061109567 1061109567 1061109567 1061109567 1061109567 1061109567 
i=5, j=-1: 1061109567 1061109567 1061109567 1061109567 1061109567 1061109567 1061109567 1061109567 1061109567 1061109567 1061109567 1061109567 1061109567 1061109567 1061109567 1061109567 
i=5, j=0: 1061109567 1061109567 1061109567 1061109567 1061109567 1061109567 0 1061109567 1061109567 1061109567 1061109567 3 1061109567 1061109567 1061109567 1061109567 
i=5, j=1: 1061109567 1061109567 1061109567 1061109567 1061109567 1061109567 1 1061109567 1061109567 1061109567 1061109567 1061109567 1061109567 1061109567 1061109567 1061109567 
i=6, j=-5: 1061109567 1061109567 1061109567 1061109567 1061109567 1061109567 1061109567 1061109567 1061109567 1061109567 1061109567 1061109567 1061109567 1061109567 1061109567 1061109567 
i=6, j=-4: 1061109567 1061109567 1061109567 1061109567 1061109567 1061109567 1061109567 1061109567 1061109567 1061109567 1061109567 1061109567 1061109567 1061109567 1061109567 1061109567 
i=6, j=-3: 1061109567 1061109567 1061109567 1061109567 1061109567 1061109567 1061109567 1061109567 1061109567 1061109567 1061109567 1061109567 1061109567 1061109567 1061109567 1061109567 
i=6, j=-2: 1061109567 1061109567 1061109567 1061109567 1061109567 1061109567 1061109567 1061109567 1061109567 1061109567 1061109567 1061109567 1061109567 1061109567 1061109567 1061109567 
i=6, j=-1: 1061109567 1061109567 1061109567 1061109567 1061109567 1061109567 1061109567 1061109567 1061109567 1061109567 1061109567 1061109567 1061109567 1061109567 1061109567 1061109567 
i=6, j=0: 1061109567 1061109567 1061109567 1061109567 1061109567 1061109567 1061109567 1061109567 1061109567 1061109567 1061109567 0 1061109567 1061109567 1061109567 3 
i=6, j=1: 1061109567 1061109567 1061109567 1061109567 1061109567 1061109567 1061109567 1061109567 1061109567 1061109567 1061109567 1 1061109567 1061109567 1061109567 1061109567 
i=3, j=-5: 1061109567 1061109567 1061109567 1061109567 1061109567 1061109567 1061109567 1061109567 1061109567 1061109567 1061109567 1061109567 1061109567 1061109567 1061109567 1061109567 
i=3, j=-4: 1061109567 1061109567 1061109567 1061109567 1061109567 1061109567 1061109567 1061109567 1061109567 1061109567 1061109567 1061109567 1061109567 1061109567 1061109567 1061109567 
i=3, j=-3: 1061109567 1061109567 1061109567 1061109567 1061109567 1061109567 1061109567 1061109567 1061109567 1061109567 1061109567 1061109567 1061109567 1061109567 1061109567 1061109567 
i=3, j=-2: 1061109567 1061109567 1061109567 1061109567 1061109567 1061109567 1061109567 1061109567 1061109567 1061109567 1061109567 1061109567 1061109567 1061109567 1061109567 1061109567 
i=3, j=-1: 1061109567 1061109567 1061109567 1061109567 1061109567 1061109567 1061109567 1061109567 1061109567 1061109567 1061109567 1061109567 1061109567 1061109567 1061109567 1061109567 
i=3, j=0: 1061109567 1061109567 1061109567 1061109567 1061109567 1061109567 1061109567 1061109567 1061109567 0 1061109567 1 1061109567 1061109567 1061109567 1061109567 
i=3, j=1: 1061109567 1061109567 1061109567 1061109567 1061109567 1061109567 1061109567 1061109567 1061109567 1061109567 1061109567 1061109567 1061109567 1061109567 1061109567 1061109567 
i=4, j=-5: 1061109567 1061109567 1061109567 1061109567 1061109567 1061109567 1061109567 1061109567 1061109567 1061109567 1061109567 1061109567 1061109567 1061109567 1061109567 1061109567 
i=4, j=-4: 1061109567 1061109567 1061109567 1061109567 1061109567 1061109567 1061109567 1061109567 1061109567 1061109567 1061109567 1061109567 1061109567 1061109567 1061109567 1061109567 
i=4, j=-3: 1061109567 1061109567 1061109567 1061109567 1061109567 1061109567 1061109567 1061109567 1061109567 1061109567 1061109567 1061109567 1061109567 1061109567 1061109567 1061109567 
i=4, j=-2: 1061109567 1061109567 1061109567 1061109567 1061109567 1061109567 1061109567 1061109567 1061109567 1061109567 1061109567 1061109567 1061109567 1061109567 1061109567 1061109567 
i=4, j=-1: 1061109567 1061109567 1061109567 1061109567 1061109567 1061109567 1061109567 1061109567 1061109567 1061109567 1061109567 1061109567 1061109567 1061109567 1061109567 1061109567 
i=4, j=0: 1061109567 1061109567 1061109567 1061109567 1061109567 1061109567 0 1061109567 1061109567 1061109567 1061109567 1061109567 1061109567 1061109567 1 1061109567 
i=4, j=1: 1061109567 1061109567 1061109567 1061109567 1061109567 1061109567 1061109567 1061109567 1061109567 1061109567 1061109567 1061109567 1061109567 1061109567 1061109567 1061109567 
i=5, j=-5: 1061109567 1061109567 1061109567 1061109567 1061109567 1061109567 1061109567 1061109567 1061109567 1061109567 1061109567 1061109567 1061109567 1061109567 1061109567 1061109567 
i=5, j=-4: 1061109567 1061109567 1061109567 1061109567 1061109567 1061109567 1061109567 1061109567 1061109567 1061109567 1061109567 1061109567 1061109567 1061109567 1061109567 1061109567 
i=5, j=-3: 1061109567 1061109567 1061109567 1061109567 1061109567 1061109567 1061109567 1061109567 1061109567 1061109567 1061109567 1061109567 1061109567 1061109567 1061109567 1061109567 
i=5, j=-2: 1061109567 1061109567 1061109567 1061109567 1061109567 1061109567 1061109567 1061109567 1061109567 1061109567 1061109567 1061109567 1061109567 1061109567 1061109567 1061109567 
i=5, j=-1: 1061109567 1061109567 1061109567 1061109567 1061109567 1061109567 1061109567 1061109567 1061109567 1061109567 1061109567 1061109567 1061109567 1061109567 1061109567 1061109567 
i=5, j=0: 1061109567 1061109567 1061109567 1061109567 1061109567 1061109567 1061109567 1061109567 1061109567 1061109567 1061109567 0 1061109567 1061109567 1061109567 1061109567 
i=5, j=1: 1061109567 1061109567 1061109567 1061109567 1061109567 1061109567 1061109567 1061109567 1061109567 1061109567 1061109567 1061109567 1061109567 1061109567 1061109567 1061109567 
i=3, j=-5: 1061109567 1061109567 1061109567 1061109567 1061109567 1061109567 1061109567 1061109567 1061109567 1061109567 1061109567 1061109567 1061109567 1061109567 1061109567 1061109567 
i=3, j=-4: 1061109567 1061109567 1061109567 1061109567 1061109567 1061109567 1061109567 1061109567 1061109567 1061109567 1061109567 1061109567 1061109567 1061109567 1061109567 1061109567 
i=3, j=-3: 1061109567 1061109567 1061109567 1061109567 1061109567 1061109567 1061109567 1061109567 1061109567 1061109567 1061109567 1061109567 1061109567 1061109567 1061109567 1061109567 
i=3, j=-2: 1061109567 1061109567 1061109567 1061109567 1061109567 1061109567 1061109567 1061109567 1061109567 1061109567 1061109567 1061109567 1061109567 1061109567 1061109567 1061109567 
i=3, j=-1: 1061109567 1061109567 1061109567 1061109567 1061109567 1061109567 1061109567 1061109567 1061109567 1061109567 1061109567 1061109567 1061109567 1061109567 1061109567 1061109567 
i=3, j=0: 1061109567 1061109567 1061109567 1061109567 1061109567 1061109567 0 1061109567 1061109567 1061109567 1061109567 3 1061109567 1061109567 1061109567 1061109567 
i=3, j=1: 1061109567 1061109567 1061109567 1061109567 1061109567 1061109567 1061109567 1061109567 1061109567 1061109567 1061109567 1061109567 1061109567 1061109567 1061109567 1061109567 
i=4, j=-5: 1061109567 1061109567 1061109567 1061109567 1061109567 1061109567 1061109567 1061109567 1061109567 1061109567 1061109567 1061109567 1061109567 1061109567 1061109567 1061109567 
i=4, j=-4: 1061109567 1061109567 1061109567 1061109567 1061109567 1061109567 1061109567 1061109567 1061109567 1061109567 1061109567 1061109567 1061109567 1061109567 1061109567 1061109567 
i=4, j=-3: 1061109567 1061109567 1061109567 1061109567 1061109567 1061109567 1061109567 1061109567 1061109567 1061109567 1061109567 1061109567 1061109567 1061109567 1061109567 1061109567 
i=4, j=-2: 1061109567 1061109567 1061109567 1061109567 1061109567 1061109567 1061109567 1061109567 1061109567 1061109567 1061109567 1061109567 1061109567 1061109567 1061109567 1061109567 
i=4, j=-1: 1061109567 1061109567 1061109567 1061109567 1061109567 1061109567 1061109567 1061109567 1061109567 1061109567 1061109567 1061109567 1061109567 1061109567 1061109567 1061109567 
i=4, j=0: 1061109567 1061109567 1061109567 1061109567 1061109567 1061109567 1061109567 1061109567 1061109567 1061109567 1061109567 0 1061109567 1061109567 1061109567 3 
i=4, j=1: 1061109567 1061109567 1061109567 1061109567 1061109567 1061109567 1061109567 1061109567 1061109567 1061109567 1061109567 1061109567 1061109567 1061109567 1061109567 1061109567 
i=5, j=-5: 1061109567 1061109567 1061109567 1061109567 1061109567 1061109567 1061109567 1061109567 1061109567 1061109567 1061109567 1061109567 1061109567 1061109567 1061109567 1061109567 
i=5, j=-4: 1061109567 1061109567 1061109567 1061109567 1061109567 1061109567 1061109567 1061109567 1061109567 1061109567 1061109567 1061109567 1061109567 1061109567 1061109567 1061109567 
i=5, j=-3: 1061109567 1061109567 1061109567 1061109567 1061109567 1061109567 1061109567 1061109567 1061109567 1061109567 1061109567 1061109567 1061109567 1061109567 1061109567 1061109567 
i=5, j=-2: 1061109567 1061109567 1061109567 1061109567 1061109567 1061109567 1061109567 1061109567 1061109567 1061109567 1061109567 1061109567 1061109567 1061109567 1061109567 1061109567 
i=5, j=-1: 1061109567 1061109567 1061109567 1061109567 1061109567 1061109567 1061109567 1061109567 1061109567 1061109567 1061109567 1061109567 1061109567 1061109567 1061109567 1061109567 
i=5, j=0: 1061109567 1061109567 1061109567 1061109567 1061109567 1061109567 1061109567 1061109567 1061109567 1061109567 1061109567 3 0 1061109567 1061109567 1061109567 
i=5, j=1: 1061109567 1061109567 1061109567 1061109567 1061109567 1061109567 1061109567 1061109567 1061109567 1061109567 1061109567 1061109567 1061109567 1061109567 1061109567 1061109567 
i=6, j=-5: 1061109567 1061109567 1061109567 1061109567 1061109567 1061109567 1061109567 1061109567 1061109567 1061109567 1061109567 1061109567 1061109567 1061109567 1061109567 1061109567 
i=6, j=-4: 1061109567 1061109567 1061109567 1061109567 1061109567 1061109567 1061109567 1061109567 1061109567 1061109567 1061109567 1061109567 1061109567 1061109567 1061109567 1061109567 
i=6, j=-3: 1061109567 1061109567 1061109567 1061109567 1061109567 1061109567 1061109567 1061109567 1061109567 1061109567 1061109567 1061109567 1061109567 1061109567 1061109567 1061109567 
i=6, j=-2: 1061109567 1061109567 1061109567 1061109567 1061109567 1061109567 1061109567 1061109567 1061109567 1061109567 1061109567 1061109567 1061109567 1061109567 1061109567 1061109567 
i=6, j=-1: 1061109567 1061109567 1061109567 1061109567 1061109567 1061109567 1061109567 1061109567 1061109567 1061109567 1061109567 1061109567 1061109567 1061109567 1061109567 1061109567 
i=6, j=0: 0 1061109567 1061109567 1061109567 1061109567 1061109567 1061109567 1061109567 1061109567 1061109567 1061109567 3 3 1061109567 1061109567 1061109567 
i=6, j=1: 1061109567 1061109567 1061109567 1061109567 1061109567 1061109567 1061109567 1061109567 1061109567 1061109567 1061109567 6 1061109567 1061109567 1061109567 1061109567 
i=3, j=-5: 1061109567 1061109567 1061109567 1061109567 1061109567 1061109567 1061109567 1061109567 1061109567 1061109567 1061109567 1061109567 1061109567 1061109567 1061109567 1061109567 
i=3, j=-4: 1061109567 1061109567 1061109567 1061109567 1061109567 1061109567 1061109567 1061109567 1061109567 1061109567 1061109567 1061109567 1061109567 1061109567 1061109567 1061109567 
i=3, j=-3: 1061109567 1061109567 1061109567 1061109567 1061109567 1061109567 1061109567 1061109567 1061109567 1061109567 1061109567 1061109567 1061109567 1061109567 1061109567 1061109567 
i=3, j=-2: 1061109567 1061109567 1061109567 1061109567 1061109567 1061109567 1061109567 1061109567 1061109567 1061109567 1061109567 1061109567 1061109567 1061109567 1061109567 1061109567 
i=3, j=-1: 1061109567 1061109567 1061109567 1061109567 1061109567 1061109567 1061109567 1061109567 1061109567 1061109567 1061109567 1061109567 1061109567 1061109567 1061109567 1061109567 
i=3, j=0: 0 1061109567 1061109567 1061109567 1061109567 1061109567 1061109567 1061109567 1061109567 1061109567 1061109567 1061109567 1061109567 1061109567 1061109567 1061109567 
i=3, j=1: 1061109567 1061109567 1061109567 1061109567 1061109567 1061109567 1061109567 1061109567 1061109567 1061109567 1061109567 3 1061109567 1061109567 1061109567 1061109567 
i=4, j=-5: 1061109567 1061109567 1061109567 1061109567 1061109567 1061109567 1061109567 1061109567 1061109567 1061109567 1061109567 1061109567 1061109567 1061109567 1061109567 1061109567 
i=4, j=-4: 1061109567 1061109567 1061109567 1061109567 1061109567 1061109567 1061109567 1061109567 1061109567 1061109567 1061109567 1061109567 1061109567 1061109567 1061109567 1061109567 
i=4, j=-3: 1061109567 1061109567 1061109567 1061109567 1061109567 1061109567 1061109567 1061109567 1061109567 1061109567 1061109567 1061109567 1061109567 1061109567 1061109567 1061109567 
i=4, j=-2: 1061109567 1061109567 1061109567 1061109567 1061109567 1061109567 1061109567 1061109567 1061109567 1061109567 1061109567 1061109567 1061109567 1061109567 1061109567 1061109567 
i=4, j=-1: 1061109567 1061109567 1061109567 1061109567 1061109567 1061109567 1061109567 1061109567 1061109567 1061109567 1061109567 1061109567 1061109567 1061109567 1061109567 1061109567 
i=4, j=0: 0 1061109567 1061109567 1061109567 1061109567 1061109567 1061109567 1061109567 1061109567 1061109567 1061109567 1061109567 1061109567 1061109567 1061109567 1061109567 
i=4, j=1: 1061109567 1061109567 1061109567 1061109567 1061109567 1061109567 1061109567 1061109567 1061109567 1061109567 1061109567 1061109567 3 1061109567 1061109567 1061109567 
i=5, j=-5: 1061109567 1061109567 1061109567 1061109567 1061109567 1061109567 1061109567 1061109567 1061109567 1061109567 1061109567 1061109567 1061109567 1061109567 1061109567 1061109567 
i=5, j=-4: 1061109567 1061109567 1061109567 1061109567 1061109567 1061109567 1061109567 1061109567 1061109567 1061109567 1061109567 1061109567 1061109567 1061109567 1061109567 1061109567 
i=5, j=-3: 1061109567 1061109567 1061109567 1061109567 1061109567 1061109567 1061109567 1061109567 1061109567 1061109567 1061109567 1061109567 1061109567 1061109567 1061109567 1061109567 
i=5, j=-2: 1061109567 1061109567 1061109567 1061109567 1061109567 1061109567 1061109567 1061109567 1061109567 1061109567 1061109567 1061109567 1061109567 1061109567 1061109567 1061109567 
i=5, j=-1: 1061109567 1061109567 1061109567 1061109567 1061109567 1061109567 1061109567 1061109567 1061109567 1061109567 1061109567 1061109567 1061109567 1061109567 1061109567 1061109567 
i=5, j=0: 0 1061109567 1061109567 1061109567 1061109567 1061109567 1061109567 1061109567 1061109567 1061109567 1061109567 1061109567 1061109567 1061109567 1061109567 1061109567 
i=5, j=1: 3 1061109567 1061109567 1061109567 1061109567 1061109567 1061109567 1061109567 1061109567 1061109567 1061109567 3 1061109567 1061109567 1061109567 1061109567 
i=3, j=-5: 1061109567 1061109567 1061109567 1061109567 1061109567 1061109567 1061109567 1061109567 1061109567 1061109567 1061109567 1061109567 1061109567 1061109567 1061109567 1061109567 
i=3, j=-4: 1061109567 1061109567 1061109567 1061109567 1061109567 1061109567 1061109567 1061109567 1061109567 1061109567 1061109567 1061109567 1061109567 1061109567 1061109567 1061109567 
i=3, j=-3: 1061109567 1061109567 1061109567 1061109567 1061109567 1061109567 1061109567 1061109567 1061109567 1061109567 1061109567 1061109567 1061109567 1061109567 1061109567 1061109567 
i=3, j=-2: 1061109567 1061109567 1061109567 1061109567 1061109567 1061109567 1061109567 1061109567 1061109567 1061109567 1061109567 1061109567 1061109567 1061109567 1061109567 1061109567 
i=3, j=-1: 1061109567 1061109567 1061109567 1061109567 1061109567 1061109567 1061109567 1061109567 1061109567 1061109567 1061109567 1061109567 1061109567 1061109567 1061109567 1061109567 
i=3, j=0: 1061109567 1061109567 1061109567 1061109567 1061109567 1061109567 1061109567 1061109567 1061109567 1061109567 1061109567 0 1061109567 1061109567 1061109567 1061109567 
i=3, j=1: 1061109567 1061109567 1061109567 1061109567 1061109567 1061109567 1061109567 1061109567 1061109567 1061109567 1061109567 1061109567 1061109567 1061109567 1061109567 1061109567 
i=3, j=2: 1061109567 1061109567 1061109567 1061109567 1061109567 1061109567 1061109567 1061109567 1061109567 1061109567 1061109567 1061109567 1061109567 1061109567 1061109567 1061109567 
i=4, j=-5: 1061109567 1061109567 1061109567 1061109567 1061109567 1061109567 1061109567 1061109567 1061109567 1061109567 1061109567 1061109567 1061109567 1061109567 1061109567 1061109567 
i=4, j=-4: 1061109567 1061109567 1061109567 1061109567 1061109567 1061109567 1061109567 1061109567 1061109567 1061109567 1061109567 1061109567 1061109567 1061109567 1061109567 1061109567 
i=4, j=-3: 1061109567 1061109567 1061109567 1061109567 1061109567 1061109567 1061109567 1061109567 1061109567 1061109567 1061109567 1061109567 1061109567 1061109567 1061109567 1061109567 
i=4, j=-2: 1061109567 1061109567 1061109567 1061109567 1061109567 1061109567 1061109567 1061109567 1061109567 1061109567 1061109567 1061109567 1061109567 1061109567 1061109567 1061109567 
i=4, j=-1: 1061109567 1061109567 1061109567 1061109567 1061109567 1061109567 1061109567 1061109567 1061109567 1061109567 1061109567 1061109567 1061109567 1061109567 1061109567 1061109567 
i=4, j=0: 1061109567 1061109567 1061109567 1061109567 1061109567 1061109567 1061109567 1061109567 1061109567 1061109567 1061109567 1061109567 1061109567 1061109567 0 1061109567 
i=4, j=1: 1061109567 1061109567 1061109567 1061109567 1061109567 1061109567 1061109567 1061109567 1061109567 1061109567 1061109567 1061109567 1061109567 1061109567 1061109567 1061109567 
i=4, j=2: 1061109567 1061109567 1061109567 1061109567 1061109567 1061109567 1061109567 1061109567 1061109567 1061109567 1061109567 1061109567 1061109567 1061109567 1061109567 1061109567 
i=5, j=-5: 1061109567 1061109567 1061109567 1061109567 1061109567 1061109567 1061109567 1061109567 1061109567 1061109567 1061109567 1061109567 1061109567 1061109567 1061109567 1061109567 
i=5, j=-4: 1061109567 1061109567 1061109567 1061109567 1061109567 1061109567 1061109567 1061109567 1061109567 1061109567 1061109567 1061109567 1061109567 1061109567 1061109567 1061109567 
i=5, j=-3: 1061109567 1061109567 1061109567 1061109567 1061109567 1061109567 1061109567 1061109567 1061109567 1061109567 1061109567 1061109567 1061109567 1061109567 1061109567 1061109567 
i=5, j=-2: 1061109567 1061109567 1061109567 1061109567 1061109567 1061109567 1061109567 1061109567 1061109567 1061109567 1061109567 1061109567 1061109567 1061109567 1061109567 1061109567 
i=5, j=-1: 1061109567 1061109567 1061109567 1061109567 1061109567 1061109567 1061109567 1061109567 1061109567 1061109567 1061109567 2 1061109567 1061109567 1061109567 1061109567 
i=5, j=0: 1061109567 1061109567 1061109567 1061109567 1061109567 1061109567 1061109567 1061109567 1061109567 0 1061109567 1061109567 1061109567 1061109567 1061109567 1061109567 
i=5, j=1: 1061109567 1061109567 1061109567 1061109567 1061109567 1061109567 1061109567 1061109567 1061109567 1061109567 1061109567 1061109567 1061109567 1061109567 1061109567 1061109567 
i=5, j=2: 1061109567 1061109567 1061109567 1061109567 1061109567 1061109567 1061109567 1061109567 1061109567 1061109567 1061109567 1061109567 1061109567 1061109567 1061109567 1061109567 
i=6, j=-5: 1061109567 1061109567 1061109567 1061109567 1061109567 1061109567 1061109567 1061109567 1061109567 1061109567 1061109567 1061109567 1061109567 1061109567 1061109567 1061109567 
i=6, j=-4: 1061109567 1061109567 1061109567 1061109567 1061109567 1061109567 1061109567 1061109567 1061109567 1061109567 1061109567 1061109567 1061109567 1061109567 1061109567 1061109567 
i=6, j=-3: 1061109567 1061109567 1061109567 1061109567 1061109567 1061109567 1061109567 1061109567 1061109567 1061109567 1061109567 1061109567 1061109567 1061109567 1061109567 1061109567 
i=6, j=-2: 1061109567 1061109567 1061109567 1061109567 1061109567 1061109567 1061109567 1061109567 1061109567 1061109567 1061109567 1061109567 1061109567 1061109567 1061109567 1061109567 
i=6, j=-1: 1061109567 1061109567 1061109567 1061109567 1061109567 1061109567 1061109567 1061109567 1061109567 1061109567 1061109567 1061109567 1061109567 1061109567 2 1061109567 
i=6, j=0: 1061109567 1061109567 1061109567 1061109567 1061109567 1061109567 0 1061109567 1061109567 1061109567 1061109567 3 1061109567 1061109567 1061109567 1061109567 
i=6, j=1: 1061109567 1061109567 1061109567 1061109567 1061109567 1061109567 1061109567 1061109567 1061109567 1061109567 1061109567 1061109567 1061109567 1061109567 1061109567 1061109567 
i=6, j=2: 1061109567 1061109567 1061109567 1061109567 1061109567 1061109567 1061109567 1061109567 1061109567 1061109567 1061109567 1061109567 1061109567 1061109567 1061109567 1061109567 
i=7, j=-5: 1061109567 1061109567 1061109567 1061109567 1061109567 1061109567 1061109567 1061109567 1061109567 1061109567 1061109567 1061109567 1061109567 1061109567 1061109567 1061109567 
i=7, j=-4: 1061109567 1061109567 1061109567 1061109567 1061109567 1061109567 1061109567 1061109567 1061109567 1061109567 1061109567 1061109567 1061109567 1061109567 1061109567 1061109567 
i=7, j=-3: 1061109567 1061109567 1061109567 1061109567 1061109567 1061109567 1061109567 1061109567 1061109567 1061109567 1061109567 1061109567 1061109567 1061109567 1061109567 1061109567 
i=7, j=-2: 1061109567 1061109567 1061109567 1061109567 1061109567 1061109567 1061109567 1061109567 1061109567 1061109567 1061109567 1061109567 1061109567 1061109567 1061109567 1061109567 
i=7, j=-1: 1061109567 1061109567 1061109567 1061109567 1061109567 1061109567 1061109567 1061109567 1061109567 1061109567 1061109567 2 1061109567 1061109567 1061109567 1061109567 
i=7, j=0: 1061109567 1061109567 1061109567 1061109567 1061109567 1061109567 1061109567 1061109567 1061109567 1061109567 1061109567 0 1061109567 1061109567 1061109567 3 
i=7, j=1: 1061109567 1061109567 1061109567 1061109567 1061109567 1061109567 1061109567 1061109567 1061109567 1061109567 1061109567 1061109567 1061109567 1061109567 1061109567 1061109567 
i=7, j=2: 1061109567 1061109567 1061109567 1061109567 1061109567 1061109567 1061109567 1061109567 1061109567 1061109567 1061109567 1061109567 1061109567 1061109567 1061109567 1061109567 
i=8, j=-5: 1061109567 1061109567 1061109567 1061109567 1061109567 1061109567 1061109567 1061109567 1061109567 1061109567 1061109567 1061109567 1061109567 1061109567 1061109567 1061109567 
i=8, j=-4: 1061109567 1061109567 1061109567 1061109567 1061109567 1061109567 1061109567 1061109567 1061109567 1061109567 1061109567 1061109567 1061109567 1061109567 1061109567 1061109567 
i=8, j=-3: 1061109567 1061109567 1061109567 1061109567 1061109567 1061109567 1061109567 1061109567 1061109567 1061109567 1061109567 1061109567 1061109567 1061109567 1061109567 1061109567 
i=8, j=-2: 1061109567 1061109567 1061109567 1061109567 1061109567 1061109567 1061109567 1061109567 1061109567 1061109567 1061109567 1061109567 1061109567 1061109567 1061109567 1061109567 
i=8, j=-1: 1061109567 1061109567 1061109567 1061109567 1061109567 1061109567 1061109567 1061109567 1061109567 1061109567 1061109567 1061109567 1061109567 2 1061109567 1061109567 
i=8, j=0: 1061109567 1061109567 1061109567 1061109567 1061109567 1061109567 1061109567 1061109567 1061109567 1061109567 1061109567 3 1061109567 0 1061109567 1061109567 
i=8, j=1: 1061109567 1061109567 1061109567 1061109567 1061109567 1061109567 1061109567 1061109567 1061109567 1061109567 1061109567 1061109567 1061109567 1061109567 1061109567 1061109567 
i=8, j=2: 1061109567 1061109567 1061109567 1061109567 1061109567 1061109567 1061109567 1061109567 1061109567 1061109567 1061109567 1061109567 1061109567 1061109567 1061109567 1061109567 
i=9, j=-5: 1061109567 1061109567 1061109567 1061109567 1061109567 1061109567 1061109567 1061109567 1061109567 1061109567 1061109567 1061109567 1061109567 1061109567 1061109567 1061109567 
i=9, j=-4: 1061109567 1061109567 1061109567 1061109567 1061109567 1061109567 1061109567 1061109567 1061109567 1061109567 1061109567 1061109567 1061109567 1061109567 1061109567 1061109567 
i=9, j=-3: 1061109567 1061109567 1061109567 1061109567 1061109567 1061109567 1061109567 1061109567 1061109567 1061109567 1061109567 1061109567 1061109567 1061109567 1061109567 1061109567 
i=9, j=-2: 1061109567 1061109567 1061109567 1061109567 1061109567 1061109567 1061109567 1061109567 1061109567 1061109567 1061109567 1061109567 1061109567 1061109567 1061109567 1061109567 
i=9, j=-1: 1061109567 1061109567 1061109567 1061109567 2 1061109567 1061109567 1061109567 1061109567 1061109567 1061109567 1061109567 1061109567 1061109567 1061109567 1061109567 
i=9, j=0: 1061109567 1061109567 1061109567 1061109567 0 1061109567 1061109567 1061109567 1061109567 1061109567 1061109567 3 3 1061109567 1061109567 1061109567 
i=9, j=1: 1061109567 1061109567 1061109567 1061109567 1061109567 1061109567 1061109567 1061109567 1061109567 1061109567 1061109567 6 1061109567 1061109567 1061109567 1061109567 
i=9, j=2: 1061109567 1061109567 1061109567 1061109567 1061109567 1061109567 1061109567 1061109567 1061109567 1061109567 1061109567 1061109567 1061109567 1061109567 1061109567 1061109567 
i=10, j=-5: 1061109567 1061109567 1061109567 1061109567 1061109567 1061109567 1061109567 1061109567 1061109567 1061109567 1061109567 1061109567 1061109567 1061109567 1061109567 1061109567 
i=10, j=-4: 1061109567 1061109567 1061109567 1061109567 1061109567 1061109567 1061109567 1061109567 1061109567 1061109567 1061109567 1061109567 1061109567 1061109567 1061109567 1061109567 
i=10, j=-3: 1061109567 1061109567 1061109567 1061109567 1061109567 1061109567 1061109567 1061109567 1061109567 1061109567 1061109567 1061109567 1061109567 1061109567 1061109567 1061109567 
i=10, j=-2: 1061109567 1061109567 1061109567 1061109567 1061109567 1061109567 1061109567 1061109567 1061109567 1061109567 1061109567 1061109567 1061109567 1061109567 1061109567 1061109567 
i=10, j=-1: 2 1061109567 1061109567 1061109567 1061109567 1061109567 1061109567 1061109567 1061109567 1061109567 1061109567 1061109567 1061109567 1061109567 1061109567 1061109567 
i=10, j=0: 0 1061109567 1061109567 1061109567 1061109567 1061109567 1061109567 1061109567 1061109567 1061109567 1061109567 4 3 1061109567 1061109567 1061109567 
i=10, j=1: 1061109567 1061109567 1061109567 1061109567 1061109567 1061109567 1061109567 1061109567 1061109567 1061109567 1061109567 2 6 1061109567 1061109567 1061109567 
i=10, j=2: 1061109567 1061109567 1061109567 1061109567 1061109567 1061109567 1061109567 1061109567 1061109567 1061109567 1061109567 1061109567 1061109567 1061109567 1061109567 1061109567 
i=11, j=-5: 1061109567 1061109567 1061109567 1061109567 1061109567 1061109567 1061109567 1061109567 1061109567 1061109567 1061109567 1061109567 1061109567 1061109567 1061109567 1061109567 
i=11, j=-4: 1061109567 1061109567 1061109567 1061109567 1061109567 1061109567 1061109567 1061109567 1061109567 1061109567 1061109567 1061109567 1061109567 1061109567 1061109567 1061109567 
i=11, j=-3: 1061109567 1061109567 1061109567 1061109567 1061109567 1061109567 1061109567 1061109567 1061109567 1061109567 1061109567 1061109567 1061109567 1061109567 1061109567 1061109567 
i=11, j=-2: 1061109567 1061109567 1061109567 1061109567 1061109567 1061109567 1061109567 1061109567 1061109567 1061109567 1061109567 1061109567 1061109567 1061109567 1061109567 1061109567 
i=11, j=-1: 1061109567 1061109567 1061109567 2 1061109567 1061109567 1061109567 1061109567 1061109567 1061109567 1061109567 1061109567 1061109567 1061109567 1061109567 1061109567 
i=11, j=0: 1061109567 1061109567 1061109567 0 1061109567 1061109567 1061109567 1061109567 1061109567 1061109567 1061109567 4 1061109567 1061109567 1061109567 4 
i=11, j=1: 1061109567 1061109567 1061109567 6 1061109567 1061109567 1061109567 1061109567 1061109567 1061109567 1061109567 2 1061109567 1061109567 1061109567 2 
i=11, j=2: 1061109567 1061109567 1061109567 1061109567 1061109567 1061109567 1061109567 1061109567 1061109567 1061109567 1061109567 1061109567 1061109567 1061109567 1061109567 1061109567 
i=12, j=-5: 1061109567 1061109567 1061109567 1061109567 1061109567 1061109567 1061109567 1061109567 1061109567 1061109567 1061109567 1061109567 1061109567 1061109567 1061109567 1061109567 
i=12, j=-4: 1061109567 1061109567 1061109567 1061109567 1061109567 1061109567 1061109567 1061109567 1061109567 1061109567 1061109567 1061109567 1061109567 1061109567 1061109567 1061109567 
i=12, j=-3: 1061109567 1061109567 1061109567 1061109567 1061109567 1061109567 1061109567 1061109567 1061109567 1061109567 1061109567 1061109567 1061109567 1061109567 1061109567 1061109567 
i=12, j=-2: 1061109567 1061109567 1061109567 1061109567 1061109567 1061109567 1061109567 1061109567 1061109567 1061109567 1061109567 1061109567 1061109567 1061109567 1061109567 1061109567 
i=12, j=-1: 1061109567 1061109567 1061109567 1061109567 1061109567 1061109567 1061109567 1061109567 1061109567 1061109567 1061109567 1061109567 1061109567 2 1061109567 1061109567 
i=12, j=0: 1061109567 1061109567 1061109567 1061109567 1061109567 1061109567 1061109567 1061109567 1061109567 1061109567 1061109567 5 1061109567 0 1061109567 1061109567 
i=12, j=1: 1061109567 1061109567 1061109567 1061109567 1061109567 1061109567 1061109567 1061109567 1061109567 1061109567 1061109567 3 1061109567 2 1061109567 1061109567 
i=12, j=2: 1061109567 1061109567 1061109567 1061109567 1061109567 1061109567 1061109567 1061109567 1061109567 1061109567 1061109567 9 1061109567 1061109567 1061109567 1061109567 
i=13, j=-5: 1061109567 1061109567 1061109567 1061109567 1061109567 1061109567 1061109567 1061109567 1061109567 1061109567 1061109567 1061109567 1061109567 1061109567 1061109567 1061109567 
i=13, j=-4: 1061109567 1061109567 1061109567 1061109567 1061109567 1061109567 1061109567 1061109567 1061109567 1061109567 1061109567 1061109567 1061109567 1061109567 1061109567 1061109567 
i=13, j=-3: 1061109567 1061109567 1061109567 1061109567 1061109567 1061109567 1061109567 1061109567 1061109567 1061109567 1061109567 1061109567 1061109567 1061109567 1061109567 1061109567 
i=13, j=-2: 1061109567 1061109567 1061109567 1061109567 1061109567 1061109567 1061109567 1061109567 1061109567 1061109567 1061109567 1061109567 1061109567 1061109567 1061109567 1061109567 
i=13, j=-1: 1061109567 1061109567 1061109567 1061109567 1061109567 1061109567 2 1061109567 1061109567 1061109567 1061109567 1061109567 1061109567 1061109567 1061109567 1061109567 
i=13, j=0: 1061109567 1061109567 1061109567 1061109567 1061109567 1061109567 0 1061109567 1061109567 1061109567 1061109567 5 1061109567 1061109567 5 1061109567 
i=13, j=1: 1061109567 1061109567 1061109567 1061109567 1061109567 1061109567 2 1061109567 1061109567 1061109567 1061109567 3 1061109567 1061109567 3 1061109567 
i=13, j=2: 1061109567 1061109567 1061109567 1061109567 1061109567 1061109567 1061109567 1061109567 1061109567 1061109567 1061109567 5 1061109567 1061109567 9 1061109567 
i=14, j=-5: 1061109567 1061109567 1061109567 1061109567 1061109567 1061109567 1061109567 1061109567 1061109567 1061109567 1061109567 1061109567 1061109567 1061109567 1061109567 1061109567 
i=14, j=-4: 1061109567 1061109567 1061109567 1061109567 1061109567 1061109567 1061109567 1061109567 1061109567 1061109567 1061109567 1061109567 1061109567 1061109567 1061109567 1061109567 
i=14, j=-3: 1061109567 1061109567 1061109567 1061109567 1061109567 1061109567 1061109567 1061109567 1061109567 1061109567 1061109567 1061109567 1061109567 1061109567 1061109567 1061109567 
i=14, j=-2: 1061109567 1061109567 1061109567 1061109567 1061109567 1061109567 1061109567 1061109567 1061109567 1061109567 1061109567 1061109567 1061109567 1061109567 1061109567 1061109567 
i=14, j=-1: 1061109567 1061109567 1061109567 1061109567 1061109567 1061109567 1061109567 1061109567 1061109567 2 1061109567 1061109567 1061109567 1061109567 1061109567 1061109567 
i=14, j=0: 1061109567 1061109567 1061109567 1061109567 1061109567 1061109567 1061109567 1061109567 1061109567 0 1061109567 3 1061109567 5 1061109567 1061109567 
i=14, j=1: 1061109567 1061109567 1061109567 1061109567 1061109567 1061109567 1061109567 1061109567 1061109567 2 1061109567 1 1061109567 3 1061109567 1061109567 
i=14, j=2: 1061109567 1061109567 1061109567 1061109567 1061109567 1061109567 1061109567 1061109567 1061109567 9 1061109567 3 1061109567 5 1061109567 1061109567 
i=15, j=-5: 1061109567 1061109567 1061109567 1061109567 1061109567 1061109567 1061109567 1061109567 1061109567 1061109567 1061109567 1061109567 1061109567 1061109567 1061109567 1061109567 
i=15, j=-4: 1061109567 1061109567 1061109567 1061109567 1061109567 1061109567 1061109567 1061109567 1061109567 1061109567 1061109567 1061109567 1061109567 1061109567 1061109567 1061109567 
i=15, j=-3: 1061109567 1061109567 1061109567 1061109567 1061109567 1061109567 1061109567 1061109567 1061109567 1061109567 1061109567 1061109567 1061109567 1061109567 1061109567 1061109567 
i=15, j=-2: 1061109567 1061109567 1061109567 1061109567 1061109567 1061109567 1061109567 1061109567 1061109567 1061109567 1061109567 1061109567 1061109567 1061109567 1061109567 1061109567 
i=15, j=-1: 1061109567 1061109567 1061109567 1061109567 1061109567 2 1061109567 1061109567 1061109567 1061109567 1061109567 5 1061109567 1061109567 1061109567 1061109567 
i=15, j=0: 1061109567 1061109567 1061109567 1061109567 1061109567 0 1061109567 1061109567 1061109567 1061109567 1061109567 3 1061109567 3 1061109567 1061109567 
i=15, j=1: 1061109567 1061109567 1061109567 1061109567 1061109567 2 1061109567 1061109567 1061109567 1061109567 106110951
-1
6
3
3
67 5 1061109567 1 1061109567 1061109567 
i=15, j=2: 1061109567 1061109567 1061109567 1061109567 1061109567 5 1061109567 1061109567 1061109567 1061109567 1061109567 12 1061109567 3 1061109567 1061109567 
i=16, j=-5: 1061109567 1061109567 1061109567 1061109567 1061109567 1061109567 1061109567 1061109567 1061109567 1061109567 1061109567 1061109567 1061109567 1061109567 1061109567 1061109567 
i=16, j=-4: 1061109567 1061109567 1061109567 1061109567 1061109567 1061109567 1061109567 1061109567 1061109567 1061109567 1061109567 1061109567 1061109567 1061109567 1061109567 1061109567 
i=16, j=-3: 1061109567 1061109567 1061109567 1061109567 1061109567 1061109567 1061109567 1061109567 1061109567 1061109567 1061109567 1061109567 1061109567 1061109567 1061109567 1061109567 
i=16, j=-2: 1061109567 1061109567 1061109567 1061109567 1061109567 1061109567 1061109567 1061109567 1061109567 1061109567 1061109567 1061109567 1061109567 1061109567 1061109567 1061109567 
i=16, j=-1: 1061109567 1061109567 1061109567 1061109567 1061109567 1061109567 2 1061109567 1061109567 1061109567 1061109567 4 1061109567 1061109567 5 1061109567 
i=16, j=0: 1061109567 1061109567 1061109567 1061109567 1061109567 1061109567 0 1061109567 1061109567 1061109567 1061109567 2 1061109567 1061109567 3 1061109567 
i=16, j=1: 1061109567 1061109567 1061109567 1061109567 1061109567 1061109567 1 1061109567 1061109567 1061109567 1061109567 4 1061109567 1061109567 5 1061109567 
i=16, j=2: 1061109567 1061109567 1061109567 1061109567 1061109567 1061109567 3 1061109567 1061109567 1061109567 1061109567 7 1061109567 1061109567 12 1061109567 
i=17, j=-5: 1061109567 1061109567 1061109567 1061109567 1061109567 1061109567 1061109567 1061109567 1061109567 1061109567 1061109567 1061109567 1061109567 1061109567 1061109567 1061109567 
i=17, j=-4: 1061109567 1061109567 1061109567 1061109567 1061109567 1061109567 1061109567 1061109567 1061109567 1061109567 1061109567 1061109567 1061109567 1061109567 1061109567 1061109567 
i=17, j=-3: 1061109567 1061109567 1061109567 1061109567 1061109567 1061109567 1061109567 1061109567 1061109567 1061109567 1061109567 1061109567 1061109567 1061109567 1061109567 1061109567 
i=17, j=-2: 1061109567 1061109567 1061109567 1061109567 1061109567 1061109567 1061109567 1061109567 1061109567 1061109567 1061109567 1061109567 1061109567 1061109567 1061109567 1061109567 
i=17, j=-1: 1061109567 1061109567 1061109567 1061109567 1061109567 1061109567 1061109567 1061109567 1061109567 1061109567 1061109567 2 1061109567 1061109567 1061109567 4 
i=17, j=0: 1061109567 1061109567 1061109567 1061109567 1061109567 1061109567 1061109567 1061109567 1061109567 1061109567 1061109567 0 1061109567 1061109567 1061109567 2 
i=17, j=1: 1061109567 1061109567 1061109567 1061109567 1061109567 1061109567 1061109567 1061109567 1061109567 1061109567 1061109567 1 1061109567 1061109567 1061109567 4 
i=17, j=2: 1061109567 1061109567 1061109567 1061109567 1061109567 1061109567 1061109567 1061109567 1061109567 1061109567 1061109567 3 1061109567 1061109567 1061109567 7 
