#define osuybJUdfBzLsta OCPzojCmLzvLRtpHC.push_back(OEJsNiCUue);
#define OOkQvqUKGMxNJTVE OGUoURpqq.swap(oVbvnnXZJ);
#define OUqCbCcTRS ojsXoKEmGDZ(OEJsNiCUue)
#define omMlfkRCQS oVbvnnXZJ[OKSbHUFZh]
#define OlNJlTopJhDmJS OGUoURpqq[OKSbHUFZh];
#define oekpnXIRUnHNvQr cout << ozcGXtSJpdOqoE << "\u000A";
#define OzgKbsAMmJvgoL OOZMBfiAs[oalxJhYpHyCgjb];
#define oCieWkZXwNth OOZMBfiAs[OKSbHUFZh]
#define oJgGAQpOEml(OOZMBfiAs[OKSbHUFZh
#define OGGYnjndZumPUrK OOZMBfiAs[OKSbHUFZh
#define OWLvsrzqPl OGUoURpqq[OAFhwfwnib];
#define oesyGKSkV ios::sync_with_stdio(false);
#define oKvldXKTrrieHud oVbvnnXZJ(OAFhwfwnib
#define OBwYDPOJhAVZyfTTm OCPzojCmLzvLRtpHC.push_back(1);
#define oNYBPOQlDsGS OGUoURpqq(OAFhwfwnib
#define OhEGgghdERr OOZMBfiAs[OJTEoFqqNHkAafkIJ
#define OfLmzGABHMgsmPfX OOZMBfiAs(OAFhwfwnib
#define OjDpdYreqgG OEJsNiCUue)->long
#define oQhDYdtQc OweXFRGDRWejPoES(OfNUkwGmOYtIuHwEO,
#define OFAYscOriimyQN ++OKSbHUFZh)
#define oNwUKvYHPZDXR ++OEJsNiCUue;
#define OtUEaliqBaZY OEJsNiCUue);
#define OZUtAuIJfOhkNsiM OKSbHUFZh;
#define owaBTIurNkccEh cin.tie(nullptr);
#define OQWIKjXUGLbhM OEJsNiCUue,
#define oEdiOOPhGW OEJsNiCUue;
#define OIfgxLEBpfqBgWqOJ OwBVZswMkGr;
#define oTxhDQrmIK OKSbHUFZh
#define OahAfIxuUzIC(OwBVZswMkGr
#define OEUDXVbgITz(OEJsNiCUue
#define owhPuzLrij oalxJhYpHyCgjb
#define OOyVDpEokJfAyy ojsXoKEmGDZ
#define OGvZJNqjoHvqKwAYc OEJsNiCUue
#define OpghzAzVC OwBVZswMkGr
#define OjdEDLzQF OGUoURpqq[0]
#define oFmPEqIEtOdPfNxd OweXFRGDRWejPoES(long
#define OdjTluWErwoAMKTS ozErQowvutKdB;
#define OrCbDaLOujUwi(oLGMBIaJobeqolvkq)
#define ORtwMsgAOpwCPiJvU ++OjZOsALLFkIDKlAmf)
#define OyMCTfEmwvnAX OhqdepweiskujuLL)
#define oqMxaDulpmdYo ++oXoCIxdLnSFxB)
#define OXIozTmLMbnWTBJ((OnobsxClqIRFR
#define ORuVPknuAjAfbok(oLGMBIaJobeqolvkq
#define OVEpcZCiwBDi OOZMBfiAs[0]
#define okOlNTdBuD ozErQowvutKdB
#define OPRIOLVSRESXYkW oLGMBIaJobeqolvkq)
#define orwCiawPY owCdMHTUoH))
#define oaZqYQQYOLopZSE owCdMHTUoH);
#define OAHLJWXWdXSpg OJTEoFqqNHkAafkIJ;
#define oHypzoTHrAQt OnobsxClqIRFR;
#define oExeYHCTrFnkTL(OtIsrJWyy
#define OedCyKvLSycAL OAFhwfwnib;
#define OjUalGKMrIdFv OnobsxClqIRFR)
#define oCkZEsSkZqdoOu owCdMHTUoH;
#define OQkeYXTvSm oLGMBIaJobeqolvkq
#define OejVtCuqoMHkoFgS OCPzojCmLzvLRtpHC)
#define OYPYLSnnpltuQ OhqdepweiskujuLL
#define OXaQzpuHRgatYI oqfvnUOYlZMPd;
#define ossvxJilZ OJTEoFqqNHkAafkIJ
#define OHzQpNGAc OCPzojCmLzvLRtpHC;
#define OIjIXIxLlEJl OjZOsALLFkIDKlAmf;
#define ohOdOXNhPHOtiBi OnobsxClqIRFR
#define ONAykodtYG owCdMHTUoH
#define OgxFbhZtJGOhw ovITmZdcCCH
#define ORrAAgyRVvdaphv oqfvnUOYlZMPd
#define oMcSXZqOxuA OAFhwfwnib
#define oMBgbpCKQE OtIsrJWyy
#define oyFbzObRCicERvtlW ozcGXtSJpdOqoE
#define OZqCDOFYiw OjZOsALLFkIDKlAmf
#define ORpItayuJMnGo oXoCIxdLnSFxB
#define oDMjJFsdxP vector<int>
#define OWoTEnlwmtvaGyQ(OdLnMaHbZvkkFbem
#define oVxxIETeIx 0x689deb9d
#define OqawrGgOa OdLnMaHbZvkkFbem;
#define OsXsYbtHYaRSB 998244353;
#define OqUMAtGBscvc 0x689f3d59
#define oPruPvjbX namespace
#define oZRMxoSsD OfNUkwGmOYtIuHwEO
#define OHbPxEDfBZqqkK OdLnMaHbZvkkFbem
#define oHgHotOmEWBaNk [&](int
#define OCIPSijkGDEpWERnK(!(cin
#define opysSlXZm max(0,
#define OUbQFjmnh printf
#define oIrUEctCP return
#define OlRfplqKviRKb static
#define oZoceoSeFOjaLV(long
#define OWtIiyEUW const
#define OrwKqojfZa using
#define OxlhXewCpOtxaK while
#define onGkFixALq 0xd1
#define OFGZLNQmjVK 0xd2
#define oytWwTVoPHQIpgL 0xd3
#define OgsvnuengxEJWphp 0xd4
#define oLEIaYzcrsJUTsgIo 0xd5
#define ODpYUwUiNxyCAVt 0xd7
#define ojlcDCuzdhqtvw 0xda
#define ojxWghYRYnI 0xde
#define ooMIvaUxN 0xdf
#define OjQkwqmPAOtuRRhTl 0xe7
#define OtQMgVZwRlUk 0xe8
#define OldVwEppo 0xeb
#define OSMswFkuw 0xf7
#define OHnowpjXPyQcJEx 0xf8
#define oPxemverlPjwBGZ 0xfa
#define oEDXBZnvL 0xfd
#define oIyPeZCtwpaJoREOO 0xcf
#define oQiotGrFCztSmNU auto
#define OqEJTOcfi char
#define OiLnskeiA else
#define oTHXWZFVcL long
#define oQgfBaWVRPckJIUx "\u000A"
#define OCjxOzROIV(int
#define oShnBwwpcTHVSNBQF "\u0025\u0073"
#define OnwpqmvgyfPy 0x20
#define oRgUTbuLHpYbaAi 0x23
#define oybBSiKyqojmebPCx 0x2d
#define OUkRdORiXcMHRzSL 0x2e
#define ONfjjTrhWEaSGJx 0x2f
#define ogsJTPxHJhjVtOtyn 0x3a
#define OaDLezDZntHvK 0x61
#define oxlOPRSOCoCGSxZtI 0x62
#define omsQSliXa 0x63
#define ONnQHSWSqSdJgN 0x64
#define objSUMYaJhBii 0x65
#define oosJiJvXQr 0x66
#define oLpBTDCZmMvdU 0x68
#define okrRakrthnTIFXy 0x6d
#define OQPdAghbqqELj 0x6f
#define OUaxNhbDOOE 0x70
#define oNVadvRiAclfdiaey 0x73
#define okDJBIDhDqkPZdNde 0x74
#define OMEtXKuJAHxXn main
#define OMfSwxEFhTOR 0x78
#define OhkmxoWEoofqj 0xa7
#define OyqefXVbDqBBR 0xa8
#define oMJYtMhADByn 0xaa
#define opYCXyELsxAKCx 0xb1
#define OOjMUokalHND 0xb4
#define oveWTVoRtmJGG 0xb5
#define ojyAYXIIpqjAiJWQ 0xb7
#define oiTzBItpEYTwiqz 0xb9
#define oaGDLhPemwPDB 0xbc
#define OcgEayJFVVIeF 0xc1
#define odQhnRjPLZphjq 0xc2
#define OsckcqLcpqTl 0xc3
#define OxLXyTnPCoYBe 0xc6
#define OEhqWmsAmIsHI 0xc7
#define oTZxVCTIJoztIZjj 0xc8
#define otgHVLSiu 0xca
#define OMcmQLTfm 0xcb
#define outcflAvbvFgUng std;
#define osecWcRvcHH time
#define OmUNjtKANjnwX 0xcc
#define OnHJyOqBkcJblHGZd 0xce
#define OTzTysbRXKEoXHc 0xd0
#define OdAIAZcodja int
#define OnTmGEhAXT >>=
#define oymjwXcSHZDGjbcgm 2LL
#define ofJkjRGLSQT for
#define otCyoCGoIrNQp 0xa
#define oSOnISnexNser 0);
#define OmHSxzktiGqmfxQJa 0x0
#define owQNJWueTUCoI 0),
#define ONflNAdDVNUmhFYu()
#define oIyiAdLeLdvAr 0)
#define ouxmDXMvTXwqUI /=
#define OqgBdGhrcSaanQDtp &&
#define OFjAXXJtFSL -=
#define OskpBBxkVbMyw %=
#define osSOgDbqm >>
#define oYdeMHEJtfB OqjtajXzeHMlW,
#define oKuotnezwhneVo <=
#define oTLHptixnIIwiDbNE 2,
#define OJNDdBJNvhfcpr ==
#define oeFONVbnOl };
#define OePaTAyHRLusDiFi >=
#define OYJKbZTkWrYET if
#define oSQWyAxHLGH 2)
#define ozOiuzPpHIHwAItp 1]
#define oxWYBeWfdF 1;
#define OQWyMHbtnTL 1,
#define oBGcGjgurQRQD +=
#define OySUNAFqTEkC 0;
#define oVIubrrlGYl 1)
#define ogcAziPLYUxLRd 2;
#define OHXwhsRVsHsf ;
#define OdhCVHpONCnlXt(
#define ogxSqolPIR &
#define orIzufjguSF <
#define OgAlFLNSqKMUUoJOL =
#define osbvZMMeGWomf >
#define oLBxTnpYC %
#define OpwnWdDPlKcvkmTA ]
#define ONZkiEENx ,
#define OwVXFXMPzoHpwd ooFRKmsNl
#define oYUlngDJWokNBF 1
#define OIMjBrTzqmKiCDf /
#define oWRswSORKz OJTQEpBWvUWaq
#define ontxiyQHrsMQ 0
#define OMHUKQmTDvNkyWtRH +
#define oezxYrBHJqje *
#define OfWUhZQGDqvQNoRTy )
#define oxWraMxpzBL OqjtajXzeHMlW
#define OZUIHOCPczNkZf [
#define OoQGrXGyQSS OIgpJYpas
#define oiZpUEvhePNe :
#define ODQGsgItAtCIFEC 2
#define oZQuokEREEC -
#define oZOnqfVjLEhjZ {
#define oWqQOlkHvEhxcHMv }
#define oHULncRTpie oOHvjWpgTx
#include <time.h>
#include <bits/stdc++.h>
#define OpxcQLskCUZvMK OrwKqojfZa oPruPvjbX outcflAvbvFgUng OlRfplqKviRKb OWtIiyEUW OdAIAZcodja ohOdOXNhPHOtiBi OgAlFLNSqKMUUoJOL OsXsYbtHYaRSB oTHXWZFVcL
#define OfrfBsdklVsvRuns oTHXWZFVcL oFmPEqIEtOdPfNxd oTHXWZFVcL OQWIKjXUGLbhM oTHXWZFVcL oTHXWZFVcL OPRIOLVSRESXYkW oZOnqfVjLEhjZ oTHXWZFVcL oTHXWZFVcL
#define OlnsHblvQViltvK ossvxJilZ OgAlFLNSqKMUUoJOL oYUlngDJWokNBF oLBxTnpYC oHypzoTHrAQt OGvZJNqjoHvqKwAYc OskpBBxkVbMyw oHypzoTHrAQt OxlhXewCpOtxaK OrCbDaLOujUwi
#define OdiCeCUtvOzzLroeG oZOnqfVjLEhjZ OYJKbZTkWrYET ORuVPknuAjAfbok ogxSqolPIR oVIubrrlGYl ossvxJilZ OgAlFLNSqKMUUoJOL ossvxJilZ oezxYrBHJqje OGvZJNqjoHvqKwAYc
#define oYglZcmCvpcVqLbJ oLBxTnpYC oHypzoTHrAQt OGvZJNqjoHvqKwAYc OgAlFLNSqKMUUoJOL OGvZJNqjoHvqKwAYc oezxYrBHJqje OGvZJNqjoHvqKwAYc oLBxTnpYC oHypzoTHrAQt OQkeYXTvSm
#define ofoMycqhXhQf OnTmGEhAXT oxWYBeWfdF oWqQOlkHvEhxcHMv oIrUEctCP OAHLJWXWdXSpg oWqQOlkHvEhxcHMv OdAIAZcodja OgxFbhZtJGOhw ONflNAdDVNUmhFYu oZOnqfVjLEhjZ
#define OoDuftPLnuG oesyGKSkV owaBTIurNkccEh oTHXWZFVcL oTHXWZFVcL OXaQzpuHRgatYI OdAIAZcodja oCkZEsSkZqdoOu OYJKbZTkWrYET OCIPSijkGDEpWERnK osSOgDbqm
#define OfMBBgjiROWN ORrAAgyRVvdaphv osSOgDbqm orwCiawPY oIrUEctCP OySUNAFqTEkC oDMjJFsdxP OHzQpNGAc oTHXWZFVcL oTHXWZFVcL OpghzAzVC
#define OrxaGmqwJRr OgAlFLNSqKMUUoJOL OXaQzpuHRgatYI ofJkjRGLSQT oZoceoSeFOjaLV oTHXWZFVcL OZqCDOFYiw OgAlFLNSqKMUUoJOL ogcAziPLYUxLRd OZqCDOFYiw oezxYrBHJqje
#define OAMOTrSsYL OZqCDOFYiw oKuotnezwhneVo OIfgxLEBpfqBgWqOJ ORtwMsgAOpwCPiJvU oZOnqfVjLEhjZ OYJKbZTkWrYET OahAfIxuUzIC oLBxTnpYC OZqCDOFYiw OJNDdBJNvhfcpr
#define OFnSgVOpCZ oIyiAdLeLdvAr oZOnqfVjLEhjZ OdAIAZcodja OGvZJNqjoHvqKwAYc OgAlFLNSqKMUUoJOL OySUNAFqTEkC OxlhXewCpOtxaK OahAfIxuUzIC oLBxTnpYC OZqCDOFYiw
#define owWUumymMaRefgEg OJNDdBJNvhfcpr oIyiAdLeLdvAr oZOnqfVjLEhjZ OpghzAzVC ouxmDXMvTXwqUI OIjIXIxLlEJl oNwUKvYHPZDXR oWqQOlkHvEhxcHMv osuybJUdfBzLsta oWqQOlkHvEhxcHMv
#define ohVDEmTPAGzlrSCC oWqQOlkHvEhxcHMv OYJKbZTkWrYET OahAfIxuUzIC osbvZMMeGWomf oVIubrrlGYl OBwYDPOJhAVZyfTTm oTHXWZFVcL oTHXWZFVcL oZRMxoSsD OgAlFLNSqKMUUoJOL
#define oQEuaUrSaMV oxWYBeWfdF ofJkjRGLSQT OCjxOzROIV OGvZJNqjoHvqKwAYc oiZpUEvhePNe OejVtCuqoMHkoFgS oZRMxoSsD OgAlFLNSqKMUUoJOL oZRMxoSsD oezxYrBHJqje
#define OtGCSJQHJPHzTueIe OEUDXVbgITz OMHUKQmTDvNkyWtRH oVIubrrlGYl oLBxTnpYC oHypzoTHrAQt oQiotGrFCztSmNU OOyVDpEokJfAyy OgAlFLNSqKMUUoJOL oHgHotOmEWBaNk OjDpdYreqgG
#define ObGryelLztde oTHXWZFVcL oZOnqfVjLEhjZ OdAIAZcodja okOlNTdBuD OgAlFLNSqKMUUoJOL ODQGsgItAtCIFEC oezxYrBHJqje oCkZEsSkZqdoOu OdAIAZcodja oMcSXZqOxuA
#define OMLiURhkz OgAlFLNSqKMUUoJOL ONAykodtYG oezxYrBHJqje oEdiOOPhGW oDMjJFsdxP oNYBPOQlDsGS OMHUKQmTDvNkyWtRH OQWyMHbtnTL owQNJWueTUCoI oKvldXKTrrieHud
#define opmTrIxocSbcVE OMHUKQmTDvNkyWtRH OQWyMHbtnTL owQNJWueTUCoI OfLmzGABHMgsmPfX OMHUKQmTDvNkyWtRH oTLHptixnIIwiDbNE oSOnISnexNser OjdEDLzQF OgAlFLNSqKMUUoJOL oxWYBeWfdF
#define OcSFBbwpTZdalRM ofJkjRGLSQT OCjxOzROIV ORpItayuJMnGo OgAlFLNSqKMUUoJOL OySUNAFqTEkC ORpItayuJMnGo orIzufjguSF OdjTluWErwoAMKTS oqMxaDulpmdYo oZOnqfVjLEhjZ
#define oXLsGKofxCbNiTcML OVEpcZCiwBDi OgAlFLNSqKMUUoJOL OySUNAFqTEkC ofJkjRGLSQT OCjxOzROIV oTxhDQrmIK OgAlFLNSqKMUUoJOL OySUNAFqTEkC oTxhDQrmIK oKuotnezwhneVo
#define ojtesXufcxxdKD OedCyKvLSycAL OFAYscOriimyQN oZOnqfVjLEhjZ OGGYnjndZumPUrK OMHUKQmTDvNkyWtRH ozOiuzPpHIHwAItp OgAlFLNSqKMUUoJOL oCieWkZXwNth OMHUKQmTDvNkyWtRH OlNJlTopJhDmJS
#define olEIbuAMmmkHp OYJKbZTkWrYET oJgGAQpOEml OMHUKQmTDvNkyWtRH ozOiuzPpHIHwAItp OePaTAyHRLusDiFi OjUalGKMrIdFv OGGYnjndZumPUrK OMHUKQmTDvNkyWtRH ozOiuzPpHIHwAItp OFjAXXJtFSL
#define oHgBoJuyqNVsOYFG oHypzoTHrAQt oWqQOlkHvEhxcHMv ofJkjRGLSQT OCjxOzROIV oTxhDQrmIK OgAlFLNSqKMUUoJOL OySUNAFqTEkC oTxhDQrmIK oKuotnezwhneVo OedCyKvLSycAL
#define oJQmoVqIWFIIHaadM OFAYscOriimyQN oZOnqfVjLEhjZ OdAIAZcodja owhPuzLrij OgAlFLNSqKMUUoJOL opysSlXZm oTxhDQrmIK oZQuokEREEC OtUEaliqBaZY OdAIAZcodja
#define oszeRBEvnUEmjPE ossvxJilZ OgAlFLNSqKMUUoJOL OZUtAuIJfOhkNsiM OdAIAZcodja OHbPxEDfBZqqkK OgAlFLNSqKMUUoJOL OhEGgghdERr OMHUKQmTDvNkyWtRH ozOiuzPpHIHwAItp oZQuokEREEC
#define OtfNlmRQtjMqwAmI OzgKbsAMmJvgoL OYJKbZTkWrYET OWoTEnlwmtvaGyQ orIzufjguSF oIyiAdLeLdvAr OHbPxEDfBZqqkK oBGcGjgurQRQD oHypzoTHrAQt omMlfkRCQS OgAlFLNSqKMUUoJOL
#define OLXGoApQMFfLu OqawrGgOa oWqQOlkHvEhxcHMv OOkQvqUKGMxNJTVE oWqQOlkHvEhxcHMv oIrUEctCP OWLvsrzqPl oeFONVbnOl oTHXWZFVcL oTHXWZFVcL OYPYLSnnpltuQ
#define oqZyrjQBDYFHsau OgAlFLNSqKMUUoJOL oxWYBeWfdF ofJkjRGLSQT OCjxOzROIV OGvZJNqjoHvqKwAYc oiZpUEvhePNe OejVtCuqoMHkoFgS oZOnqfVjLEhjZ OYPYLSnnpltuQ OgAlFLNSqKMUUoJOL
#define OefNfnUjntN OYPYLSnnpltuQ oezxYrBHJqje OUqCbCcTRS oLBxTnpYC oHypzoTHrAQt oWqQOlkHvEhxcHMv oTHXWZFVcL oTHXWZFVcL oMBgbpCKQE OgAlFLNSqKMUUoJOL
#define OeTJFFfDYFwcomYna oQhDYdtQc oymjwXcSHZDGjbcgm oezxYrBHJqje oaZqYQQYOLopZSE oTHXWZFVcL oTHXWZFVcL oyFbzObRCicERvtlW OgAlFLNSqKMUUoJOL oExeYHCTrFnkTL OMHUKQmTDvNkyWtRH
#define OpevGYrue OyMCTfEmwvnAX oLBxTnpYC oHypzoTHrAQt oyFbzObRCicERvtlW OgAlFLNSqKMUUoJOL oyFbzObRCicERvtlW oezxYrBHJqje OXIozTmLMbnWTBJ OMHUKQmTDvNkyWtRH oVIubrrlGYl
#define obTEmRkNbBKuxO OIMjBrTzqmKiCDf oSQWyAxHLGH oLBxTnpYC oHypzoTHrAQt oekpnXIRUnHNvQr oIrUEctCP OySUNAFqTEkC oWqQOlkHvEhxcHMv OdAIAZcodja OMEtXKuJAHxXn
#define oGmRuMtaYesm OdhCVHpONCnlXt OfWUhZQGDqvQNoRTy oZOnqfVjLEhjZ OYJKbZTkWrYET OdhCVHpONCnlXt osecWcRvcHH OdhCVHpONCnlXt ontxiyQHrsMQ OfWUhZQGDqvQNoRTy osbvZMMeGWomf
#define OQVycXJlmuUFFBWAt oVxxIETeIx OqgBdGhrcSaanQDtp osecWcRvcHH OdhCVHpONCnlXt ontxiyQHrsMQ OfWUhZQGDqvQNoRTy orIzufjguSF OqUMAtGBscvc OfWUhZQGDqvQNoRTy oZOnqfVjLEhjZ
#define oqKFGqvNFncv OgxFbhZtJGOhw OdhCVHpONCnlXt OfWUhZQGDqvQNoRTy OHXwhsRVsHsf oWqQOlkHvEhxcHMv OiLnskeiA oZOnqfVjLEhjZ OqEJTOcfi OwVXFXMPzoHpwd OZUIHOCPczNkZf
#define OKjyXLWdNN OpwnWdDPlKcvkmTA OgAlFLNSqKMUUoJOL oZOnqfVjLEhjZ OdhCVHpONCnlXt OqEJTOcfi OfWUhZQGDqvQNoRTy oRgUTbuLHpYbaAi ONZkiEENx OdhCVHpONCnlXt OqEJTOcfi
#define OrVugffGi OfWUhZQGDqvQNoRTy OnwpqmvgyfPy ONZkiEENx OdhCVHpONCnlXt OqEJTOcfi OfWUhZQGDqvQNoRTy OOjMUokalHND ONZkiEENx OdhCVHpONCnlXt OqEJTOcfi
#define OjPHgdzyQquLo OfWUhZQGDqvQNoRTy oPxemverlPjwBGZ ONZkiEENx OdhCVHpONCnlXt OqEJTOcfi OfWUhZQGDqvQNoRTy odQhnRjPLZphjq ONZkiEENx OdhCVHpONCnlXt OqEJTOcfi
#define oBwYPcbVmpMX OfWUhZQGDqvQNoRTy OldVwEppo ONZkiEENx OdhCVHpONCnlXt OqEJTOcfi OfWUhZQGDqvQNoRTy otgHVLSiu ONZkiEENx OdhCVHpONCnlXt OqEJTOcfi
#define oUhPntDpsjLWstvuh OfWUhZQGDqvQNoRTy opYCXyELsxAKCx ONZkiEENx OdhCVHpONCnlXt OqEJTOcfi OfWUhZQGDqvQNoRTy OTzTysbRXKEoXHc ONZkiEENx OdhCVHpONCnlXt OqEJTOcfi
#define OcaTdexSB OfWUhZQGDqvQNoRTy OhkmxoWEoofqj ONZkiEENx OdhCVHpONCnlXt OqEJTOcfi OfWUhZQGDqvQNoRTy oiTzBItpEYTwiqz ONZkiEENx OdhCVHpONCnlXt OqEJTOcfi
#define oMAIXbWQsfksJY OfWUhZQGDqvQNoRTy oEDXBZnvL ONZkiEENx OdhCVHpONCnlXt OqEJTOcfi OfWUhZQGDqvQNoRTy OxLXyTnPCoYBe ONZkiEENx OdhCVHpONCnlXt OqEJTOcfi
#define OTpSCzhzXrwR OfWUhZQGDqvQNoRTy ojlcDCuzdhqtvw ONZkiEENx OdhCVHpONCnlXt OqEJTOcfi OfWUhZQGDqvQNoRTy OFGZLNQmjVK ONZkiEENx OdhCVHpONCnlXt OqEJTOcfi
#define okpzDtlnuXjotn OfWUhZQGDqvQNoRTy onGkFixALq ONZkiEENx OdhCVHpONCnlXt OqEJTOcfi OfWUhZQGDqvQNoRTy OnHJyOqBkcJblHGZd ONZkiEENx OdhCVHpONCnlXt OqEJTOcfi
#define olGIQwQUkZT OfWUhZQGDqvQNoRTy ojxWghYRYnI ONZkiEENx OdhCVHpONCnlXt OqEJTOcfi OfWUhZQGDqvQNoRTy ojyAYXIIpqjAiJWQ ONZkiEENx OdhCVHpONCnlXt OqEJTOcfi
#define OzAXVdHXXolKfD OfWUhZQGDqvQNoRTy OyqefXVbDqBBR ONZkiEENx OdhCVHpONCnlXt OqEJTOcfi OfWUhZQGDqvQNoRTy OgsvnuengxEJWphp ONZkiEENx OdhCVHpONCnlXt OqEJTOcfi
#define OnJzquYGpdZooJnlg OfWUhZQGDqvQNoRTy OMcmQLTfm ONZkiEENx OdhCVHpONCnlXt OqEJTOcfi OfWUhZQGDqvQNoRTy OTzTysbRXKEoXHc ONZkiEENx OdhCVHpONCnlXt OqEJTOcfi
#define OULgORVBsKVCIH OfWUhZQGDqvQNoRTy OTzTysbRXKEoXHc ONZkiEENx OdhCVHpONCnlXt OqEJTOcfi OfWUhZQGDqvQNoRTy OnwpqmvgyfPy ONZkiEENx OdhCVHpONCnlXt OqEJTOcfi
#define OzwrzkGnszhXxoy OfWUhZQGDqvQNoRTy oRgUTbuLHpYbaAi ONZkiEENx OdhCVHpONCnlXt OqEJTOcfi OfWUhZQGDqvQNoRTy OmHSxzktiGqmfxQJa oWqQOlkHvEhxcHMv OHXwhsRVsHsf OqEJTOcfi
#define OZwBJNXKSHq oHULncRTpie OZUIHOCPczNkZf OpwnWdDPlKcvkmTA OgAlFLNSqKMUUoJOL oZOnqfVjLEhjZ OdhCVHpONCnlXt OqEJTOcfi OfWUhZQGDqvQNoRTy oRgUTbuLHpYbaAi ONZkiEENx
#define oqPtByQjRJaDas OdhCVHpONCnlXt OqEJTOcfi OfWUhZQGDqvQNoRTy OnwpqmvgyfPy ONZkiEENx OdhCVHpONCnlXt OqEJTOcfi OfWUhZQGDqvQNoRTy oTZxVCTIJoztIZjj ONZkiEENx
#define oUIkcvUBdFzLxG OdhCVHpONCnlXt OqEJTOcfi OfWUhZQGDqvQNoRTy OjQkwqmPAOtuRRhTl ONZkiEENx OdhCVHpONCnlXt OqEJTOcfi OfWUhZQGDqvQNoRTy OTzTysbRXKEoXHc ONZkiEENx
#define oGUhADGmCKqBEQf OdhCVHpONCnlXt OqEJTOcfi OfWUhZQGDqvQNoRTy OtQMgVZwRlUk ONZkiEENx OdhCVHpONCnlXt OqEJTOcfi OfWUhZQGDqvQNoRTy oaGDLhPemwPDB ONZkiEENx
#define oFUXQCksWKa OdhCVHpONCnlXt OqEJTOcfi OfWUhZQGDqvQNoRTy OmUNjtKANjnwX ONZkiEENx OdhCVHpONCnlXt OqEJTOcfi OfWUhZQGDqvQNoRTy OTzTysbRXKEoXHc ONZkiEENx
#define OidmzyulAJdkAmVUx OdhCVHpONCnlXt OqEJTOcfi OfWUhZQGDqvQNoRTy OHnowpjXPyQcJEx ONZkiEENx OdhCVHpONCnlXt OqEJTOcfi OfWUhZQGDqvQNoRTy otgHVLSiu ONZkiEENx
#define OLQBjXMZMEEIIxzPE OdhCVHpONCnlXt OqEJTOcfi OfWUhZQGDqvQNoRTy oiTzBItpEYTwiqz ONZkiEENx OdhCVHpONCnlXt OqEJTOcfi OfWUhZQGDqvQNoRTy oytWwTVoPHQIpgL ONZkiEENx
#define OBHDDqiPXCQtRpbS OdhCVHpONCnlXt OqEJTOcfi OfWUhZQGDqvQNoRTy OsckcqLcpqTl ONZkiEENx OdhCVHpONCnlXt OqEJTOcfi OfWUhZQGDqvQNoRTy OEhqWmsAmIsHI ONZkiEENx
#define oSGCUFrJQtddTEP OdhCVHpONCnlXt OqEJTOcfi OfWUhZQGDqvQNoRTy OldVwEppo ONZkiEENx OdhCVHpONCnlXt OqEJTOcfi OfWUhZQGDqvQNoRTy OcgEayJFVVIeF ONZkiEENx
#define omNpEUcqTJSUeeu OdhCVHpONCnlXt OqEJTOcfi OfWUhZQGDqvQNoRTy oMJYtMhADByn ONZkiEENx OdhCVHpONCnlXt OqEJTOcfi OfWUhZQGDqvQNoRTy oIyPeZCtwpaJoREOO ONZkiEENx
#define oInySrXqy OdhCVHpONCnlXt OqEJTOcfi OfWUhZQGDqvQNoRTy oveWTVoRtmJGG ONZkiEENx OdhCVHpONCnlXt OqEJTOcfi OfWUhZQGDqvQNoRTy ODpYUwUiNxyCAVt ONZkiEENx
#define oDHyQHFiT OdhCVHpONCnlXt OqEJTOcfi OfWUhZQGDqvQNoRTy OSMswFkuw ONZkiEENx OdhCVHpONCnlXt OqEJTOcfi OfWUhZQGDqvQNoRTy oLEIaYzcrsJUTsgIo ONZkiEENx
#define oRhDDFcms OdhCVHpONCnlXt OqEJTOcfi OfWUhZQGDqvQNoRTy ooMIvaUxN ONZkiEENx OdhCVHpONCnlXt OqEJTOcfi OfWUhZQGDqvQNoRTy OnwpqmvgyfPy ONZkiEENx
#define OwbpcJCBBYqiLmLn OdhCVHpONCnlXt OqEJTOcfi OfWUhZQGDqvQNoRTy oRgUTbuLHpYbaAi ONZkiEENx OdhCVHpONCnlXt OqEJTOcfi OfWUhZQGDqvQNoRTy OmHSxzktiGqmfxQJa oWqQOlkHvEhxcHMv
#define OPVUtoshZkgk OHXwhsRVsHsf OqEJTOcfi oWRswSORKz OZUIHOCPczNkZf OpwnWdDPlKcvkmTA OgAlFLNSqKMUUoJOL oZOnqfVjLEhjZ OdhCVHpONCnlXt OqEJTOcfi OfWUhZQGDqvQNoRTy
#define oDIasksjfn oybBSiKyqojmebPCx ONZkiEENx OdhCVHpONCnlXt OqEJTOcfi OfWUhZQGDqvQNoRTy oybBSiKyqojmebPCx ONZkiEENx OdhCVHpONCnlXt OqEJTOcfi OfWUhZQGDqvQNoRTy
#define owQFVKDOpzcgK OnwpqmvgyfPy ONZkiEENx OdhCVHpONCnlXt OqEJTOcfi OfWUhZQGDqvQNoRTy oLpBTDCZmMvdU ONZkiEENx OdhCVHpONCnlXt OqEJTOcfi OfWUhZQGDqvQNoRTy
#define OxPclMtdjGjwjF okDJBIDhDqkPZdNde ONZkiEENx OdhCVHpONCnlXt OqEJTOcfi OfWUhZQGDqvQNoRTy okDJBIDhDqkPZdNde ONZkiEENx OdhCVHpONCnlXt OqEJTOcfi OfWUhZQGDqvQNoRTy
#define oTlhTsLGwoKK OUaxNhbDOOE ONZkiEENx OdhCVHpONCnlXt OqEJTOcfi OfWUhZQGDqvQNoRTy oNVadvRiAclfdiaey ONZkiEENx OdhCVHpONCnlXt OqEJTOcfi OfWUhZQGDqvQNoRTy
#define OKIBXQFDSyEjeci ogsJTPxHJhjVtOtyn ONZkiEENx OdhCVHpONCnlXt OqEJTOcfi OfWUhZQGDqvQNoRTy ONfjjTrhWEaSGJx ONZkiEENx OdhCVHpONCnlXt OqEJTOcfi OfWUhZQGDqvQNoRTy
#define OijgudoxWOf ONfjjTrhWEaSGJx ONZkiEENx OdhCVHpONCnlXt OqEJTOcfi OfWUhZQGDqvQNoRTy omsQSliXa ONZkiEENx OdhCVHpONCnlXt OqEJTOcfi OfWUhZQGDqvQNoRTy
#define OzscIfTWBLIM OQPdAghbqqELj ONZkiEENx OdhCVHpONCnlXt OqEJTOcfi OfWUhZQGDqvQNoRTy ONnQHSWSqSdJgN ONZkiEENx OdhCVHpONCnlXt OqEJTOcfi OfWUhZQGDqvQNoRTy
#define oysczlasLBLZond objSUMYaJhBii ONZkiEENx OdhCVHpONCnlXt OqEJTOcfi OfWUhZQGDqvQNoRTy oosJiJvXQr ONZkiEENx OdhCVHpONCnlXt OqEJTOcfi OfWUhZQGDqvQNoRTy
#define oBeHTpRFFbpJG OQPdAghbqqELj ONZkiEENx OdhCVHpONCnlXt OqEJTOcfi OfWUhZQGDqvQNoRTy OMfSwxEFhTOR ONZkiEENx OdhCVHpONCnlXt OqEJTOcfi OfWUhZQGDqvQNoRTy
#define osuvEbRhTCEM OUkRdORiXcMHRzSL ONZkiEENx OdhCVHpONCnlXt OqEJTOcfi OfWUhZQGDqvQNoRTy okDJBIDhDqkPZdNde ONZkiEENx OdhCVHpONCnlXt OqEJTOcfi OfWUhZQGDqvQNoRTy
#define OWNkgyUDAE OaDLezDZntHvK ONZkiEENx OdhCVHpONCnlXt OqEJTOcfi OfWUhZQGDqvQNoRTy OQPdAghbqqELj ONZkiEENx OdhCVHpONCnlXt OqEJTOcfi OfWUhZQGDqvQNoRTy
#define OhkjTbIZpTPrqWuQF oxlOPRSOCoCGSxZtI ONZkiEENx OdhCVHpONCnlXt OqEJTOcfi OfWUhZQGDqvQNoRTy OaDLezDZntHvK ONZkiEENx OdhCVHpONCnlXt OqEJTOcfi OfWUhZQGDqvQNoRTy
#define OiiefLDRO OQPdAghbqqELj ONZkiEENx OdhCVHpONCnlXt OqEJTOcfi OfWUhZQGDqvQNoRTy OUkRdORiXcMHRzSL ONZkiEENx OdhCVHpONCnlXt OqEJTOcfi OfWUhZQGDqvQNoRTy
#define ohiXmpTbp omsQSliXa ONZkiEENx OdhCVHpONCnlXt OqEJTOcfi OfWUhZQGDqvQNoRTy OQPdAghbqqELj ONZkiEENx OdhCVHpONCnlXt OqEJTOcfi OfWUhZQGDqvQNoRTy
#define oJwrHvKyfUVQmeA okrRakrthnTIFXy ONZkiEENx OdhCVHpONCnlXt OqEJTOcfi OfWUhZQGDqvQNoRTy OnwpqmvgyfPy ONZkiEENx OdhCVHpONCnlXt OqEJTOcfi OfWUhZQGDqvQNoRTy
#define oDIasksjfn oybBSiKyqojmebPCx ONZkiEENx OdhCVHpONCnlXt OqEJTOcfi OfWUhZQGDqvQNoRTy oybBSiKyqojmebPCx ONZkiEENx OdhCVHpONCnlXt OqEJTOcfi OfWUhZQGDqvQNoRTy
#define ORCYzIsEepfCb otCyoCGoIrNQp ONZkiEENx OdhCVHpONCnlXt OqEJTOcfi OfWUhZQGDqvQNoRTy OmHSxzktiGqmfxQJa oWqQOlkHvEhxcHMv OHXwhsRVsHsf OqEJTOcfi oxWraMxpzBL
#define OHFWWZixWDyJJF OZUIHOCPczNkZf OpwnWdDPlKcvkmTA OgAlFLNSqKMUUoJOL oShnBwwpcTHVSNBQF OHXwhsRVsHsf OqEJTOcfi OoQGrXGyQSS OZUIHOCPczNkZf OpwnWdDPlKcvkmTA OgAlFLNSqKMUUoJOL
#define OnCJAAeDc oQgfBaWVRPckJIUx OHXwhsRVsHsf OUbQFjmnh OdhCVHpONCnlXt oYdeMHEJtfB OwVXFXMPzoHpwd OfWUhZQGDqvQNoRTy OHXwhsRVsHsf OUbQFjmnh OdhCVHpONCnlXt
#define oNuGtwStCH OoQGrXGyQSS OfWUhZQGDqvQNoRTy OHXwhsRVsHsf OUbQFjmnh OdhCVHpONCnlXt oYdeMHEJtfB oHULncRTpie OfWUhZQGDqvQNoRTy OHXwhsRVsHsf OUbQFjmnh
#define oohENNbDUCRfFM OdhCVHpONCnlXt OoQGrXGyQSS OfWUhZQGDqvQNoRTy OHXwhsRVsHsf OUbQFjmnh OdhCVHpONCnlXt oYdeMHEJtfB oWRswSORKz OfWUhZQGDqvQNoRTy OHXwhsRVsHsf
#define obsJmnnjAn oWqQOlkHvEhxcHMv oIrUEctCP OySUNAFqTEkC oWqQOlkHvEhxcHMv
#define OrqjHnmZJSXcYsC OpxcQLskCUZvMK OfrfBsdklVsvRuns OlnsHblvQViltvK OdiCeCUtvOzzLroeG oYglZcmCvpcVqLbJ ofoMycqhXhQf OoDuftPLnuG OfMBBgjiROWN OrxaGmqwJRr OAMOTrSsYL
#define omAeVjRmRndUcU OFnSgVOpCZ owWUumymMaRefgEg ohVDEmTPAGzlrSCC oQEuaUrSaMV OtGCSJQHJPHzTueIe ObGryelLztde OMLiURhkz opmTrIxocSbcVE OcSFBbwpTZdalRM oXLsGKofxCbNiTcML
#define OOOXAvyWVl ojtesXufcxxdKD olEIbuAMmmkHp oHgBoJuyqNVsOYFG oJQmoVqIWFIIHaadM oszeRBEvnUEmjPE OtfNlmRQtjMqwAmI OLXGoApQMFfLu oqZyrjQBDYFHsau OefNfnUjntN OeTJFFfDYFwcomYna
#define ooAhSuUSjdwZC OpevGYrue obTEmRkNbBKuxO oGmRuMtaYesm OQVycXJlmuUFFBWAt oqKFGqvNFncv OKjyXLWdNN OrVugffGi OjPHgdzyQquLo oBwYPcbVmpMX oUhPntDpsjLWstvuh
#define OdvZSVIYvOk OcaTdexSB oMAIXbWQsfksJY OTpSCzhzXrwR okpzDtlnuXjotn olGIQwQUkZT OzAXVdHXXolKfD OnJzquYGpdZooJnlg OULgORVBsKVCIH OzwrzkGnszhXxoy OZwBJNXKSHq
#define oqXfVPPTZ oqPtByQjRJaDas oUIkcvUBdFzLxG oGUhADGmCKqBEQf oFUXQCksWKa OidmzyulAJdkAmVUx OLQBjXMZMEEIIxzPE OBHDDqiPXCQtRpbS oSGCUFrJQtddTEP omNpEUcqTJSUeeu oInySrXqy
#define oqSUBgqlVXtmA oDHyQHFiT oRhDDFcms OwbpcJCBBYqiLmLn OPVUtoshZkgk oDIasksjfn owQFVKDOpzcgK OxPclMtdjGjwjF oTlhTsLGwoKK OKIBXQFDSyEjeci OijgudoxWOf
#define OaxjUXhJBAtaVVxa OzscIfTWBLIM oysczlasLBLZond oBeHTpRFFbpJG osuvEbRhTCEM OWNkgyUDAE OhkjTbIZpTPrqWuQF OiiefLDRO ohiXmpTbp oJwrHvKyfUVQmeA oDIasksjfn
#define OHNpXrdVGAL ORCYzIsEepfCb OHFWWZixWDyJJF OnCJAAeDc oNuGtwStCH oohENNbDUCRfFM obsJmnnjAn
#define omUMmlXkonkaQ OrqjHnmZJSXcYsC omAeVjRmRndUcU OOOXAvyWVl ooAhSuUSjdwZC OdvZSVIYvOk oqXfVPPTZ oqSUBgqlVXtmA OaxjUXhJBAtaVVxa OHNpXrdVGAL
#define oVCULAnNnHhTKOnD(OccrWTdsuvTXwMn) OccrWTdsuvTXwMn
oVCULAnNnHhTKOnD(omUMmlXkonkaQ)