213530819
148706677
281878865
-1
106360336
182153572
155813506
277684330
99142951
-1
-1
-1
167493483
167493483
636076527
122803413
119115052
174547401
240487628
281878865
130990933
188302344
-1
277684330
110110003
247393913
198940062
283668944
281878865
122959015
191858487
281878865
259305738
-1
-1
277880135
277880135
213530819
636076527
72818331
108336006
277880135
106360336
119115052
111465145
283668944
213530819
193058930
277880135
-1
-1
111465145
144760165
148706677
281878865
-1
247393913
110110003
211069012
-1
213530819
143121141
213530819
198940062
300434617
182153572
213530819
-1
124991734
111465145
186751731
182153572
87191428
-1
601303292
277880135
-1
188302344
213530819
122959015
281878865
-1
188302344
291307393
124991734
240487628
277880135
182153572
213530819
636076527
200163679
