28074210
26973849
31208239
32942736
19640477
34001841
15692647
33049407
33226109
28914435
35321955
26144692
30079475
54709361
30162076
20348198
36191654
23371333
35183795
31208239
23136360
19464639
20361140
25704089
26338046
44290186
149100567
34546941
14748008
24685766
15553684
20930658
21198967
138087233
19567570
23040696
9231415
9928971
22981023
20723321
20714893
11340095
33940934
32186318
22090956
34132351
35148548
15104347
28768513
22135840
22130556
17679039
23040696
33049407
20621024
37120637
27448347
27361944
20135923
22164564
25562721
21963835
33345642
22951421
23089240
32407161
26193141
38037434
24467641
27839446
34849601
18273903
18992934
30116533
20143008
38729449
15065351
27448347
46130495
29562493
401303255
30096701
35745772
13223123
21626184
13841231
33345642
32334223
29139106
26254610
20930658
39140182
32146258
23907840
20558703
30739787
32534251
21585177
24808834
19866673
15126116
23627260
33629823
19277909
15991361
39781636
12198295
23175472
34779242
32284210
23713991
27211761
36400046
35148548
22504790
22313304
18207991
32693191
27791386
36400046
26563191
35321955
30378261
40605307
23476057
25704089
27368943
45943802
21339779
34459585
29355303
23577378
39243463
20389714
19145057
27674062
33398479
31753772
28914435
16344646
401303255
31352234
23270590
20329456
23731211
20520578
24995149
28878954
34546941
16139884
23301925
28525650
43117252
34615526
27338773
22135840
110884761
30090847
23348119
19720928
24724532
43117252
27674062
18357616
32641922
23270590
67084609
26636175
36602666
18388766
28735317
24531177
25826646
19616386
20541613
11189413
35363681
27778846
22973805
18331855
44294192
24901644
40605307
18864713
25704089
21114408
18043676
25842295
24940688
28580850
21350973
29372629
35183795
27791386
24190423
31908542
41198256
46219824
19076793
45961700
18152914
32550180
127249280
23872765
26280556
19906608
31812015
34889937
27132324
14891182
17604052
32269971
28576021
31459391
22700789
28544418
25929827
26973849
23970445
33594548
26060107
27970605
25974700
18479262
35404971
18378259
29139106
32590804
24242257
35711028
26977426
22678798
24471006
24694922
22015841
110436778
21719330
23406951
24803794
27839446
29925801
28397790
25881312
39010866
33979943
34344101
24839579
18989341
17391004
-1
19616398
31452345
46130495
25352836
14207743
34141907
17892054
25127310
24002430
18297542
17489388
30877732
19472902
31554953
23438468
87248370
21121277
30399839
22363494
29149053
27384988
24184774
24786601
31652096
39538522
33713345
23593454
17338617
11551867
21088024
27761622
22683804
29034647
29002576
15870233
35157931
21233596
11598703
30455042
18982013
43117252
33629823
25495019
40351623
30452872
25654337
18500211
39538522
21039891
27545131
23268157
31536440
21731472
14805942
24830017
30096701
17706202
26984754
21345333
22061956
18156718
38493396
23564832
26919847
25325525
22884486
122691862
26913508
35441960
24840564
26202843
22963149
28156127
29767466
23963977
19269664
28540866
31281831
33860632
26762740
25745700
21395788
23166311
28617309
34615526
37259451
23933485
21803678
23539443
38077348
24662885
17344991
28016975
27806571
23843788
39651959
16355878
33025664
12293771
43335040
29124604
31162799
24984126
36473796
23338883
28668272
40167597
22155097
24154735
18956925
35399256
40711936
33574480
43335040
31325465
36191654
18783441
31452760
15147076
23270590
23831686
28668272
17023173
32297226
29893789
29309654
33713345
36602666
34505025
23297924
23593454
30399839
28399431
22705227
22409395
25162304
26313147
28330915
153227194
42392403
23078920
31308084
13834021
33156396
25661812
28065974
24159057
25293500
57867244
31452760
23963977
47968733
130202307
32534251
41667370
33979943
24618691
26959037
24391614
33713345
26620804
19024073
15347504
28816568
28330209
24280926
23251440
43016874
20930658
21571287
46470808
30116533
18515727
23040696
40605307
26067873
46130495
17769836
40711936
20664251
25263322
26913508
12747473
32284210
16848065
24806303
30174696
29309654
35564411
22730694
35148548
36473796
30162076
19349012
60971743
23615241
28551620
33145914
25643971
11394986
35887540
32330309
21932848
21985685
16387569
23089240
29316376
41220963
24398903
25643971
26805916
17851580
24159057
32590804
26705919
24478242
21180119
24603674
24159057
21120258
35100472
23476211
31900374
20904897
30967633
30674292
29002576
16659789
16681344
29495316
24901644
19182068
19510195
149100567
24684163
30462759
25643971
32097315
26672210
18656704
35321955
19661889
28110722
23222095
19608930
17437115
20930686
19702509
25088101
32186318
30346723
50047351
27361944
35399256
24840564
26714839
20607808
21267846
23030623
15601038
22090956
30451989
17136380
16779052
18191423
26212169
23970445
19820091
25350566
28548012
35817037
27827359
122691862
28039612
23822520
25877578
24418810
31452760
18869920
29089663
24650552
30455042
24805336
26381633
153227194
25633105
46470808
22629427
24020340
16284641
16564643
25162304
17215136
32334223
16901702
26917981
35081543
16310272
27095759
25580099
24741790
14805942
-1
28537626
23988794
26385402
37468581
17908586
37468581
19871715
23742547
34849601
17395633
30546266
26620804
19691973
25402397
26039987
30967633
31325465
29301764
18304294
22915665
31652096
35441960
24124217
16427007
24232391
23822520
15601038
30346723
18867282
33979943
33860632
32942736
15445992
16986437
28013011
17425729
20023786
10907668
24137462
25891593
23906938
42392403
-1
29753995
40167597
18214443
-1
18713594
19040804
38462265
18934388
156857781
16855101
20887335
64755552
35399256
20806069
40351623
23785648
17812948
39322038
33944515
32186318
42804460
35564411
16499588
26422106
19147517
30688586
30445599
39792578
26863203
33940934
27842853
20287886
27368943
28991826
39781636
24724532
18383628
15601038
21460076
30518770
17009984
28158816
24981278
16272230
15279301
23732906
29495316
28545486
23388198
22161761
29634875
18422793
17155972
36837698
17038856
47968733
25585882
29562493
28139883
35864134
35564411
34241793
24261567
22436078
28537626
31626033
25110439
19010447
40605307
17123157
22122444
34889937
25429416
24912689
31035299
60971743
23299424
24020340
31352234
25692613
29226202
44290186
23983390
24410329
33942956
23270590
31780129
28034204
25127164
30368792
14825453
19156442
26746504
28203677
34129455
28958990
21446863
41144638
25618159
25650449
33248506
13524296
7716044
34941166
50047351
17215136
26833863
35441960
47968733
35157931
24273208
24167532
37120637
23225675
27630617
18183139
28017437
23577378
14447851
30462759
16154915
28118753
18449064
24446923
35304114
14253683
24836931
33905286
35100472
31854193
22233234
27397342
24010629
22122444
22904726
32638964
21278446
35100472
18220050
20737762
26668563
23831686
43016874
26338046
26593959
41201349
23476211
30079475
33444335
18343740
16541393
35157931
33921963
32284210
23083553
31338401
23460069
19021020
25643639
19325740
23572305
24355216
22875748
24018000
344270608
33574480
25336372
20748665
17511217
28034204
24132376
22306913
19990407
28233398
26357911
24815359
30717015
24797881
15432856
35745772
33714897
33156396
28480046
20567039
12164717
34386240
26750509
26537878
149100567
25337279
35304114
27810513
21472815
35363681
28098608
87248370
26721341
27459945
25350566
19871715
18396707
26483960
23301925
29758679
31721930
26214006
35888875
37002627
44294192
20957252
34505025
32942736
20409430
17496893
24391614
29569175
22682548
28927925
21547243
23299424
18833157
27361944
31652096
21532218
15920164
35148548
29372629
33940934
31152194
24728680
34615526
15166104
27756504
22253374
29725835
29780308
29670320
25902071
35564411
39435129
34599992
20804655
22910838
19147616
25184246
40351623
29562493
13676270
24848880
26381633
21446863
17889441
24650552
24700601
33636171
13841231
28377131
20177668
23822520
34459585
29721963
19874875
23906938
27095759
24309167
20060656
31452760
35404971
26184131
22041303
25303885
18256740
28098608
17534253
31325465
34543451
14999018
22910838
30537459
26581469
22062477
17403644
31452760
18448671
14535728
38660799
18813801
36405009
28110722
27217598
30096701
22193259
16527593
25035037
30350273
13329281
27448347
211742999
28933094
21551770
41144638
29355303
28488274
30314696
39435129
36405009
21198967
18040477
25827167
39654657
34141907
27861123
24391614
24458715
79784211
27361944
12794227
27027402
19602298
16541393
22138946
23981096
23452413
16983781
33594548
29543045
31812015
22749843
24853660
18703050
25127310
26690942
31727083
37944296
33521146
16502490
20558703
16322818
24280926
39538522
30425115
21703357
19398569
23090577
20906046
20675369
34344101
20782171
41220963
22401527
17094870
29002146
18783441
21395520
26973849
25801797
32186318
18813801
25087993
94395628
35564411
24949746
46219824
22454186
20378528
23241490
23650626
23141068
22421684
32550180
24076190
26563191
22872715
31626033
30935058
26436726
23915586
32633501
30126290
28919272
26313147
31035299
42804460
22611670
22900779
31389837
20131496
26313147
14822682
25974720
14924153
32285269
25289557
37944296
26714839
23986958
23310434
18485071
27614738
26680247
17849792
24159057
26973849
22555700
30399839
30162076
26646226
21626184
20446290
17395633
55975142
28919272
28342093
86663047
28578711
24612488
17917934
17793669
34941166
28330915
25801797
29501292
23164729
26280556
759342324
35081543
26537878
22306913
13326257
23385938
14059001
38764227
29293576
25416277
28182918
18494460
31902824
34892606
19933840
49041879
25633105
28578711
36446503
24231519
28480046
27544646
39435129
19131457
22608786
28668272
19019514
26140587
16708388
27397342
19205967
20356731
25650989
26646226
127249280
12146219
20281326
29364637
31753772
20607808
23801210
32522285
16372997
23070922
10975171
20131496
21537171
39010866
30126290
28399431
24995149
28182918
37002627
35304114
26680247
19509549
12280241
34267497
26593959
110436778
11699412
23345814
30425115
23278954
22232469
26944203
54709361
86663047
30725810
23348533
20131496
18432459
46470808
25429416
34849601
13329281
23817082
35432047
20541613
25902071
29634875
24162945
18962137
35399256
23348119
27871424
17884352
19933840
41014716
33415992
16818741
20603074
33594548
28523897
30934628
31854193
22887471
26672210
50047351
21037773
19269664
28567173
28523897
26967065
34170745
25692613
19470989
15602647
25703307
55975142
23452413
34779242
18136656
25336372
15337712
24262207
25319561
30717015
26944203
23941461
22799178
25903392
22307178
26721341
37120637
23515365
29309654
42392403
47968733
22358140
24158730
23117803
24076190
20330302
32638964
25548397
33629823
29062711
26672210
47968733
26067040
33521161
32186318
25745700
20329328
20001339
27368943
22381792
28919272
12472927
30680343
34543451
24808834
31452345
14929378
21667706
36689354
20803757
28110722
20570517
20414005
40351623
56272027
24685766
42392403
35100472
24296840
19483708
24096736
24274211
30399839
14917063
33145848
35887540
30126277
21402337
20804655
33940934
25902071
26569136
33025664
23291875
22121313
25968662
18296967
19690005
30079475
30346723
17796691
18956925
26416323
39654657
32285269
31452760
15870233
15458994
22108808
32633501
24546360
20748665
30452872
35711028
23251440
28459861
33521146
34132351
33979943
28027453
30821884
18897177
47968733
35363681
75298698
36871686
20603074
28203677
29011932
33979943
22665387
19935468
38493396
24278636
31174001
25248591
23452413
25661812
30001461
33629823
110436778
39792578
23970445
-1
24797881
23090577
26645135
23621860
17375640
29034647
24278636
25630336
32569589
31900374
30717015
89660402
24546360
15232282
23409355
37468581
56272027
23923611
37108221
24225286
8311174
29725835
24184234
24788726
29364637
28312692
23435745
26863203
22464937
19716925
25891593
23817082
-1
24341057
38037434
34546941
20664251
20781314
24968065
22678798
22381792
156857781
24278636
23131058
67214771
25801797
19293794
56272027
18029187
25661812
26281794
33415992
9079676
23011220
25968840
25983958
30207892
15020569
24273208
19612559
46130495
35399256
29875562
31536440
27358268
24671116
29097378
26569136
24159057
32370660
26917981
27839446
25643971
24299012
19022208
25426689
26762740
24404602
21427129
34586600
13898244
31908542
22730694
20425703
47968733
29366511
18850152
20804655
28312692
16562053
12338423
27397342
29002576
24492664
25974720
19509549
22700183
19452505
24943995
36837698
67911077
20558703
28397265
7892288
35183795
23278954
32633501
23572305
22688054
23869255
33398479
30116533
29104317
32534251
25221909
29875562
31554953
28034204
23476211
24479740
35081543
26165912
24840564
28617309
26569733
11043679
17693623
23945373
30079475
33521161
21882486
17891486
16504467
22392915
14662312
39792578
24803794
25643639
18138818
22906138
32146258
23265393
29569103
28914435
22062477
32269971
36473796
20335546
25086136
31902533
19771713
18243172
28878954
24603674
31626033
22942658
25745700
41869261
32835429
24839197
18325912
31338401
29646492
25444262
30821884
32693191
23983390
29222693
17749297
45961700
28312692
30467816
15399736
28156127
35524926
23689238
25958600
10531051
24410135
21791113
29366511
34549116
26967065
30355026
26365910
16130013
25633105
26914263
35157931
17428969
26750509
26959037
23976573
23687186
19613070
29364637
15263530
15052107
36400046
24010629
31721930
28034204
12550166
25974720
21961394
39538522
22730694
24700601
28578711
33942956
27909830
20266402
34170745
26254610
34779242
130202307
28399431
13975491
29002576
29257850
31902533
34892606
33944515
23201826
36405009
34459585
344270608
38000436
25826646
19990407
30378261
35304114
17767642
18541668
22749843
20057220
20466233
31325190
29725835
24786601
23907840
21596763
26368363
14326200
28693509
21726845
28399431
26569733
37002627
22626985
25548397
20131496
27325899
43348017
24808834
19583029
32094937
33979943
21998537
25692613
22164564
89427125
19400110
19316306
28399431
21417556
31471081
29569103
22358140
24901644
46130495
22090956
21510068
25735276
30378261
107175719
38077348
24749053
22910838
24280926
19483708
25968662
35888875
28544418
31900374
20000656
29355303
27095759
34862760
18327215
75298698
28540866
31069524
33838840
30967633
26324064
28016975
18272660
33461061
17723085
-1
23983390
30451989
30520793
45223713
19587642
60971743
21808757
43335040
24267228
46370106
20466094
25113240
22688054
28548012
23476057
22665387
25184246
19039266
21685772
28537626
18339740
20894453
33051612
25326711
18136656
41201349
18956925
31902824
19051213
26365910
28110722
24724532
21039891
32942736
22952755
25974720
26522517
23045931
33921963
20521038
24398903
18186258
-1
26531137
29947069
41054762
23386076
20441431
19166771
35888875
23467872
19205967
25974700
28110722
23945373
28509084
31902533
33650428
24071932
24694922
19954137
31371531
32330309
17428969
24848880
25335507
23045931
26287220
19452505
36939216
26212169
9025448
18395695
19103671
13391329
23278954
33444335
25799679
30482406
24162989
32502214
22887471
27946956
31442462
17362234
21532218
23965463
44290186
23018533
28397790
20461898
19150861
15602647
19162956
25633105
25402397
14455910
29226202
97747892
153227194
24891294
25708494
21630379
14171371
26067873
23557027
23018533
25633105
15234314
-1
28523897
24159057
14858641
45961700
11607248
33434141
34543451
24612488
21961427
36473796
32835429
46219824
35796345
13265088
23190697
34779242
29573152
16652620
26140587
22604225
22952755
41014716
23175472
30510841
22828046
35600917
23871828
24650552
17443519
24812030
31174001
21547243
50047351
23621860
25881312
34505025
15347504
24273208
19085586
20748665
28914435
25633105
35321955
23473940
75298698
23822520
29569258
30378261
24274211
20330302
17407548
19633417
31352234
15445992
19374468
47968733
35081543
30207892
27614738
31554953
23082842
28578711
19491323
22493283
31283262
19279270
29569175
33940934
-1
24728680
33636171
506412863
21198967
46130495
33940934
33145848
28017437
31902824
28991826
46470808
19702493
24838313
30546266
20191299
20144797
21975454
34937674
26910543
16344646
41014716
26208576
25809354
24868566
35985667
34459585
29646492
45313735
29543045
27368943
27329589
29366511
26254610
18818957
14838443
-1
29646492
31167647
35432047
19158701
28418761
29947069
18546756
17473115
24021291
26927580
16183136
19235349
16162043
23011220
75854240
26144692
18783441
24614559
20656723
31612265
20748665
45961700
23871828
22307178
36602666
28878954
17716361
41220963
23141068
23452413
37468581
20856147
25984823
25704089
28919272
20885934
49695053
28578711
24162989
29694124
22714270
23907840
21819264
39538522
24986076
14999018
17909429
15696061
32297226
30096701
22122444
34889937
16619354
19909677
33629823
39538522
79784211
41201349
21791113
15822803
33521161
22720317
37468581
24528502
26537878
28074210
19509547
27368943
33714897
30070466
23568207
23070922
24497923
37468581
20595226
25801797
26898314
44290186
31900374
25548397
20329328
13289232
18393514
20821677
29569258
38000436
33269856
87248370
24786601
22678798
23299424
354115766
36462378
38493396
25239872
17204236
18953694
24724532
29002033
25902071
35564411
14239350
23452413
26833863
11420232
21477672
18223829
36871686
19990407
25643971
15264944
26313147
39651959
25405761
23689238
23963977
25540640
21808757
33145848
27751028
17343783
31812015
23915586
38000436
30425115
21985685
18371596
46130495
35148548
32407161
24341057
22464937
24671116
35363681
18442307
29881344
12951679
26714839
14183055
20869612
23291875
20924623
35888875
26919847
18875202
62505470
23577378
18043676
21495033
27384988
19407827
30674292
24968065
20628285
23070922
36871686
36191654
18014950
30647742
20441431
19633417
29562493
37002627
32613505
23963977
20524518
24541621
23348533
39140182
22504790
23873427
21963835
31202236
30079475
20521038
21930548
42410547
21278446
25745700
24225286
26436726
35745772
28540866
23385938
24938866
16617678
35711028
21719330
23270590
27946956
16924516
24274211
34267497
24162945
17111702
22904726
26620804
26140587
11321953
23640835
38635953
110884761
21298040
25974720
25683447
33248506
21114408
32285269
31854193
28013011
39781636
23475662
31507566
26917981
21671390
21547243
34001841
16355878
26890010
22665387
26746391
24741790
50047351
26880998
32534251
18335948
27213978
21205731
18550802
28548012
30462759
19147517
55975142
26967065
17415875
22903578
33049407
31281831
24741790
19364218
22809624
25958600
21163661
23274327
36837698
17483225
21360751
19567570
23871828
21719330
17595021
21454084
19866275
17391923
16115601
25958600
31325190
30452872
13107359
35711028
21454084
14277584
62616368
18240545
37944296
22421684
22062477
22809624
22719223
20149972
33398479
138087233
19774875
21630379
14763577
24803794
19699903
36939216
32534251
19235349
35888875
14861707
35745772
31854193
78362409
26973849
25203158
26522517
22719223
26913508
14518948
130202307
15264944
41220963
50047351
27211761
401303255
21597961
28991826
19933840
35441960
22647072
18112082
39435129
25248591
27211913
11817076
30467816
35399256
30460503
22409395
28724584
11806739
31308084
25110439
18460998
22154609
19464639
31908542
25127310
25114232
22859656
21088024
19483708
18223829
21808757
14772241
13748031
29646492
377265789
22028627
24342214
26833863
16502490
24217725
19803104
19166771
31352234
22155097
29569175
27325899
46130495
30537459
32297226
23089240
33714897
57867244
23847359
22924456
17009059
30935058
23268157
43016874
36871686
31459391
33860632
27614738
36837698
21795312
20059009
14249098
26140587
13628091
26483960
33838840
18120285
26208576
14463380
36689354
34889937
17716361
21998537
25016281
47968733
27060381
33248506
26280556
35148548
26841699
25232360
33269856
14021747
34459585
25630336
15547913
40755181
25335507
19814090
25335507
11340095
41201349
29070115
28537626
25350566
33580054
28991826
27827359
37339286
16319559
24398903
33502243
22700183
29875562
18296967
38395238
23615241
30425115
22120514
26927580
41144638
39781636
22121313
28459861
14245545
15232282
34862760
25270351
17038413
32426015
35148548
18271079
41144638
12508517
22459234
21231032
28958990
25114232
35363681
25008673
38462265
23124631
20930658
19364218
25791929
32513435
25703307
34170745
29309654
13141193
45961700
18441897
29069644
27304863
26778271
41201349
24700946
19909677
31678399
22061956
21961427
32454887
37120637
28578711
22421684
29002576
18906048
22665387
29573152
23064918
22532733
21780889
26007534
20638373
23058770
28203677
25816841
29780308
29753995
30045858
30510841
24272582
35363681
22041303
24098069
31801863
26313147
23164729
24194673
28878954
24143942
28548012
17889441
60971743
26762740
13201344
32146258
19905320
24008931
19990407
22392915
35600917
24262207
25263322
16189071
37944296
28567173
23067367
19406070
26728859
32523168
26898314
35183795
29069644
27842853
46470808
28578711
17016207
34960648
18249758
19472902
28590646
26762740
17731600
22313304
25304073
27060381
32297226
23117803
24926076
19491323
24808834
35100472
35363681
20974552
21390589
34615526
19228435
32285269
26750509
28049516
39435129
28735317
24603674
23375755
21365101
20155372
29875562
18394118
20461898
46130495
11383399
22371122
19567570
23082842
38395238
32942736
32334223
19419925
20869612
22794377
30355026
27132324
31084576
23058770
28111304
23348533
20544825
39651959
25993174
20541613
22120514
89427125
24410329
22120514
27861123
22033948
22604225
26144692
31638452
33569026
38462265
30546266
25903392
37002627
32074287
28706286
20951566
31902533
28914435
27756504
28016975
29501292
21585177
33049407
36602666
28580850
38493396
19933840
27199413
24209013
22629427
23201826
17891486
18017186
26959037
30162076
21231032
10935540
42392403
32097315
43335040
34586600
22363494
33944515
10297402
19772915
21278778
23348119
28958990
13344310
29309654
21703357
30419528
28034204
97103777
37964418
25162304
28399431
40351623
16867072
16271913
28578711
29947069
23493546
30680343
35404971
23847359
17462151
35363681
30516918
29753995
14438591
25770531
36405009
23473940
25248591
34267497
19364218
21759375
24008931
26926278
28978623
24662885
20926818
16296154
30126277
25984823
31338401
15749630
31686890
13442176
15196443
12950098
18902669
551856792
13812112
43335040
22900779
23460069
30419528
23557027
21057605
35780604
30116533
17580930
24786601
34386240
19415412
23731211
26368363
36689354
26522517
15162171
20057425
35888875
33025664
26254610
23945373
33521146
27737517
12508517
26208576
38462265
27027402
27040449
29881344
25249566
22450896
24848880
22665387
23906938
22906138
17218053
25104697
23385938
28312692
31459391
19587087
34615526
29569175
24002430
16855101
25495019
26280556
23338883
31753772
23988794
31069524
124033259
28816568
23278954
26563191
23923611
14775348
22504790
22739670
28342093
13810207
16659108
28523897
28735317
26919847
23270590
20758359
21039891
30482406
25762942
27230550
23078920
30045858
-1
33398479
16562053
19378117
27773049
19022208
23981056
25885342
23299424
23539443
23288272
27599775
24603674
16618107
46729165
17534253
26763166
45961700
22122444
37259451
26805916
39781636
26812713
27132324
27118551
29753995
27321611
23783007
23740504
16219216
36473796
36602666
16816076
23923611
23831686
15595559
25984823
25801797
26763166
18270164
18145166
36871686
17403644
29034647
26937177
37002627
21244345
25992762
30814561
18864713
23011220
20671018
24410329
22428509
27806571
28540866
26118802
27080306
31352234
36939216
27325899
13900478
32312174
24018000
31900374
33838840
24184774
15591427
20940982
23710910
38037434
38462265
46130495
28074210
31167647
31452345
14239350
35887540
22421684
40605307
35817037
26914263
25304073
33940934
21278778
17155972
50047351
22906138
37259451
30038704
24076190
19150861
23740504
155931803
25249566
26254610
38037434
40605307
28590646
22808972
23731211
21551770
26399324
41220963
17395633
22111416
28724584
28459861
35600917
39654657
33049801
22700789
35148548
17016207
21244345
16847649
32513435
34849601
24217725
22454186
27450948
20391226
24273208
37618987
21106363
33019848
18147968
41220963
17600429
26577075
26422106
20623177
22823060
19150861
19277909
28027453
19616398
36939216
22942777
19716161
28118753
21446863
36007962
19905320
18393514
19169400
74515840
16466405
30425115
31452345
19954137
506412863
22306913
19022248
24217725
36405009
36007962
28139883
18344386
23124631
23183378
25405761
25093757
23988794
29002576
12635063
16491096
26672210
31408227
26214006
89427125
29162332
28625129
19007339
26569733
34415611
20287886
28816568
28680193
22906138
30451989
23817082
34937674
21882486
22028627
20177668
23731211
16436875
24278636
29162332
36405009
20570517
41014716
25692613
32330309
26766284
18442307
25580099
31379891
16528822
34170745
23251440
27040449
26140587
18546756
24877698
28204807
39078395
23064918
24893080
37964418
40351623
5450951
35183795
32297226
20131496
30419528
29573152
22121313
31902533
21731472
29694124
18722094
20191299
29573152
26266178
279843296
43348017
37120637
18082087
26927580
41144638
35887540
28956269
17465829
22951421
74515840
30172420
17395633
15707761
28816568
22532733
23785648
23572305
20527305
19699903
33940934
34889937
50047351
279843296
36939216
20705576
30207892
17016207
31281831
20520578
32534251
32407161
31174001
23963977
26235401
34132351
37944296
29954704
16127892
36191654
17616301
26145897
23270590
30877732
20520578
23869255
12663159
16265458
18949193
13495581
25633105
36405009
29666555
17777790
19008649
29947069
39140182
22678798
23870828
22090956
19990407
23270590
16610717
18297542
32097315
19441521
18152732
72280728
22529160
25319561
46470808
15573906
35780604
13232040
28544418
18656704
33940934
19182068
55975142
20654960
28377131
39781636
31459391
17851580
30546266
-1
35157931
21057605
41198256
14249098
121760905
130202307
26208576
40711936
22580502
31338401
21780889
23731211
18988659
36400046
25548397
13928982
26984754
18658840
26280002
20281326
21472815
46219824
48948126
23760651
24273208
17462151
33444335
22719223
35711028
32334223
22678798
15512180
19147517
23299424
23452413
26805916
31908542
11735985
23945373
27040449
29721963
23291875
24272582
28039612
28537626
23976573
20157961
41667370
13852938
24797881
39435129
26914263
20856147
31352234
15331310
32097315
22555700
38462265
26833863
16419392
33944515
24805336
20969713
40605307
30821884
25416277
33415992
14805942
21780889
24839579
24296840
35600917
29573152
67911077
28816568
21498352
39651959
46470808
29925801
33979943
18274982
26026020
31208239
16355523
33714897
13226894
25984823
33444335
14304398
34543451
53167895
14763577
30122590
40651567
33415992
31035299
72280728
30162076
34132351
20782075
31946975
26680247
24531177
20714893
41220963
45961700
29925801
31084576
31442462
14775587
21120258
32587234
23225675
19279270
28132752
35363681
16664177
34267497
16785001
23758990
30674292
36267066
24949746
17235592
46219824
25620137
19509547
21804148
28155514
50047351
30452872
37259451
18081873
35564411
25580099
26569733
26522517
35432047
27397342
39654657
27252299
31652096
46470808
20521038
18371355
401303255
18271079
24407625
12508517
35745772
27060381
22392915
28932190
28914435
15530905
23029081
21998537
36939216
24137866
22063809
23721503
28397790
26955237
32523168
19010447
21726845
25897029
35586637
12207287
23615241
17510039
19293794
23458738
26668563
32297226
13209160
65009792
20115644
33940934
8053164
30368792
15742119
31281831
23387566
33398479
16199950
34889937
41144638
30462759
40605307
20113251
24803794
30090847
35817037
14909505
22774474
16491096
18207735
14069894
26492706
16257310
25114232
16392019
28110722
29222693
29780308
30122590
19472902
31536440
18614527
30162076
25560113
24497923
32485125
20212757
23621860
31721930
26140587
15026069
62616368
22401527
41201349
19385674
29501292
38462265
26039987
35183795
31890220
23740504
28110722
32285269
23225675
21016043
16198139
60971743
30079475
22730694
35441960
28958990
14858641
23476211
16056992
52613073
26993795
33905286
19364218
22246939
23270590
24398903
20357673
23005093
19150861
24225286
35304114
27861123
25983958
46130495
21174417
22910838
27040449
29535220
23210487
23078920
35148548
28578711
8729212
31812015
30680343
34546941
6326257
25883244
24278636
26926278
39781636
12765548
17546325
30346723
22443833
12927253
14616935
29992793
24398903
26973849
20654960
36400046
26140587
40711936
24949746
32693191
30045858
27614738
29543045
35600917
29646492
25968662
48212549
13421604
35197733
28919272
29646492
23910685
33248506
35157931
18479262
23873427
27761622
19977220
35100472
25661812
21381195
21708171
28060818
23512575
20638373
21887068
24398903
28956269
20461898
24838313
19140892
33398479
25336372
36837698
20329328
27325899
21395520
17268798
35586637
41198256
36191654
56272027
24808834
36374707
17908586
33345642
21057605
15362065
26287220
20931244
26993795
21624170
14838443
22581602
33620447
38493396
28735977
32269971
22688054
27384988
30877732
33940934
39435129
17324570
13898244
36473796
26913508
31721472
34892606
89427125
15012416
29298245
344270608
16532769
30935058
24278636
9242026
32186318
24261567
24803794
29034647
34902773
35887540
26189058
26766284
20570517
35399256
20758359
24728680
20131496
18962137
14265985
20744504
26140587
26281794
26833863
32899333
18443770
26183939
24071932
39792578
21780889
32074287
26714839
23299424
26762740
27631858
19384798
27361944
20025464
23338883
47968733
34615526
21121277
23310434
30674292
25404577
27545131
34549116
43117252
17851580
17447690
23963977
37259451
40605307
30821884
23678538
20924083
30821884
67911077
211742999
35404971
50374816
34599992
18615092
25938894
38153299
46130495
18403144
28816568
16116941
19713260
28978623
89427125
24309167
23572305
15892746
35197733
29097378
23970445
26057941
38395238
34132351
29875562
18081873
24748511
22951421
22062477
30520793
26313147
26636175
18683660
30172420
17496893
26007534
12945994
15011431
13248049
41201349
24805336
20737762
23268157
25827167
29097378
40605307
24497923
35157931
26280556
87558727
13498865
23933485
31208239
82307251
27967516
23018533
16040695
22428509
21417556
19730526
20441431
23577378
24379048
33905286
27368943
19713260
20441431
41220963
25984823
18624537
194835920
26680247
11599244
19997979
22421684
32330309
26537878
30079475
32902479
24603674
23760651
16932525
30518770
11893238
344270608
38557102
30090847
22388311
32334223
25735276
30172420
23270590
27825195
23385938
26833863
23385938
43335040
35321955
21882486
25354439
20972528
34862760
19934617
-1
87248370
29767466
31652096
27761622
36007962
34241793
44294192
23265393
19879375
44290186
19835771
21922456
20402547
18357616
18869920
23884261
33415992
28578711
32590804
34902773
23299424
23278954
23694692
40711936
14822682
30537459
26140587
35197733
32896383
19959180
35081543
23105701
17862130
25963515
19580700
26140587
28110722
30717015
30559599
16519718
35887540
23976573
19440938
22601627
30452872
24803794
44290186
22306913
22656618
26280002
19483708
17798466
23960517
19158701
34344101
19166771
30546266
24839579
35745772
26118802
26563191
38764227
25104697
41201349
23694692
17884352
26577075
38493396
-1
32942736
9449266
14013841
27040449
30467816
24840564
22401527
39792578
26865004
20374486
73191564
34599992
25402397
32613505
67911077
26320508
24840564
28950331
12920310
19400110
20502043
36473796
23098352
46130495
28523897
24853660
20329456
37259451
19871149
28978623
19990407
17389947
28139883
19228435
172184120
19874875
25206947
23476057
22739427
27217598
27054572
27839446
19051073
31352234
28065974
21194874
19050959
36405009
30090847
26927580
31379891
34267497
20926818
18147968
30162076
26863203
21759375
25643971
33979943
23338883
47968733
22824994
46470808
17821938
32186318
28540866
32523168
24162989
25429416
26996737
31352234
30207892
11551867
41220963
24294904
26919847
37944296
25642566
30935058
24267228
26955237
29003150
30445599
31371531
28233398
26863203
16659108
19228435
16314067
20730023
24863605
28668272
23561842
29380590
26365910
35157931
32097315
29767466
28625129
44294192
35564411
18013094
29222693
17201902
40651567
20405408
37944296
28034204
30126277
36037154
29767466
31812015
25022821
19452364
35148548
28464564
20607808
19114604
29925801
26863203
30399839
25333789
20957252
24844334
25350566
15870233
16708388
32550180
29139106
37468581
23251440
30967633
18190609
29309654
20654960
21795312
20461898
32146258
17169609
-1
22381792
31338401
13371515
28956269
34386240
29725835
41201349
13073669
28233398
28016975
36191654
23987591
14455751
32284210
38493396
18515461
18949193
28156127
14616935
29222693
28816568
28537626
20329328
17705272
28132752
32587234
26863203
19541624
17534344
26993795
30460503
22607986
29569258
30967633
35399256
56272027
39654657
31298583
26620804
26863203
24162945
30378261
40755181
26099358
22061956
27450948
19008649
31459391
19342915
29947069
32146258
149100567
20524518
30674292
47968733
24184774
33248506
33415992
31801863
23963977
20329328
22428509
17874363
35441960
17793669
21511061
36602666
22619243
24893080
27040449
24479013
19771713
21731472
26140587
25704089
21412090
20446280
36871686
26620804
16715903
25974720
377265789
20702787
36405009
28016975
22122444
18186120
35197733
14772241
37944296
20191299
35796345
10498377
20527305
28523897
22766545
27630617
29104317
21345333
25204010
32693191
23310434
39435129
41144638
26841699
22454186
20520578
30452872
26365987
23310434
30492819
27842853
35081543
23147911
27970605
35363681
17136380
29316376
29781574
40605307
28544418
25027323
31389992
18656704
171201745
30419528
21402337
31812015
27450948
29293576
37259451
23843788
23409355
26208576
41220963
15993473
20441431
21229904
17111702
24243346
28397790
28249920
22700789
22922713
19487915
20378528
27211761
18867282
26397519
27378996
25703307
15397641
24071932
13289232
31898262
27325899
23787528
30425115
18538489
15432856
24159057
31554953
35441960
30419528
29875562
28464564
24294904
21672790
23078920
23040696
20804655
37002627
20806069
15458994
28312692
33629823
26569733
25968662
28399431
18564554
22169319
20940982
23011220
47968733
17374909
24797881
17977333
25540640
19169400
22607986
18855689
26593959
46219824
29298245
29034647
29881344
26326114
17305258
23265393
18538489
28397790
21579024
12331858
17386050
16112957
19103671
26254610
29569103
19771713
26672210
18161456
35564411
30096701
34862760
25993174
26483960
26060107
34129455
35887540
41193638
31325190
24755193
23406951
31288792
29135629
25540640
34941166
22700183
28668272
15356309
45961700
25826646
21930548
20390495
25968662
33650428
24949746
34465933
19690005
19933840
20060656
15924026
20446290
15399736
31174001
30462759
20686302
41144638
122691862
127249280
16221182
12377761
30510841
28233398
16867072
23987591
46130495
18910740
17756456
30419528
25248591
26690942
23810724
18965065
29543045
34132351
15302488
20555534
38462265
33345642
21472815
25551811
31686890
18189696
30455042
29562493
30126290
23539443
26880998
18428759
25983958
27040449
28578711
24010629
20623177
16619354
29501292
24479013
18705428
31174001
15271876
26140587
22122444
39435129
19905320
27827359
29666555
15331310
30460503
21380054
42804460
14748008
17730616
13492055
37120637
37259451
31352234
32285269
36267066
40605307
30934628
29355303
17727483
33905286
25704089
20324853
35148984
23941461
40711936
30467816
21723481
24805336
25232360
23732906
36837698
22380287
21433669
35197733
23387566
21231032
24893080
86955391
34498032
21216160
23476057
33145848
22306913
19003472
19121224
25127310
41201349
18136656
20558703
31084576
24940688
62616368
33944515
18207735
37259451
25984823
22581602
33049407
23201826
34599992
20463424
41144638
27095759
19022208
16319559
26926278
27545131
18274982
29781574
33940934
39538522
34498032
22392915
37120637
30116533
21114408
27397342
27806571
34546941
31902824
19400110
28919272
19513439
22307178
22730694
26193141
33620447
39654657
29222693
19204877
31851565
34902773
29501292
18183139
38997193
19024685
14916299
39435129
26927580
14929378
20541613
39435129
22908494
20869076
18955777
41220963
19785824
41144638
18495349
39651959
16265458
26214006
21088024
33019848
17793669
34023523
33156396
39538522
24143942
15331310
20461898
31325465
28816568
11022348
15259908
26672210
12349751
20602466
13107359
29947069
35321955
16149669
35363681
22872715
33629823
42866177
14131207
23970445
118910670
33944515
32780264
30455042
17279258
37468581
14007925
34892606
36871686
19349012
67516880
33838840
21106363
16499588
26193141
22580189
32590804
33049407
34546941
24812030
28397790
25184246
39140182
23265393
30877732
25110439
24797881
22454186
24243346
13962836
24741790
39140182
24838313
17060287
29725835
26833863
17269986
21460076
28805725
35887540
17172487
25968662
16593614
29006795
21630379
19406070
37120637
31452345
21645484
36841553
23615241
33444335
12699352
27810513
36405009
21922456
21404727
14866359
24723397
14233199
34344101
26746391
21780889
11766383
16541393
172184120
21897362
15933484
31851565
17023173
24167532
20806069
35321955
18705428
46470808
17748636
25881312
19990407
34615526
25206499
41201349
14463380
24963629
37002627
20930658
38997193
29364637
20803757
31379891
22121313
30510841
31308084
35888875
25974720
19866673
23929672
21509091
20758359
19785824
12066361
29280968
29162332
21830650
23981056
30126277
138409543
27450948
33940934
26208576
29069644
344270608
26254610
21733175
19942480
29875562
32693191
31652096
14447851
20165619
16276694
23970445
24836931
24650552
24309167
30126290
16571842
23297924
23388198
23160663
26183939
30399839
29634875
10102631
65009792
31283262
23141068
40711936
20378528
118910670
22363494
13391329
29162332
22670131
22850411
28567173
28017437
27842853
7940504
137164190
36405009
25795963
39792578
19730526
24391614
37944296
20737762
24830017
16949747
31902824
33049407
57867244
23945373
-1
22719223
28182918
26007534
27397342
12133833
23270590
22665387
14359434
25344545
24137462
18316339
28480046
29139106
24261567
12778546
118910670
31686890
16282271
28668272
31652096
29097378
23222095
26728859
21355844
26189058
28312692
15182174
39654657
22529160
30717015
17585056
28668272
28397265
24272582
19333201
27970605
24648326
34937674
35586637
31851565
26522517
18422793
21340662
29925801
29725835
50649514
34459585
40651567
20463424
34862760
22700789
26937177
41201349
34170745
26593959
26569733
21156122
68111174
46470808
22505114
30934628
25232360
33521161
24836931
24479013
32284210
22505114
21551582
32641922
18249758
50374816
39651959
18897177
16265458
26955237
24225286
18966973
14811853
20265338
45961700
19349012
23299424
23373547
28034204
23131058
23299424
23907840
25643971
41201349
24797881
25206947
29881344
26324064
27132324
23136360
34023523
13498865
41201349
31338401
17731600
55975142
25661812
33580054
24724532
30162076
13676270
32693191
29789418
42713977
22063809
40711936
18944091
16689598
20505232
36473796
21198967
17212760
25809354
19293460
58798757
22122444
29753995
22233234
36446503
20324853
35564411
31678399
28578711
27545131
26357911
19381139
25692613
24479013
18913768
25344545
30680343
14800270
19842686
17425729
27578070
22454186
19205967
19487915
25304073
38037434
28816568
36602666
24879098
19487915
35586637
29135629
18973064
43117252
27459945
32693191
20234885
28330915
15749798
26368363
19076793
25540640
27879937
24943995
25580099
19771713
13631648
17729292
36405009
30546266
22906138
26833863
34241793
24788726
25683447
18240545
34132351
18683660
28590646
25974700
26563191
30680343
32613505
44294192
12374484
35304114
31626033
35441960
27378996
40605307
21926335
25023155
29309654
24968065
23906938
18183139
13329281
23843788
31067487
34546941
22454186
12699106
23299424
34615526
19652537
23270590
17212760
21554547
26742885
20131496
36837698
17338617
155931803
38037434
31352234
19595937
30688586
28625129
14292538
26993795
21473948
19934617
28111304
30688586
30821884
29875562
31352234
24603674
37120637
16162371
21405224
24805336
18136656
18366382
27810513
30090195
33650428
26189058
19567570
20640247
13919450
23907840
18066781
34459585
17970858
24838313
49355871
20541613
27839446
22459234
15920164
30717015
26672210
24848880
17928006
18271079
23731211
26406121
18683660
13497508
58798757
28617309
21209970
26959037
34498032
23070922
34889937
21365101
17038413
31554953
31652096
38462265
22436078
13968366
149100567
15382544
29758679
26672210
24838313
25877578
55975142
10662372
24492664
46470808
18297795
40351623
26305278
16918801
19961439
25232360
29569103
23640835
22011661
18448671
26140587
21844407
14722394
27839446
24893080
32186318
42392403
30452872
32513435
29543045
26184131
14715436
28668272
30688586
14871836
279843296
23107229
21645484
27054572
18325912
16936572
34459585
28525650
34344101
29562493
35157931
25881312
22381792
31721930
20607808
41144638
17527497
22555700
110436778
26742885
67911077
22436078
16198139
19879375
30045858
27791386
34344101
31902824
34558850
31380652
17155972
31908542
24342214
28464564
23225675
25641407
18813801
30688586
22923231
25967176
31854193
34849601
36446503
39781636
17604052
27338773
21142470
123840426
34598806
26959037
35081543
40755181
23568207
30350273
29124604
23817082
25801797
46470808
27329589
29947069
21395788
26797539
38153299
13616274
32097315
23476211
27902746
17884352
19879375
25110439
26031900
37468581
33025664
46729165
32613505
20969713
29745485
9878975
23348533
23348533
23871828
39792578
24299012
50047351
27060381
26984754
12367831
23270590
28016975
21232117
22984487
20926818
56272027
344270608
35887540
23561842
30462759
25350566
30425115
21630379
19556783
30537459
28464564
20558703
20748665
20304613
23201826
27211633
24879098
28074210
35796345
25643639
31753772
12902667
20294198
23270590
13929992
28480046
35321955
22601627
34141907
33269856
22398882
21194874
17465829
22887471
34862760
29364637
26140587
39654657
25162304
29875562
20930658
28523897
21446863
14131207
38037434
16642833
17423324
14281374
23593454
46470808
34267497
34344101
18730364
19002144
28978623
34779242
20673134
29573152
23593454
32534251
28523897
16243042
35129580
30452872
20930658
31848969
32633501
22730694
22062477
26416323
23871828
20227602
20259276
32285269
22526063
22070754
25949283
26805916
25661812
23409355
25416277
16352499
18624537
29062711
11330472
21961427
24844334
12515448
19690005
19228435
28580850
28544418
23760651
86663047
30546266
23646424
46470808
14249098
23945373
40605307
18366382
211742999
22900779
24805336
16322818
29139106
33838840
22656618
16040695
26973849
19166771
23301925
33714897
39322038
23568207
17343783
23843788
28625129
37002627
32523168
25967176
9340162
18538489
23617077
20259276
39435129
27361944
20673134
23805178
20629308
23131058
38037434
50047351
39140182
31389837
28580850
27794747
29725835
36568086
36602666
12881543
37002627
25337279
39538522
28544418
25683447
18953694
31174001
11623939
29222693
16918801
25263322
15555818
17155972
21936781
30399839
20227602
-1
31123762
29869271
12950098
17201902
46219824
22851249
21537171
31452345
26368363
18705428
34674117
22135840
31325190
21306502
22090956
30132984
35888875
19483708
29753995
26672210
35100472
16986437
19800536
30821884
40167597
29069644
35745772
32590804
28933094
27842853
34241793
26973849
26812713
24953486
25336372
24844334
38493396
18810781
34241793
35157931
30467816
26735514
31900374
14071003
20335277
29753995
24808834
169849391
38462265
19145057
17204236
36405009
23270590
34241793
29925801
31452345
37468581
28963884
20556134
19817247
16773851
24262207
25402397
31452345
24590097
26898314
23731211
14399475
26522517
26490086
25248591
19596265
30079475
23348119
42705493
17956323
21939637
22555700
30399839
33940934
27448347
41198256
25745700
20803757
29226202
27946956
35888875
42705493
29298245
24184234
25202945
21975454
13898244
29501292
21677671
22901753
16773851
24184774
23970445
45961700
12954398
23274327
23621860
22459234
39538522
26280556
37944296
75854240
20756283
28086547
23241490
19441521
21166020
19008649
28525650
18014950
11275080
28724584
18403144
23373547
24154735
344270608
34599992
22601627
30346723
24853660
40167597
24267228
24992478
34415611
45961700
26680247
26721341
16189071
21978568
35432047
47968733
22611670
30717015
26993795
24398903
37002627
30821884
28110722
24806796
24830017
14292538
22526063
18147968
149100567
23963977
13541316
45961700
30419528
31851565
16963255
20621024
22011661
27545131
18152914
36837698
27448347
29364637
14539658
33398479
20538753
37120637
27791386
22436078
22951421
34001841
36405009
67911077
25968840
21882486
24808834
18783441
21626184
26254610
16355878
31308084
29309654
28402459
29569258
21998537
29535220
23884261
33015325
18272660
31900374
29981914
24812030
31067487
25206947
35711028
25580099
18710250
25745700
24062497
20628285
28525650
50047351
32942736
16604078
20348198
30482406
24479013
18101233
23564832
21345333
27384988
29954704
11690288
506412863
20082976
23515365
31389992
35081543
20145120
22608786
23027528
47968733
22923231
28735317
45961700
18538489
20215854
24805336
17201902
37271229
25249566
20712124
17777790
34170745
24217725
21995498
26833863
44294192
30419528
24963629
28459861
24531177
14822682
28540866
33574480
15369355
21017494
22358140
26735514
25703307
24836931
25421164
