Yes
21 77 70 41 70 7 80 43 83 76 80 86 52 90 52 9 79 9 33 40 75 40 3 55 71 78 100 89 28 72 89 71 23 18 34 44 22 18 96 15 96 23 55 3 32 14 39 14 29 32 91 87 56 37 20 8 37 36 91 73 99 
Yes
3 2 1 
Yes
17 22 13 22 13 
Yes
6 12 4 13 
Yes
3 4 1 2 1 
No
Yes
3 9 11 7 10 8 4 12 4 12 4 12 4 
Yes
7 5 4 6 4 9 1 9 1 
Yes
5 3 6 4 9 7 10 11 10 
Yes
5 9 18 15 16 15 32 27 22 20 30 6 17 31 17 20 22 32 25 21 28 2 7 23 12 13 23 28 25 33 24 
Yes
2 3 13 4 1 12 11 7 6 7 6 7 6 
Yes
6 3 1 2 
Yes
32 3 34 29 34 38 25 16 15 12 16 45 42 40 22 7 22 45 24 35 27 11 27 24 43 49 48 49 41 31 
Yes
4 1 2 
Yes
2 1 
Yes
9 4 28 19 6 23 26 23 26 
Yes
3 2 1 
Yes
2 1 3 
Yes
2 1 
Yes
6 
Yes
2 3 1 
Yes
3 2 1 
No
Yes
4 3 1 2 
Yes
5 
Yes
2 3 1 
No
Yes
3 5 3 
No
Yes
6 1 2 1 2 1 
No
