For query 1, 1: 
5 4 9 7 
9 
6 
1 
1 
8 3 
1 
9 6 
1 8 2 
For query 1, 2: 
8 2 
1 8 
8 
5 9 7 
4 9 7 
9 
5 4 9 
1 2 3 
5 4 7 6 
For query 1, 3: 
6 
5 4 7 6 
9 
8 2 
8 2 
1 2 
8 2 
5 4 7 
3 
For query 1, 4: 
3 
3 
1 2 
6 
6 
5 4 7 
6 


For query 2, 3: 
4 6 8 12 16 17 
3 5 7 11 15 
2 6 8 12 16 17 
1 5 7 11 15 
2 4 8 12 16 17 
1 3 7 11 15 
2 4 6 12 16 17 
1 3 5 11 15 
12 
18 
2 4 6 8 16 17 
9 1 3 5 7 15 
16 
18 
2 4 6 8 12 17 
13 1 3 5 7 11 
1 3 5 7 11 15 
10 14 
For query 2, 4: 
3 5 7 11 15 
10 14 
1 5 7 11 15 
10 14 
1 3 7 11 15 
10 14 
1 3 5 11 15 
10 14 
18 
2 4 6 8 16 17 
1 3 5 7 15 
14 
18 
2 4 6 8 12 17 
1 3 5 7 11 
10 
10 14 
9 13 
For query 18, 3: 
4 6 8 12 16 17 
3 5 7 11 15 
2 6 8 12 16 17 
1 5 7 11 15 
2 4 8 12 16 17 
1 3 7 11 15 
2 4 6 12 16 17 
1 3 5 11 15 
12 
18 
2 4 6 8 16 17 
9 1 3 5 7 15 
16 
18 
2 4 6 8 12 17 
13 1 3 5 7 11 
1 3 5 7 11 15 
10 14 
For query 17, 5: 
10 14 
9 13 
10 14 
9 13 
10 14 
9 13 
10 14 
9 13 
2 4 6 8 16 17 
1 3 5 7 15 
14 
13 
2 4 6 8 12 17 
1 3 5 7 11 
10 
9 
9 13 

For query 16, 3: 
4 6 8 12 16 17 
3 5 7 11 15 
2 6 8 12 16 17 
1 5 7 11 15 
2 4 8 12 16 17 
1 3 7 11 15 
2 4 6 12 16 17 
1 3 5 11 15 
12 
18 
2 4 6 8 16 17 
9 1 3 5 7 15 
16 
18 
2 4 6 8 12 17 
13 1 3 5 7 11 
1 3 5 7 11 15 
10 14 
For query 9, 6: 
9 13 

9 13 

9 13 

9 13 

1 3 5 7 15 
14 
13 

1 3 5 7 11 
10 
9 



