0
40551136364682962
14371921023718227077
18352214336408846384
11655985616218183657
2614535530657623968
7352709731970870118
0
18174227568906786912
7573141327562547462
3175290511054759676
240894669726454519
15652229548680149449
961311355947353700
728654213583808229
12265596650778000203
15543887816793992667
547165087583601612
10748461309502302201
15723370910410372905
1393336607360950454
12994442435437597932
16338075535445447738
13801099835697019662
17330327898309044971
8142790500929715297
2828619251508680462
8859298015368548205
1871709272464554569
13010873851409358296
16911280898323536492
4896051016934152500
13841454827342798207
6483813501695489126
15803713127061638988
3144051872872568889
3088255326213113861
11876864334228393523
11560731307185542264
3986130386174701409
3057202247137903062
2466850801684049293
11496083956047618675
17057757056983964600
17085310764880430532
17473150992899109897
3036916109688536937
8517305321732205068
3344062999566725370
13446628522159860574
15209732299660449633
4668448098299173450
5533797196843096794
9761816251996344333
1388174773413545939
10175145292136776294
11706732962204264837
9425406057492828078
25762716597720409
14180458006723372329
7598237131486464091
4509927249437339948
886057821469511758
7024764962539279882
9061144964743905861
1323062004801814694
11591809617206517628
15106206761371540281
11613106172466514297
1540
6651243477348291317
9685456900525647518
8425380323440022067
10661428704240523710
2754753513886791702
9083756087308226231
13809742685628144252
9828319958374729138
9687612589027807098
10939613373523668253
4336771613480141084
1319208455352967857
5115549759219834437
754396136602063269
10094517900454569484
7981571387041723861
11649126378843357223
2950380367245872548
10851677400477207831
16610653409812394753
3630272003864358432
6371193198718675262
8302376776237801116
17317407141696812163
5570982874004924735
11525437367344977969
2574642040436276560
11314174598114684589
1035103417686692110
15150281444438229157
10962275716635999871
16285774271857366030
1481305282977743202
17657489570671113589
13963206373590872200
642133428299475459
1543934977309902548
6359591397280880294
8724541050848199668
6028661477945022384
9393770103895097230
9543413530573445441
7086149872412158667
15601102966992295450
17033002524175374858
4868166049582706210
16063461210398260450
5715356594422687438
16741825955322562335
3151655753208313140
6705408626765571680
10224697879596125567
751508080619886434
2762233334397213941
13661556502402641428
15468038171238737294
3017674309399598942
5135892178095075978
14519232716459091886
12186693535764832507
5633116858649781854
14482248988576448737
11030616009313061917
5220771936606023694
16026660708882497428
13108056244297626278
9321521338666494669
4340263020958711610
4374258048675605861
9007545014785050574
11354809460218085246
3686075099256385601
7417256676651983387
12286613382485277267
5616416438287229789
4320530621561712
12659502675923807893
13406300907384781164
13204576390421452636
7191634214590510521
1439166409860726246
13715649567819844778
8592069110431047772
12998645159438398293
16526677880314289328
15537215691775704901
10746536544742743427
6100262941685811184
3990534557861507492
15803722570679923190
6414547955413834163
2265728187135047058
10419961675855407924
16130953890070836780
17666441796951904773
283738087982617015
15207168245810351616
17282194185214123554
13301114878357518449
8415896488027646917
18250753415770923531
6673526844308384998
7579191259860530933
17171728678952003387
2909599988170277479
5333266524970617925
2020476893406304767
14705479590742959719
4301896221149344195
5429621967562212326
14993858465764486841
1633908624148635120
14724234937747936157
11152257546458109704
14664421580205836072
7436749283478860428
11228514037560547561
18271664461507195452
4012121538263519477
14275300769606742907
9295643710130102771
10620525573458608830
5901751185298604863
5847307746770680451
2498733320568013069
16400510025787755416
700267430614963240
12396585189707796804
3308533428245454884
4130030017816968748
3314595510826390856
18441556333191094690
3624256551180806546
14015169729478773177
12082365928920742847
9453349658829010219
4864023287193716779
14618005713601093332
16504344162444960845
4121098200531363921
4402548315869760967
14750413225656104486
15663988818418496095
12185331047533476023
10070068798434352919
8275313512863889975
5249416909828794053
15225232358958914809
4892461627758751172
5199708665490768573
3909701004652112298
8189632968806717154
6697000446064961993
1346362205364897336
15780534480351703298
986869882457551010
31245791099906338
734822111970968819
11903670557414025395
8051210518876778041
15346665864243569306
14595936091581686926
15044465818246845074
11313833652151941859
1949844225818309802
7385946621591347466
11999627572900706147
9114634846746506736
414014478959687820
4493112463629061105
11373093138107863153
17609129713864100288
7658077761426000185
3718923236608210651
10189517672718304162
16778306329561013381
8263083618443445128
13080809297803508273
11352120489125959858
2261719772085890001
14096157263547128417
17720736537158983794
5365530407915231744
6342256785833860168
13395444683967272465
8769034497401696705
14378286483947686853
6508702049292995911
18202605582714736026
13264349121539546769
14548635361106739507
17547213845422612924
7747184161045206649
4436470344197877730
6543653382750574938
17157372696919637016
1002568427324014159
1964228487910434836
13859631031732917487
8345824964270737991
16494318067767106103
7927543754004993619
16423872925070709253
3844753119700648216
7110082606967874219
14608621614398615504
10160845547965523461
461405381908600819
4638728807989847196
6615385371822993246
9732180157415642150
5447862187686833761
10597328898884655445
4178229153504375020
10063172920204592454
18078997354219300992
8373463463656921080
18432359727373856675
7748032648980716333
7858681114949180669
16242094619953213283
7803248720183269709
8678146291627775003
8442960155072986866
3822567648619186745
10877080944453056908
18266291722271138725
5716400209301746715
2175092110338809073
11050933587866080860
16349359528474102374
11499325554823660095
13869988089102751535
11985257903643252482
17336653812520989745
12433115370743932016
11670277333497119267
4772874248768456948
18063891731396689809
17227810786720969224
3348268921663269190
12297562814931353748
13229609966467021313
2113233450609795450
5195466521724663062
2159788004304750827
11551400984356645098
2866223393376729067
10339934704185702932
8845130742532154723
11242064138788308199
4356901572148314967
12472987024773876333
17918649825864878170
11439181981344859089
13559610379949776573
13538563543449841833
167803561928788169
9162186985514293262
4615447486055896560
11362249818109232032
13605520283627058096
10372493644925089925
7623261992661247942
2213191795699949757
563860316253159271
10280863263078488293
13057584092921963788
8169388563318341427
17796972861827626296
15110515725724585889
5451725668174943565
12556039977602895709
5111872681230837241
16543197666506177368
5396624100632863070
1178871873319770293
2634325408742726623
6380317047639384687
18177303489202174315
4970044772739176889
3742310365758132859
9967552356236944890
11347396228534043829
13706547426778656618
15848904168881535840
1550045858932487908
8487088019260551160
10580557109721282364
14531125754903168072
18365332919239735550
9091161326751926752
3140712356273979422
4004714543299088070
3842110466069832931
3461773730530698873
5718945106220887
5792184493275869173
13276782149543593256
17468693015161855206
2422143270768776817
9928949307261207967
