845826951
332421103
602830790
211730765
692742373
841142668
269991934
810746445
611915408
670333489
816881935
216740706
635716587
993117939
939629089
274126239
781408683
233760822
22898671
685271577
462239345
122589430
782621014
655276637
866040046
16350235
4296526
496425378
499801623
755493358
605155443
678289586
234584810
999926626
837668835
838357592
709017014
682338442
399432538
617982255
709020053
85402354
288301134
829373224
627732442
147731479
810278006
999957337
161912809
881534383
42398305
984749063
500092942
866477944
148266156
883839286
708269692
511372632
225400252
809168315
742187
178532706
1994665
758703807
986876959
307023804
585563108
905711899
441557640
950488180
308721777
297032906
193832843
850539920
770737839
13424286
531924539
794304352
148305509
574813064
87922781
939546565
767759715
485772561
190606454
134287327
414878702
120855893
888277954
838868946
582840921
885105846
286753557
428361676
747216763
171941075
531064032
950523844
688151819
18424885
207573466
85586644
634135944
11545128
485797106
624265931
88755964
618711377
573362609
212978305
327437083
449069036
961266904
848612490
49993158
14800384
10741625
176563485
261566670
623330685
434605047
324210787
58352360
309606699
969828788
625151432
773038894
560287910
276935687
810261782
79718995
374671290
244617956
943930387
477784626
660056234
984567298
50307448
492553022
987685285
340759404
894363192
628515433
83552275
428559781
211394985
54759368
77764790
474200567
404352440
853699581
714424256
10791953
239140111
842405584
690730220
597454769
825233410
101373620
958840846
596398913
662882344
881550446
64154055
647677112
221837592
729213637
222110705
401011190
757025024
122042428
624438889
851358063
896747225
449495748
384405386
943498807
319451403
705504927
237507637
742108163
897644900
563122908
905832329
609111760
178091857
582897048
843302831
266844697
961814323
716747627
192623805
408237032
329997425
901450275
171985566
838842425
315663215
791288365
213931559
122022492
764036980
333109096
24581187
425131399
846535915
699525566
50644684
814130655
232548416
72213058
978416308
42470211
157125414
140933432
132271835
176044144
851616646
730122370
826382550
832102510
686724734
507241997
260755444
889683810
809711817
146588413
876563756
465197626
240873523
551555982
966510020
249870249
663539760
370434161
633911914
606585475
364710266
802718895
718687807
838623692
275946271
910017218
862457124
364384254
227565374
732054234
391464368
116184272
788432218
671367357
202727250
102927667
585309350
694428961
198884470
914895048
260736409
462645553
333564214
317555712
93032614
417750516
48348753
634730946
186956086
850028396
843159996
560699051
652261611
50631240
737616180
957367847
607539417
622004732
505514353
146752565
395171303
112264802
738928075
11911911
731441928
305504986
254590724
853204784
377203288
530607763
819667339
654608696
801952581
149713262
462163054
473602739
159401081
845891034
867812187
458775121
449813776
809369075
389909534
13389832
43670984
253340705
249649685
765586510
326649198
869428754
563700322
184066108
334123654
535366071
324085507
559457089
757176978
639579241
292854616
476836757
112416792
422975731
798468602
368998895
405233708
237557658
322660045
47829573
921107396
30320
939346633
575684597
509839241
986333393
413241990
48412953
787599370
636046889
823587122
421239032
736974757
511641002
423729799
567051725
251648087
69182469
611172582
693791160
436079432
382514434
905178131
371373818
34912330
143611561
233503366
234771560
225128983
602728846
554098977
619091994
951527919
49782879
879679558
972599654
291298015
264025265
508256951
849603010
836058579
482466507
405594081
165134569
929865633
54132001
99206308
592835950
354145962
236318522
163217149
877370128
317080221
543754027
908403159
548444803
506805761
943247140
207750920
861216539
759097289
554497424
943460623
616180750
99588291
7092134
463636128
379352499
818791975
447131210
311497815
393032741
116901224
710565429
551126628
60945075
181362651
715877500
112373509
985060191
368766874
928176932
412598109
943783190
89963672
428782056
327239460
756121583
374352117
730010167
165853593
160332068
391334542
405992617
488880688
49067494
808199204
33490075
115003857
902952856
49364472
436541036
595605681
893177153
698127971
25236961
98106505
456075062
840479670
243789744
509177556
890119327
723225216
939170256
581948643
996887485
42141019
245078819
478330615
346039868
530938218
310325364
793503226
384492625
892285287
89903354
397720174
419313383
906342598
361472011
752625707
485200
493470443
981016191
610700538
430379453
815685868
251741103
757983545
528041989
930525383
571037176
42814905
135849001
31582575
619472916
659735678
719515499
949413953
597963400
780811302
454913705
543197785
698773753
195333159
540949881
435150051
451724160
947225628
541914852
971425110
706696305
376200311
345956158
197322813
927180383
895614070
176869750
987681622
462224742
22459541
208961845
357867554
166117966
413813139
