0 <-- [3,8]
[1,0] <-- [8,+oo)
1 <-- [19,20]
[2,19] <-- [20,+oo)
0 <-- [2,5]
[1,14] <-- (-oo,2]
925917419
1 <-- [19,20]
[2,19] <-- [20,+oo)
0 <-- [2,3]
[1,2] <-- (-oo,2]
974135375
2 <-- [9,12]
[3,4] <-- [12,+oo)
5 <-- [16,19]
[6,18] <-- [19,+oo)
0 <-- [3,9]
[1,6] <-- (-oo,3]
7 <-- [1,2]
[8,19] <-- (-oo,1]
837792885
0 <-- [2,7]
[1,0] <-- [7,+oo)
1 <-- [14,16]
[2,3] <-- [16,+oo)
4 <-- [17,18]
[5,6] <-- [18,+oo)
7 <-- [19,20]
[8,19] <-- [20,+oo)
781469644
0 <-- [13,15]
[1,0] <-- [15,+oo)
2 <-- [2,3]
[3,2] <-- (-oo,2]
946775493
