5 1 3 6 2 4
2 5 3 6 1 4
0 2 1 0 1 0
len=1, [5,5], fall on 5, rnk = 1
len=2, [5,6], fall on 5, rnk = 2
len=1, [1,1], fall on 5, rnk = 1
len=2, [1,2], fall on 5, rnk = 2
len=3, [1,3], fall on 1, rnk = 3
len=4, [1,4], fall on 1, rnk = 4
len=5, [1,5], fall on 1, rnk = 5
len=6, [1,6], fall on 1, rnk = 6
len=1, [3,3], fall on 1, rnk = 1
len=2, [3,4], fall on 3, rnk = 7
len=3, [3,5], fall on 3, rnk = 8
len=4, [3,6], fall on 3, rnk = 9
len=1, [6,6], fall on 6, rnk = 10
len=1, [2,2], fall on 6, rnk = 10
len=2, [2,3], fall on 2, rnk = 11
len=3, [2,4], fall on 2, rnk = 12
len=4, [2,5], fall on 2, rnk = 13
len=5, [2,6], fall on 2, rnk = 14
len=1, [4,4], fall on 4, rnk = 15
len=2, [4,5], fall on 4, rnk = 16
len=3, [4,6], fall on 4, rnk = 17
1 2 3 4 5 6
10 11 12 13 14
1 7 8 9
15 16 17
1 2
10
