0 0 0 0 0 0 0
0 1 0 0 0 0 0
0 2 0 0 0 0 0
0 3 0 0 0 0 0
0 4 0 0 0 0 0
0 5 0 0 0 0 0
0 6 0 0 0 0 0
0 0 0 0 0 0 0
0 0 0 0 0 0 0
0 0 2 0 0 0 0
0 0 3 0 0 0 0
0 0 4 0 0 0 0
0 0 5 0 0 0 0
0 0 6 0 0 0 0
0 0 0 0 0 0 0
0 0 0 0 0 0 0
0 0 0 0 0 0 0
0 0 0 3 0 0 0
0 0 0 4 0 0 0
0 0 0 5 0 0 0
0 0 0 6 0 0 0
0 0 0 0 0 0 0
0 0 0 0 0 0 0
0 0 0 0 0 0 0
0 0 0 0 0 0 0
0 0 0 0 4 0 0
0 0 0 0 10 0 0
0 0 0 0 18 0 0
0 0 0 0 0 0 0
0 0 0 0 0 0 0
0 0 0 0 0 0 0
0 0 0 0 0 0 0
0 0 0 0 16 0 0
0 0 0 0 40 10 0
0 0 0 0 72 36 0
0 0 0 0 0 0 0
0 0 0 0 0 0 0
0 0 0 0 0 0 0
0 0 0 0 0 0 0
0 0 0 0 64 0 0
0 0 0 0 160 90 0
0 0 0 0 288 324 36
0
0
0
0
64
90
36
190
