1729780645441901110.5
1805863391139418161.5
1802813652396807700.5
1851996589908396440.0
1708567163111207453.0
1452732185921633886.5
1580762712413416068.0
1772785535673036268.5
1804115421196603444.5
1745559491491964070.5
1431741041003080947.0
1856137052809708322.5
1760021996473437398.5
1791039059542498048.0
1656177876041169217.0
1732847372279097632.5
1601557684180690355.0
1442343105230542944.5
1342991297900965704.0
1869639366351170496.0
1637622239523444092.0
1780353267174668621.5
1710098998612163431.5
1592182097881552837.5
1525720398933234161.0
1568489504502315897.5
1659912522098906514.0
1138116873050183641.5
1700052633313967047.5
1457118025115634764.0
1739486355729751458.0
1775479898871198494.0
1682855100264917831.0
1675298837585546734.0
1624007063790823339.0
1811002015927496539.5
1803366420501154594.0
1729384692729188440.5
1669896634731942706.0
1655697025947925434.0
1800085195792806242.5
1758391823125922641.0
1669127392119256885.0
1783009552170292552.5
1495350080548612585.5
1702735947753464623.0
1664443318525082160.0
1242572330103657317.5
1813685007588269940.0
1816330066641360239.5
1794738555447766494.0
1812444160376780865.0
1548302845034782565.0
1633510137981101317.0
1724191428523183694.0
1848436864960670879.0
1566624009292619042.5
1446877211991626207.5
1509336275342844072.0
1338028188960933859.0
1426935682793704600.0
1759202506515629911.0
1612243869951490195.5
1884163615827995838.0
1756066982361615528.5
1727169729870917805.5
1871069186525616370.5
1746087150339485346.0
1744622547384154022.0
1559270639871124104.0
1725709177142868503.5
1186442256521342099.5
1836180099640139439.0
1889966079318203484.5
1588585985586543679.0
1875810881255482021.0
1890427574336772143.5
1665984246306910977.0
1861826298283634839.5
1560875881963547055.5
1692696712184692671.5
1736315773971194113.5
1781882905551378634.0
1803459053347645589.5
1763238215511321268.5
1757146591292057014.5
1575828266110247525.0
1861147876074758162.5
1817187943065840361.0
1718965332352758106.5
1748295077108949849.0
1709380307488560693.0
1022980253399024486.0
1655221114316048223.5
1856199837967448494.5
1760942747605903141.0
1365426053080480271.0
1867905057790008342.0
1127872344276781798.0
1562115729651003728.0
1755148002578381103.0
1470097000645827143.5
1780398795123654117.0
1820223390657957918.0
1811138674459321235.0
1883112263471365752.0
1796776047254275146.0
1897317780734023807.0
1842966247644592820.0
1791657339931974283.5
1781782562545269307.0
1837952575634502243.0
1635267259264808917.0
1749401192527950384.0
1844934380658964268.5
1691205938542509504.0
1819217266743599735.0
1720433668681958377.5
1724667974569173634.0
1729378349877503012.0
1584633887495550084.0
1773105901976199096.0
1443541886881453317.5
1761435309810020428.5
1787132140343895456.0
1878925820733280722.0
1611037076199582655.0
1398729124369970853.0
1554906617338787535.0
1654808116180755765.5
1860074422541324365.0
1592774696493344804.5
1668856727982004565.0
1767870463127136028.0
1777275598025437069.5
1862844225081944617.5
1857782514494016391.0
1611046954931437741.0
1850557671449219840.0
1789265923813897220.0
1811211285865509303.0
1830402550042341546.5
1818094590532503003.5
1722065457697671382.5
1681183143826234003.5
1723405684130549255.0
1764199391653533047.5
1764685891242587059.5
1843243564039749952.5
1891305149422780205.5
1842228601851854731.5
1729008478274999443.5
1810293920330132459.0
1131362949932506362.5
1622673653724568468.5
1699358870236927669.0
1734073080681970405.0
1504975548818630932.0
1647010385671597374.0
1753642960829076764.0
1709955437662037889.5
1630247900241080482.0
1766894170605541617.0
1765695573060629445.0
1783135726605724223.0
1651902461533025934.0
1925659035683377329.5
1843245288711214720.0
1674629378093365662.0
1670839027656356665.5
1450635177163395512.0
1703967035909825672.0
1462236536528804524.5
1803176659445668469.0
1823334513235093660.0
1711386524006343725.0
1667634283905932015.5
1795356465769124746.0
1776006462647693044.5
1807280617122524892.0
1709005665685058275.0
1837191034797398274.5
1760033567685183190.5
1839874163960839094.0
1785607605491930568.0
1705163826152788727.5
1687414369988150422.0
1767549954142703172.0
1880696632968530508.0
1846165834343975388.0
1677952870140641446.5
1935527192951489282.0
1746995014387230748.0
1689206059578668134.5
1682718415547274990.0
1616847190709276649.0
1769953380442754892.0
1627947285428796895.5
1819097626913783504.0
1710605385843966070.5
1491052607001065609.0
1754167748615339896.0
1781637650821528538.0
1897586513387714235.0
1692211721337228024.0
1423648423906479875.0
1859639641815143008.0
1890922029215165543.0
1637050408457224633.0
1715556805312947448.0
1621800699258087673.0
1711261101696714554.0
1531091241554763543.5
1529195677626982357.0
1684488369104158626.0
1348790966171633519.0
1518557511294413887.5
1885270638187462388.0
1631731763691406707.0
1861794286393186426.5
1877908158325475682.0
1630731895465670734.0
1617055364166353940.0
1538791895727913187.0
1831182674199695416.5
1691606449262785671.0
1719660647749884574.5
1691555759880388573.5
1698095621612489240.0
1766711035209777251.0
1682930307785122345.0
1584154142665770794.0
1591136624967463915.0
1814335744113587304.0
1684196770194358635.0
1267122540022717233.0
1755072811145054858.0
1344076289813859178.0
1863216137729665441.0
1754158599733157762.0
1646083207502437893.0
1723959761356611582.5
1756214205441691276.0
1680420182110415347.5
1459203799652106778.5
1934781443941931043.5
1812275438666229983.0
1835536274620206015.5
1838951431254767237.0
1692415350767087438.0
1748984401461622234.5
1792202490911966778.5
1808873235190286603.5
1499544727912196725.5
1842685014551342218.0
1598167376299196908.0
1670747063236879431.0
1928522539875349602.0
1818294591868994088.5
1805459825768267420.5
1378533017465993109.0
1301942598822209970.5
1842438431919261189.0
1798572733972086090.0
1778994905084215376.5
1774693604391094857.0
1690073803587775244.0
1882435568406455404.0
1747725232827270578.0
1763910225454649328.0
1815147665490386909.5
1788778144169156985.0
1698309257001764788.5
1627437802059302863.5
1863338459023009072.5
1678352910712032168.0
1707845665316263602.5
1710369915773799030.0
1650268566596945262.0
1839691410810406667.0
1749474689768304083.0
1835804415588777686.5
1811621006323831584.0
1790938145374106593.5
1817269275974251901.5
1594984499644612263.0
1753589315243350848.0
1847014219657451501.5
1689127606577556252.0
1621632375324285065.0
1650469244981125675.5
1681099832155147379.0
1625755748050297314.5
1680576326673700587.0
1705190314872803572.0
1552609636736547455.0
1787279403265200053.0
1773020855715390624.0
1864919624716240229.0
1843144333067089898.0
1863598681038937766.5
1599436611218949754.0
1723674662851953855.0
1889947870774767964.0
1835732289167236851.0
1613905165306264972.5
1642303760477637767.5
1674304044130448947.0
1642689230902015518.5
1847960081337984459.0
1613116823488113433.0
1817955060953140309.5
1641369050679731819.0
1379762672282691455.0
1620234188049429904.0
1435513004238722492.0
1722300321014601828.0
1628826117497696543.0
1727831928523518840.0
1706611533272248345.0
1262985336359141733.0
1681437417035724238.5
1799469731977331597.5
1765276908941530350.0
1726919707644772925.0
1814073600251609136.0
1549810144584209304.0
1801779981847882416.0
1676706851410999479.5
1555967561655246407.5
1662182988714632335.0
791017267364638071.5
1825473476270033256.0
1896086760765909485.0
1831379627855733950.0
1572117510525310218.0
1662632625298348118.0
1703726912569920851.0
1694062056483555202.5
1674975724002505470.0
1663855682008342169.0
1637280903359275628.0
1790291660895308249.0
1633994817245181770.0
1820336071549893261.0
1705629856803455918.5
1847596474118261572.0
1557717864723180947.5
1417720320464219984.0
1672354780228810361.0
1861112149045333480.0
1562515501158511626.0
1777159376403126275.5
1852315643346760400.0
1879625704656463043.5
1853106395215241473.5
1859682789288073980.0
1648748199572432277.5
1669931135895958794.5
1824754618744468406.0
1608310689829291922.5
1850716044867791359.5
1723828508097327448.5
1549092254526882562.5
1625565852809146530.0
1835473473900854527.5
1761564426070349745.0
1833405607994015925.5
1637866511068934880.0
1777794220190722052.5
1725475232955658122.0
1719241953490904252.0
1736248849886572918.5
1844867672714295866.5
1511822807964384091.0
1720868114145809839.0
1841033043682443975.0
1805754919342956124.0
1737332127937235131.0
1776429330027900076.0
1807954536123246319.0
1710161085416394337.5
1596496386244080355.5
1681776264530088193.5
1566679111838008665.5
1600488394142160682.5
1756371708687941500.0
1907987545351587838.5
1664138439017811446.5
1712701549249060970.0
1793546657757199609.0
1633363301469849988.5
1762664051715763942.5
1214986904559846279.0
1668727955269770315.5
1814228771126003904.0
1424421883891393871.0
1629219338837083039.0
1777684737548120478.0
1651605268248055138.5
1479979322606375946.0
1742547359288386206.0
1734501505473151445.0
1700828814982990360.0
1619321254907961683.0
1833895679110447232.0
1893204623301434844.0
1752678508790035516.5
1480076371159425074.0
1825252091433283287.0
1645308586564627671.0
1659458473948269079.0
1818901875923625175.5
1878818168933471130.0
1779380592140948058.5
1768236875121170422.0
1830931529089833564.0
1533554123742087559.0
1840413657781085752.5
1643597193851080283.5
1715136234564933557.0
1741479739495532548.5
1684438427565122041.5
1835555363314594274.0
1896607973320641792.0
1815437210993817664.5
1799471333992028169.5
1713223862155584007.0
1695526863440827067.5
1629155362133694044.5
1847305939553261504.5
1810614086564780961.5
1810728480228608844.5
1880978694738392149.0
1485407225529783690.5
1811742917497738944.0
1572361971260561883.5
1657922501054759711.5
1846169956419000964.5
1729787612867886425.5
1780764199056669446.0
1810259758765276775.0
1956105868297148174.0
1692346549298000690.5
1725482520940131339.0
1834070052789869413.0
1523300789133898019.0
1753554479501822415.0
1665556790887886683.0
1844925395063320338.5
1799000366618346823.0
1824379779641001359.0
1751480427896241354.0
1801919784240255656.0
1730166524182482876.0
1840411380832058914.0
1705383919317897285.0
1657890614349759947.0
1535661579323436806.0
1619372220901117095.5
1849651349772418373.0
1855465975052051554.5
1747423223777024387.0
1854847643165942962.5
1629447861270793692.5
1436652893601973273.5
1876050883994609661.0
1724711030093963536.0
1494670395604299039.0
1760747576154336244.0
1886462874962827817.5
1908145888172037705.0
1802053036757185236.5
1795231256619007782.0
1337361917685235344.0
1728548569384892060.0
1654405414226374780.0
1466130821128372538.0
1807147332497593738.0
1717957453117610687.5
1705283713853753091.0
1781937530117065728.5
825470084861956222.5
1462942133022546692.5
1827154846720468890.0
1706450915439023869.5
1647439228497105168.5
1768725305268594543.0
1623838967179890716.0
894148715265357654.0
1936096203987557792.0
1751002579639698716.0
1726526495286060859.0
1841004028689430669.0
1849294335785109799.5
1791857966136972026.5
1757361234845783397.0
1294147628786557506.0
1753535130292629292.0
1844288454309005656.0
1681904097414687967.5
1813787501974913504.0
1529726628591901316.5
1720650751848821882.5
1766328332016531941.0
1403368925943376059.0
1650800871238981262.0
1577557756549407528.0
1866909318390920255.0
1865727973884789910.5
1516949557663613017.5
1816287814333639276.5
1566784587573130820.0
1782533286495536801.5
1667330046722650258.0
1662083815417110762.5
1540317995705094097.0
1839053031915369198.5
1850661905263527813.0
1634311106391477272.5
1716305959494175604.0
1755334129226127096.5
1578453024100680777.5
1835491869932657870.5
1698543926040888902.0
1288766856483624208.0
1571013149876361463.0
1839939437144453593.5
1651638600731691626.0
1591950523928118527.5
1856194070179189056.5
1782247477056116544.0
1729559412654379300.0
1715532090733080293.0
1757105965761577588.0
1388986419278334637.0
1634594906558561580.0
1796095619297370367.0
1740821270811572687.0
1452772891932568229.0
1829584193701711567.0
1677828610728104765.5
1693007500895496673.5
1635260809935725413.5
1721232233348466532.0
1814383803226820299.5
1778253114840652871.5
1626464418510559394.5
1768434894573259857.0
1796910786596112854.0
1784518095352128059.0
1845251963590957139.0
1709648761546372982.5
1635789875534257927.0
1654882121611508536.5
1713827010065068818.0
1728295967349261138.0
1803039948547587912.5
1820717167428791022.0
1935877988296815600.0
1850809926188978880.0
1642673586947267601.0
1819972337505620560.0
1749849497580678260.0
1591013022268264408.5
1704771170520713404.5
1749319828672912950.5
1798456847831054982.0
1678812990869525663.0
1848285499613378557.5
1705238427565835910.0
1648739252680455324.0
1533462457726069190.0
1767720247239599561.0
1605654002444580151.0
1795867451610055143.5
1824061616092743010.5
1480433403885049636.0
1634069475998618173.5
1783520268455813672.0
1807730930977819731.5
1570794430774182131.0
1723385056647517082.5
1682073985651842827.5
1877932694134204011.5
1880777502733927018.5
1451519424234199130.5
1712054254207705143.0
1838927102167945048.0
1703990298977328795.0
1822370538242991139.5
1745067133143617420.0
1627844939469842561.5
1851709926609581649.0
1869094034168894962.5
1705654937870674619.5
1785104517590796931.0
1556754893960700854.0
1473932422767825158.5
1635153935053810365.0
1672846373538708082.0
1819820592830861100.0
1355289268330433987.0
1544693761907850277.0
1835065770801210329.5
1720389589313835957.5
1876731796124794752.0
1951573940142348240.5
1815966391862491251.0
1711209500397153824.0
1618481876942564446.0
1568733879127863522.5
1705312932720492910.0
1766101743672416842.5
1546569156510528075.5
1906889994126506703.0
1558838602407269700.0
1829984381855468292.0
1701389324068785852.0
1362498368372546273.0
1815438222524752197.0
1723271195116974733.5
1770345680327275060.0
1760484571474069358.0
1768891128215426939.0
1574251019108231374.0
1143232322939568256.0
1808697601272081100.0
1732601717230829566.5
1763866797185234914.0
1724124574250782241.5
1617273388299391402.0
1727937893649198359.5
1691510141127283645.0
1844515405569373240.0
1584378234526200723.5
1713986110967809896.0
1706961279616341813.0
1684911321397324020.0
1172305201010258669.5
1768247920369244413.5
1825304297466864133.0
1584174169595727862.0
1765214013134752978.5
1795907270152979951.5
1704935254389376346.0
1788520163298954187.0
1797977114013880677.5
1904599210690802608.0
1584598514349436310.0
1837224552606805169.5
1748745763809881680.0
1214418684224658273.5
1539815874188888574.0
1833069561558713438.0
1599545492703961027.5
1801865650351765458.0
1588141647386172211.5
1924869813095544944.0
1617651192908530604.5
1682068193050367698.0
1789015837543502876.5
1716563363776525390.5
1784195434121964712.0
1634945254895383909.0
1711166486260788848.0
1807609484720499692.5
1681858037124961674.0
1658335596173144587.5
1458211119839955339.0
1763647121757632600.0
1772328794432661826.0
1589882834015682588.0
1784644451381569261.0
1946885391035644172.0
1774863189930909804.0
1778157532594217384.0
1657171152717942940.5
958587820372766309.0
1891944074592987011.0
1737197940223819407.0
1802513899667451438.0
1818361435934290482.5
1706341003728562080.0
1774633223741849349.0
1533473287345944864.0
1706487467546727628.0
1797537066237562400.0
1844755047953964259.5
1561934791969293152.5
1798901105684073765.5
1606987855382161734.5
1866137113243108457.5
1751594734508669000.0
1748799075985458458.0
1859310792828460813.0
1877849794008862990.0
1676336744560939635.5
1837908299997106110.0
1845364706807840373.5
1350249551782914286.0
1061266831053172027.5
1720404764606141852.0
1766831064914212759.0
1632285357163302712.0
1794585431272219300.0
1660917060176503941.0
1571732536766830566.0
1742114041548319438.0
1444201914438532306.5
1887465972567541140.0
1843628363950472172.5
1782052095676961289.5
1670881322979985379.5
1368939696075310326.5
1408443315268402338.0
1641883420163248382.5
1723373766664399108.0
1724309030572569747.0
1851893801202490307.5
1699590557226726223.5
1782954383135070827.5
1790226281526612010.0
1749367394310802200.0
1876653330595022710.0
1568972774658252495.5
1887624813359371698.0
1686693529296760844.0
1625282495488596560.5
1803714472689401147.0
1859924900794074801.0
1460597687639742730.0
1830280763070870916.0
1619924736517850388.0
1859084388482978079.0
1585889559617372400.0
1687860245931677517.5
1710173426344239531.0
1758051549920075181.0
1800937187630358524.5
1275519759885702492.0
1732028706758857315.0
1773803988283193049.0
1810382423360879242.5
1698366203868593492.0
1742013337398051025.0
1590170187155784177.0
1762911391287315472.0
1675499179471306022.0
1463891119541018054.0
1734419256296046913.0
1802416622911500620.0
1468318359954960869.5
1918310887740323339.0
943466068120676984.0
1565888040715995555.0
1529090115325308134.0
1833792515235601911.0
1627886556250930905.0
1482742553020163986.0
1660395199504594251.0
819849962253650186.0
1802726568334382510.0
1778450688481155611.0
1632104038847462037.0
1766855701967539789.0
1759929571202831301.5
1722954957531840708.0
1524054417636781460.5
1781738253985043653.5
1734412719605649077.5
1854575630640691177.0
1658039173760309278.0
1751745350939518699.5
1701630221774321727.5
1764744988324306575.0
1273581611578893086.0
1843149610537076742.0
1674048856510199260.0
1704529853341597982.0
1677447475678145134.0
1726060532533832009.5
1810754235494436893.5
1576936644094524055.0
1744930953265504566.0
1268915627942962598.0
1709881398166468873.5
1751019429840942519.0
1680200968151571324.0
1563251407697590941.0
1541530918830619185.0
1705812709472541060.0
1793037868720823229.0
1100630823772765175.0
1819159216125631456.0
1638791599051733201.5
1701622943041609747.0
1784139465328932466.5
1711666867855278127.0
1480865410773243309.0
1565040952545079994.0
1759730171140918118.0
1729607908115165346.0
1827892147620433915.5
1783663756056660400.0
1577024974264903538.0
1541209064327146496.5
1763942175196769509.5
1815861702889586378.0
1609841814301305213.0
1695324287641509354.0
1508749072655673262.5
1864080906200223105.0
1799438970286448801.5
1909408485804851677.5
1773226934587516252.0
1741254567679155311.5
1750665049801100664.0
1829247564417822562.5
1834535477193738657.0
1586987224712723982.0
1232516132249293531.0
1776006328120793679.5
1822083559847536961.0
1774704025751578080.0
1571298697552216493.0
1795294316341368882.0
1671069319294023816.0
1606096919436599602.5
1549991177182804132.5
1735917460755121901.0
1539822185099020823.5
1708317398531180801.0
1869795768595948127.5
1405666618660491202.0
1809432815774780314.0
1897362373483667206.5
1532896606017547285.0
1626979436629958376.0
1724118159694685965.0
1486314289742974011.0
1765528406830899712.5
1495846832991361892.5
1865892081738606412.0
1836648055926423332.0
1698269660777403420.5
1784415852275556807.0
1823192413586340120.5
1656429956766157540.0
1769458020774961737.0
1712621086883634247.5
1863001744917976560.0
1517275514754558314.5
1800740246984470884.5
1294533179657238403.0
1785782257420438818.5
1742664907495650147.5
1770961510019239399.0
1781265404712098299.0
1743496830688496323.5
1813805485867551484.5
1552542277692035713.5
1693412692598419922.0
1820412606309810726.0
1843024550547875542.0
1544300822128800432.0
1596298302651049032.0
1622659735470325046.5
1810102516957774777.5
1545966634313404522.0
1495797289342143730.0
1681948904695111802.0
1544197623819178752.5
1788641343050748865.5
1755119830091113545.5
1820469132253390735.0
1772496920962554751.0
1411153524534067506.0
1604346854911670995.5
1714718563275018093.0
1486327828700328260.5
1559312183501780653.0
1825178074293725840.0
1865542835778617046.0
1796594813194192419.5
1825278462118898906.0
1771978910376263440.5
1844537253174119531.0
1827768890311388548.5
1761817616882725034.5
1591762786192702299.0
1699889126578224813.0
1748439687956925384.0
1735154798344994331.0
1805972597692903305.0
1588968813412992454.5
1750020198728696988.5
1805073499849336428.5
1685328893436254602.5
1234652705018323345.5
1691846840965472263.5
1881211773343282291.0
1813845525188315900.0
1587833454783591712.5
1312948596075435687.5
1704239371956332227.5
1560822433846665522.0
1467256206940941816.0
1571610404935426190.0
1722637119452428473.0
1799565671121272398.5
1686554594157984355.0
1800592140958543495.0
1820862423096572003.5
1797428744481950930.0
1805979281741852596.5
1627737314862038466.5
1845868388770929061.0
1669073593270782540.0
1468594952657100734.0
1796320478981043492.5
1775661900448047246.0
1728278645668006365.5
1750939958757817194.0
1815704794817877130.0
1750065340956121807.0
1790285364815721298.0
1895561897745337529.0
1706468999987190281.5
1709825546498378362.5
1126348524297654472.0
1766595370357022786.5
1853134525844821252.5
1819186234938506471.5
1683527764431952492.5
1895243061449896728.0
1736269387590960883.5
1866482677317903781.0
1399144651318787482.0
1687141203576222333.5
1679639402570195116.5
1718083883805482445.5
1744741180010101120.5
1240190284122862057.0
1815771720323979326.5
1767108956216646165.0
1689305985715012305.0
1876162116799896769.0
1829514481982171057.5
1748681306077610060.0
1717607532431495632.5
1807379788952609037.5
1795610509398522960.5
1737539118170662954.0
1351907564020821540.0
1688488656109928029.0
1688652370291617634.0
1536928556879088005.0
1581664024875161047.0
1690593827924525494.5
1737147034857516760.5
1703345333363327545.5
1756478698386067962.5
1871403529891806160.5
1726220391753477105.5
1814836889407537510.0
1723224321725043180.0
1625319411003030825.0
1848288146289705147.0
1800375914118334580.0
1821814009587110657.0
1761071919608409614.0
1721739152749295456.5
1624461709401108846.0
1521511177155732350.5
1865911636825727978.0
1893760287107533230.5
1625324232952956196.0
1739622695957422536.5
1778053158847784620.0
1639637616743292465.0
1638276665688152945.5
1732307219633685988.0
1540128440291372225.0
1772185305165905476.5
1577473273159147284.0
1804785349606105170.5
1476944495539591875.0
1736740053501177120.0
1759007621810179786.0
1635247713178512959.5
1762672680633261045.5
1770783276761288238.5
1769382453688243970.5
1555932240706322265.0
1245816956759416961.0
1907561039493176483.0
1549550892149735243.0
1680002311237893760.0
1456594803655245371.5
1719653047058049221.0
1616383585678646847.5
1823647680787327505.0
1794201255559755256.0
1482424547056218907.0
1704468442056220860.0
1735305474608365346.0
1704791146531367958.0
1212446797711645647.5
1504456906312753501.0
1817463234527809876.5
1736764406667196271.0
1633478034284135606.5
1709632669965261702.0
1608071167623479012.5
1844342547757519701.0
1535460861667478191.5
1578535233519102967.0
1809898447253622069.0
1657662859492316416.5
1888949978008697304.0
1741390731910276175.0
1644966560865841288.0
1718358794206664860.5
1384368593065578344.0
1709220820803376867.5
1756066953876027562.5
1929274395345896717.5
1278010043850803882.0
1791666014937019465.0
1812325783920889244.0
1786650365558213532.5
1282759204189174789.0
1780529328769181104.0
1739886660582594930.5
841066772207457002.5
1753674174767769220.0
1749404638350271174.5
1745080218484871435.0
1885897296291384168.0
1691113251185590875.0
1953371832308631542.0
1722730079357735867.0
1325210221738929173.5
1700403389348452952.0
1709854957254449631.0
1831279482670807738.0
1773217752313358712.0
1600276041883782574.5
1830213089177406899.0
1451855548168280925.5
1725880987394024137.5
1609335788513011896.0
1632620769754749944.5
1874023435150836670.5
899356421375875676.5
1866681653728009732.5
1759317724053557758.5
1887991522632561653.0
1793818417562855516.0
1826986153237898014.0
1818862133547659676.0
1738746118196204379.5
1802458505115479182.0
1916232943873700275.0
1702286393765602420.0
1306862738617643990.5
1780359425769026800.0
1844118244881356702.0
1408154509648969489.5
1686380618674493140.5
1787593638811863220.0
1419800544828932976.0
1644863754458224452.0
1654304150124555496.0
1728737631020426556.0
1783812471953343955.5
1848724086913064970.0
1736431191776530342.0
1823047023874869283.5
1630304892495642622.5
1683872145036364454.0
1516058899621335424.5
1872670703436069576.0
1837946601156273948.0
1742708048068050220.0
1658589276548498804.0
1692892006338929547.5
1463927915503319230.0
1645663414384333506.5
1775100643777510576.0
1581002730805043227.0
1828554057246612544.0
1809761235945501903.0
1686807781887027419.0
1713543118569631918.5
1717396469102196990.5
1691434829061543514.5
1832596966999610054.5
1734738231971909486.5
1720816250554882091.5
1691167930588106018.0
1661791492489034419.5
1546785962799133810.0
1700097051513697043.0
1782537086997279123.5
1511443981484689049.0
1494870512062738979.5
1699805389024297514.5
1843433660253299522.5
