8226706
2168957
6205880
6838772
4411427
8776128
998805
2719515
8547631
3512919
6483979
3741692
2321661
4828598
308219
3703292
4327535
1613922
4540083
132585
5287308
7875716
4886070
6404655
7965270
2834254
2092515
5367073
842406
5372138
8528605
3271942
2701295
6966899
5931594
2826130
3820834
951859
740892
7016360
4885916
2009106
2694113
2135986
1932239
4677494
441921
9034514
4663305
1616145
3338429
8765708
5590192
8455792
8466265
1200046
8573597
258338
2255127
1594203
1371571
8684212
8437457
5505801
7678265
5257873
1187237
1999893
7598696
2153424
2971055
7452544
5511068
4116291
2041535
2958095
8548146
8469054
567839
2393502
6583379
7798481
1839204
2987771
3149848
764858
8456102
3756832
3433591
5908149
3067213
2591869
9098034
2218167
3517409
1656154
5534510
5350842
3824011
