3021814
4472679
4644276
8563823
8450621
6137788
8119641
8504241
10277490
3218270
3369669
2336662
2482437
9156005
4059447
3218270
9898534
4139762
3880165
4705414
2169565
2986384
3861827
3409427
3633664
2317992
7837893
8999893
3756256
9024033
6212713
5411415
4965381
2638976
8398213
2336662
4472679
9156005
2892010
3006108
4867632
2033788
5292123
9423228
7234908
10017458
4781896
4969057
7701375
7883217
4072887
4715505
4197217
3234712
5155279
4746738
4438173
7261314
2613042
2524813
1963231
8761781
5133001
2488581
5517667
4048330
8417860
4661342
3222978
4830741
7384805
2451094
9691040
7245533
6007781
8036321
5973952
1963231
9064686
2994410
5810867
4479460
4340370
5433502
10197781
4158438
6796193
4856510
7906106
2730274
2436900
8098158
9535140
4108241
6428567
9187045
8140664
7773131
3951496
10278054
6828317
3703402
4480816
3902982
5207607
7238327
4342689
7896251
5705048
3584998
2166559
8958523
7887939
8000613
9778517
9475420
3081341
6317825
7122356
5327800
2649593
8038512
9605184
5510977
4245862
4059210
5761487
5288175
7200221
9985719
9417379
4366548
9115868
5419588
1876128
3218270
8789443
5069400
7371628
8795211
8543119
8598392
5506301
3310368
3630710
9336397
2240380
2560353
8426753
4340370
7985899
9417720
7905100
4349086
9767480
3703691
876269
7993055
7884048
6332153
6075954
4285109
4975370
4955065
3218270
9328465
10061209
3084062
6569283
3918973
2656226
3218270
3697822
2169622
3218270
3218270
3218270
7295645
5349358
5455462
3140574
6381855
3684189
9367812
10219779
9172913
4174610
1994678
6183575
3121176
2704552
6939720
8479745
6315860
7168582
8689867
9638350
2585627
7928494
2996540
8563823
2206151
5416932
2642588
9287657
2312631
4133718
8739420
4632176
3218270
4369153
2638976
4469217
7111292
3611367
3064574
4340370
4844927
7824771
3222081
9104958
3660694
5810867
9441398
7366812
4953219
10215210
2125663
3695566
10350889
4615225
9791473
3167244
1963231
5769340
4388043
2099779
4875567
6837289
2664236
6344981
8775178
5954460
6933337
7403776
7987025
2240380
4348654
5704900
5262726
6349111
8397962
8512340
8339421
8059198
4752337
8289703
3218270
9083228
2574313
8918853
2654557
6212934
2606792
3726763
9466764
9244796
3075428
7599012
1304102
8028023
5881765
5813845
4532906
8442127
9393044
4550124
7489215
7023753
3812395
2528849
5364972
1135913
8651262
2300807
5802987
4853742
8757244
10002958
5968216
2206151
3011245
5393071
4949527
9360929
4083326
3935816
1836183
6671666
7632467
2539048
5810867
6231624
6988378
3813146
8666445
3218270
9804977
3227840
9055847
7061520
6174797
5165387
2477283
2271575
10307299
8250719
3511418
6784674
6632064
6639186
2411030
9018815
3399303
5722349
8831805
8928222
5560547
6351103
2532720
3218270
6636341
4517789
7360389
4477646
1963231
10133308
9109384
5811176
2125663
9884182
4201740
6185771
2166178
4509693
4325804
7021120
8471668
5684776
3195060
5422717
2177298
9184803
9186328
8599981
7110794
2177298
3218270
9316268
7150074
7329928
8678302
2336662
8974014
6809334
4729757
4000345
2491030
5790279
5301783
3398302
4355797
5127781
7269043
5887053
6729333
4152609
6713824
3218270
2638976
5422717
9789370
7559734
6285532
5883895
8141614
3726763
9922998
3295728
1822897
5357693
7567323
4180905
5398318
8781934
8343550
9730497
6215644
1380387
7231584
2146589
3771016
7980417
6361216
7137790
8275346
4368035
8408269
5212460
9965653
3218270
2690294
7591158
4197217
7102311
3218270
4737262
4500149
5363206
3218270
5849522
2457140
6720409
4903314
6839869
2336662
7044329
7675205
3926828
5230659
3475746
2559966
5968501
4300694
5204035
4405704
1846644
7235989
3218270
2585627
5357775
9486409
7744060
2764152
4853742
5719351
4834036
3218270
7231508
3927952
3425690
4644832
10071093
8827118
3218270
5224427
5675659
8331679
3208608
3218270
7860518
6231174
6806972
4699227
3218270
10323067
6370988
5810867
7352445
5322653
8343550
5367114
7890369
5776796
7084350
2628005
9127559
3218270
1963231
8720328
9168743
6564868
7665193
5239528
3218270
10111511
7792010
8879970
5863944
7817667
7001511
8144034
3639903
4461516
9754999
8418759
9398310
9424482
4962190
7991852
2706967
2348164
6771278
9432406
7424497
4853742
9948509
3809218
1830971
4160352
5810867
4021390
1963231
2833302
2228412
7211237
8927943
3587598
9374307
6307671
5215929
3218270
9290289
4612576
2206151
5515059
8679042
5071712
5807451
3804160
3218270
3756256
5467463
6571109
9516947
6034121
7530519
3555936
2551562
4517789
2177298
9048221
2647659
3193621
3384603
4370863
9471353
8464304
8543026
7935365
4244215
5153943
3542815
4466806
5810867
3645009
4824330
7188640
6286085
4962591
8736595
4273200
4975214
4612989
7725500
7756187
6104913
4277280
8570232
8709635
6987960
2206606
2132112
5575192
6316759
6979697
9156005
8248844
3069906
3208012
7177509
8066715
7059819
7772791
2638976
5989526
8912146
4800908
9830429
8023495
1963231
4384802
7775475
9269691
3218270
4233652
7832942
2095487
3084062
3218270
7922218
7710156
4740853
2964690
4040233
3414098
5235576
5217321
3218270
3547178
8756663
7468616
4511620
1631904
2206151
3983614
5922263
3218270
6297311
8539015
6105718
7932931
8580806
7955254
4313742
6241548
5828916
6679631
6356354
8101091
8271445
2125663
3947452
4035708
6682745
5596099
3987263
4943920
5146810
4774184
2723651
6140525
3436497
2348245
3218270
2361726
6697926
5425399
2955074
2240380
4968577
7794190
10074777
8343550
10082493
4156130
6737726
5007191
2238032
6892964
6742139
8080160
3049431
4838034
8111095
9767248
4898674
9977435
4517789
4865681
4816428
5658356
2125663
9550143
3543001
2493817
3107046
5445911
1963231
5810867
5305442
2585627
5274397
10286275
6683877
3218270
3688423
4314361
9992212
7223287
7587123
3218270
5457243
4328225
3661359
3934083
7932637
3657848
5481236
5362617
4777605
9468239
8308982
3218270
2336662
4632176
3218270
3429891
5847003
8978923
8484972
8399866
5701844
4391350
7359514
4401459
5543240
2177298
3218270
4517789
7498265
3599854
4532906
4009908
6947752
9458185
4766799
3587872
1963231
3551596
2206151
8236220
2042305
2441197
6028274
7830407
9670018
2240380
3218270
4787434
2917676
9054155
4532906
2206151
6814094
2751401
5810867
6841634
4541946
9628148
3205301
5298858
9805602
8078022
1963231
10223182
3551711
1963231
8783954
8001703
5422717
4740853
7122658
7695064
4340370
2810593
6316301
10062480
2585627
5854932
6484966
1223769
4170908
4632176
2587458
5576706
9208155
9450599
7560063
5883799
6791962
7107427
5127885
3966775
8846671
6571749
4841149
4313932
2656232
2336662
2185561
4871984
7890424
8960959
9789634
9090292
2882601
1539265
3755223
9156607
9218819
7666939
8862564
3726763
8987542
4632176
10207973
8733335
3487070
1599056
5338262
2107567
5520326
8002181
5990853
8205225
3525635
5133578
8918852
5941617
4065255
5215919
6950310
4109745
5733004
5810867
5952143
8360012
5810867
2220866
6065827
4997525
9975945
9251660
4797171
2982598
3218270
7758511
3751562
5122710
2624685
8108749
8035278
4619098
9562268
3551055
7977253
6208552
2831103
3469827
5494931
3376286
7863426
5846685
4632176
8906628
2966174
3218270
4759764
3218270
6904941
8626475
3218270
8171413
5581853
4236422
4340370
9974711
2612612
2669512
6013535
2527417
8675557
8228544
8628962
4472717
2177298
2424464
5570009
2240380
9618157
3218270
7514394
3031425
2348245
2829889
4220166
5131681
3208608
3218270
4655866
4483484
2735091
7478474
3741468
1960227
9891541
9928698
4472679
5909106
8481977
5222330
10023436
9504579
7468038
5078003
7614600
7372778
7968007
5690568
8511108
3311524
7234613
4162285
7420830
4728552
4285781
6213643
3278788
9156005
5693966
7950559
6134108
2296919
2807699
3218270
3872697
5565290
2336662
10065316
4050781
8731249
2611754
7964350
6799046
9176253
4104096
5866439
4517789
8259683
3136916
4620995
9577068
10271029
2868319
7705328
7504330
1916083
3083047
4002189
3086080
8604853
5999271
6225497
4472679
4721871
3827713
5636491
2336662
5608305
8189437
5810867
6925116
2348245
5422717
1963231
7494866
5907622
6525120
8218627
3218270
8683181
6388255
7678167
9785452
3473483
2638976
6392930
3218270
4004703
3218270
3863215
4960504
7846631
6121854
5130545
5380642
5764982
4340370
4305473
5810867
4560685
9049471
4632176
10355230
4674301
2007091
7383729
3186339
5096694
6745211
7490823
6518312
3481726
3236206
2585627
7578002
8711268
3433692
7329146
9960994
8047609
5589450
1963231
3208608
3110733
5533812
9781430
8974965
5637811
4472679
4533803
5633971
4997516
3011717
4050867
10008657
2507760
9022394
6654288
2722323
2348245
5253170
6471139
7231927
3756256
3382902
4818498
2594492
8940718
5039314
9898575
3841110
2397785
7230194
4326929
1916083
4407065
2916473
3170036
6980159
3408787
3524774
2905396
8816713
3424842
2348245
5893657
1496798
3823835
4428499
7998457
3802050
3143233
3218270
4632176
7141306
7584189
3272860
9647335
5810867
6915158
7013526
3322832
3130385
7302402
2199860
4197217
2513781
1836183
9095470
8298874
5680630
2276420
7376690
7453899
9691952
9302986
8165770
8364668
3218270
2704018
6182538
3326897
6562794
8835428
5732732
8171179
2016618
7333753
2154359
3218270
2336662
6148961
6672118
6563437
8150280
10257523
5282806
3218270
2133969
5376651
5810867
5244435
4637804
3955070
4028316
1370357
4458236
6778135
8504783
5715908
9599153
1963231
3218270
5962666
9378912
4160285
8343550
4632176
2393794
7734395
2079371
4196810
5422717
7088364
9663038
6579493
2251008
7592240
3218270
3236247
10149647
6609618
4341021
3218270
6595124
8714568
3671353
2684108
2348245
5699184
6840391
5152870
9528659
4344307
7911779
6166895
9722369
6150938
4472679
2274033
8746028
9883049
3218270
7548138
5884538
5396394
2052870
9555602
4365473
6121886
1658636
6157464
3490869
6057226
4032098
4284416
4768489
8557502
4517789
2240380
9883445
3096654
9413134
2364076
5553005
3864788
8798580
2107567
7617221
7129404
7267448
2984274
6589941
3218270
9114159
5810867
2875840
4340370
6469465
5163162
2571499
9316904
6469401
4964504
7458403
3726763
2954645
5939619
5979595
9164468
2338297
8032752
2071186
4859692
6374838
6716902
4037270
6386464
5890605
5366540
4515373
5561646
9028624
6420798
5647560
8557562
10131937
4674602
5384180
3218270
3755959
7002796
1358943
3291051
1963231
2874101
5810867
7233970
5723453
2655956
3756454
7871328
4069798
2084188
2336662
1054002
4740853
4299842
4766049
10001451
6526080
5700759
3218270
8725368
6302787
2226465
2107567
5851979
7938506
4529907
3603341
6040521
4963018
9104294
7375359
3753625
1227439
2512715
10100318
6970279
9736838
2638976
3748014
2638976
4124630
2288687
7709026
3690040
5037040
6225648
7658189
10123658
3661509
3031637
3218270
2831103
10013949
10315478
5810867
4510401
1447815
3168895
5531349
7664976
8474863
7787908
6610503
2768314
6202517
6889703
3386626
1587533
8583790
6870932
2153500
8412786
3457015
7833885
6387094
4788739
6769414
7525007
4129930
4927053
6509764
9216685
6266568
2278981
8307266
6131485
5830147
3163287
4632176
2435690
7327764
5641125
2406053
3218270
9981870
1963231
5412458
4268000
2348245
3790523
8442835
1099762
4191824
7598417
2159092
2486823
5455122
7952859
4740853
4225819
6759248
6554610
2107567
6088873
3232402
6626001
4632176
5673010
1856518
6053198
4056815
1836183
4242941
6459709
3532853
6038444
3744146
9442473
6852236
7349211
2854513
2107567
7292804
9850288
1836183
8851894
4811946
2240380
9308991
2509961
9142051
3166939
2515471
2348245
9366897
3835418
6229266
4517789
3338317
4120111
7001107
6784381
9829415
7550796
4278196
10222288
1962633
7478474
5786584
7681007
2479844
7678041
4014657
3323987
2983371
5932796
2570924
7311077
1907446
6806452
3396244
5984058
5187817
6452324
2204296
10212674
4770264
5578730
3896280
7718222
3218270
7278900
9157833
8453717
4440516
4285290
3693156
3664124
4475146
10242433
1161700
7282217
1791894
4128568
10104549
4560636
9503365
3218270
9853988
2638976
7955136
3380025
3756093
6812613
3100981
9490937
9578767
7426672
4104595
2826668
6114130
3772932
5977400
6424157
4366221
1889711
8794169
8979096
3298051
8310097
3218270
8071357
6223955
4444726
6007384
6397589
10041523
8348978
2177298
3629289
4428312
8565783
9539715
2587458
5391164
6734158
1706245
8509610
3218270
5156902
6666600
3722182
8405474
7345507
3636615
2685775
7225403
4085993
5998124
2156367
6494090
3238315
5139496
2638976
4701942
6267949
9295303
9861716
3035997
8028216
2125663
5745819
8332688
3493966
5035674
6366194
6095916
3218270
5820837
9629735
6707176
9144103
403520
1846644
1771076
2597459
9842488
2133363
6729536
6231815
7420770
5061168
3370268
3152048
4917151
3455392
6651737
3641939
5156153
5294829
5810867
1649367
3365974
4289584
3218270
2113647
7752495
3195256
6036680
4800456
2412766
2949221
8576280
7398677
1724909
9606753
3218270
3218270
3173998
8595135
5810867
6067198
4709532
7469358
7662171
7008843
7495072
3218270
3377252
1875646
3036123
1836183
3312618
5530449
9920684
7209570
5424267
9775386
6847377
3348168
2410892
7723808
4532906
9943064
4336417
6563300
4569089
7147279
10295746
7292295
3331498
3759168
5269348
2585627
5230468
2258725
2336662
9417578
3289109
3957474
5271665
4284196
9003287
7335139
5874772
3218270
2348245
7816921
3218270
9117475
1963231
3218270
2240380
4632176
3595258
9661976
6625502
4257144
3218270
1878987
3103675
2659403
4632176
9868237
2638976
6685084
7620530
2240380
4427776
4055172
4160823
4197217
9913870
7836573
3251775
1938376
7821724
6380684
3685373
8227213
5209385
9430023
7752403
8689588
7276144
9368468
5844883
5888838
5483301
9654975
1471388
6328890
7456049
8094788
4409671
2574684
7440511
9746144
3218270
6374272
2061909
8770385
4352144
4203853
5290445
4690064
6599763
7285963
3693156
8246945
6651650
6192266
5630197
2174638
10102765
4106303
4515866
6160259
7373140
9475560
4750243
7458173
4729859
9156005
8404583
8173995
2017040
2638976
10041148
9593120
3777138
7310263
1960227
3218270
5224607
2691957
9121998
9987909
9628222
1891375
4197217
3218270
2415542
9552952
3704078
6002752
6659575
4980625
4757854
2230021
3552003
6977316
8899778
10250604
8827925
7768287
7013507
4197217
2429755
3218270
6153677
7752793
9156005
6642944
5623534
9436279
7601462
4496346
4654929
7478887
9632546
3477109
6585196
6918923
4296363
5465247
2054772
8232131
3373869
3990478
4856440
3218270
5816391
6167032
1836183
10076209
6404320
2125663
4285326
3218270
5476439
5376947
8088400
5140166
5582453
4581761
3880446
3502552
8774932
6916083
2208624
4846175
4697151
4495103
2336662
2764908
6963774
7658596
2638976
5894713
6818793
8518682
10013827
2833486
8172894
9500322
1963231
7220128
5422717
4340370
7964369
1963231
3354843
8372385
5122030
8971813
3108083
7575140
4830738
2423539
4382942
10007445
6892538
2726887
2089998
977675
7732534
9079595
7592853
4720307
5261564
5331588
8425707
3012404
7033858
8395681
9958918
9462057
6916231
2240380
3211606
5173418
7496263
8527982
9102306
4788779
9156005
9535918
3208608
3346743
2336662
8731729
2107567
6402457
3448848
4940726
10167585
7964628
2811210
2408785
8636223
7935152
7795876
2246519
10196618
1963231
8648577
8833964
4018877
6767304
4671808
6439278
5251104
3234925
6052801
3218270
8310507
7501992
7815645
3959491
4581275
3891217
6495086
7810233
4740853
6594904
3811769
4076670
3354628
8908045
8838326
8407332
4621347
6479737
9265234
3971884
6451571
10045227
10278319
2638976
7037253
5318696
2670010
8290560
2529821
2316272
9090296
7503350
7770046
7340060
8343550
5810867
6537175
2895176
5673375
3218270
7490696
3218270
10209293
2265296
2107567
4456449
2302212
3218270
6844756
4520463
9156005
1969961
837213
3632311
7429900
6551991
4632176
3022505
2107567
4805551
5176735
4807612
3726763
1963231
4491326
4669111
4616638
7832942
6518646
7245290
3557976
2814266
6657321
6207302
5312321
8642255
7357747
10015278
3178076
7264491
5634270
1351216
5810867
2579182
5875010
8394673
9305397
7301292
3795965
5965190
4253109
8951514
5422309
6886333
7810567
4650842
5650959
8299528
4372158
3342536
9006301
7809219
7598660
6118838
3973439
9797337
4446445
7864198
4590745
9496939
4843238
2306857
9863119
6912194
6932794
2518372
1577334
5411339
6645300
8099640
5815140
5969261
8378524
9041129
6656482
2724490
4301410
2336662
2107567
10287592
2638976
2117011
9050866
2897309
6647458
6535592
1405532
3218270
4509136
9551112
7510868
1819220
9451293
10120530
7867130
4884190
2034700
4284180
8092697
8192627
6191418
10013827
3218270
5422717
2567940
8343550
5506102
3049415
4532906
5439741
4517789
2724100
2125663
2987444
5588431
7714801
7239949
4018019
7781699
8104582
4923395
3726763
4176668
8343550
4043904
4362517
7778138
10174181
8835334
4163147
2336662
7176291
4606253
5890526
2936914
9936860
1963231
3544908
3632314
5603562
4517789
9158906
8096743
7842548
5162274
1953108
8171508
9280609
2336662
4459683
3116616
4044045
1774861
2437376
1518193
9209719
4701093
8095479
4200322
1301255
4166460
9618022
8533196
7302524
4632176
6813922
8396995
8300556
2125663
5088639
2853218
9548904
2638976
4046287
3683249
4472679
10013827
4321689
8134391
6148308
2487279
4325248
8361497
8513996
4003786
2562492
3164188
9967594
7136791
4310119
5295747
7752987
9973490
4161079
7461866
8119849
7617979
5109799
4827368
6679855
4874177
2876642
6518894
7153282
8301536
5678855
2426685
7167976
5507893
8417990
5124992
6358694
6925349
5610415
1698407
3994653
3686753
9125870
4226515
3218270
2587366
4719142
2929494
6912332
3959913
6768170
3236621
2348245
3726763
9887206
4235985
7059010
7163713
8755776
4459731
1941338
5127259
4503170
8824064
2244829
4425097
2411569
6407326
1963231
3218270
2423139
9576473
5810867
9938724
2829312
2091596
6976753
9218819
4651683
432407
3218270
6017081
3454839
3218270
9523534
8454117
9156005
2616193
7004670
9297705
6290643
10221139
6332033
6429026
6858829
7660042
5114894
5209170
2585627
2152056
6349550
5810867
3218270
5443834
6067198
9371808
5599310
3069434
7246780
6468743
5192165
2970686
9598300
2930588
7454398
4070822
3218270
2710201
2702727
6801324
7995429
5769319
9198811
7928086
3482281
4652572
7566865
5810867
2847661
4473950
6809909
8251514
1846644
4659491
2994193
4471486
5296996
9067880
3235531
6327134
5612811
2027948
5202442
2788973
9051540
5327488
6418841
9414859
5910236
3978156
9622832
9696865
4839583
1963231
3218270
3975532
5717627
3643631
6382749
3218270
7996836
3157399
2348245
5101509
7430796
9066276
3218270
6716263
8056129
6008130
8323562
4475146
2874832
8847950
5749104
2872179
8883324
9757610
5557027
5810867
2494061
9779220
8789697
9056441
2881036
9880923
6168898
3896621
6006423
4135875
6990066
5043297
10100564
8214103
2336662
1477837
4529302
3026898
9038652
4625144
3059479
6237829
7997821
8274744
7051024
7892171
5810867
3218270
2630196
3218270
6221720
6246834
4298642
3084062
10251437
6039570
2104195
4160446
3167302
4668527
4852868
1963231
7406727
2717766
3104101
7312175
5245611
4197217
2053168
6719842
9156005
2240380
5810867
3950137
2125663
7942878
2832354
7151411
9493845
2923929
3218270
5294012
3097077
5301308
4340370
10202293
1518016
9194569
2177298
8386488
9546322
5653623
9990213
4225678
2879849
3218270
4884196
6768348
1128340
6907329
7367358
3906534
7459324
2336662
5736121
2293356
9255702
3692841
4802384
2527154
5316361
2785122
5412316
2416813
9246830
6179967
3893540
3218270
4979029
8818805
7565988
3218270
2957104
4185855
4831440
2389860
6783456
4564418
5262651
2240380
7259977
8123560
4358360
4879482
9903262
8986004
4997492
3158973
9355280
7832942
2336662
6802395
5679071
9054155
3048391
9744099
4923974
4045708
3365719
7766387
9205906
2348245
5461737
3910980
6493553
8973979
2595681
8111648
6336426
4853742
3592974
8343550
7034439
3752452
5304798
6079754
8229624
6716636
8120009
6406744
8665288
2348245
5542620
2206151
3218270
8669174
9509796
4040072
3218270
4789074
5582503
3994330
6141467
8947355
3551958
3218270
4507161
10215684
2336662
6578349
5720148
3121101
6908197
10060917
9633112
3218270
8487607
4704712
9251748
3221017
5035519
9850881
5520648
3338799
2321619
4632176
6607545
4340370
2336662
5511065
9468610
5810867
3713253
4682974
8920726
10119962
5753012
2388178
4252883
3586894
4632176
9590810
2638976
2347919
10101951
3218270
3338565
4112655
5046654
2511906
6458670
9956166
3380709
3677615
4122552
2125663
9334213
3218270
1371282
7766502
5569399
3880165
5705690
9792206
6521256
8993787
7817755
8262502
7317908
9060715
5233752
8398262
3218270
7088220
3015818
2981519
2344677
8494100
9224463
5738115
8597749
5810867
4073737
5435183
1963231
9285880
4517789
8991409
4961376
4517789
4822735
4815876
2638976
9767310
8739960
4794202
6082905
8318860
2348245
1703909
6096840
6356535
3218270
9628733
3004369
6347349
5810867
10015579
9743473
9081831
2206151
1963231
3416789
7130268
8216477
7787033
9019848
3563027
8826121
5099770
8836704
5539528
709214
3218270
7271396
1981340
9741961
2247500
4197217
6963237
3772476
3085391
5362188
5363448
1954986
6328899
8803534
5810867
6406387
2827999
10075710
1963231
2348245
5254209
7893056
4418268
4766780
2872045
5972188
7604843
2333687
4796481
4889263
8356921
8847642
7171633
7548448
2638976
3218270
2585627
3218270
5810867
7029602
6610331
1804287
1591086
5183833
9654272
6780764
5345026
6779492
7662784
6431171
5902281
10114107
4456899
7184725
4912815
5823341
6716257
4305145
10318765
2492565
5685730
2107567
10162462
10101697
7886497
2587458
2199151
9709208
3890131
3529223
9401696
7677109
3045051
2785746
3216342
3218270
6155517
3237936
5810867
4916407
2943809
6619507
6176690
5173868
5021707
3218270
3597944
3938231
3218270
10084738
6809614
7591936
5337052
1599056
9891859
7903794
3218270
4671859
8129907
6534513
7670476
9686091
5332576
9229038
6007903
1836183
8505037
4043303
9433113
7943793
9906522
3218270
2091709
8634870
4643748
5810867
5783419
10197609
4861646
3218270
7608990
2668761
8063892
8865223
3614825
3218270
5486642
8012268
9613802
4300499
9551535
4517789
8510338
6149066
8916383
8255802
8254624
3289197
7142113
4517789
8040506
6901667
8484116
4517789
3054139
4114164
7358101
9831822
4455975
3218270
9871903
7383597
2929847
3593294
5689398
9964816
2735650
8725208
5810867
9756949
2206151
5018707
3218270
9670617
3796584
2125663
9582192
2107567
3479426
9206007
8749845
7437592
8151519
3218270
8064657
816652
7483059
1963231
10008760
7892821
2502377
3092449
8517434
10309361
3123303
5803916
6317330
7277210
2914878
7338535
9810816
2206151
9608823
4247684
8322001
6876058
9876289
7753270
5292226
10053445
6746364
3841153
5810867
9279455
7417578
8474919
7057996
10039608
8586796
3218270
7764846
4923313
2555551
5293620
2218355
4293733
10348818
4670314
9035633
10146869
8218399
3430893
3869461
7106827
2336662
8120513
8860013
8901414
4790837
6856143
8707492
5060609
6799076
7962351
4786763
4051284
3380839
3218270
7007895
5555756
1963231
9273444
8563823
7771334
3494866
3406131
4528265
4517789
9096677
5750857
4222228
1804287
8823385
9125765
5149164
3218270
10274415
5361153
4224292
7410696
7696350
8707812
4819953
4632176
1964664
8788302
4276935
3454325
2383397
9062006
6610001
2348245
4472679
6692885
5122468
3229048
5542034
4447221
2808362
9701470
2240380
7824232
4173468
8153679
3294472
9414821
4630492
2515705
7803463
7323526
6811332
8886421
7976797
6959359
2177298
2382434
5575406
3121308
8718266
9195380
9423408
9567197
4517789
5767294
3028221
10208245
7800010
7623912
6245052
6490770
6052704
7971199
7958652
5718849
8544309
2107567
9811092
6682418
6802294
2807044
3221330
9741301
9648809
3303081
3218270
3178031
1846644
2240380
4508236
4274587
8278714
9415464
6847918
5872740
4472679
7146232
5368854
6894616
10125278
2638976
8524883
7857065
9617940
2348245
5163762
1555379
6174524
2928250
1916083
5751211
2336662
8278753
5327304
9066016
2528465
9674535
6811742
5024024
5206687
2488418
8382187
5869923
5616149
1963231
3218567
5938472
4340370
6573179
6863391
3208608
6423678
5674275
8488692
5810867
3758885
1469240
1538921
7966961
8689131
3726763
8737115
3744447
3770454
7178794
9322074
3809042
6899438
2169814
10001118
4550449
5156092
2345218
7491463
3684265
2336662
3218270
9526764
4366008
2743219
1593007
9903873
2350147
6822477
6872256
3887529
3276977
8684189
3084318
3832005
2663598
5454649
9875885
8877427
7861117
4859762
2686129
6753549
5922308
6298373
6036838
3082007
2968490
7838057
7676686
1853380
7360988
4532906
4240944
9670589
4632176
4841014
3452043
1599056
9127990
4517789
7476752
4775206
6644145
8780224
1963231
4063528
9171441
8869623
4625436
4475146
4340370
5167788
2107567
2453184
9237675
3971075
4552462
5616578
1641629
3451780
5694955
3802968
6146121
4860176
3863153
2194568
7169745
3234133
6791174
7755526
3843734
8855915
4632176
4517789
6527551
3712175
4883734
2978429
4084425
9168276
2843664
6827140
6660356
9873749
8168462
6266229
8250464
3196717
5625514
5810867
7675997
4421067
6229273
6007948
5161999
5832655
7107693
6316487
5608847
3315799
6145867
3033481
6913482
7369480
9348685
9343720
9455345
4699595
8162269
7350125
2348245
8016016
5665407
6961066
2177298
7122327
5377368
6165333
6364730
4641125
7650587
4472679
4340868
5734624
10043997
6752419
4844895
6962104
5621781
3487696
6386149
5810867
5602108
2336662
9855364
3218270
9249968
3218270
6349171
3848033
9450573
3100159
3483100
3218270
8342360
6418746
4211348
5771101
8652225
6937006
7813391
5819324
9892605
9779462
4472679
3326685
3811382
9999047
5801963
5910380
6433683
4340370
10331887
6476633
7871752
5550648
3218270
3695582
4869330
5371948
2656226
4517789
7534068
6019581
6705913
7773238
6816375
4886298
3977028
3445422
9103696
7209927
7189959
8362734
9592218
1839670
4632176
6785303
3775497
2587458
5320206
8505612
3492241
2126963
6773086
9446473
6005441
4831769
8096020
6121331
4114501
2638976
8386669
2917332
3513540
5810867
10247662
3434721
3726763
3221873
4766697
2336662
4237527
8357617
7940222
7465906
3218270
4014948
2375495
6974197
3663881
5267646
3075083
8760247
2416352
2348245
5173197
5189869
4728437
5810867
9973239
5608945
4082026
5582198
6739058
4472679
6803293
3049748
9978820
4632176
5875776
6868500
4517789
3130150
4472679
7823613
6932375
9156005
5441168
9995220
10154328
5348291
8611280
3218270
5310821
9763388
8036478
2166898
4960705
3208608
1704529
3726763
8182857
2177298
6454140
2442908
2648518
3696564
8063802
3218270
3486743
7420257
7717238
7996042
2142208
825357
8052444
5864926
6130251
5723500
8042097
4745191
2829889
2206151
9505700
3624231
3400148
9625008
4917834
4472679
3531469
6308949
4340370
5931008
2308176
7058187
5932541
1273850
9218819
3218270
2638976
3897383
8056729
5709588
4977649
1351216
5243335
10260830
6167245
7438933
8153360
4274755
8128258
6453714
2194447
3218270
4923121
4890824
5082612
6787037
1982802
4680308
4054459
5491689
3181568
8637486
8051833
1804287
1692194
6260207
3218270
4546739
5185159
2465491
1963231
7320393
4632176
8763378
1963231
4197217
5163576
3074400
7895312
3353071
5475698
5379884
2543044
728813
9178945
9324331
5454295
8691907
9665951
7034415
5664255
5605178
8718656
1767076
7197277
10158538
3471597
3039604
10163521
9929613
10179329
3471299
2348245
8851174
3583532
7543252
3264755
5810867
7990520
10138682
6147523
4517789
6571127
8166407
7549659
7157129
6195180
9231308
6860909
2632722
6000773
3353757
9938801
5436723
3958944
3218270
4496515
6893555
1890446
9924099
6273218
7339550
2657825
6403049
6779743
4923157
10160622
10144818
8971576
9959211
9354047
6047132
2875713
3036386
5810867
3996205
9697790
4876100
2903259
3218270
8447628
8038452
2589689
4358329
3218270
6274541
8595660
3407570
3377931
4499174
6825477
10088913
8270668
9643383
5823711
9188996
9798335
4658945
3115150
2455022
4228171
4661055
9258718
3470565
2348245
5176451
3218270
9156005
4853742
5872890
10197759
4985533
5410574
9839625
5771357
8825172
3209099
7453122
9196451
3354504
7930600
9888315
2240380
4082026
3218270
8311760
9698344
4560685
2504274
2240380
6086178
2765000
9709715
3161763
3250314
4665175
6300788
8649705
4517789
5140857
7399573
3796729
5363302
3133147
7708402
4305116
8586160
3058463
4179737
4313139
7080258
4382198
3408705
4026416
10002124
2363448
4711541
6523286
9243853
5463870
4946990
3923053
6541477
4540606
4517789
1963231
9337205
3206507
8748793
8343550
4323307
9373231
3646435
9378492
3276601
7038207
3218270
1612096
6044858
9905486
5536887
2355598
9695653
5388911
8214288
3389387
8395681
6740050
3218270
3078298
7679325
5323770
7253750
10200661
6026022
4800212
8343550
9729254
9864873
4706519
6941416
3218270
7832942
10176720
2751031
6857375
3218270
8236335
3071242
7998216
7259412
8684959
4167534
4392593
8733884
8666594
6331372
4725858
1916083
2509647
4882368
776040
1836183
3726763
4215023
3218270
8951697
4197772
4751142
10168596
9073870
5843918
3653213
3218270
4753940
2353110
6366796
10227114
9002116
4823578
1389741
5087932
6724694
7523838
7140846
2073587
6084045
7577770
8564574
9874240
9298560
10199730
5350424
2829889
1963231
5981408
1371282
3025137
7524737
9934596
8062354
7180240
9696560
1963231
2831103
5629080
9653519
5943194
2638976
2585627
4482609
9853045
7369824
7245830
3251354
9713455
8859730
1972522
2445492
2348245
4632176
2125663
2638976
3934205
9250079
4675047
8705345
6247248
2912533
9605311
8421085
6620586
2407783
3999593
2336662
1963231
6090040
2125663
8395681
8869545
9788372
4517789
9805727
6537783
3383397
5578318
2484577
6982652
3014526
9437875
2336662
6190059
4623684
6385201
10319635
8976606
4532906
5901524
2231933
8933387
4233791
8726089
4365982
9080436
3256855
6871182
10330840
2240380
5991979
7095958
8639917
8667633
3777995
9737904
3208608
8989573
7007736
9656587
9169918
3194293
3456711
9352812
4248490
6173507
6967570
10017909
3217159
5810867
4091865
4232257
3218270
3218270
2638976
3486582
7546862
3092796
5853223
2336662
6425613
9415633
1268193
5770992
5161030
7404338
9874068
6853869
2348245
5885000
5411866
7606237
5467669
3218270
1687216
5629113
8115000
1988045
6703235
6242299
4632176
2810667
8704248
7253937
4340370
5422717
2125663
7370158
7494844
4519338
9495281
4560685
6745703
5580952
3255080
7542587
6523711
6250688
2960530
4632176
7421997
9777005
5810867
7769756
7191892
1938376
4233353
9747144
9485318
5520421
7473488
4512502
7175681
2585627
6332033
10160889
6853869
9664972
4879405
3088005
1963231
6097716
5224629
6287294
10084137
9660573
8870448
2117931
4472679
3218270
3217150
8851151
3218270
7500601
4532906
9878313
9079251
3585398
5193106
4122119
6408966
8147275
9994592
6392557
4763474
5200326
2954168
4472679
3218270
7147204
5573612
7418469
8984397
7132515
3218270
4340370
6306475
7712533
8922959
7425250
9133886
4472679
3086027
3834722
7396586
8213973
2767601
8363181
5982318
4826578
7383887
6642797
4781967
2795196
919369
7102532
1963231
2238401
9467960
4524594
3437570
4994633
9889391
7676333
3670254
9947241
2669963
7732067
6085472
4472679
9262518
4255785
3084062
3218270
10197757
7451909
3784467
5657104
8594206
7841828
3339379
9026160
3726763
3417976
3457334
8987675
6800242
2874523
4475146
7011498
9395270
8286867
6506626
9651017
2010998
6992709
7440297
3218270
4042149
9843126
5968832
10171021
5733911
8873572
9654449
6218308
3628261
9166956
2719132
9661421
7243749
4337029
8741990
8400114
5810867
8170641
7011457
4168755
5498123
3429455
5959228
6768595
2638976
1836183
4548549
1963231
4954856
8350775
6912386
7640380
5249371
9670170
5206177
4636585
6309180
6198904
3434174
5810867
7103337
9342417
9350999
2107567
6930680
1941882
3218270
3186197
5188621
8667177
2416603
7541292
5741702
7455982
8134440
3218270
7448148
2350147
8287425
5030372
6540377
7937747
9834064
3014144
3728204
4378734
9341431
8070754
7568376
3196845
749619
6617563
10144825
6993262
9925675
5810867
5822909
3670619
9531533
4102808
4517789
6745838
3026921
5810867
8788152
10274193
10026690
1722411
7133414
3106715
3570969
10227469
2336662
37971
3046355
5583674
8987608
9156316
6422205
2350147
8951897
9879419
5940651
6094902
3420735
2146947
4740769
7692927
1960387
6874157
6356476
8040773
4647278
5740131
9302647
8250025
7869901
8498182
8254383
7947493
7588612
1963231
1819459
9342662
3218270
8793026
5434077
2000377
1963231
6175964
1468290
2107567
8755628
2336662
4429772
4764052
2107567
9704461
2988908
6061147
8210832
5201162
3267933
4197217
8479386
9132435
7903146
3125340
6819261
2605367
4529933
5832730
5176301
8652037
7614134
9362239
5195834
5686677
3243857
8823894
8018631
6197346
2605727
3657732
9689231
4200316
3471140
4340370
3416838
5681762
1836183
9594491
3007991
7117771
6931829
8112452
9097856
6841374
4066082
3973319
5147446
4633810
8645769
9192772
6348362
9767087
3432914
9271589
3857801
3208608
10178095
4729803
2240380
5009321
2240380
2770426
9771886
9925311
7429760
10203114
6115784
2405094
3550344
10033264
3218270
9571698
8884841
2967972
8005128
4853742
2336662
9097917
7991966
6851867
6288266
2215669
8824872
3726763
2348245
6604741
5227850
5598734
9961089
1654546
9277287
5234415
4368524
4459788
5577323
4338869
7471523
1048664
8343550
6103340
6667858
4218021
4668189
8379323
8438096
3218270
1540461
5706827
2506857
6956453
7874566
5671213
3235678
7701618
6921787
5180824
7679678
9236321
10195264
8253928
8294861
8820302
3218270
3749484
3869652
4280879
8742936
1836183
7793193
5165871
4910541
9761031
6016717
9689128
5220354
3032197
3415818
5338194
9959307
4076077
9668485
2943809
8699032
4530912
3255940
7982612
8554013
2265557
5797676
2198505
9054155
3795735
5949048
1026848
4669111
4395452
8759362
3021159
9765362
10030792
8152778
8295718
2348245
5714025
7988058
2125663
8043325
8615749
5450103
9858967
3687988
6023229
4340370
3234191
9803350
8524818
4259685
8857232
4753380
1963231
8534923
9804385
3218270
7847711
2336662
3218270
9646795
9850820
3218270
4173874
4318333
3756613
9885131
6018090
3401026
4094841
5446928
8509911
5194767
5828483
3208608
2348245
4224860
6407200
7694036
3218270
3218270
3357011
6538832
3771689
10247922
2352896
4340302
1963231
4822298
4147952
4873872
4532906
5810867
5566075
9389796
2336662
8169021
2478724
2638976
3399243
4672408
9548712
6648016
7202028
10235143
2348245
3036961
2742677
6290625
6862480
4706643
2336662
6187850
5451021
6802896
1804287
9069093
8635614
3218270
3356103
4194599
9054155
3510460
7889478
7580827
6848596
8041262
3036234
5775025
5290305
6152413
8140836
8312461
9546043
2991674
8446514
8665459
9189252
9258965
1963231
7444405
5760743
6967217
4920560
8892920
7693507
5200684
5810867
7631227
8099038
7027691
7427650
8343550
9589136
5810867
8527950
3604257
4285884
2107567
9243793
2397526
9912806
4632176
5292051
4340370
7650457
7832942
8342529
3877506
7130380
1847094
2735374
6122326
2638976
5515634
2125663
4039746
6758076
8126295
9157417
6332033
4277428
5679384
3218270
2107567
8662651
2427855
4707558
8639571
3218270
8542528
9367557
1563684
5473145
4105945
5684476
9194990
2348245
5336001
9244872
9643655
10157537
5422717
2504274
6183651
4773329
8759025
9650444
1963231
6899722
8343550
5422717
4718746
7881601
3004868
5810867
5435360
2246519
7284951
1766624
9927590
10271270
9271130
5326405
4032987
2336662
5513015
5151441
3684168
2585627
6225685
9556639
4330766
4628425
8180246
6371924
4472679
4890200
4015958
3671897
2597161
6558932
5117346
1963231
10100008
3218270
3366958
2585627
7423860
7708004
796178
8740389
7562124
2638976
9929183
3553329
3218270
6172261
9216175
5810380
2526056
5399128
9252975
4690624
4710324
9273155
1963231
5305339
2543691
5130249
8254600
5302355
1469588
7725461
9566139
4231318
9513297
8602904
6713680
9040576
9229384
7752779
9527790
7265943
9078366
5003333
4145070
5798383
4853742
3218270
9622898
5708639
4632176
4298689
4058745
4004725
4648067
2971508
9572069
3218270
8546070
9391271
3231780
2018462
3218270
6560081
5101094
6216898
9523710
8232486
1987896
8952282
9316105
5423100
3907070
4378063
6955279
6865269
4472679
5914567
9527396
8212601
8712973
8546528
9129699
4858741
5309347
3774569
5866011
4569818
7233784
4174226
4151241
2011504
8714109
5931574
2351115
10294245
2925053
2764069
5422717
8291731
3561131
4945195
10052631
3218270
6004047
2560711
8572910
5338511
6098218
6775931
2638976
9099001
9919365
5901611
10381769
7054773
7774242
8772811
5815254
5339664
7862388
2940723
7539385
8563823
7685999
9631219
4472679
2364033
7420517
4348193
2240380
5705820
6022168
4636783
9080155
5823734
10030991
10064392
5079399
5291742
6922004
7207517
7666051
6882096
7019542
5875150
8561797
6493541
2449564
5838608
2107567
3793016
9497864
8208107
9294317
8747454
3136218
8164388
3843031
5277415
5496647
3696327
6580998
869821
4473606
6962664
7750093
7581269
9915632
7521282
7489272
8332222
3051067
3559894
8734792
3701310
3767535
3462373
4330328
10098512
9524651
8401246
6879443
9955950
10050248
5394985
6678116
9635004
3218270
5810867
4765948
6061110
5810867
3080948
4152093
7805936
2521587
3726763
5739234
3208608
7702042
2336662
7286507
6485714
5181216
3218270
4943198
3789550
4632176
3743898
2107567
3581798
9371768
9843416
9178606
3218270
3967168
6482206
2854692
630427
867804
5332714
4273411
8096080
5266750
2839818
3726763
1492420
3565863
5054412
5636583
2296612
10016086
3218270
5423612
2240380
9415474
4344963
2684897
5674001
1982802
7407305
3054027
7013965
7928626
3218270
2829889
4339460
6538585
4249342
6426909
5810867
9421573
6434421
2240380
4140411
2348245
10289921
10383864
6046983
6882598
2176693
8678265
5507097
2757524
5578119
5408931
1836183
1963231
8152244
5499369
2292716
3544854
5940989
9246496
9102379
3180703
7252936
2959071
8889528
8068261
9445854
6817271
7500692
5747168
9558955
9410446
8384589
5522055
5010824
5047495
5167779
6077484
1615651
9046903
4270511
4703115
7223846
1720519
8787790
2168003
1963231
4383250
6596651
6981545
4480140
6075469
8526260
6825281
3732906
3726763
5419379
5252060
4391787
2416011
9546169
7361323
2325523
4390094
10135636
1654579
5810867
3218270
8856460
10208897
7304163
2232276
8441914
9043021
5984424
5371073
5192865
7899427
5877746
3726763
8037813
5814734
3218270
3218270
3413027
4712030
3218270
3210480
2530350
5394710
4815710
7050786
3492951
3218270
9180356
5163762
4703521
9126995
7097509
2348245
6457860
4842625
2806368
2882757
4345509
2455639
6901338
10167949
8566264
10075030
2912059
9139839
4625447
9427933
6614020
8111450
5960995
8664225
3218270
4686898
5906980
8733811
3177382
8227545
7769558
3218270
8893098
2638976
5968634
10215501
5785566
3218270
7638397
2664813
5054140
7220304
9193935
2423792
5110689
5870123
5187738
3218270
1994643
2856486
3218270
6252123
2943809
1963231
1963231
6548303
8690409
9029027
2720695
3726763
7456439
1122197
3218270
4492507
9014703
2331410
1542797
3943554
6368928
2743004
8698514
5094658
10074278
4404194
6415897
6563095
7610890
5194356
4340370
6217999
5853991
6170714
8016283
8745525
8541014
5582183
5726738
6379745
5128201
4340370
7575297
6240212
2577689
9445422
5630651
2125663
7911426
2240380
10009923
5690503
4165220
4367022
3920358
9259678
8382266
3218270
3218270
6601031
3527045
9346141
3218270
7623364
3218270
6145998
8472642
3218270
9004441
4472679
5810867
3516727
3065476
3218270
7807035
4926830
3443762
2483101
2728445
2984274
6486061
3052961
6783580
9598200
9305679
8115357
9889806
10055397
3657513
8920614
5225374
8677007
2107567
8177093
3556038
6001835
7808564
9309451
3953135
3218270
4106184
6395298
3218270
4186887
9220681
7403079
3953053
7221559
8446036
8681692
8396690
2348245
3629951
10024301
9159797
10038527
6073252
5922907
2535626
8505957
4340370
2898081
9054155
7660492
6972350
2831103
8148983
2383619
7448887
7724700
3529527
4632176
6037542
7626500
8629787
4760465
4340370
5806388
4304410
5777548
6888895
1597073
7370552
3236247
6332033
7433445
7609885
7893583
9367859
6927994
4575822
6556691
1344788
9597033
8778930
3972199
3488525
3135251
4472679
2505597
3369356
2797194
2638976
4906255
8517562
6153775
7537186
9644659
7540647
3208608
9156005
3693156
9205186
10037958
7299964
9799003
9064487
6465755
2417033
4334003
8915174
6003034
6508887
3803191
6593390
3592246
4197217
4632176
8172245
5251675
4272703
10229295
2638976
4738416
2558755
3318087
7219704
7075506
5614733
3170894
4472679
9156005
8111063
4532906
8872567
4472679
5949528
9232197
3574207
1048325
6137429
5810867
5664877
3867991
5793577
6276495
4560345
5170126
1963231
1963231
9521850
3749809
3800932
2684030
8511004
9786085
2817802
6938475
4762268
2336662
1463878
6420595
5706517
6322857
9319681
7676528
3218270
9409012
4160446
2756013
8576639
2875947
7938711
9769758
9362350
5694019
6790961
3083177
5457678
4982301
5810867
3047372
9897495
4682742
3756256
1396907
2872282
4820904
6684724
10074713
8127362
9272032
5888349
4208640
4934858
3669824
2526794
3431050
8569026
2975234
6419551
2601825
7455656
9073136
4483329
9045774
7935303
9156005
2240380
3218270
7077710
10269142
7378005
2190885
9858996
9667060
1601292
2336662
9603009
2795199
9784244
3475301
9372489
1982802
5167463
4117502
10169216
3218270
8446130
6044050
4194776
9831781
8913880
6970016
3218270
5524147
4772675
10193219
5787627
10180626
2405904
9589517
8313421
5394424
3218270
6103092
9082596
4816903
3516946
9484423
4942300
3086296
5163753
6420215
7082431
6952525
8193988
3218270
2741360
3293951
7936350
6145121
3218270
2240380
6161921
4841054
2336662
3374965
8094521
3052848
3343585
6976562
4688735
7593399
7964484
9311645
2129672
6573793
5494730
9055022
3218270
4603839
6101146
1963231
7391008
3121535
6774084
8395681
5810867
4197217
7634183
5905808
3218270
4931269
3980333
4179675
4853742
7317010
3955975
5190583
9642577
5620875
7603293
6076090
4203178
6316057
4089776
9766754
9838832
4730712
8979765
2336662
9492540
8664621
2585627
5834363
6653942
6798956
2619055
2746537
5422299
4999708
2998709
2638976
2107567
2781795
2240380
7083107
7540834
5810867
5810867
6033304
2052870
7488668
3622373
4042806
5715394
7013152
10149487
3288019
9452528
1963231
1477837
1819683
8343550
3613582
3059794
7172824
4425410
4308638
5709055
7846312
9564433
3218270
6125577
3091922
8622248
7593314
8695282
9140046
7561271
9225518
4532906
5088379
2904726
5439853
6203944
4134163
4645660
3218270
4563024
6228339
2438458
3218270
7479191
7074509
10106500
3938570
5810867
1980025
6457008
6827353
7032427
6411920
6666595
6047415
3331109
6397479
3726763
9595948
5581069
8706516
10310808
5074542
3218270
3228994
2168069
4256614
5422717
7716854
9844102
6222559
3317890
6047510
3218270
3086296
3349963
3889014
4475146
3190833
8693782
6184116
6422937
3562662
4625839
2473824
8661908
3442078
6493582
916476
3218270
8436778
3218270
2202388
5685547
5810867
10105680
8935309
2792397
5910271
6932154
7080102
7127498
4371040
6130237
5672359
5885784
8990947
5810867
2651557
4632321
10332210
4472679
4594724
3218270
6134735
6040022
9219056
2336337
8845567
10265134
3218270
9358614
3379492
5810867
7745672
8855341
7875477
7639360
4472679
2166559
5354247
4956878
2638976
3218270
2240380
9905890
4940668
8001967
7257972
3726763
9616048
8620103
8772664
7197265
9683443
7089327
4766107
5639883
7058842
5592314
9719069
8956048
8731034
4602620
6928078
4038921
4937208
8056133
8360656
2967141
1836183
2348245
7847384
4687954
8540102
9401881
6988838
3410369
10064662
7550423
5354423
6601930
5260255
9155340
1916083
5071108
6735977
9692333
6461936
3756256
1144282
8386969
3218270
2206151
1277291
9922883
5851611
5428295
4814144
7279045
6310489
4042818
9762974
7636288
2107567
5994593
2195079
8334844
7785298
5630819
3218270
5140427
3297289
2509196
4092109
9963528
5513254
9344668
7803288
4024825
10013827
6971658
4268404
3216073
5781851
3093291
7475450
2626636
5558465
4553960
9146292
8546560
4077604
2672024
4599640
3792614
3084062
6098172
1961207
2987895
7405335
2517622
5945140
8294431
1599056
9700803
6454610
8489854
5220257
8683249
7240966
8003293
9173524
10225746
2009448
6732073
9810254
7371952
2125663
9012130
8840963
9550896
8683943
9624807
1963231
5947037
6598572
9223321
3190601
10169179
7463589
1963231
3470954
6049522
3208608
9963041
4064612
4432732
3164908
6432425
9434710
4302155
8916865
3084062
8987155
4304683
4725298
5702858
8257449
3218270
8080569
5498894
3693156
6280375
2797568
3218270
7590777
7327522
7351272
9455570
4892109
10200262
9628827
9028163
7162069
4825355
8466974
2519773
4750251
3597643
9267686
2935177
2504274
1963231
8448375
6658523
4517789
2816861
5810867
7807041
6568607
4339593
7513596
7017230
4728942
5941177
5880375
4522928
8577528
10279229
9746252
5158703
9840628
5299816
3218270
6073372
10245736
2240380
3443041
6211377
3096582
1717142
9393837
4043799
6331275
3726763
10239470
10215995
7489514
4390293
4396259
2125663
3218270
10214467
4008249
8711442
3249964
6953757
3101586
3059484
6299661
1129018
4475146
3218270
6311038
6433712
3218270
8242101
2125663
5304310
7058359
5279807
5414832
2889686
2206151
3983187
5956927
2206151
7254444
3334739
9289126
8046550
4029358
3218270
6211530
8720028
9582847
5153776
1963231
2638976
9779554
7038385
8492158
9254397
5460338
1963231
5509066
8351114
7962056
1306554
3058078
5395711
4802800
967595
9992195
2291667
8099233
6447592
3456859
9603280
9218819
5313204
3218270
8341367
9267768
2254442
8351676
3274245
4754036
10007934
7801431
9152417
9669645
4937890
10144131
2638976
2544051
4212535
2161640
6075140
3218270
3619188
3352504
7643247
4773884
5649772
3890700
9637994
10151484
10002247
3693156
5704737
4470278
2480744
9681868
8850410
3410072
9524382
1963231
5321967
2843699
2699163
2206151
3718759
5192013
9218918
8280628
10035838
8816108
6353423
4614369
9832782
6051615
8259363
9225081
4055354
2125663
5576211
3218270
6157147
3112115
3218270
2125663
4269735
9563658
7252936
9417390
3410401
2240380
6778651
6889665
10178082
9357075
2336662
5766743
3218270
4770996
4186348
8130622
9989169
5614512
7768611
6380496
6161264
10120077
4517789
2422209
4147443
4117179
6128714
3299177
4632176
3853223
8191681
4551155
3298088
1480829
8374197
3680896
5422717
4583580
2545844
9156005
4566817
5417234
2656226
7560909
320839
3391803
1963231
5750138
6981882
5351595
7933558
8261238
4197217
5581043
2177298
3218270
6362055
1963231
3953293
2107567
3407607
3604370
2206151
6247896
8679953
8990427
9574503
2019989
3078755
3627389
5143399
4849106
9966390
2546269
6107475
3563588
4050962
6969977
6909996
9063247
5810867
5724790
4132379
9977401
9617400
8442286
5889624
6558558
2268187
8466408
10044529
6118228
9344753
6161492
4636248
3615148
6049486
3388346
4629334
8070839
2246348
2638976
2585627
8326113
2348245
2107567
4981936
7462360
6635760
4070820
2336662
3218270
5748574
2336662
2177298
9742634
7553395
3218270
3512077
4306599
8059523
4976543
3218270
3072509
5789441
5810867
7009775
5273039
3582304
8952666
6332033
4562751
5933052
2736386
9456492
3277746
7961508
4258811
4682354
6353185
5741029
5219527
9646527
8563823
5777593
2240380
5692911
4187375
5333391
3218270
6304316
8217691
6215946
6121978
3218270
5211600
5390613
9725520
2348245
4532906
7589998
10067074
9842711
7542238
2437291
3368286
7799984
3739903
4517789
7958823
2767356
9497840
4316755
6422286
3611698
4734658
5788786
8740700
4669111
4605572
5889378
4775506
8095177
9467602
4277739
4051649
9998164
6551483
3079145
7799998
3218270
8678245
7564406
3124570
4517789
6235716
1159841
2424899
5175038
3314085
2585627
4558588
6360469
7354735
7485285
6527707
3522666
7664689
2346047
6157371
9261590
3381666
1836183
2638976
3218270
3521378
8735669
3320998
2725377
5316933
3718310
4420735
2605902
3712220
7707120
4632176
3522158
9563631
5740430
3726842
6856920
2845914
10018961
7549115
8467994
8818831
9843940
5617587
2206151
8835354
5296716
7757626
6915712
4822382
10133459
3167244
2125663
1916083
5416054
3218270
2206151
3904368
5674946
7024961
4259437
5141127
5810867
2190246
4330412
6466519
2710168
9497517
9967525
8834644
1963231
2638976
4837908
5230473
3726763
2336662
5255800
2349374
2872652
7777105
5501206
3413331
4844721
5754475
2524132
2336662
9801346
5762062
2107567
6647899
2766923
7139990
4517789
5713660
3218270
2112560
5422717
7795322
6320736
8863848
3182048
5269884
3872749
8810822
4632176
9891294
7086157
4739571
4723052
3575639
6793754
3726763
9526812
8387394
8938756
7845870
10111322
9246992
9386273
3007704
2638976
5502185
3582819
1741641
9626520
2409302
5989620
4472679
2638976
3044948
2782639
9341632
4560685
8847230
6275591
7248626
2512031
2103362
3218270
2373834
2638976
4160446
9396703
7171240
7377482
7111007
2216490
8553785
6329855
2151119
9807341
4517611
2434447
3070066
3687434
7079926
3218270
7544727
2457299
8553562
3688899
9735604
2424739
4938717
4832679
6332033
5783549
2224768
2417849
9832915
3280879
6011631
6101826
4595064
6225424
3218270
4535729
8980300
3558917
7212212
9822092
8504205
8634974
1687216
1131699
4801168
6267772
2104382
2336662
5810867
3090730
2504274
7800673
3685786
2943809
6303670
4104429
5937683
10064090
5423262
8907880
4936517
4719944
7288313
2125663
5149094
7703292
8454967
7477246
9329704
5903842
2474676
2177298
9151719
8424038
7200061
9905998
4043719
3517382
4081060
3074598
10315976
3452106
8953302
8544994
5231186
4112913
6654765
9052939
7814014
2076927
4669111
6553900
3726763
10277419
3951939
1983537
2585627
5820370
7780562
3522014
7980166
3218270
9049796
1595415
9625264
8983350
9394125
8529358
7373274
3140342
6129582
4275238
4488144
8033894
5461479
6758549
3153042
5901650
2206151
4546053
9261042
8922776
8150457
9523664
9762166
7850220
3218270
3112503
2159499
9087444
5671120
6164562
2348491
8384209
2485223
5800757
6205087
8958196
9217280
3964781
2279836
9922000
2585627
9600116
2336662
5810867
10050404
3218270
2779408
9636782
9781168
4517789
2703053
5044558
5959117
9537202
6769236
6115363
6675820
9439347
10118384
2336662
9621718
6219623
4517789
2240380
9640428
10307901
5845691
4773746
2638976
6379005
10013827
10111844
3312955
5319281
2638976
2829642
2107567
5499781
8343550
6958693
7644074
1963231
9526222
9353187
2432538
4876586
4161864
6689738
8865243
3698003
9064169
2638976
5220943
10297841
2240380
7445595
8320014
7319290
9484661
3726763
4743811
3218270
8071393
8148038
3119236
2455833
9826053
5878909
2294068
9942395
4632176
9065434
8224917
7435871
7066582
5967163
6873621
9897355
8954810
8982441
4707180
6326043
4164976
6071747
9818737
3437185
7358688
2735996
10166689
3730640
5632285
3557741
8277382
3258505
8607162
4472679
9297934
8834640
8551283
4632176
6231528
2186978
4459892
6597556
2107567
6714335
3635968
6244590
9423647
7456669
6224452
3428122
6335411
4821795
2184353
8698456
8283805
6279317
1870689
7357182
6435897
7575881
2638976
9309104
9803653
4564633
4328198
2739515
7221783
6380938
8039589
4559341
6297477
7418308
6919927
4079839
3264954
5688873
6107138
5666081
7149061
8983237
8143761
4680451
7017892
8521686
3218270
4824990
4241634
5389644
6930797
5640322
2020766
6304382
4570103
4097728
9475856
7006227
9804909
4030504
5752814
4025930
3218270
9103028
3454713
7908411
5038117
3726763
2565072
5108619
2206151
8613342
4168542
5055467
6598801
4981181
4550637
8543688
4256547
5367548
6332033
4517789
7511667
6387687
4557269
9589669
2221154
5675829
6924997
2619772
3218270
5195088
2336662
6488869
6577205
2594903
5526445
7256963
6075924
4175309
1857575
8050563
5992035
3495237
2125663
5923879
9050514
9265899
8579095
8294858
6986911
8581693
3026221
5566510
6949412
3843683
9350350
4243907
5788961
7931370
6821843
4769491
5905827
5450591
3756256
7212169
4734787
6990159
3297418
8424090
6332033
3088115
5578762
8831635
7122067
2401955
4822825
3234630
8833632
2636535
3218270
8729402
8019511
6493662
3218270
4324256
3542802
5848281
1916083
5095289
2348245
5459866
3073324
5043295
5569074
3029616
9306612
6374251
10197642
2529936
8282886
8644399
3302572
8821861
7012843
8110105
4854739
2860065
9138406
5295887
6374943
9542333
8539503
3218270
9167953
9113882
9123888
10091043
4532906
7511586
6567545
5939811
5157652
10134660
8214036
5909235
2809706
10013545
9827968
7142895
9572678
4919109
3798540
7303176
2504274
8546058
2450781
7404901
2528551
2603547
6480007
7174326
2240380
4352783
7388869
4485416
6347106
8203716
9057279
4291480
4324557
4391952
3412448
5810867
5656813
8311731
4222325
4429061
4404256
1836183
7076854
8127759
3218270
7409480
5098365
9156005
5986229
1687216
5176791
4632176
1963231
1960227
9063355
3218270
6562875
5260053
5782686
4953333
4812450
3001884
3454933
2638976
2395843
2585627
6407720
5722969
7645847
7464010
3020585
6715842
4590663
6420863
3661192
7443692
3453085
8285586
4680157
8305569
6596181
1687216
4911956
5655817
4067369
8597231
2443593
3369356
10215934
3200974
8381073
6980436
2240380
8148020
2638976
4408951
2387083
3218270
4340370
9092267
1836183
5053722
3634685
7961190
4179363
3218270
4942490
10063283
8343550
10322152
3218270
5700730
3218270
4853742
2336662
7945023
7323108
9194168
3030011
3836332
7907823
10198213
2632494
3722884
6853869
8343550
3389862
3504523
3218270
6609874
2262500
7295330
8749257
10098951
3926264
1599056
8464681
5861393
2336662
8592921
3796776
7141535
6951712
3218270
4077884
3218270
2889686
4340370
5227101
6891540
10305029
9152942
2638976
4448933
4460453
4340370
9934586
3591507
6374707
2951613
4121258
6438685
6593494
5219694
6863989
9066792
2837734
1963231
9780888
9272070
9696934
2876055
6157770
3720769
5888278
5294159
2143724
1456852
9294660
3612231
9013862
4776864
4126551
4384899
4266427
4853742
3331415
8353363
2483442
7591788
2585627
4016646
7500299
8269363
3218270
9321487
2672703
2710391
2240380
3218270
4351582
4382565
4371771
2125663
2895104
6579437
3929108
8341721
2679477
4197217
6642430
8019244
6837817
2177298
4993971
8080597
8599399
2240380
6668271
7499826
8412925
3190076
4853475
1963231
2497960
2481401
2795021
5287731
8180459
3992930
3016203
4853742
7469654
9400099
2336662
4632176
10274326
5737421
3218270
2348245
4711225
3502839
4051967
3537879
5378630
7693124
3285051
9980357
8512803
4816627
7502286
2439908
7143637
7017877
8690035
5859409
6250091
6450342
8536596
8385234
4259856
4472679
2150585
7133410
7494686
7364617
4400903
10058857
3146035
8940612
7024225
5603098
8486529
6795196
3218270
5716527
5103216
2107567
8769570
8069542
2090830
2125663
9773082
4822784
8346445
2125663
5357051
2508663
2922909
6145586
4272657
4356755
4336003
6644495
9351655
3218270
6519895
7820366
7920308
3927836
4558172
9045251
7101760
3218270
3966010
6894143
3813146
4288106
5642203
9142707
9479082
9057152
5861233
4460900
7167287
8318889
10070689
9054155
4669111
3785152
8343550
7222098
3884822
6398241
4010137
6953766
8615180
2531288
6331337
3218270
9156005
4702617
5810867
9633734
10166150
4674090
9350531
9518115
4788672
3218270
5513100
2119366
3218270
7203813
6401972
8294473
3599433
5832952
5892086
7344507
2473346
7704320
7564743
3939081
4587549
2336662
3274835
4301499
2839153
2695128
3294784
9780748
4813224
5172426
4632176
3218270
6872273
8854922
4586741
7151481
5031892
6696387
8943474
4285241
7841703
8822962
6343082
9272133
9186828
6601392
2197379
7150660
8819832
3218270
8742079
3836492
7160853
9415523
9990889
2946212
9818857
4646305
2381772
7623977
4279783
6512128
7174196
1836183
4895824
6229840
3208608
4761383
3994625
4573651
3483086
6938509
3218270
7820503
9693371
8438242
2262460
9715321
8778067
10013827
4381428
7475392
4697961
5810867
5480734
9054155
9165363
8982908
4632176
7788855
6648487
7463145
4051798
5168391
6459584
5810867
8029120
8356193
7849219
7942794
8061569
6493934
5668915
3218270
8728622
3893609
8532208
3110783
9901238
9615065
9551110
4997912
8463501
4553664
3354913
7852313
3488446
1786153
6332033
10022727
5328621
3218270
6458139
8270577
2869394
7600424
5785147
4215339
4645419
7063198
4197217
8049452
5551070
3407570
3878278
3723913
2700676
9044688
2125663
4853742
4321123
8069085
6860665
5600623
4371387
6500493
4472679
5674588
4690603
9438632
7975780
1871444
4632176
3084062
8620607
3815818
6749986
7438040
8129904
2984274
5884630
6224516
2375843
7933088
3726763
2688011
3778770
5690133
2692135
3819886
4304308
8358873
4556960
3030686
7214046
9529566
10043323
4340370
6611450
1963231
2336537
2348245
9703673
2349632
7945037
3218270
5090100
8742912
4517789
2638976
3218270
3218270
5999780
4517789
8368055
6022568
5942388
3270477
3218270
7345831
4458067
7640623
7250798
2348245
2724788
10080784
4739070
6077478
5977015
2357672
2348245
9902189
8451267
3714453
5430144
8621629
10167775
7824837
7424145
7719714
1599056
9525726
7274170
9627486
6666826
2717817
6362661
3325228
3218270
9233507
5412040
5645776
1861397
6919845
7118465
3556585
8235341
9725171
9153681
7077761
4342732
5112326
8884100
1963231
6999615
2504282
2528122
2429795
4927858
9850421
7488939
1602553
3218270
9757267
9218819
2331118
3777826
1836183
9156005
9446731
2638976
7672791
3963368
3277604
9536666
4632176
8386116
2416872
6935403
5222517
9068552
6054325
10088868
4259177
4244305
2125663
5874004
10059989
9156005
9987129
5422717
4590892
2338776
4807989
5376469
9338426
8147392
6874663
6731722
8252550
6081970
4295460
1804555
5792235
5565638
10000785
9091841
5810867
10008622
10093379
8537454
4786564
5738390
2419367
6448438
2659756
5032958
6996515
3218270
2261932
6552565
3218270
9722294
2746343
9536538
5622236
4928875
4026846
2487611
7326251
6725658
1740442
7290089
4676999
744153
7434770
2504274
7765723
5524922
8900034
5566530
8659766
7859355
2375870
8611451
2638976
6436952
4188269
6024577
6925397
3652237
9731563
9271387
2818134
5249067
4632176
2989761
6682269
6001004
8016972
8667733
2638976
4560685
8140784
2348245
4197217
5810867
6360937
9252287
5138637
2164812
7910901
3086296
2036101
4535162
2585627
2686381
9832136
3218270
5273507
4456725
9271414
2348245
9845803
3312659
7796689
9204770
8094900
7450754
8602742
6257319
1593867
8399564
8560110
6999320
10192619
3218270
1156992
3218270
5501228
3466689
7809540
2336662
2638976
7115907
6967832
2479773
7018148
2336662
3907254
4472679
4849458
3893493
7514548
3195403
3050558
2401901
8279406
3218270
8242832
2775218
9789655
1381809
2384823
8317354
5470850
4730946
6307231
6186773
3218270
3036964
3502513
3218270
5909133
3877966
2504274
6484215
3009846
8172349
2585627
3010926
7067495
3218270
6359893
3303619
7552776
6391901
8550731
2107567
4340370
4999105
6942998
5128264
5677921
8599734
8975631
8072805
4078667
4019246
3954342
7771411
3728952
5492255
4517789
3218270
2430814
9835255
3656454
4707474
7670537
5423224
6332033
7836878
10133106
5376460
2140384
7684437
7039802
6992615
9054155
3258588
4251191
2303893
1963231
2196302
9876013
6112618
4632176
4082026
7452578
4682152
2348245
4173329
3780641
10122353
2008095
10060407
10161085
4367672
4498425
8292848
2638976
9491042
2348245
2125663
4975129
7627264
3452458
7505850
1963231
2578331
8975833
9054155
8068831
7014607
7599115
3504931
4068076
4326870
9173545
8157345
9733262
8642984
3736141
3726763
4031906
6658489
3216367
2638976
9108660
3977356
5737500
2545928
1351216
6702154
8399187
6143397
9072440
6348516
2869098
8364086
2638976
6874019
2965935
3531550
3218270
9030667
7469651
2348245
8635456
5161807
2458995
7014870
7962337
6861217
6058071
6332033
8950390
1963231
1836183
8446278
7488036
9641513
3538353
7389986
7278157
7255201
5863205
7732658
4989700
3218270
4906387
1963231
2240380
7700127
3218270
9893422
3071989
4942013
4740853
2833302
4354361
9085336
7737991
1963231
4110569
1692707
1942340
2638976
5083910
1900987
3084062
3232411
7224395
3218270
4705711
3749981
4472679
5669464
3335926
5078553
2843495
3218270
3658442
3218270
8352626
2475109
5313070
7470793
7424729
3411786
3686503
7698051
7477920
9244000
3022928
9843587
6642024
5565598
9098126
8262439
6643928
5186521
3621805
4006743
3756256
3858699
6848586
4951703
3101091
6326084
6866997
8822825
6765653
8989815
3218270
2076853
6245551
6216472
2529630
1890661
2336662
7106577
5742083
9222185
9777154
8503819
2481018
3218270
8008647
3757978
7139567
9264757
7152662
1899266
8108176
3906220
3218270
5406035
5608463
5810867
2240380
9688679
8372850
3345455
9677543
4337787
10089913
4532906
3726763
7401301
9361614
2125663
5012673
2785527
1485637
1963231
3542787
8596378
7927620
6229148
6530628
4410326
5810867
10091832
3293285
4751635
1963231
8765630
4870912
2348245
5810867
3786350
5502092
2177298
6839808
6996318
1963231
5203921
3158307
4311990
1963231
2348245
4263907
3128019
5458814
1963231
6258171
9385628
7212686
5208447
3407570
2052870
2240380
2125663
5113140
3960533
4472679
7990043
4050364
5694469
3218270
9991800
3934378
2297360
6065215
7910862
9865590
10193974
4340370
9250082
4745998
2409795
2539231
9054155
5892639
5000338
6910946
6065335
7417467
2125663
3699495
4551280
7104591
7928289
6521241
6354743
4632176
3218270
7478474
3726763
2384975
2995127
9061909
7683433
4213895
4836114
7454704
8136007
9546086
8850906
1846637
7825252
5967832
6713426
4853742
8757184
9156005
10185357
1351216
3218270
4632176
2186170
6446921
1599056
3169321
3999033
8048129
3786179
3541726
5464284
9562095
4658318
2571329
3218270
3015623
2056473
6677715
9448983
8567261
4197217
7941996
8536587
4740853
4517789
4475146
10024703
2188389
8378968
1982802
3726763
2095877
5388752
9687950
9252440
3643349
4300486
3218270
7795031
5085276
2707847
5906074
6602578
8630623
7483478
5295839
3048959
5066709
5794985
4632176
2984274
6977311
9585543
8615869
4493174
8979516
5579870
5573846
9432420
4065061
8287476
7478474
2348245
6426282
4228144
2808799
2411214
6496896
8018857
5810867
4475146
6636349
5705024
6853869
5059902
3948353
4632176
4694755
9919312
5810867
8755936
4152710
4287173
2960542
10125203
2412154
8971197
8409419
8997302
3879168
3218270
6879364
2147649
4882900
5810867
2240380
6651324
4743673
7528033
2638976
5501331
3218270
3218270
3099048
4894439
9395486
4528861
9894019
5016633
8730909
5865631
5454479
3210124
8222475
3996874
8330877
9091262
7032832
3512083
4437854
8674734
10054062
3701897
6393597
7723802
4003411
2278529
1963231
8907567
8126494
2722849
1306282
4239637
9086517
8108671
4287919
2275754
1846644
3218270
3155753
3461768
3208608
1963231
3813146
3218270
8207201
4636198
3298725
8434336
5312271
6886406
6646949
3218270
4472679
5044800
8772096
4683210
5007977
6233075
9850468
9170049
2889686
8449172
2261470
4738077
4232658
4500602
8511308
9159956
7466517
4415034
1541753
9139172
5810867
8247888
3218270
5288288
5435065
8669104
9017851
3218270
4444782
4833602
6024888
3240073
936713
7388463
6238694
7420857
3066818
6678950
3342510
5051039
6332033
3810475
3695294
7037970
5422717
8601727
2585627
9592872
2361001
4529943
6181633
2905866
2168157
6875844
2952705
8639252
7905724
8186148
2166559
6504029
3380557
8103124
2348245
4503254
2138247
2638976
6137447
8731970
8467964
5973957
4592793
8526714
9720810
4810785
3964251
7733527
9782076
9502315
2686257
7777119
9881911
8960003
7767844
3218270
4340370
9521291
5928752
2305829
5080247
8818244
3218270
3218270
3739170
2348245
4632176
3236453
7804488
1963231
10251950
3101918
7056257
4532906
4361770
9090796
5183019
4853742
9237843
4882130
5696042
6711442
6329986
6289831
6580735
5213416
3053641
7182565
2638976
8579054
2605390
6674815
9744457
5422717
8054399
6524217
4543242
4376424
8243801
9275827
7938742
3157941
4546410
9005121
7821566
5749965
2107567
6674287
6066187
9320117
6681091
3057940
5959725
2294372
7718073
7210266
5040063
8634978
3032185
1963231
8240595
2943809
5422717
8881047
3905984
6805672
7597957
3863790
4917311
2326841
3774492
5581043
3579970
1963231
5507618
5496953
2728893
1829733
9110431
6835122
7830059
8048734
1963231
8457907
2426895
3634441
7213113
5625998
5196980
4985894
3218270
5810867
3218270
9131087
1916278
6453027
4668258
1813996
8221653
6332033
5155486
10013827
8506400
3428595
8841670
7858213
1858968
3646015
6819826
4340370
2107567
2348245
9446529
4517393
4940740
9981891
8609142
3218270
10035584
10000793
1519865
3218270
3685065
5654723
7301440
6677796
4684048
5176560
5810867
4981075
5927891
4517789
8287726
7640336
8227613
4933561
5850833
9557222
9652967
3868172
8890510
6491135
2336662
7826780
6589734
9813742
7013478
8322908
8429191
4686124
4371656
7644023
4389064
2140805
5691362
8573117
3613488
6473610
6424683
3588089
3361540
6017166
5568488
1836183
3089855
3218270
7484019
7477081
5863721
7511624
5846699
6708973
6525737
2125663
3605940
6867476
7384650
9304638
8313651
7586441
2637112
3969771
2641938
6590813
5811163
6782960
3343839
1963231
7445204
8495120
5005960
5581738
7212312
8213760
954281
4632176
3997458
4094210
9590784
2727469
10329961
5281889
4463396
2529562
7687738
9435544
2956589
6765474
4255400
6324070
4157263
5011913
2125663
3218270
9960549
3218270
9717783
6455469
5290640
4340370
9794413
8273802
2643614
7263178
2476980
10245774
7800886
7100648
9598476
4532906
10132562
4968842
8827031
3218270
4261906
3218270
1963231
7691597
1836183
2929349
3693029
5302046
9126909
7954051
1762608
7574371
8887258
7134556
3218270
5829984
8034238
7929989
4076190
8879872
2207659
4560685
4472679
7997892
4362237
3539838
9329192
2750228
3935311
2006039
8353086
2128404
10191223
8090549
8528987
3218270
2125663
5504422
6876128
9058100
3702602
4518552
10092810
1963231
4270956
6021680
3218270
6082550
10164304
5888759
8978759
6211901
7244115
7825499
2320613
6333535
2348245
8481411
3995166
9924469
4197217
2585627
9959398
4760465
6529988
5656817
6876405
7859046
4061260
6403565
7619980
7709381
9706847
9714586
5698140
8614477
8227280
10376929
3218270
8521267
10156732
4632176
4711183
7656169
8232606
6960747
9866166
4210402
2926191
4616813
5052024
4506981
1963231
9991385
6448831
4340370
6401795
4179002
6066836
8015095
6577341
4517554
9746155
8532588
6369222
9276410
6795326
6222181
7097673
7847655
4560685
4370490
4991984
1916083
7836108
1351216
9156350
7061662
9318286
2742677
9075012
9976287
9459692
2799609
3455082
8479955
3452518
9440304
4052863
7743848
3393709
6061962
7316094
4003988
1706245
3871227
7615707
1411083
5082140
2638976
2542495
5116614
3756256
4937181
8929374
5810867
3042477
2684121
5810867
3900136
9696198
2533169
8357073
5794630
4966043
4196117
7223923
3889532
3808058
8897520
4197217
1804287
8099038
3208608
3243777
8884234
4658422
4808884
2875425
3590987
4283784
4340370
9282101
8541322
10043458
7665558
6019029
7667879
9310650
7980057
3120545
9088788
3694234
7295720
1862161
5810867
2524851
8955313
7451669
9536994
3218270
6044208
3863945
2139791
3218270
6256645
9265798
2336662
1692724
6878761
2206151
4517789
8049119
8059754
4004104
3218270
5472536
8958810
1757096
8335928
7335950
5453994
3218270
5484995
1318418
5757297
5249348
4390667
7701188
8472833
4885130
2290342
5426904
8853584
9495561
2328361
10225069
1916083
3218270
2601839
7289835
6533279
2240380
6699468
3200974
3498181
5078303
5158348
7083001
6285767
5128166
6096603
3499217
8761422
2158461
8810287
10055100
6529501
6226225
6360660
4119310
3129015
5810867
4692791
4469063
3922999
3761907
8084612
9371950
4661955
6581925
3672109
6642713
6832404
8520437
9224899
7056125
2635244
9758149
6439490
2891455
8357086
3638213
7953887
4603570
9280396
2688761
8340939
3218270
9501797
3333110
3218270
7279285
3218270
6754244
7515342
9251105
5067230
6167429
7705057
4238898
5666018
3568627
8099038
8906398
6036761
7975584
9861819
5810867
1260805
2808633
4658944
2240380
9968115
3909392
4117575
3218270
5961929
8631100
3218270
1963231
4182858
9341206
5422717
2348245
5583656
7162265
10247136
9798863
1804287
4532906
3631654
5601517
4889548
5810867
3470576
5965416
9236661
8293135
8738007
5971244
9787635
3223803
5704065
5810867
2206151
3731766
8842127
10234629
7272938
7751247
6159090
4532906
10013827
2978061
3120515
5359344
7903542
9000495
2177298
6530790
3671470
5848790
3566418
5414737
2984274
9026201
9156026
4974374
5083145
9326473
4136678
4561459
8289013
6333383
3495520
3726763
8309127
8945199
3340324
4346155
9017596
3074649
2987725
1696387
8957967
4244943
3218270
3218270
3218270
2240380
6172819
6127341
2984274
5899170
6948927
4190904
9729896
5672305
3726763
4193222
3525329
2929218
6009562
6449238
2177298
3136916
1998325
9610180
2177298
2728296
7198915
9149045
7326312
2638976
5654016
4101946
4632176
8304780
7078133
5981624
1814828
10042786
3218270
5794365
6238831
7189991
2829889
9332673
5011651
3417616
7178929
2774623
4240336
10176862
9037906
10024363
7396140
6744388
7832942
2208989
2198649
1963231
3134058
3582087
6838533
8207502
5595387
6698665
4612692
2824003
9243626
1267750
4340370
4971099
7111985
4531960
9387163
4051455
8419309
9035978
5022461
1599056
10114841
2348245
3466275
9101566
4545386
5237574
3533169
6346009
2336662
9012282
4742596
7302221
2744603
5513372
3601760
6997902
2404747
3218270
8620522
8917587
7478474
3218270
3696588
9059069
4112839
9005556
5245701
8827417
3250896
9054155
2240380
3218270
5723217
3111862
2565234
7849310
1963231
6391485
2042117
3367619
3510098
3218270
5140580
7253212
3076119
7585900
9288648
9437406
2725908
4171558
5260956
9732324
1838527
8298749
9493117
3908187
7337933
9544822
8169037
7542702
3652373
8790090
8626521
8271781
2037106
3366331
8086346
6714233
4593252
9480387
1954210
6815854
3208608
8343550
7599615
9450176
3777229
3738045
8298439
4709197
3089118
8049002
8590720
3218270
2476204
4339530
8462832
7895908
5755177
2409222
9965118
3218270
4632176
7585258
8903237
4989645
7004300
2176851
2107567
3940841
3647136
7285212
10005123
10067589
7328512
5415730
7777959
8146316
5424918
8332225
5223858
5849308
9792016
2386641
8472613
3875322
3218270
2790866
5905218
9031975
7868921
5810867
6585367
2125663
3819451
5910091
9156005
4890209
4083340
5810867
3218270
3218270
5203088
8218618
2393145
3218270
5026759
5858319
5007917
3944401
2889686
1963231
9529525
9216427
5237092
8614678
3726763
2342808
7059722
4340370
5340396
5861826
3517255
3218270
4424090
4532906
4740853
4877673
9959972
5710454
2587458
7737537
4517789
4311672
8662690
8684235
9562745
9621568
2638976
5207900
3369845
3973790
4560685
8267552
2857007
3645966
3218270
5396103
4371169
4532906
3277492
4192705
4713606
2500808
3964676
1963231
3816580
7319731
7392063
3098267
8220377
9204578
4778023
3218270
8627353
7516147
9858824
3451972
3422409
7354624
5672072
10133547
5810867
2366529
2125663
3218270
6489160
5220326
2203783
2855973
6800025
3676088
6898089
3729974
6709722
6925795
2984274
6271645
3218270
7468680
4565886
5548507
3603932
6626119
8387674
9839607
3331427
9293252
10095757
6042427
5810867
1530271
3467612
9718698
4160157
3218270
6295401
9422780
3218270
1963231
3218270
9903107
7103400
3370488
3218270
2315074
9280637
3205783
2438249
7437695
2538039
8429512
5136644
6652794
6883954
8184895
6861726
3218270
6457282
4538830
8013290
4760465
8724331
2856736
4858969
4632176
2984274
3356653
4632176
3629712
6612475
6750830
2429133
8818879
5810867
7405810
5735028
5131160
8546043
6045950
8021349
4582850
9713909
2240380
6789248
8047046
1963231
4955421
9464954
8791611
6007023
5400987
5567043
8741597
3764826
8155818
6328284
4546891
8692390
1286277
6771014
8000546
4659029
3218270
2107567
5810867
8785667
6820610
4472679
4590745
5810867
8461236
2964147
9950233
4433636
4828404
5893027
2461298
1987591
5466231
3204864
8847374
2632402
1963231
5645086
3552042
4098000
9804457
1963231
4364042
9961678
9991647
9490903
5810867
4271348
5742512
1481995
1871444
5810867
2613744
3999343
2166559
4517789
9506953
5494008
10144037
9799026
2232127
7775551
2419241
8896323
4513897
7680805
3306375
3190893
1916083
9152865
3964257
7415325
9501505
4070813
9975477
2738880
6146373
7070279
4447794
8790010
2814197
3218270
5694634
9587317
5810867
4723392
5527732
5959408
6424384
6374385
6128874
2943809
4977443
8341756
4740075
7197060
6030686
9546783
3218270
5218199
8056587
3726763
3205752
7188678
9074766
4541935
9416977
4564644
6858828
3771755
3172007
7996849
8648340
8422296
8542430
7946043
8506628
4187717
4026147
5173495
4031527
8266922
6987338
7464451
5326517
8634815
5359320
9840130
3218270
2659317
2638976
10067033
6375573
5948675
4291125
4595616
4340370
1415258
5017609
8259380
9824898
9913473
8656301
3218270
8130715
6914284
690108
6186225
4739968
5081154
6473062
3218270
2240380
6714746
6775318
2336662
2482078
9010053
5837389
8319991
7908600
8461920
5436601
5810867
7627211
1963231
5056113
6193061
4914018
6550451
3218270
10201650
8539534
7240595
5810867
6041202
9887782
7792225
10336926
5160047
3218270
3218270
4199306
8237895
9494138
8914417
9068359
3993461
5768153
6299684
8104471
8899375
6978874
4779152
3208608
3870552
6467332
2996831
1960227
8690444
3218270
3766836
3564771
2831103
4975255
1793577
2778119
3479059
8779700
7914462
7595290
9784675
2374760
8426481
9640924
3695939
2206151
6146957
10281122
8139216
6385181
8448943
3218270
9421282
3713350
3987392
2917828
4607339
7936994
9481684
4289044
8361038
2115334
5422717
1856518
6690888
7026114
10223265
4517789
2963837
9855855
9815755
3781666
4340370
3176685
7717396
3218270
9894088
2240380
6146636
4349245
10224527
4455453
7643315
5072239
3726763
2984274
7832998
4578168
5085813
9200967
5565827
1656695
7380868
7436935
4296874
9165700
8552717
3756256
9102574
2331386
4532906
4340975
6349623
5676415
4084913
5455058
4172115
8065267
6929579
7645382
5433208
4605209
9009119
6654287
4517789
2943809
3218270
6894564
3207837
2348245
2680381
9060508
3129882
5602071
3384135
4340370
10055194
6570595
5440175
10276296
6768355
4919463
2234082
2602033
6335630
4470710
1963231
5246650
6511050
6960814
5669533
9346715
4472679
3218270
2888114
7287299
2336662
3937909
1687216
4632176
9310854
2504274
7327435
3084062
8084996
7073520
5566490
3218270
7418093
9331012
8608142
6781161
7619922
7698039
9140003
4667107
8913904
5668577
3112198
9321536
3865788
4517789
3218270
5695061
2451613
5272002
7631007
2107567
8631151
8228720
9556643
6642243
2125663
8144231
1444692
8575961
2895131
6448930
5107597
8413190
2644231
5066194
9542033
2585627
2710706
9079101
5928970
2240380
2538752
7455831
6805086
8818067
2638976
5810867
9379222
5103382
7462184
4860651
2348245
2638976
3218270
8669616
4532906
7135430
4346158
2170562
2336662
4532906
5905052
5102250
8126927
5844210
7861425
8581135
5202612
2158690
4796861
5810867
4278762
4472679
3871730
4605915
5810867
2336662
2585627
6043896
4366131
2240380
2689843
1963231
7073557
8959056
2083391
1963231
5422717
3534060
1599056
7425710
7898273
6085219
5879313
4625291
8638094
9739228
3258388
5563985
3218270
7550271
5810867
7354371
4310686
6431933
3235727
2912078
6381050
6267090
9090307
4850122
4855562
8117444
4532906
2125663
2052870
7793143
7305540
3218270
9867058
3580978
3260484
2336662
6308356
4853742
6395279
7663332
3571007
7861739
2211735
9117306
3494487
9449520
9345038
3606660
3436532
4623236
5187650
7591051
3218270
5274563
5601976
9749103
7793923
6427575
7758469
9836088
9166260
8885898
7687744
2609169
4788491
7717309
5147756
3972966
10200524
4472679
7375585
8038567
8703132
3218270
8202783
6464840
6996330
4000710
3218270
3996499
5810867
9017518
4697123
4764747
6332033
6599083
6159260
2890866
2107567
2187409
3218270
9493177
8627772
3629940
7066478
10184405
4019459
8624317
1963231
4154493
3218270
7442536
5422717
3218270
4950237
5730352
5856964
10066214
6959652
8658726
3030686
2348245
4936546
2630164
3548525
6322608
9180449
5100233
7036666
5022596
5032051
10156832
8763335
4260257
2177298
7452898
3853634
5686699
4284253
8420220
5560693
7230365
7714863
5235106
9244637
10094736
3642740
8444162
8223792
8707119
6762135
4564482
7519735
3562882
7382930
5084370
9054155
2125663
9280795
7275049
5830648
3108556
8101176
5797135
2686440
3488638
4387139
2527079
1963231
2936184
4142002
4250859
6696628
8511877
2638976
9655850
3052989
3218270
3559253
4090138
7930293
9732893
9086945
7339663
4203233
6903801
3423161
6889140
6300377
8103375
9703516
9721031
2930390
3218270
4398301
2673043
8569966
5107018
4653039
6273487
4939009
7316954
9287411
2598985
6676986
3333110
4394685
10262219
5768615
2831103
7178225
1760900
4372690
6003099
4531866
8942238
9920835
9534881
7672356
7467955
4721840
3114671
8872897
3617584
1735655
6559049
1963231
2712497
3218270
9918666
1916083
6929121
6853869
9616691
8070195
6797261
6846906
3995430
9170786
5140589
1916083
10137861
3365944
6895839
3091891
9070306
8348850
6324563
3068129
9955670
3879272
5116147
4598054
6623944
5770467
6868408
3387811
3218270
5987820
5746157
3726763
3724275
1856518
1586674
9402793
5794193
8369808
3689863
4600571
9182107
9156005
9686392
1344527
6420757
3756256
2336662
6220185
2123986
7366608
5939834
3756256
9041117
9169304
3218270
3999357
2125663
9513144
3218270
5597352
2706051
2977206
9527284
6074667
4268411
9869636
5056247
6268104
2336662
6294479
9990668
9288892
6642470
8539437
3321459
7441929
10319120
2463008
9427308
9931110
5284067
6012502
9461433
4340370
2618515
4983748
3716899
4978312
8987433
9269193
3788620
5873458
9375226
5901282
5147762
3511735
4929965
4664858
4023342
1351216
5954289
8715574
5111972
3218270
2348245
1963231
4994272
8931463
6085311
7500623
7996176
1963231
2880464
6673655
5562913
7505909
2720737
5847239
2895662
5819481
4008238
8358629
1963231
6557108
1548193
4321743
3378924
2925443
3671564
8240088
5412092
5472380
3700313
3218270
4441647
5736624
3504540
9985031
10334732
5412590
5092473
3079428
8618637
2238112
3218270
4077820
6193979
7060334
4472679
2240380
8538698
6467858
3826444
4231469
9938264
9197270
4628776
8519334
7859979
7623672
4610648
2491871
6589990
5337021
3953224
9103857
6211853
5850643
9501800
8789964
3232618
2179798
5796534
5154454
9399544
5355658
2638976
2107567
7562154
2220413
3218270
2449500
3334881
3218270
9778606
3756256
10174531
3050170
8333748
10058916
5810867
6656535
3218270
10317586
7871183
3081123
6824082
9367108
4837066
4960082
6262801
9006705
5624843
3218270
7736094
6216048
3402925
7288700
3954879
6785595
4079008
2348245
5134282
3218270
8842689
1709010
3813146
4256761
5591602
3218270
3722992
9210396
5927409
8540879
2240380
9171118
5443575
4381552
3218270
9654746
3218270
4560685
5810867
4532906
3218270
8343550
5096018
9876282
2585627
2275776
2119230
9042209
9129717
8352250
3083840
7047447
3987705
3218270
7875984
4013574
2290975
6136333
5189729
8042502
9434878
2450978
4927747
4506216
1655844
3218270
6355433
2099278
4924989
9089583
6679107
8802376
7497411
4189003
2336662
4397760
6048157
5980750
4632176
4269946
2514267
3417929
3250328
9997112
4892131
8534305
6713695
2348245
9915864
4236070
5422717
7751551
5396664
5879671
8866563
3218270
6888593
8630656
1308409
4639227
9288057
7287035
9075835
9088596
4472679
8505581
7815456
3280737
4517789
8077468
7193518
5558470
8369087
7870659
3588062
8079100
5989088
1982802
5995133
9051928
3645413
7211074
2638976
2585627
1963231
10300200
9076310
4472679
2985532
5547354
9735787
3030686
6934036
4532906
9995944
3824157
3204215
9537143
6405316
1708450
6618341
6485465
6820089
3868142
5626201
9084647
8468054
10156533
2485584
8948947
6041266
4665978
5422717
4350517
3855426
5171108
3119503
5463662
4708914
3173006
2504274
10012820
2366932
3295196
7853241
5184930
5923343
9559255
4712005
6475510
6150959
3664135
3205207
4109225
5430893
10024280
9218819
10343193
3218270
8087919
3622211
6207360
6069320
6035811
5765865
9244496
8168623
7069855
7356129
1776974
9488243
6707724
10219421
10071433
3127988
3148440
6254598
4503059
8056185
9758075
6127197
7316525
7472645
1713486
9681616
3063652
8606451
8373702
2889686
4447335
10004487
4305651
1836183
9740788
6038023
7940493
2396371
3218270
7864507
1804287
9616436
4632176
3092279
5075618
4472679
8740373
6862028
8064797
10262540
9576322
4533490
6477933
5810867
4670510
7358488
6029893
6031914
3042175
8333977
2083733
6332033
5683551
5827702
2506593
3361377
2507809
9510372
4237677
4937650
3218270
4546306
8772714
2973948
4082111
7901334
5304361
2348245
9050519
4532906
9888571
3422293
9227950
9480090
7257091
8847895
4102929
3551207
6076427
7071535
4407443
9412939
7869683
4474652
5660751
6867238
7658347
9992458
6354280
3279773
9899189
7477190
2166559
6420074
2106526
3649864
3753641
4273026
4517789
5482672
7586521
6454007
9349589
4158421
6247279
3218270
5664540
8886525
3448032
4486553
9512653
9025617
2240380
4003883
5810867
5922543
5199775
3117769
7884849
3797231
9411998
7022384
8442475
8762870
3218270
3218270
1916083
7781566
1526740
7464206
3218270
6364135
6086895
3218270
5640393
7302196
4000364
4245155
8728356
9710906
10278728
7298295
5153018
6674466
4008793
9702112
6348827
3099006
6552848
3532451
3218270
4532906
9040366
7892257
2348245
5515071
4379509
3062382
8847571
7539549
3218270
9655624
4660779
10075480
4825080
3218270
10188476
10102150
3218270
6801668
6292927
4804899
7985913
4683108
8200851
2996730
8209184
3342425
5810661
10174058
8557502
1916083
1585245
8947929
6781701
4833504
3883557
6619074
8877414
5536593
7061270
3489644
5568585
7160653
7657721
3480968
3018598
2591515
6858974
8335547
6498448
1615817
7248350
6973761
8734470
5798517
8429322
8403935
2543594
10017114
6557094
6332033
3208608
3574906
4021388
4239940
7257780
6433272
5422717
1964181
4669111
4434923
4541770
2740336
3218270
3052931
7568367
5335909
3963669
4472679
2125663
3198060
6528052
3218270
5612319
7182074
3900373
5966516
7782162
5531985
1930194
1963231
8492343
5085986
10073890
2638976
8965347
9103005
6063455
6594227
4640676
6560563
6920994
5559668
8006211
3218270
2656523
8904484
3205020
4517789
7051013
10318439
10229092
3213020
5438693
3853980
6453953
4517789
3165114
2240380
8045813
2638976
3218270
5398930
4654670
10360865
6004974
4595666
3218270
10233131
3325516
9203269
2245656
6216611
6081956
6904835
1916083
9441165
9851115
2052870
6118470
7594022
4104676
7143492
3324603
3286119
1963231
5080708
4110688
5984292
6781541
9240952
4803962
2077905
6859574
3073258
8317751
1830504
2125663
8920654
7791633
5426296
9953682
2777032
6222083
2605390
7404706
2981864
3218270
8088585
9615096
4379439
4699416
4472679
8486706
6265546
6819211
5041016
2984488
10245660
7487656
5107337
4067378
6275126
4094369
2889686
6344016
8119624
5554552
3864881
8982803
8899997
2822953
4669111
7911468
7565865
4880690
9716730
9289907
8736451
1973224
4740412
3189547
7589113
9454006
2101664
5721870
5599673
9274782
5425158
7056337
7516163
9056336
2941943
7230756
5906453
9231137
8685100
2638976
2603473
4632176
6850948
8078112
2336662
2244404
3218270
2984274
3778636
3768688
1963231
8740418
8430830
9478112
3818543
4363115
2638976
3218270
3218270
8513617
